<?xml version="1.0" encoding="UTF-8"?>
<testsuite xmlns:xsi="http://www.w3.org/2001/XMLSchema-instance" xsi:noNamespaceSchemaLocation="https://maven.apache.org/surefire/maven-surefire-plugin/xsd/surefire-test-report-3.0.xsd" version="3.0" name="com.auraflow.notificationservice.service.NotificationTriggerServiceTest" time="1.324" tests="1" errors="0" skipped="0" failures="0">
  <properties>
    <property name="java.specification.version" value="17"/>
    <property name="sun.cpu.isalist" value="amd64"/>
    <property name="sun.jnu.encoding" value="Cp1252"/>
    <property name="java.class.path" value="C:\Users\Saksham Kapoor\Desktop\FAANG SWE\AuraFlow\notification-service\target\test-classes;C:\Users\Saksham Kapoor\Desktop\FAANG SWE\AuraFlow\notification-service\target\classes;C:\Users\Saksham Kapoor\.m2\repository\org\springframework\boot\spring-boot-starter-web\2.7.12\spring-boot-starter-web-2.7.12.jar;C:\Users\Saksham Kapoor\.m2\repository\org\springframework\boot\spring-boot-starter\2.7.12\spring-boot-starter-2.7.12.jar;C:\Users\Saksham Kapoor\.m2\repository\org\springframework\boot\spring-boot\2.7.12\spring-boot-2.7.12.jar;C:\Users\Saksham Kapoor\.m2\repository\org\springframework\boot\spring-boot-autoconfigure\2.7.12\spring-boot-autoconfigure-2.7.12.jar;C:\Users\Saksham Kapoor\.m2\repository\org\springframework\boot\spring-boot-starter-logging\2.7.12\spring-boot-starter-logging-2.7.12.jar;C:\Users\Saksham Kapoor\.m2\repository\ch\qos\logback\logback-classic\1.2.12\logback-classic-1.2.12.jar;C:\Users\Saksham Kapoor\.m2\repository\ch\qos\logback\logback-core\1.2.12\logback-core-1.2.12.jar;C:\Users\Saksham Kapoor\.m2\repository\org\apache\logging\log4j\log4j-to-slf4j\2.17.2\log4j-to-slf4j-2.17.2.jar;C:\Users\Saksham Kapoor\.m2\repository\org\apache\logging\log4j\log4j-api\2.17.2\log4j-api-2.17.2.jar;C:\Users\Saksham Kapoor\.m2\repository\org\slf4j\jul-to-slf4j\1.7.36\jul-to-slf4j-1.7.36.jar;C:\Users\Saksham Kapoor\.m2\repository\jakarta\annotation\jakarta.annotation-api\1.3.5\jakarta.annotation-api-1.3.5.jar;C:\Users\Saksham Kapoor\.m2\repository\org\springframework\spring-core\5.3.27\spring-core-5.3.27.jar;C:\Users\Saksham Kapoor\.m2\repository\org\springframework\spring-jcl\5.3.27\spring-jcl-5.3.27.jar;C:\Users\Saksham Kapoor\.m2\repository\org\yaml\snakeyaml\1.30\snakeyaml-1.30.jar;C:\Users\Saksham Kapoor\.m2\repository\org\springframework\boot\spring-boot-starter-json\2.7.12\spring-boot-starter-json-2.7.12.jar;C:\Users\Saksham Kapoor\.m2\repository\com\fasterxml\jackson\core\jackson-databind\2.13.5\jackson-databind-2.13.5.jar;C:\Users\Saksham Kapoor\.m2\repository\com\fasterxml\jackson\core\jackson-annotations\2.13.5\jackson-annotations-2.13.5.jar;C:\Users\Saksham Kapoor\.m2\repository\com\fasterxml\jackson\core\jackson-core\2.13.5\jackson-core-2.13.5.jar;C:\Users\Saksham Kapoor\.m2\repository\com\fasterxml\jackson\datatype\jackson-datatype-jdk8\2.13.5\jackson-datatype-jdk8-2.13.5.jar;C:\Users\Saksham Kapoor\.m2\repository\com\fasterxml\jackson\datatype\jackson-datatype-jsr310\2.13.5\jackson-datatype-jsr310-2.13.5.jar;C:\Users\Saksham Kapoor\.m2\repository\com\fasterxml\jackson\module\jackson-module-parameter-names\2.13.5\jackson-module-parameter-names-2.13.5.jar;C:\Users\Saksham Kapoor\.m2\repository\org\springframework\boot\spring-boot-starter-tomcat\2.7.12\spring-boot-starter-tomcat-2.7.12.jar;C:\Users\Saksham Kapoor\.m2\repository\org\apache\tomcat\embed\tomcat-embed-core\9.0.75\tomcat-embed-core-9.0.75.jar;C:\Users\Saksham Kapoor\.m2\repository\org\apache\tomcat\embed\tomcat-embed-el\9.0.75\tomcat-embed-el-9.0.75.jar;C:\Users\Saksham Kapoor\.m2\repository\org\apache\tomcat\embed\tomcat-embed-websocket\9.0.75\tomcat-embed-websocket-9.0.75.jar;C:\Users\Saksham Kapoor\.m2\repository\org\springframework\spring-web\5.3.27\spring-web-5.3.27.jar;C:\Users\Saksham Kapoor\.m2\repository\org\springframework\spring-beans\5.3.27\spring-beans-5.3.27.jar;C:\Users\Saksham Kapoor\.m2\repository\org\springframework\spring-webmvc\5.3.27\spring-webmvc-5.3.27.jar;C:\Users\Saksham Kapoor\.m2\repository\org\springframework\spring-aop\5.3.27\spring-aop-5.3.27.jar;C:\Users\Saksham Kapoor\.m2\repository\org\springframework\spring-context\5.3.27\spring-context-5.3.27.jar;C:\Users\Saksham Kapoor\.m2\repository\org\springframework\spring-expression\5.3.27\spring-expression-5.3.27.jar;C:\Users\Saksham Kapoor\.m2\repository\software\amazon\awssdk\sns\2.20.160\sns-2.20.160.jar;C:\Users\Saksham Kapoor\.m2\repository\software\amazon\awssdk\aws-query-protocol\2.20.160\aws-query-protocol-2.20.160.jar;C:\Users\Saksham Kapoor\.m2\repository\software\amazon\awssdk\protocol-core\2.20.160\protocol-core-2.20.160.jar;C:\Users\Saksham Kapoor\.m2\repository\software\amazon\awssdk\sdk-core\2.20.160\sdk-core-2.20.160.jar;C:\Users\Saksham Kapoor\.m2\repository\software\amazon\awssdk\profiles\2.20.160\profiles-2.20.160.jar;C:\Users\Saksham Kapoor\.m2\repository\org\slf4j\slf4j-api\1.7.36\slf4j-api-1.7.36.jar;C:\Users\Saksham Kapoor\.m2\repository\org\reactivestreams\reactive-streams\1.0.4\reactive-streams-1.0.4.jar;C:\Users\Saksham Kapoor\.m2\repository\software\amazon\awssdk\auth\2.20.160\auth-2.20.160.jar;C:\Users\Saksham Kapoor\.m2\repository\software\amazon\eventstream\eventstream\1.0.1\eventstream-1.0.1.jar;C:\Users\Saksham Kapoor\.m2\repository\software\amazon\awssdk\http-client-spi\2.20.160\http-client-spi-2.20.160.jar;C:\Users\Saksham Kapoor\.m2\repository\software\amazon\awssdk\regions\2.20.160\regions-2.20.160.jar;C:\Users\Saksham Kapoor\.m2\repository\software\amazon\awssdk\annotations\2.20.160\annotations-2.20.160.jar;C:\Users\Saksham Kapoor\.m2\repository\software\amazon\awssdk\utils\2.20.160\utils-2.20.160.jar;C:\Users\Saksham Kapoor\.m2\repository\software\amazon\awssdk\aws-core\2.20.160\aws-core-2.20.160.jar;C:\Users\Saksham Kapoor\.m2\repository\software\amazon\awssdk\metrics-spi\2.20.160\metrics-spi-2.20.160.jar;C:\Users\Saksham Kapoor\.m2\repository\software\amazon\awssdk\json-utils\2.20.160\json-utils-2.20.160.jar;C:\Users\Saksham Kapoor\.m2\repository\software\amazon\awssdk\third-party-jackson-core\2.20.160\third-party-jackson-core-2.20.160.jar;C:\Users\Saksham Kapoor\.m2\repository\software\amazon\awssdk\endpoints-spi\2.20.160\endpoints-spi-2.20.160.jar;C:\Users\Saksham Kapoor\.m2\repository\software\amazon\awssdk\apache-client\2.20.160\apache-client-2.20.160.jar;C:\Users\Saksham Kapoor\.m2\repository\org\apache\httpcomponents\httpclient\4.5.14\httpclient-4.5.14.jar;C:\Users\Saksham Kapoor\.m2\repository\org\apache\httpcomponents\httpcore\4.4.16\httpcore-4.4.16.jar;C:\Users\Saksham Kapoor\.m2\repository\commons-codec\commons-codec\1.15\commons-codec-1.15.jar;C:\Users\Saksham Kapoor\.m2\repository\software\amazon\awssdk\netty-nio-client\2.20.160\netty-nio-client-2.20.160.jar;C:\Users\Saksham Kapoor\.m2\repository\io\netty\netty-codec-http\4.1.92.Final\netty-codec-http-4.1.92.Final.jar;C:\Users\Saksham Kapoor\.m2\repository\io\netty\netty-codec-http2\4.1.92.Final\netty-codec-http2-4.1.92.Final.jar;C:\Users\Saksham Kapoor\.m2\repository\io\netty\netty-codec\4.1.92.Final\netty-codec-4.1.92.Final.jar;C:\Users\Saksham Kapoor\.m2\repository\io\netty\netty-transport\4.1.92.Final\netty-transport-4.1.92.Final.jar;C:\Users\Saksham Kapoor\.m2\repository\io\netty\netty-common\4.1.92.Final\netty-common-4.1.92.Final.jar;C:\Users\Saksham Kapoor\.m2\repository\io\netty\netty-buffer\4.1.92.Final\netty-buffer-4.1.92.Final.jar;C:\Users\Saksham Kapoor\.m2\repository\io\netty\netty-handler\4.1.92.Final\netty-handler-4.1.92.Final.jar;C:\Users\Saksham Kapoor\.m2\repository\io\netty\netty-transport-native-unix-common\4.1.92.Final\netty-transport-native-unix-common-4.1.92.Final.jar;C:\Users\Saksham Kapoor\.m2\repository\io\netty\netty-transport-classes-epoll\4.1.92.Final\netty-transport-classes-epoll-4.1.92.Final.jar;C:\Users\Saksham Kapoor\.m2\repository\io\netty\netty-resolver\4.1.92.Final\netty-resolver-4.1.92.Final.jar;C:\Users\Saksham Kapoor\.m2\repository\org\junit\jupiter\junit-jupiter\5.10.2\junit-jupiter-5.10.2.jar;C:\Users\Saksham Kapoor\.m2\repository\org\junit\jupiter\junit-jupiter-api\5.8.2\junit-jupiter-api-5.8.2.jar;C:\Users\Saksham Kapoor\.m2\repository\org\opentest4j\opentest4j\1.2.0\opentest4j-1.2.0.jar;C:\Users\Saksham Kapoor\.m2\repository\org\junit\platform\junit-platform-commons\1.8.2\junit-platform-commons-1.8.2.jar;C:\Users\Saksham Kapoor\.m2\repository\org\apiguardian\apiguardian-api\1.1.2\apiguardian-api-1.1.2.jar;C:\Users\Saksham Kapoor\.m2\repository\org\junit\jupiter\junit-jupiter-params\5.8.2\junit-jupiter-params-5.8.2.jar;C:\Users\Saksham Kapoor\.m2\repository\org\junit\jupiter\junit-jupiter-engine\5.8.2\junit-jupiter-engine-5.8.2.jar;C:\Users\Saksham Kapoor\.m2\repository\org\junit\platform\junit-platform-engine\1.8.2\junit-platform-engine-1.8.2.jar;C:\Users\Saksham Kapoor\.m2\repository\org\mockito\mockito-core\5.2.0\mockito-core-5.2.0.jar;C:\Users\Saksham Kapoor\.m2\repository\net\bytebuddy\byte-buddy\1.12.23\byte-buddy-1.12.23.jar;C:\Users\Saksham Kapoor\.m2\repository\net\bytebuddy\byte-buddy-agent\1.12.23\byte-buddy-agent-1.12.23.jar;C:\Users\Saksham Kapoor\.m2\repository\org\objenesis\objenesis\3.3\objenesis-3.3.jar;"/>
    <property name="java.vm.vendor" value="Eclipse Adoptium"/>
    <property name="sun.arch.data.model" value="64"/>
    <property name="user.variant" value=""/>
    <property name="java.vendor.url" value="https://adoptium.net/"/>
    <property name="user.timezone" value="America/New_York"/>
    <property name="os.name" value="Windows 11"/>
    <property name="java.vm.specification.version" value="17"/>
    <property name="sun.java.launcher" value="SUN_STANDARD"/>
    <property name="user.country" value="US"/>
    <property name="sun.boot.library.path" value="C:\Users\Saksham Kapoor\AppData\Local\Programs\Eclipse Adoptium\jdk-17.0.16.8-hotspot\bin"/>
    <property name="sun.java.command" value="C:\Users\Saksham Kapoor\AppData\Local\Temp\surefire9210301775318137559\surefirebooter-20250820183848607_3.jar C:\Users\Saksham Kapoor\AppData\Local\Temp\surefire9210301775318137559 2025-08-20T18-38-48_240-jvmRun1 surefire-20250820183848607_1tmp surefire_0-20250820183848607_2tmp"/>
    <property name="jdk.debug" value="release"/>
    <property name="surefire.test.class.path" value="C:\Users\Saksham Kapoor\Desktop\FAANG SWE\AuraFlow\notification-service\target\test-classes;C:\Users\Saksham Kapoor\Desktop\FAANG SWE\AuraFlow\notification-service\target\classes;C:\Users\Saksham Kapoor\.m2\repository\org\springframework\boot\spring-boot-starter-web\2.7.12\spring-boot-starter-web-2.7.12.jar;C:\Users\Saksham Kapoor\.m2\repository\org\springframework\boot\spring-boot-starter\2.7.12\spring-boot-starter-2.7.12.jar;C:\Users\Saksham Kapoor\.m2\repository\org\springframework\boot\spring-boot\2.7.12\spring-boot-2.7.12.jar;C:\Users\Saksham Kapoor\.m2\repository\org\springframework\boot\spring-boot-autoconfigure\2.7.12\spring-boot-autoconfigure-2.7.12.jar;C:\Users\Saksham Kapoor\.m2\repository\org\springframework\boot\spring-boot-starter-logging\2.7.12\spring-boot-starter-logging-2.7.12.jar;C:\Users\Saksham Kapoor\.m2\repository\ch\qos\logback\logback-classic\1.2.12\logback-classic-1.2.12.jar;C:\Users\Saksham Kapoor\.m2\repository\ch\qos\logback\logback-core\1.2.12\logback-core-1.2.12.jar;C:\Users\Saksham Kapoor\.m2\repository\org\apache\logging\log4j\log4j-to-slf4j\2.17.2\log4j-to-slf4j-2.17.2.jar;C:\Users\Saksham Kapoor\.m2\repository\org\apache\logging\log4j\log4j-api\2.17.2\log4j-api-2.17.2.jar;C:\Users\Saksham Kapoor\.m2\repository\org\slf4j\jul-to-slf4j\1.7.36\jul-to-slf4j-1.7.36.jar;C:\Users\Saksham Kapoor\.m2\repository\jakarta\annotation\jakarta.annotation-api\1.3.5\jakarta.annotation-api-1.3.5.jar;C:\Users\Saksham Kapoor\.m2\repository\org\springframework\spring-core\5.3.27\spring-core-5.3.27.jar;C:\Users\Saksham Kapoor\.m2\repository\org\springframework\spring-jcl\5.3.27\spring-jcl-5.3.27.jar;C:\Users\Saksham Kapoor\.m2\repository\org\yaml\snakeyaml\1.30\snakeyaml-1.30.jar;C:\Users\Saksham Kapoor\.m2\repository\org\springframework\boot\spring-boot-starter-json\2.7.12\spring-boot-starter-json-2.7.12.jar;C:\Users\Saksham Kapoor\.m2\repository\com\fasterxml\jackson\core\jackson-databind\2.13.5\jackson-databind-2.13.5.jar;C:\Users\Saksham Kapoor\.m2\repository\com\fasterxml\jackson\core\jackson-annotations\2.13.5\jackson-annotations-2.13.5.jar;C:\Users\Saksham Kapoor\.m2\repository\com\fasterxml\jackson\core\jackson-core\2.13.5\jackson-core-2.13.5.jar;C:\Users\Saksham Kapoor\.m2\repository\com\fasterxml\jackson\datatype\jackson-datatype-jdk8\2.13.5\jackson-datatype-jdk8-2.13.5.jar;C:\Users\Saksham Kapoor\.m2\repository\com\fasterxml\jackson\datatype\jackson-datatype-jsr310\2.13.5\jackson-datatype-jsr310-2.13.5.jar;C:\Users\Saksham Kapoor\.m2\repository\com\fasterxml\jackson\module\jackson-module-parameter-names\2.13.5\jackson-module-parameter-names-2.13.5.jar;C:\Users\Saksham Kapoor\.m2\repository\org\springframework\boot\spring-boot-starter-tomcat\2.7.12\spring-boot-starter-tomcat-2.7.12.jar;C:\Users\Saksham Kapoor\.m2\repository\org\apache\tomcat\embed\tomcat-embed-core\9.0.75\tomcat-embed-core-9.0.75.jar;C:\Users\Saksham Kapoor\.m2\repository\org\apache\tomcat\embed\tomcat-embed-el\9.0.75\tomcat-embed-el-9.0.75.jar;C:\Users\Saksham Kapoor\.m2\repository\org\apache\tomcat\embed\tomcat-embed-websocket\9.0.75\tomcat-embed-websocket-9.0.75.jar;C:\Users\Saksham Kapoor\.m2\repository\org\springframework\spring-web\5.3.27\spring-web-5.3.27.jar;C:\Users\Saksham Kapoor\.m2\repository\org\springframework\spring-beans\5.3.27\spring-beans-5.3.27.jar;C:\Users\Saksham Kapoor\.m2\repository\org\springframework\spring-webmvc\5.3.27\spring-webmvc-5.3.27.jar;C:\Users\Saksham Kapoor\.m2\repository\org\springframework\spring-aop\5.3.27\spring-aop-5.3.27.jar;C:\Users\Saksham Kapoor\.m2\repository\org\springframework\spring-context\5.3.27\spring-context-5.3.27.jar;C:\Users\Saksham Kapoor\.m2\repository\org\springframework\spring-expression\5.3.27\spring-expression-5.3.27.jar;C:\Users\Saksham Kapoor\.m2\repository\software\amazon\awssdk\sns\2.20.160\sns-2.20.160.jar;C:\Users\Saksham Kapoor\.m2\repository\software\amazon\awssdk\aws-query-protocol\2.20.160\aws-query-protocol-2.20.160.jar;C:\Users\Saksham Kapoor\.m2\repository\software\amazon\awssdk\protocol-core\2.20.160\protocol-core-2.20.160.jar;C:\Users\Saksham Kapoor\.m2\repository\software\amazon\awssdk\sdk-core\2.20.160\sdk-core-2.20.160.jar;C:\Users\Saksham Kapoor\.m2\repository\software\amazon\awssdk\profiles\2.20.160\profiles-2.20.160.jar;C:\Users\Saksham Kapoor\.m2\repository\org\slf4j\slf4j-api\1.7.36\slf4j-api-1.7.36.jar;C:\Users\Saksham Kapoor\.m2\repository\org\reactivestreams\reactive-streams\1.0.4\reactive-streams-1.0.4.jar;C:\Users\Saksham Kapoor\.m2\repository\software\amazon\awssdk\auth\2.20.160\auth-2.20.160.jar;C:\Users\Saksham Kapoor\.m2\repository\software\amazon\eventstream\eventstream\1.0.1\eventstream-1.0.1.jar;C:\Users\Saksham Kapoor\.m2\repository\software\amazon\awssdk\http-client-spi\2.20.160\http-client-spi-2.20.160.jar;C:\Users\Saksham Kapoor\.m2\repository\software\amazon\awssdk\regions\2.20.160\regions-2.20.160.jar;C:\Users\Saksham Kapoor\.m2\repository\software\amazon\awssdk\annotations\2.20.160\annotations-2.20.160.jar;C:\Users\Saksham Kapoor\.m2\repository\software\amazon\awssdk\utils\2.20.160\utils-2.20.160.jar;C:\Users\Saksham Kapoor\.m2\repository\software\amazon\awssdk\aws-core\2.20.160\aws-core-2.20.160.jar;C:\Users\Saksham Kapoor\.m2\repository\software\amazon\awssdk\metrics-spi\2.20.160\metrics-spi-2.20.160.jar;C:\Users\Saksham Kapoor\.m2\repository\software\amazon\awssdk\json-utils\2.20.160\json-utils-2.20.160.jar;C:\Users\Saksham Kapoor\.m2\repository\software\amazon\awssdk\third-party-jackson-core\2.20.160\third-party-jackson-core-2.20.160.jar;C:\Users\Saksham Kapoor\.m2\repository\software\amazon\awssdk\endpoints-spi\2.20.160\endpoints-spi-2.20.160.jar;C:\Users\Saksham Kapoor\.m2\repository\software\amazon\awssdk\apache-client\2.20.160\apache-client-2.20.160.jar;C:\Users\Saksham Kapoor\.m2\repository\org\apache\httpcomponents\httpclient\4.5.14\httpclient-4.5.14.jar;C:\Users\Saksham Kapoor\.m2\repository\org\apache\httpcomponents\httpcore\4.4.16\httpcore-4.4.16.jar;C:\Users\Saksham Kapoor\.m2\repository\commons-codec\commons-codec\1.15\commons-codec-1.15.jar;C:\Users\Saksham Kapoor\.m2\repository\software\amazon\awssdk\netty-nio-client\2.20.160\netty-nio-client-2.20.160.jar;C:\Users\Saksham Kapoor\.m2\repository\io\netty\netty-codec-http\4.1.92.Final\netty-codec-http-4.1.92.Final.jar;C:\Users\Saksham Kapoor\.m2\repository\io\netty\netty-codec-http2\4.1.92.Final\netty-codec-http2-4.1.92.Final.jar;C:\Users\Saksham Kapoor\.m2\repository\io\netty\netty-codec\4.1.92.Final\netty-codec-4.1.92.Final.jar;C:\Users\Saksham Kapoor\.m2\repository\io\netty\netty-transport\4.1.92.Final\netty-transport-4.1.92.Final.jar;C:\Users\Saksham Kapoor\.m2\repository\io\netty\netty-common\4.1.92.Final\netty-common-4.1.92.Final.jar;C:\Users\Saksham Kapoor\.m2\repository\io\netty\netty-buffer\4.1.92.Final\netty-buffer-4.1.92.Final.jar;C:\Users\Saksham Kapoor\.m2\repository\io\netty\netty-handler\4.1.92.Final\netty-handler-4.1.92.Final.jar;C:\Users\Saksham Kapoor\.m2\repository\io\netty\netty-transport-native-unix-common\4.1.92.Final\netty-transport-native-unix-common-4.1.92.Final.jar;C:\Users\Saksham Kapoor\.m2\repository\io\netty\netty-transport-classes-epoll\4.1.92.Final\netty-transport-classes-epoll-4.1.92.Final.jar;C:\Users\Saksham Kapoor\.m2\repository\io\netty\netty-resolver\4.1.92.Final\netty-resolver-4.1.92.Final.jar;C:\Users\Saksham Kapoor\.m2\repository\org\junit\jupiter\junit-jupiter\5.10.2\junit-jupiter-5.10.2.jar;C:\Users\Saksham Kapoor\.m2\repository\org\junit\jupiter\junit-jupiter-api\5.8.2\junit-jupiter-api-5.8.2.jar;C:\Users\Saksham Kapoor\.m2\repository\org\opentest4j\opentest4j\1.2.0\opentest4j-1.2.0.jar;C:\Users\Saksham Kapoor\.m2\repository\org\junit\platform\junit-platform-commons\1.8.2\junit-platform-commons-1.8.2.jar;C:\Users\Saksham Kapoor\.m2\repository\org\apiguardian\apiguardian-api\1.1.2\apiguardian-api-1.1.2.jar;C:\Users\Saksham Kapoor\.m2\repository\org\junit\jupiter\junit-jupiter-params\5.8.2\junit-jupiter-params-5.8.2.jar;C:\Users\Saksham Kapoor\.m2\repository\org\junit\jupiter\junit-jupiter-engine\5.8.2\junit-jupiter-engine-5.8.2.jar;C:\Users\Saksham Kapoor\.m2\repository\org\junit\platform\junit-platform-engine\1.8.2\junit-platform-engine-1.8.2.jar;C:\Users\Saksham Kapoor\.m2\repository\org\mockito\mockito-core\5.2.0\mockito-core-5.2.0.jar;C:\Users\Saksham Kapoor\.m2\repository\net\bytebuddy\byte-buddy\1.12.23\byte-buddy-1.12.23.jar;C:\Users\Saksham Kapoor\.m2\repository\net\bytebuddy\byte-buddy-agent\1.12.23\byte-buddy-agent-1.12.23.jar;C:\Users\Saksham Kapoor\.m2\repository\org\objenesis\objenesis\3.3\objenesis-3.3.jar;"/>
    <property name="sun.cpu.endian" value="little"/>
    <property name="user.home" value="C:\Users\Saksham Kapoor"/>
    <property name="user.language" value="en"/>
    <property name="java.specification.vendor" value="Oracle Corporation"/>
    <property name="java.version.date" value="2025-07-15"/>
    <property name="java.home" value="C:\Users\Saksham Kapoor\AppData\Local\Programs\Eclipse Adoptium\jdk-17.0.16.8-hotspot"/>
    <property name="file.separator" value="\"/>
    <property name="basedir" value="C:\Users\Saksham Kapoor\Desktop\FAANG SWE\AuraFlow\notification-service"/>
    <property name="java.vm.compressedOopsMode" value="Zero based"/>
    <property name="line.separator" value="&#10;"/>
    <property name="java.vm.specification.vendor" value="Oracle Corporation"/>
    <property name="java.specification.name" value="Java Platform API Specification"/>
    <property name="surefire.real.class.path" value="C:\Users\Saksham Kapoor\AppData\Local\Temp\surefire9210301775318137559\surefirebooter-20250820183848607_3.jar"/>
    <property name="user.script" value=""/>
    <property name="sun.management.compiler" value="HotSpot 64-Bit Tiered Compilers"/>
    <property name="java.runtime.version" value="17.0.16+8"/>
    <property name="user.name" value="SakshamKapoor"/>
    <property name="path.separator" value=";"/>
    <property name="os.version" value="10.0"/>
    <property name="java.runtime.name" value="OpenJDK Runtime Environment"/>
    <property name="file.encoding" value="Cp1252"/>
    <property name="java.vm.name" value="OpenJDK 64-Bit Server VM"/>
    <property name="java.vendor.version" value="Temurin-17.0.16+8"/>
    <property name="localRepository" value="C:\Users\Saksham Kapoor\.m2\repository"/>
    <property name="java.vendor.url.bug" value="https://github.com/adoptium/adoptium-support/issues"/>
    <property name="java.io.tmpdir" value="C:\Users\SAKSHA~1\AppData\Local\Temp\"/>
    <property name="java.version" value="17.0.16"/>
    <property name="user.dir" value="C:\Users\Saksham Kapoor\Desktop\FAANG SWE\AuraFlow\notification-service"/>
    <property name="os.arch" value="amd64"/>
    <property name="java.vm.specification.name" value="Java Virtual Machine Specification"/>
    <property name="sun.os.patch.level" value=""/>
    <property name="native.encoding" value="Cp1252"/>
    <property name="java.library.path" value="C:\Users\Saksham Kapoor\AppData\Local\Programs\Eclipse Adoptium\jdk-17.0.16.8-hotspot\bin;C:\WINDOWS\Sun\Java\bin;C:\WINDOWS\system32;C:\WINDOWS;C:\anaconda3;C:\anaconda3\Library\mingw-w64\bin;C:\anaconda3\Library\usr\bin;C:\anaconda3\Library\bin;C:\anaconda3\Scripts;C:\anaconda3\bin;C:\anaconda3\condabin;C:\Program Files\NVIDIA\CUDNN\v9.3\bin;C:\Program Files\NVIDIA GPU Computing Toolkit\CUDA\v12.5\bin;C:\Program Files\NVIDIA GPU Computing Toolkit\CUDA\v12.5\libnvvp;C:\Program Files\NVIDIA\CUDNN\v9.6\bin;C:\Program Files\NVIDIA GPU Computing Toolkit\CUDA\v11.2\bin;C:\Program Files\NVIDIA GPU Computing Toolkit\CUDA\v11.2\libnvvp;C:\Program Files\NVIDIA GPU Computing Toolkit\CUDA\v12.6\bin;C:\Program Files\NVIDIA GPU Computing Toolkit\CUDA\v12.6\libnvvp;C:\Windows\system32;C:\Windows;C:\Windows\System32\Wbem;C:\Windows\System32\WindowsPowerShell\v1.0;C:\Windows\System32\OpenSSH;C:\Program Files (x86)\NVIDIA Corporation\PhysX\Common;C:\WINDOWS\system32;C:\WINDOWS;C:\WINDOWS\System32\Wbem;C:\WINDOWS\System32\WindowsPowerShell\v1.0;C:\WINDOWS\System32\OpenSSH;C:\Program Files\Java\jdk-20\bin;C:\Users\Saksham Kapoor\AppData\Roaming\nvm;C:\Program Files\nodejs;c:\Users\Saksham Kapoor\AppData\Local\Programs\cursor\resources\app\bin;C:\Program Files\NVIDIA Corporation\NVIDIA app\NvDLISR;C:\WINDOWS\system32;C:\WINDOWS;C:\WINDOWS\System32\Wbem;C:\WINDOWS\System32\WindowsPowerShell\v1.0;C:\WINDOWS\System32\OpenSSH;C:\ProgramData\chocolatey\bin;C:\Program Files\dotnet;C:\Program Files\NVIDIA GPU Computing Toolkit\CUDA\v12.5\bin;C:\Program Files\NVIDIA GPU Computing Toolkit\CUDA\v12.5\libnvvp;C:\Program Files\NVIDIA GPU Computing Toolkit\CUDA\v12.5\extras\CUPTI\lib64;C:\Program Files\Git\cmd;C:\Program Files\Git LFS;C:\Strawberry\c\bin;C:\Strawberry\perl\site\bin;C:\Strawberry\perl\bin;C:\Program Files\MiKTeX\miktex\bin\x64;C:\texlive\2025\bin\windows;C:\Program Files\Docker\Docker\resources\bin;C:\Users\Saksham Kapoor\AppData\Local\Programs\Eclipse Adoptium\jdk-17.0.16.8-hotspot\bin;C:\Users\Saksham Kapoor\AppData\Local\Programs\Python\Python312\Scripts;C:\Users\Saksham Kapoor\AppData\Local\Programs\Python\Python312;C:\Users\Saksham Kapoor\.cargo\bin;C:\Users\Saksham Kapoor\AppData\Local\Programs\Python\Python310\Scripts;C:\Users\Saksham Kapoor\AppData\Local\Programs\Python\Python310;C:\Users\Saksham Kapoor\AppData\Local\Microsoft\WindowsApps;C:\Program Files\Java\jdk-17;C:\Users\Saksham Kapoor\AppData\Roaming\npm;C:\Users\Saksham Kapoor\AppData\Local\Programs\Microsoft VS Code\bin;C:\Users\Saksham Kapoor\AppData\Roaming\nvm;C:\Program Files\nodejs;C:\Users\Saksham Kapoor\.local\bin;C:\Users\Saksham Kapoor\AppData\Local\Programs\Ollama;C:\Users\Saksham Kapoor\AppData\Local\Microsoft\WindowsApps;C:\Users\Saksham Kapoor\AppData\Local\Microsoft\WinGet\Packages\Gyan.FFmpeg_Microsoft.Winget.Source_8wekyb3d8bbwe\ffmpeg-7.1-full_build\bin;C:\Program Files (x86)\Microsoft Visual Studio\2022\BuildTools\VC\Tools\MSVC\14.42.34433\bin\Hostx64\x64;C:\Users\Saksham Kapoor\.dotnet\tools;C:\Users\Saksham Kapoor\AppData\Local\Programs\Azure Dev CLI;C:\Users\Saksham Kapoor\AppData\Local\Programs\cursor\resources\app\bin;C:\Users\Saksham Kapoor\AppData\Local\Programs\MiKTeX\miktex\bin\x64;C:\Program Files\Graphviz\bin;C:\anaconda3;C:\anaconda3\Scripts;C:\anaconda3\Library\bin;C:\Program Files\apache-maven-3.9.11\bin;.;c:\Users\Saksham Kapoor\AppData\Roaming\Code\User\globalStorage\github.copilot-chat\debugCommand;."/>
    <property name="java.vm.info" value="mixed mode, sharing"/>
    <property name="java.vendor" value="Eclipse Adoptium"/>
    <property name="java.vm.version" value="17.0.16+8"/>
    <property name="java.specification.maintenance.version" value="1"/>
    <property name="sun.io.unicode.encoding" value="UnicodeLittle"/>
    <property name="java.class.version" value="61.0"/>
  </properties>
  <testcase name="testTriggerNotification" classname="com.auraflow.notificationservice.service.NotificationTriggerServiceTest" time="1.299"/>
</testsuite>