<?xml version="1.0" encoding="UTF-8"?>
<testsuite xmlns:xsi="http://www.w3.org/2001/XMLSchema-instance" xsi:noNamespaceSchemaLocation="https://maven.apache.org/surefire/maven-surefire-plugin/xsd/surefire-test-report-3.0.xsd" version="3.0" name="com.auraflow.workerservice.service.EventDrivenIntegrationTests" time="2.764" tests="2" errors="0" skipped="0" failures="0">
  <properties>
    <property name="java.specification.version" value="17"/>
    <property name="sun.cpu.isalist" value="amd64"/>
    <property name="sun.jnu.encoding" value="Cp1252"/>
    <property name="java.class.path" value="C:\Users\Saksham Kapoor\Desktop\FAANG SWE\AuraFlow\worker-service\target\test-classes;C:\Users\Saksham Kapoor\Desktop\FAANG SWE\AuraFlow\worker-service\target\classes;C:\Users\Saksham Kapoor\.m2\repository\org\springframework\boot\spring-boot-starter-web\2.7.12\spring-boot-starter-web-2.7.12.jar;C:\Users\Saksham Kapoor\.m2\repository\org\springframework\boot\spring-boot-starter\2.7.12\spring-boot-starter-2.7.12.jar;C:\Users\Saksham Kapoor\.m2\repository\org\springframework\boot\spring-boot\2.7.12\spring-boot-2.7.12.jar;C:\Users\Saksham Kapoor\.m2\repository\org\springframework\boot\spring-boot-autoconfigure\2.7.12\spring-boot-autoconfigure-2.7.12.jar;C:\Users\Saksham Kapoor\.m2\repository\org\springframework\boot\spring-boot-starter-logging\2.7.12\spring-boot-starter-logging-2.7.12.jar;C:\Users\Saksham Kapoor\.m2\repository\ch\qos\logback\logback-classic\1.2.12\logback-classic-1.2.12.jar;C:\Users\Saksham Kapoor\.m2\repository\ch\qos\logback\logback-core\1.2.12\logback-core-1.2.12.jar;C:\Users\Saksham Kapoor\.m2\repository\org\apache\logging\log4j\log4j-to-slf4j\2.17.2\log4j-to-slf4j-2.17.2.jar;C:\Users\Saksham Kapoor\.m2\repository\org\apache\logging\log4j\log4j-api\2.17.2\log4j-api-2.17.2.jar;C:\Users\Saksham Kapoor\.m2\repository\org\slf4j\jul-to-slf4j\1.7.36\jul-to-slf4j-1.7.36.jar;C:\Users\Saksham Kapoor\.m2\repository\jakarta\annotation\jakarta.annotation-api\1.3.5\jakarta.annotation-api-1.3.5.jar;C:\Users\Saksham Kapoor\.m2\repository\org\yaml\snakeyaml\1.30\snakeyaml-1.30.jar;C:\Users\Saksham Kapoor\.m2\repository\org\springframework\boot\spring-boot-starter-json\2.7.12\spring-boot-starter-json-2.7.12.jar;C:\Users\Saksham Kapoor\.m2\repository\com\fasterxml\jackson\core\jackson-databind\2.13.5\jackson-databind-2.13.5.jar;C:\Users\Saksham Kapoor\.m2\repository\com\fasterxml\jackson\core\jackson-annotations\2.13.5\jackson-annotations-2.13.5.jar;C:\Users\Saksham Kapoor\.m2\repository\com\fasterxml\jackson\core\jackson-core\2.13.5\jackson-core-2.13.5.jar;C:\Users\Saksham Kapoor\.m2\repository\com\fasterxml\jackson\datatype\jackson-datatype-jdk8\2.13.5\jackson-datatype-jdk8-2.13.5.jar;C:\Users\Saksham Kapoor\.m2\repository\com\fasterxml\jackson\datatype\jackson-datatype-jsr310\2.13.5\jackson-datatype-jsr310-2.13.5.jar;C:\Users\Saksham Kapoor\.m2\repository\com\fasterxml\jackson\module\jackson-module-parameter-names\2.13.5\jackson-module-parameter-names-2.13.5.jar;C:\Users\Saksham Kapoor\.m2\repository\org\springframework\boot\spring-boot-starter-tomcat\2.7.12\spring-boot-starter-tomcat-2.7.12.jar;C:\Users\Saksham Kapoor\.m2\repository\org\apache\tomcat\embed\tomcat-embed-core\9.0.75\tomcat-embed-core-9.0.75.jar;C:\Users\Saksham Kapoor\.m2\repository\org\apache\tomcat\embed\tomcat-embed-el\9.0.75\tomcat-embed-el-9.0.75.jar;C:\Users\Saksham Kapoor\.m2\repository\org\apache\tomcat\embed\tomcat-embed-websocket\9.0.75\tomcat-embed-websocket-9.0.75.jar;C:\Users\Saksham Kapoor\.m2\repository\org\springframework\spring-web\5.3.27\spring-web-5.3.27.jar;C:\Users\Saksham Kapoor\.m2\repository\org\springframework\spring-beans\5.3.27\spring-beans-5.3.27.jar;C:\Users\Saksham Kapoor\.m2\repository\org\springframework\spring-webmvc\5.3.27\spring-webmvc-5.3.27.jar;C:\Users\Saksham Kapoor\.m2\repository\org\springframework\spring-aop\5.3.27\spring-aop-5.3.27.jar;C:\Users\Saksham Kapoor\.m2\repository\org\springframework\spring-context\5.3.27\spring-context-5.3.27.jar;C:\Users\Saksham Kapoor\.m2\repository\org\springframework\spring-expression\5.3.27\spring-expression-5.3.27.jar;C:\Users\Saksham Kapoor\.m2\repository\org\junit\jupiter\junit-jupiter\5.10.2\junit-jupiter-5.10.2.jar;C:\Users\Saksham Kapoor\.m2\repository\org\junit\jupiter\junit-jupiter-api\5.8.2\junit-jupiter-api-5.8.2.jar;C:\Users\Saksham Kapoor\.m2\repository\org\opentest4j\opentest4j\1.2.0\opentest4j-1.2.0.jar;C:\Users\Saksham Kapoor\.m2\repository\org\junit\platform\junit-platform-commons\1.8.2\junit-platform-commons-1.8.2.jar;C:\Users\Saksham Kapoor\.m2\repository\org\apiguardian\apiguardian-api\1.1.2\apiguardian-api-1.1.2.jar;C:\Users\Saksham Kapoor\.m2\repository\org\junit\jupiter\junit-jupiter-params\5.8.2\junit-jupiter-params-5.8.2.jar;C:\Users\Saksham Kapoor\.m2\repository\org\junit\jupiter\junit-jupiter-engine\5.8.2\junit-jupiter-engine-5.8.2.jar;C:\Users\Saksham Kapoor\.m2\repository\org\junit\platform\junit-platform-engine\1.8.2\junit-platform-engine-1.8.2.jar;C:\Users\Saksham Kapoor\.m2\repository\software\amazon\awssdk\dynamodb\2.25.10\dynamodb-2.25.10.jar;C:\Users\Saksham Kapoor\.m2\repository\software\amazon\awssdk\aws-json-protocol\2.25.10\aws-json-protocol-2.25.10.jar;C:\Users\Saksham Kapoor\.m2\repository\software\amazon\awssdk\third-party-jackson-core\2.25.10\third-party-jackson-core-2.25.10.jar;C:\Users\Saksham Kapoor\.m2\repository\software\amazon\awssdk\protocol-core\2.25.10\protocol-core-2.25.10.jar;C:\Users\Saksham Kapoor\.m2\repository\software\amazon\awssdk\profiles\2.25.10\profiles-2.25.10.jar;C:\Users\Saksham Kapoor\.m2\repository\software\amazon\awssdk\http-auth-aws\2.25.10\http-auth-aws-2.25.10.jar;C:\Users\Saksham Kapoor\.m2\repository\software\amazon\awssdk\checksums-spi\2.25.10\checksums-spi-2.25.10.jar;C:\Users\Saksham Kapoor\.m2\repository\software\amazon\awssdk\checksums\2.25.10\checksums-2.25.10.jar;C:\Users\Saksham Kapoor\.m2\repository\software\amazon\awssdk\sdk-core\2.25.10\sdk-core-2.25.10.jar;C:\Users\Saksham Kapoor\.m2\repository\org\slf4j\slf4j-api\1.7.36\slf4j-api-1.7.36.jar;C:\Users\Saksham Kapoor\.m2\repository\org\reactivestreams\reactive-streams\1.0.4\reactive-streams-1.0.4.jar;C:\Users\Saksham Kapoor\.m2\repository\software\amazon\awssdk\auth\2.25.10\auth-2.25.10.jar;C:\Users\Saksham Kapoor\.m2\repository\software\amazon\eventstream\eventstream\1.0.1\eventstream-1.0.1.jar;C:\Users\Saksham Kapoor\.m2\repository\software\amazon\awssdk\http-auth-spi\2.25.10\http-auth-spi-2.25.10.jar;C:\Users\Saksham Kapoor\.m2\repository\software\amazon\awssdk\http-auth\2.25.10\http-auth-2.25.10.jar;C:\Users\Saksham Kapoor\.m2\repository\software\amazon\awssdk\identity-spi\2.25.10\identity-spi-2.25.10.jar;C:\Users\Saksham Kapoor\.m2\repository\software\amazon\awssdk\http-client-spi\2.25.10\http-client-spi-2.25.10.jar;C:\Users\Saksham Kapoor\.m2\repository\software\amazon\awssdk\regions\2.25.10\regions-2.25.10.jar;C:\Users\Saksham Kapoor\.m2\repository\software\amazon\awssdk\annotations\2.25.10\annotations-2.25.10.jar;C:\Users\Saksham Kapoor\.m2\repository\software\amazon\awssdk\utils\2.25.10\utils-2.25.10.jar;C:\Users\Saksham Kapoor\.m2\repository\software\amazon\awssdk\aws-core\2.25.10\aws-core-2.25.10.jar;C:\Users\Saksham Kapoor\.m2\repository\software\amazon\awssdk\metrics-spi\2.25.10\metrics-spi-2.25.10.jar;C:\Users\Saksham Kapoor\.m2\repository\software\amazon\awssdk\json-utils\2.25.10\json-utils-2.25.10.jar;C:\Users\Saksham Kapoor\.m2\repository\software\amazon\awssdk\endpoints-spi\2.25.10\endpoints-spi-2.25.10.jar;C:\Users\Saksham Kapoor\.m2\repository\software\amazon\awssdk\apache-client\2.25.10\apache-client-2.25.10.jar;C:\Users\Saksham Kapoor\.m2\repository\org\apache\httpcomponents\httpclient\4.5.14\httpclient-4.5.14.jar;C:\Users\Saksham Kapoor\.m2\repository\org\apache\httpcomponents\httpcore\4.4.16\httpcore-4.4.16.jar;C:\Users\Saksham Kapoor\.m2\repository\commons-codec\commons-codec\1.15\commons-codec-1.15.jar;C:\Users\Saksham Kapoor\.m2\repository\software\amazon\awssdk\netty-nio-client\2.25.10\netty-nio-client-2.25.10.jar;C:\Users\Saksham Kapoor\.m2\repository\io\netty\netty-codec-http\4.1.92.Final\netty-codec-http-4.1.92.Final.jar;C:\Users\Saksham Kapoor\.m2\repository\io\netty\netty-codec-http2\4.1.92.Final\netty-codec-http2-4.1.92.Final.jar;C:\Users\Saksham Kapoor\.m2\repository\io\netty\netty-codec\4.1.92.Final\netty-codec-4.1.92.Final.jar;C:\Users\Saksham Kapoor\.m2\repository\io\netty\netty-transport\4.1.92.Final\netty-transport-4.1.92.Final.jar;C:\Users\Saksham Kapoor\.m2\repository\io\netty\netty-common\4.1.92.Final\netty-common-4.1.92.Final.jar;C:\Users\Saksham Kapoor\.m2\repository\io\netty\netty-buffer\4.1.92.Final\netty-buffer-4.1.92.Final.jar;C:\Users\Saksham Kapoor\.m2\repository\io\netty\netty-handler\4.1.92.Final\netty-handler-4.1.92.Final.jar;C:\Users\Saksham Kapoor\.m2\repository\io\netty\netty-transport-native-unix-common\4.1.92.Final\netty-transport-native-unix-common-4.1.92.Final.jar;C:\Users\Saksham Kapoor\.m2\repository\io\netty\netty-transport-classes-epoll\4.1.92.Final\netty-transport-classes-epoll-4.1.92.Final.jar;C:\Users\Saksham Kapoor\.m2\repository\io\netty\netty-resolver\4.1.92.Final\netty-resolver-4.1.92.Final.jar;C:\Users\Saksham Kapoor\.m2\repository\org\springframework\boot\spring-boot-starter-test\3.2.5\spring-boot-starter-test-3.2.5.jar;C:\Users\Saksham Kapoor\.m2\repository\org\springframework\boot\spring-boot-test\2.7.12\spring-boot-test-2.7.12.jar;C:\Users\Saksham Kapoor\.m2\repository\org\springframework\boot\spring-boot-test-autoconfigure\2.7.12\spring-boot-test-autoconfigure-2.7.12.jar;C:\Users\Saksham Kapoor\.m2\repository\com\jayway\jsonpath\json-path\2.7.0\json-path-2.7.0.jar;C:\Users\Saksham Kapoor\.m2\repository\jakarta\xml\bind\jakarta.xml.bind-api\2.3.3\jakarta.xml.bind-api-2.3.3.jar;C:\Users\Saksham Kapoor\.m2\repository\jakarta\activation\jakarta.activation-api\1.2.2\jakarta.activation-api-1.2.2.jar;C:\Users\Saksham Kapoor\.m2\repository\net\minidev\json-smart\2.4.11\json-smart-2.4.11.jar;C:\Users\Saksham Kapoor\.m2\repository\net\minidev\accessors-smart\2.4.11\accessors-smart-2.4.11.jar;C:\Users\Saksham Kapoor\.m2\repository\org\ow2\asm\asm\9.3\asm-9.3.jar;C:\Users\Saksham Kapoor\.m2\repository\org\assertj\assertj-core\3.22.0\assertj-core-3.22.0.jar;C:\Users\Saksham Kapoor\.m2\repository\org\awaitility\awaitility\4.2.0\awaitility-4.2.0.jar;C:\Users\Saksham Kapoor\.m2\repository\org\hamcrest\hamcrest\2.2\hamcrest-2.2.jar;C:\Users\Saksham Kapoor\.m2\repository\org\mockito\mockito-core\4.5.1\mockito-core-4.5.1.jar;C:\Users\Saksham Kapoor\.m2\repository\net\bytebuddy\byte-buddy\1.12.23\byte-buddy-1.12.23.jar;C:\Users\Saksham Kapoor\.m2\repository\net\bytebuddy\byte-buddy-agent\1.12.23\byte-buddy-agent-1.12.23.jar;C:\Users\Saksham Kapoor\.m2\repository\org\objenesis\objenesis\3.2\objenesis-3.2.jar;C:\Users\Saksham Kapoor\.m2\repository\org\mockito\mockito-junit-jupiter\4.5.1\mockito-junit-jupiter-4.5.1.jar;C:\Users\Saksham Kapoor\.m2\repository\org\skyscreamer\jsonassert\1.5.1\jsonassert-1.5.1.jar;C:\Users\Saksham Kapoor\.m2\repository\com\vaadin\external\google\android-json\0.0.20131108.vaadin1\android-json-0.0.20131108.vaadin1.jar;C:\Users\Saksham Kapoor\.m2\repository\org\springframework\spring-core\5.3.27\spring-core-5.3.27.jar;C:\Users\Saksham Kapoor\.m2\repository\org\springframework\spring-jcl\5.3.27\spring-jcl-5.3.27.jar;C:\Users\Saksham Kapoor\.m2\repository\org\springframework\spring-test\5.3.27\spring-test-5.3.27.jar;C:\Users\Saksham Kapoor\.m2\repository\org\xmlunit\xmlunit-core\2.9.1\xmlunit-core-2.9.1.jar;"/>
    <property name="java.vm.vendor" value="Eclipse Adoptium"/>
    <property name="sun.arch.data.model" value="64"/>
    <property name="user.variant" value=""/>
    <property name="java.vendor.url" value="https://adoptium.net/"/>
    <property name="user.timezone" value="America/New_York"/>
    <property name="os.name" value="Windows 11"/>
    <property name="java.vm.specification.version" value="17"/>
    <property name="sun.java.launcher" value="SUN_STANDARD"/>
    <property name="user.country" value="US"/>
    <property name="sun.boot.library.path" value="C:\Users\Saksham Kapoor\AppData\Local\Programs\Eclipse Adoptium\jdk-17.0.16.8-hotspot\bin"/>
    <property name="sun.java.command" value="C:\Users\Saksham Kapoor\AppData\Local\Temp\surefire2293541727980000039\surefirebooter-20250820193421088_3.jar C:\Users\Saksham Kapoor\AppData\Local\Temp\surefire2293541727980000039 2025-08-20T19-34-20_844-jvmRun1 surefire-20250820193421088_1tmp surefire_0-20250820193421088_2tmp"/>
    <property name="jdk.debug" value="release"/>
    <property name="surefire.test.class.path" value="C:\Users\Saksham Kapoor\Desktop\FAANG SWE\AuraFlow\worker-service\target\test-classes;C:\Users\Saksham Kapoor\Desktop\FAANG SWE\AuraFlow\worker-service\target\classes;C:\Users\Saksham Kapoor\.m2\repository\org\springframework\boot\spring-boot-starter-web\2.7.12\spring-boot-starter-web-2.7.12.jar;C:\Users\Saksham Kapoor\.m2\repository\org\springframework\boot\spring-boot-starter\2.7.12\spring-boot-starter-2.7.12.jar;C:\Users\Saksham Kapoor\.m2\repository\org\springframework\boot\spring-boot\2.7.12\spring-boot-2.7.12.jar;C:\Users\Saksham Kapoor\.m2\repository\org\springframework\boot\spring-boot-autoconfigure\2.7.12\spring-boot-autoconfigure-2.7.12.jar;C:\Users\Saksham Kapoor\.m2\repository\org\springframework\boot\spring-boot-starter-logging\2.7.12\spring-boot-starter-logging-2.7.12.jar;C:\Users\Saksham Kapoor\.m2\repository\ch\qos\logback\logback-classic\1.2.12\logback-classic-1.2.12.jar;C:\Users\Saksham Kapoor\.m2\repository\ch\qos\logback\logback-core\1.2.12\logback-core-1.2.12.jar;C:\Users\Saksham Kapoor\.m2\repository\org\apache\logging\log4j\log4j-to-slf4j\2.17.2\log4j-to-slf4j-2.17.2.jar;C:\Users\Saksham Kapoor\.m2\repository\org\apache\logging\log4j\log4j-api\2.17.2\log4j-api-2.17.2.jar;C:\Users\Saksham Kapoor\.m2\repository\org\slf4j\jul-to-slf4j\1.7.36\jul-to-slf4j-1.7.36.jar;C:\Users\Saksham Kapoor\.m2\repository\jakarta\annotation\jakarta.annotation-api\1.3.5\jakarta.annotation-api-1.3.5.jar;C:\Users\Saksham Kapoor\.m2\repository\org\yaml\snakeyaml\1.30\snakeyaml-1.30.jar;C:\Users\Saksham Kapoor\.m2\repository\org\springframework\boot\spring-boot-starter-json\2.7.12\spring-boot-starter-json-2.7.12.jar;C:\Users\Saksham Kapoor\.m2\repository\com\fasterxml\jackson\core\jackson-databind\2.13.5\jackson-databind-2.13.5.jar;C:\Users\Saksham Kapoor\.m2\repository\com\fasterxml\jackson\core\jackson-annotations\2.13.5\jackson-annotations-2.13.5.jar;C:\Users\Saksham Kapoor\.m2\repository\com\fasterxml\jackson\core\jackson-core\2.13.5\jackson-core-2.13.5.jar;C:\Users\Saksham Kapoor\.m2\repository\com\fasterxml\jackson\datatype\jackson-datatype-jdk8\2.13.5\jackson-datatype-jdk8-2.13.5.jar;C:\Users\Saksham Kapoor\.m2\repository\com\fasterxml\jackson\datatype\jackson-datatype-jsr310\2.13.5\jackson-datatype-jsr310-2.13.5.jar;C:\Users\Saksham Kapoor\.m2\repository\com\fasterxml\jackson\module\jackson-module-parameter-names\2.13.5\jackson-module-parameter-names-2.13.5.jar;C:\Users\Saksham Kapoor\.m2\repository\org\springframework\boot\spring-boot-starter-tomcat\2.7.12\spring-boot-starter-tomcat-2.7.12.jar;C:\Users\Saksham Kapoor\.m2\repository\org\apache\tomcat\embed\tomcat-embed-core\9.0.75\tomcat-embed-core-9.0.75.jar;C:\Users\Saksham Kapoor\.m2\repository\org\apache\tomcat\embed\tomcat-embed-el\9.0.75\tomcat-embed-el-9.0.75.jar;C:\Users\Saksham Kapoor\.m2\repository\org\apache\tomcat\embed\tomcat-embed-websocket\9.0.75\tomcat-embed-websocket-9.0.75.jar;C:\Users\Saksham Kapoor\.m2\repository\org\springframework\spring-web\5.3.27\spring-web-5.3.27.jar;C:\Users\Saksham Kapoor\.m2\repository\org\springframework\spring-beans\5.3.27\spring-beans-5.3.27.jar;C:\Users\Saksham Kapoor\.m2\repository\org\springframework\spring-webmvc\5.3.27\spring-webmvc-5.3.27.jar;C:\Users\Saksham Kapoor\.m2\repository\org\springframework\spring-aop\5.3.27\spring-aop-5.3.27.jar;C:\Users\Saksham Kapoor\.m2\repository\org\springframework\spring-context\5.3.27\spring-context-5.3.27.jar;C:\Users\Saksham Kapoor\.m2\repository\org\springframework\spring-expression\5.3.27\spring-expression-5.3.27.jar;C:\Users\Saksham Kapoor\.m2\repository\org\junit\jupiter\junit-jupiter\5.10.2\junit-jupiter-5.10.2.jar;C:\Users\Saksham Kapoor\.m2\repository\org\junit\jupiter\junit-jupiter-api\5.8.2\junit-jupiter-api-5.8.2.jar;C:\Users\Saksham Kapoor\.m2\repository\org\opentest4j\opentest4j\1.2.0\opentest4j-1.2.0.jar;C:\Users\Saksham Kapoor\.m2\repository\org\junit\platform\junit-platform-commons\1.8.2\junit-platform-commons-1.8.2.jar;C:\Users\Saksham Kapoor\.m2\repository\org\apiguardian\apiguardian-api\1.1.2\apiguardian-api-1.1.2.jar;C:\Users\Saksham Kapoor\.m2\repository\org\junit\jupiter\junit-jupiter-params\5.8.2\junit-jupiter-params-5.8.2.jar;C:\Users\Saksham Kapoor\.m2\repository\org\junit\jupiter\junit-jupiter-engine\5.8.2\junit-jupiter-engine-5.8.2.jar;C:\Users\Saksham Kapoor\.m2\repository\org\junit\platform\junit-platform-engine\1.8.2\junit-platform-engine-1.8.2.jar;C:\Users\Saksham Kapoor\.m2\repository\software\amazon\awssdk\dynamodb\2.25.10\dynamodb-2.25.10.jar;C:\Users\Saksham Kapoor\.m2\repository\software\amazon\awssdk\aws-json-protocol\2.25.10\aws-json-protocol-2.25.10.jar;C:\Users\Saksham Kapoor\.m2\repository\software\amazon\awssdk\third-party-jackson-core\2.25.10\third-party-jackson-core-2.25.10.jar;C:\Users\Saksham Kapoor\.m2\repository\software\amazon\awssdk\protocol-core\2.25.10\protocol-core-2.25.10.jar;C:\Users\Saksham Kapoor\.m2\repository\software\amazon\awssdk\profiles\2.25.10\profiles-2.25.10.jar;C:\Users\Saksham Kapoor\.m2\repository\software\amazon\awssdk\http-auth-aws\2.25.10\http-auth-aws-2.25.10.jar;C:\Users\Saksham Kapoor\.m2\repository\software\amazon\awssdk\checksums-spi\2.25.10\checksums-spi-2.25.10.jar;C:\Users\Saksham Kapoor\.m2\repository\software\amazon\awssdk\checksums\2.25.10\checksums-2.25.10.jar;C:\Users\Saksham Kapoor\.m2\repository\software\amazon\awssdk\sdk-core\2.25.10\sdk-core-2.25.10.jar;C:\Users\Saksham Kapoor\.m2\repository\org\slf4j\slf4j-api\1.7.36\slf4j-api-1.7.36.jar;C:\Users\Saksham Kapoor\.m2\repository\org\reactivestreams\reactive-streams\1.0.4\reactive-streams-1.0.4.jar;C:\Users\Saksham Kapoor\.m2\repository\software\amazon\awssdk\auth\2.25.10\auth-2.25.10.jar;C:\Users\Saksham Kapoor\.m2\repository\software\amazon\eventstream\eventstream\1.0.1\eventstream-1.0.1.jar;C:\Users\Saksham Kapoor\.m2\repository\software\amazon\awssdk\http-auth-spi\2.25.10\http-auth-spi-2.25.10.jar;C:\Users\Saksham Kapoor\.m2\repository\software\amazon\awssdk\http-auth\2.25.10\http-auth-2.25.10.jar;C:\Users\Saksham Kapoor\.m2\repository\software\amazon\awssdk\identity-spi\2.25.10\identity-spi-2.25.10.jar;C:\Users\Saksham Kapoor\.m2\repository\software\amazon\awssdk\http-client-spi\2.25.10\http-client-spi-2.25.10.jar;C:\Users\Saksham Kapoor\.m2\repository\software\amazon\awssdk\regions\2.25.10\regions-2.25.10.jar;C:\Users\Saksham Kapoor\.m2\repository\software\amazon\awssdk\annotations\2.25.10\annotations-2.25.10.jar;C:\Users\Saksham Kapoor\.m2\repository\software\amazon\awssdk\utils\2.25.10\utils-2.25.10.jar;C:\Users\Saksham Kapoor\.m2\repository\software\amazon\awssdk\aws-core\2.25.10\aws-core-2.25.10.jar;C:\Users\Saksham Kapoor\.m2\repository\software\amazon\awssdk\metrics-spi\2.25.10\metrics-spi-2.25.10.jar;C:\Users\Saksham Kapoor\.m2\repository\software\amazon\awssdk\json-utils\2.25.10\json-utils-2.25.10.jar;C:\Users\Saksham Kapoor\.m2\repository\software\amazon\awssdk\endpoints-spi\2.25.10\endpoints-spi-2.25.10.jar;C:\Users\Saksham Kapoor\.m2\repository\software\amazon\awssdk\apache-client\2.25.10\apache-client-2.25.10.jar;C:\Users\Saksham Kapoor\.m2\repository\org\apache\httpcomponents\httpclient\4.5.14\httpclient-4.5.14.jar;C:\Users\Saksham Kapoor\.m2\repository\org\apache\httpcomponents\httpcore\4.4.16\httpcore-4.4.16.jar;C:\Users\Saksham Kapoor\.m2\repository\commons-codec\commons-codec\1.15\commons-codec-1.15.jar;C:\Users\Saksham Kapoor\.m2\repository\software\amazon\awssdk\netty-nio-client\2.25.10\netty-nio-client-2.25.10.jar;C:\Users\Saksham Kapoor\.m2\repository\io\netty\netty-codec-http\4.1.92.Final\netty-codec-http-4.1.92.Final.jar;C:\Users\Saksham Kapoor\.m2\repository\io\netty\netty-codec-http2\4.1.92.Final\netty-codec-http2-4.1.92.Final.jar;C:\Users\Saksham Kapoor\.m2\repository\io\netty\netty-codec\4.1.92.Final\netty-codec-4.1.92.Final.jar;C:\Users\Saksham Kapoor\.m2\repository\io\netty\netty-transport\4.1.92.Final\netty-transport-4.1.92.Final.jar;C:\Users\Saksham Kapoor\.m2\repository\io\netty\netty-common\4.1.92.Final\netty-common-4.1.92.Final.jar;C:\Users\Saksham Kapoor\.m2\repository\io\netty\netty-buffer\4.1.92.Final\netty-buffer-4.1.92.Final.jar;C:\Users\Saksham Kapoor\.m2\repository\io\netty\netty-handler\4.1.92.Final\netty-handler-4.1.92.Final.jar;C:\Users\Saksham Kapoor\.m2\repository\io\netty\netty-transport-native-unix-common\4.1.92.Final\netty-transport-native-unix-common-4.1.92.Final.jar;C:\Users\Saksham Kapoor\.m2\repository\io\netty\netty-transport-classes-epoll\4.1.92.Final\netty-transport-classes-epoll-4.1.92.Final.jar;C:\Users\Saksham Kapoor\.m2\repository\io\netty\netty-resolver\4.1.92.Final\netty-resolver-4.1.92.Final.jar;C:\Users\Saksham Kapoor\.m2\repository\org\springframework\boot\spring-boot-starter-test\3.2.5\spring-boot-starter-test-3.2.5.jar;C:\Users\Saksham Kapoor\.m2\repository\org\springframework\boot\spring-boot-test\2.7.12\spring-boot-test-2.7.12.jar;C:\Users\Saksham Kapoor\.m2\repository\org\springframework\boot\spring-boot-test-autoconfigure\2.7.12\spring-boot-test-autoconfigure-2.7.12.jar;C:\Users\Saksham Kapoor\.m2\repository\com\jayway\jsonpath\json-path\2.7.0\json-path-2.7.0.jar;C:\Users\Saksham Kapoor\.m2\repository\jakarta\xml\bind\jakarta.xml.bind-api\2.3.3\jakarta.xml.bind-api-2.3.3.jar;C:\Users\Saksham Kapoor\.m2\repository\jakarta\activation\jakarta.activation-api\1.2.2\jakarta.activation-api-1.2.2.jar;C:\Users\Saksham Kapoor\.m2\repository\net\minidev\json-smart\2.4.11\json-smart-2.4.11.jar;C:\Users\Saksham Kapoor\.m2\repository\net\minidev\accessors-smart\2.4.11\accessors-smart-2.4.11.jar;C:\Users\Saksham Kapoor\.m2\repository\org\ow2\asm\asm\9.3\asm-9.3.jar;C:\Users\Saksham Kapoor\.m2\repository\org\assertj\assertj-core\3.22.0\assertj-core-3.22.0.jar;C:\Users\Saksham Kapoor\.m2\repository\org\awaitility\awaitility\4.2.0\awaitility-4.2.0.jar;C:\Users\Saksham Kapoor\.m2\repository\org\hamcrest\hamcrest\2.2\hamcrest-2.2.jar;C:\Users\Saksham Kapoor\.m2\repository\org\mockito\mockito-core\4.5.1\mockito-core-4.5.1.jar;C:\Users\Saksham Kapoor\.m2\repository\net\bytebuddy\byte-buddy\1.12.23\byte-buddy-1.12.23.jar;C:\Users\Saksham Kapoor\.m2\repository\net\bytebuddy\byte-buddy-agent\1.12.23\byte-buddy-agent-1.12.23.jar;C:\Users\Saksham Kapoor\.m2\repository\org\objenesis\objenesis\3.2\objenesis-3.2.jar;C:\Users\Saksham Kapoor\.m2\repository\org\mockito\mockito-junit-jupiter\4.5.1\mockito-junit-jupiter-4.5.1.jar;C:\Users\Saksham Kapoor\.m2\repository\org\skyscreamer\jsonassert\1.5.1\jsonassert-1.5.1.jar;C:\Users\Saksham Kapoor\.m2\repository\com\vaadin\external\google\android-json\0.0.20131108.vaadin1\android-json-0.0.20131108.vaadin1.jar;C:\Users\Saksham Kapoor\.m2\repository\org\springframework\spring-core\5.3.27\spring-core-5.3.27.jar;C:\Users\Saksham Kapoor\.m2\repository\org\springframework\spring-jcl\5.3.27\spring-jcl-5.3.27.jar;C:\Users\Saksham Kapoor\.m2\repository\org\springframework\spring-test\5.3.27\spring-test-5.3.27.jar;C:\Users\Saksham Kapoor\.m2\repository\org\xmlunit\xmlunit-core\2.9.1\xmlunit-core-2.9.1.jar;"/>
    <property name="sun.cpu.endian" value="little"/>
    <property name="user.home" value="C:\Users\Saksham Kapoor"/>
    <property name="user.language" value="en"/>
    <property name="java.specification.vendor" value="Oracle Corporation"/>
    <property name="java.version.date" value="2025-07-15"/>
    <property name="java.home" value="C:\Users\Saksham Kapoor\AppData\Local\Programs\Eclipse Adoptium\jdk-17.0.16.8-hotspot"/>
    <property name="file.separator" value="\"/>
    <property name="basedir" value="C:\Users\Saksham Kapoor\Desktop\FAANG SWE\AuraFlow\worker-service"/>
    <property name="java.vm.compressedOopsMode" value="Zero based"/>
    <property name="line.separator" value="&#10;"/>
    <property name="java.vm.specification.vendor" value="Oracle Corporation"/>
    <property name="java.specification.name" value="Java Platform API Specification"/>
    <property name="FILE_LOG_CHARSET" value="windows-1252"/>
    <property name="java.awt.headless" value="true"/>
    <property name="surefire.real.class.path" value="C:\Users\Saksham Kapoor\AppData\Local\Temp\surefire2293541727980000039\surefirebooter-20250820193421088_3.jar"/>
    <property name="user.script" value=""/>
    <property name="sun.management.compiler" value="HotSpot 64-Bit Tiered Compilers"/>
    <property name="java.runtime.version" value="17.0.16+8"/>
    <property name="user.name" value="SakshamKapoor"/>
    <property name="path.separator" value=";"/>
    <property name="os.version" value="10.0"/>
    <property name="java.runtime.name" value="OpenJDK Runtime Environment"/>
    <property name="file.encoding" value="Cp1252"/>
    <property name="spring.beaninfo.ignore" value="true"/>
    <property name="java.vm.name" value="OpenJDK 64-Bit Server VM"/>
    <property name="java.vendor.version" value="Temurin-17.0.16+8"/>
    <property name="localRepository" value="C:\Users\Saksham Kapoor\.m2\repository"/>
    <property name="java.vendor.url.bug" value="https://github.com/adoptium/adoptium-support/issues"/>
    <property name="java.io.tmpdir" value="C:\Users\SAKSHA~1\AppData\Local\Temp\"/>
    <property name="java.version" value="17.0.16"/>
    <property name="user.dir" value="C:\Users\Saksham Kapoor\Desktop\FAANG SWE\AuraFlow\worker-service"/>
    <property name="os.arch" value="amd64"/>
    <property name="java.vm.specification.name" value="Java Virtual Machine Specification"/>
    <property name="PID" value="34812"/>
    <property name="sun.os.patch.level" value=""/>
    <property name="CONSOLE_LOG_CHARSET" value="windows-1252"/>
    <property name="native.encoding" value="Cp1252"/>
    <property name="java.library.path" value="C:\Users\Saksham Kapoor\AppData\Local\Programs\Eclipse Adoptium\jdk-17.0.16.8-hotspot\bin;C:\WINDOWS\Sun\Java\bin;C:\WINDOWS\system32;C:\WINDOWS;C:\anaconda3;C:\anaconda3\Library\mingw-w64\bin;C:\anaconda3\Library\usr\bin;C:\anaconda3\Library\bin;C:\anaconda3\Scripts;C:\anaconda3\bin;C:\anaconda3\condabin;C:\Program Files\NVIDIA\CUDNN\v9.3\bin;C:\Program Files\NVIDIA GPU Computing Toolkit\CUDA\v12.5\bin;C:\Program Files\NVIDIA GPU Computing Toolkit\CUDA\v12.5\libnvvp;C:\Program Files\NVIDIA\CUDNN\v9.6\bin;C:\Program Files\NVIDIA GPU Computing Toolkit\CUDA\v11.2\bin;C:\Program Files\NVIDIA GPU Computing Toolkit\CUDA\v11.2\libnvvp;C:\Program Files\NVIDIA GPU Computing Toolkit\CUDA\v12.6\bin;C:\Program Files\NVIDIA GPU Computing Toolkit\CUDA\v12.6\libnvvp;C:\Windows\system32;C:\Windows;C:\Windows\System32\Wbem;C:\Windows\System32\WindowsPowerShell\v1.0;C:\Windows\System32\OpenSSH;C:\Program Files (x86)\NVIDIA Corporation\PhysX\Common;C:\WINDOWS\system32;C:\WINDOWS;C:\WINDOWS\System32\Wbem;C:\WINDOWS\System32\WindowsPowerShell\v1.0;C:\WINDOWS\System32\OpenSSH;C:\Program Files\Java\jdk-20\bin;C:\Users\Saksham Kapoor\AppData\Roaming\nvm;C:\Program Files\nodejs;c:\Users\Saksham Kapoor\AppData\Local\Programs\cursor\resources\app\bin;C:\Program Files\NVIDIA Corporation\NVIDIA app\NvDLISR;C:\WINDOWS\system32;C:\WINDOWS;C:\WINDOWS\System32\Wbem;C:\WINDOWS\System32\WindowsPowerShell\v1.0;C:\WINDOWS\System32\OpenSSH;C:\ProgramData\chocolatey\bin;C:\Program Files\dotnet;C:\Program Files\NVIDIA GPU Computing Toolkit\CUDA\v12.5\bin;C:\Program Files\NVIDIA GPU Computing Toolkit\CUDA\v12.5\libnvvp;C:\Program Files\NVIDIA GPU Computing Toolkit\CUDA\v12.5\extras\CUPTI\lib64;C:\Program Files\Git\cmd;C:\Program Files\Git LFS;C:\Strawberry\c\bin;C:\Strawberry\perl\site\bin;C:\Strawberry\perl\bin;C:\Program Files\MiKTeX\miktex\bin\x64;C:\texlive\2025\bin\windows;C:\Program Files\Docker\Docker\resources\bin;C:\Program Files\Amazon\AWSCLIV2;C:\Users\Saksham Kapoor\AppData\Local\Programs\Eclipse Adoptium\jdk-17.0.16.8-hotspot\bin;C:\Users\Saksham Kapoor\AppData\Local\Programs\Python\Python312\Scripts;C:\Users\Saksham Kapoor\AppData\Local\Programs\Python\Python312;C:\Users\Saksham Kapoor\.cargo\bin;C:\Users\Saksham Kapoor\AppData\Local\Programs\Python\Python310\Scripts;C:\Users\Saksham Kapoor\AppData\Local\Programs\Python\Python310;C:\Users\Saksham Kapoor\AppData\Local\Microsoft\WindowsApps;C:\Program Files\Java\jdk-17;C:\Users\Saksham Kapoor\AppData\Roaming\npm;C:\Users\Saksham Kapoor\AppData\Local\Programs\Microsoft VS Code\bin;C:\Users\Saksham Kapoor\AppData\Roaming\nvm;C:\Program Files\nodejs;C:\Users\Saksham Kapoor\.local\bin;C:\Users\Saksham Kapoor\AppData\Local\Programs\Ollama;C:\Users\Saksham Kapoor\AppData\Local\Microsoft\WindowsApps;C:\Users\Saksham Kapoor\AppData\Local\Microsoft\WinGet\Packages\Gyan.FFmpeg_Microsoft.Winget.Source_8wekyb3d8bbwe\ffmpeg-7.1-full_build\bin;C:\Program Files (x86)\Microsoft Visual Studio\2022\BuildTools\VC\Tools\MSVC\14.42.34433\bin\Hostx64\x64;C:\Users\Saksham Kapoor\.dotnet\tools;C:\Users\Saksham Kapoor\AppData\Local\Programs\Azure Dev CLI;C:\Users\Saksham Kapoor\AppData\Local\Programs\cursor\resources\app\bin;C:\Users\Saksham Kapoor\AppData\Local\Programs\MiKTeX\miktex\bin\x64;C:\Program Files\Graphviz\bin;C:\anaconda3;C:\anaconda3\Scripts;C:\anaconda3\Library\bin;C:\Program Files\apache-maven-3.9.11\bin;.;c:\Users\Saksham Kapoor\AppData\Roaming\Code\User\globalStorage\github.copilot-chat\debugCommand;."/>
    <property name="java.vm.info" value="mixed mode, sharing"/>
    <property name="java.vendor" value="Eclipse Adoptium"/>
    <property name="java.vm.version" value="17.0.16+8"/>
    <property name="java.specification.maintenance.version" value="1"/>
    <property name="sun.io.unicode.encoding" value="UnicodeLittle"/>
    <property name="java.class.version" value="61.0"/>
  </properties>
  <testcase name="testEventSourcingManager" classname="com.auraflow.workerservice.service.EventDrivenIntegrationTests" time="0.571">
    <system-out><![CDATA[19:34:21.642 [main] DEBUG org.springframework.test.context.BootstrapUtils - Instantiating CacheAwareContextLoaderDelegate from class [org.springframework.test.context.cache.DefaultCacheAwareContextLoaderDelegate]
19:34:21.643 [main] DEBUG org.springframework.test.context.BootstrapUtils - Instantiating BootstrapContext using constructor [public org.springframework.test.context.support.DefaultBootstrapContext(java.lang.Class,org.springframework.test.context.CacheAwareContextLoaderDelegate)]
19:34:21.669 [main] DEBUG org.springframework.test.context.BootstrapUtils - Instantiating TestContextBootstrapper for test class [com.auraflow.workerservice.service.EventDrivenIntegrationTests] from class [org.springframework.boot.test.context.SpringBootTestContextBootstrapper]
19:34:21.680 [main] INFO org.springframework.boot.test.context.SpringBootTestContextBootstrapper - Neither @ContextConfiguration nor @ContextHierarchy found for test class [com.auraflow.workerservice.service.EventDrivenIntegrationTests], using SpringBootContextLoader
19:34:21.682 [main] DEBUG org.springframework.test.context.support.AbstractContextLoader - Did not detect default resource location for test class [com.auraflow.workerservice.service.EventDrivenIntegrationTests]: class path resource [com/auraflow/workerservice/service/EventDrivenIntegrationTests-context.xml] does not exist
19:34:21.683 [main] DEBUG org.springframework.test.context.support.AbstractContextLoader - Did not detect default resource location for test class [com.auraflow.workerservice.service.EventDrivenIntegrationTests]: class path resource [com/auraflow/workerservice/service/EventDrivenIntegrationTestsContext.groovy] does not exist
19:34:21.683 [main] INFO org.springframework.test.context.support.AbstractContextLoader - Could not detect default resource locations for test class [com.auraflow.workerservice.service.EventDrivenIntegrationTests]: no resource found for suffixes {-context.xml, Context.groovy}.
19:34:21.683 [main] INFO org.springframework.test.context.support.AnnotationConfigContextLoaderUtils - Could not detect default configuration classes for test class [com.auraflow.workerservice.service.EventDrivenIntegrationTests]: EventDrivenIntegrationTests does not declare any static, non-private, non-final, nested classes annotated with @Configuration.
19:34:21.712 [main] DEBUG org.springframework.test.context.support.ActiveProfilesUtils - Could not find an 'annotation declaring class' for annotation type [org.springframework.test.context.ActiveProfiles] and class [com.auraflow.workerservice.service.EventDrivenIntegrationTests]
19:34:21.759 [main] DEBUG org.springframework.context.annotation.ClassPathScanningCandidateComponentProvider - Identified candidate component class: file [C:\Users\Saksham Kapoor\Desktop\FAANG SWE\AuraFlow\worker-service\target\classes\com\auraflow\workerservice\WorkerServiceApplication.class]
19:34:21.759 [main] INFO org.springframework.boot.test.context.SpringBootTestContextBootstrapper - Found @SpringBootConfiguration com.auraflow.workerservice.WorkerServiceApplication for test class com.auraflow.workerservice.service.EventDrivenIntegrationTests
19:34:21.834 [main] DEBUG org.springframework.boot.test.context.SpringBootTestContextBootstrapper - @TestExecutionListeners is not present for class [com.auraflow.workerservice.service.EventDrivenIntegrationTests]: using defaults.
19:34:21.837 [main] INFO org.springframework.boot.test.context.SpringBootTestContextBootstrapper - Loaded default TestExecutionListener class names from location [META-INF/spring.factories]: [org.springframework.boot.test.mock.mockito.MockitoTestExecutionListener, org.springframework.boot.test.mock.mockito.ResetMocksTestExecutionListener, org.springframework.boot.test.autoconfigure.restdocs.RestDocsTestExecutionListener, org.springframework.boot.test.autoconfigure.web.client.MockRestServiceServerResetTestExecutionListener, org.springframework.boot.test.autoconfigure.web.servlet.MockMvcPrintOnlyOnFailureTestExecutionListener, org.springframework.boot.test.autoconfigure.web.servlet.WebDriverTestExecutionListener, org.springframework.boot.test.autoconfigure.webservices.client.MockWebServiceServerTestExecutionListener, org.springframework.test.context.web.ServletTestExecutionListener, org.springframework.test.context.support.DirtiesContextBeforeModesTestExecutionListener, org.springframework.test.context.event.ApplicationEventsTestExecutionListener, org.springframework.test.context.support.DependencyInjectionTestExecutionListener, org.springframework.test.context.support.DirtiesContextTestExecutionListener, org.springframework.test.context.transaction.TransactionalTestExecutionListener, org.springframework.test.context.jdbc.SqlScriptsTestExecutionListener, org.springframework.test.context.event.EventPublishingTestExecutionListener]
19:34:21.843 [main] DEBUG org.springframework.boot.test.context.SpringBootTestContextBootstrapper - Skipping candidate TestExecutionListener [org.springframework.test.context.transaction.TransactionalTestExecutionListener] due to a missing dependency. Specify custom listener classes or make the default listener classes and their required dependencies available. Offending class: [org/springframework/transaction/interceptor/TransactionAttributeSource]
19:34:21.843 [main] DEBUG org.springframework.boot.test.context.SpringBootTestContextBootstrapper - Skipping candidate TestExecutionListener [org.springframework.test.context.jdbc.SqlScriptsTestExecutionListener] due to a missing dependency. Specify custom listener classes or make the default listener classes and their required dependencies available. Offending class: [org/springframework/transaction/interceptor/TransactionAttribute]
19:34:21.843 [main] INFO org.springframework.boot.test.context.SpringBootTestContextBootstrapper - Using TestExecutionListeners: [org.springframework.test.context.web.ServletTestExecutionListener@2e1ef60, org.springframework.test.context.support.DirtiesContextBeforeModesTestExecutionListener@22356acd, org.springframework.test.context.event.ApplicationEventsTestExecutionListener@386f0da3, org.springframework.boot.test.mock.mockito.MockitoTestExecutionListener@39655d3e, org.springframework.boot.test.autoconfigure.SpringBootDependencyInjectionTestExecutionListener@34f22f9d, org.springframework.test.context.support.DirtiesContextTestExecutionListener@3d1848cc, org.springframework.test.context.event.EventPublishingTestExecutionListener@7dda48d9, org.springframework.boot.test.mock.mockito.ResetMocksTestExecutionListener@6e4566f1, org.springframework.boot.test.autoconfigure.restdocs.RestDocsTestExecutionListener@4b6e2263, org.springframework.boot.test.autoconfigure.web.client.MockRestServiceServerResetTestExecutionListener@344f4dea, org.springframework.boot.test.autoconfigure.web.servlet.MockMvcPrintOnlyOnFailureTestExecutionListener@1b7c473a, org.springframework.boot.test.autoconfigure.web.servlet.WebDriverTestExecutionListener@5e4bd84a, org.springframework.boot.test.autoconfigure.webservices.client.MockWebServiceServerTestExecutionListener@648c94da]
19:34:21.848 [main] DEBUG org.springframework.test.context.support.AbstractDirtiesContextTestExecutionListener - Before test class: context [DefaultTestContext@531f4093 testClass = EventDrivenIntegrationTests, testInstance = [null], testMethod = [null], testException = [null], mergedContextConfiguration = [WebMergedContextConfiguration@62ef27a8 testClass = EventDrivenIntegrationTests, locations = '{}', classes = '{class com.auraflow.workerservice.WorkerServiceApplication}', contextInitializerClasses = '[]', activeProfiles = '{}', propertySourceLocations = '{}', propertySourceProperties = '{org.springframework.boot.test.context.SpringBootTestContextBootstrapper=true}', contextCustomizers = set[org.springframework.boot.test.context.filter.ExcludeFilterContextCustomizer@2cf3d63b, org.springframework.boot.test.json.DuplicateJsonObjectContextCustomizerFactory$DuplicateJsonObjectContextCustomizer@74ea2410, org.springframework.boot.test.mock.mockito.MockitoContextCustomizer@0, org.springframework.boot.test.web.client.TestRestTemplateContextCustomizer@53045c6c, org.springframework.boot.test.autoconfigure.actuate.metrics.MetricsExportContextCustomizerFactory$DisableMetricExportContextCustomizer@7bba5817, org.springframework.boot.test.autoconfigure.properties.PropertyMappingContextCustomizer@0, org.springframework.boot.test.autoconfigure.web.servlet.WebDriverContextCustomizerFactory$Customizer@6caf0677, org.springframework.boot.test.context.SpringBootTestArgs@1, org.springframework.boot.test.context.SpringBootTestWebEnvironment@48a242ce], resourceBasePath = 'src/main/webapp', contextLoader = 'org.springframework.boot.test.context.SpringBootContextLoader', parent = [null]], attributes = map['org.springframework.test.context.web.ServletTestExecutionListener.activateListener' -> true]], class annotated with @DirtiesContext [false] with mode [null].

  .   ____          _            __ _ _
 /\\ / ___'_ __ _ _(_)_ __  __ _ \ \ \ \
( ( )\___ | '_ | '_| | '_ \/ _` | \ \ \ \
 \\/  ___)| |_)| | | | | || (_| |  ) ) ) )
  '  |____| .__|_| |_|_| |_\__, | / / / /
 =========|_|==============|___/=/_/_/_/
 :: Spring Boot ::               (v2.7.12)

2025-08-20 19:34:22.154  INFO 34812 --- [           main] c.a.w.s.EventDrivenIntegrationTests      : Starting EventDrivenIntegrationTests using Java 17.0.16 on LAPTOP-BQGPG62T with PID 34812 (started by SakshamKapoor in C:\Users\Saksham Kapoor\Desktop\FAANG SWE\AuraFlow\worker-service)
2025-08-20 19:34:22.154  INFO 34812 --- [           main] c.a.w.s.EventDrivenIntegrationTests      : The following 1 profile is active: "dev"
2025-08-20 19:34:23.754  INFO 34812 --- [           main] c.a.w.s.EventDrivenIntegrationTests      : Started EventDrivenIntegrationTests in 1.867 seconds (JVM running for 2.551)
Recorded event in DynamoDB Local: event1
]]></system-out>
  </testcase>
  <testcase name="testSagaManager" classname="com.auraflow.workerservice.service.EventDrivenIntegrationTests" time="0.003">
    <system-out><![CDATA[Starting saga for transaction: txn1
Compensating transaction: txn1
]]></system-out>
  </testcase>
</testsuite>