<?xml version="1.0" encoding="UTF-8"?>
<testsuite xmlns:xsi="http://www.w3.org/2001/XMLSchema-instance" xsi:noNamespaceSchemaLocation="https://maven.apache.org/surefire/maven-surefire-plugin/xsd/surefire-test-report-3.0.xsd" version="3.0" name="com.auraflow.workerservice.service.WorkerServiceTests" time="15.069" tests="4" errors="0" skipped="0" failures="0">
  <properties>
    <property name="java.specification.version" value="17"/>
    <property name="sun.cpu.isalist" value="amd64"/>
    <property name="sun.jnu.encoding" value="Cp1252"/>
    <property name="java.class.path" value="C:\Users\Saksham Kapoor\Desktop\FAANG SWE\AuraFlow\worker-service\target\test-classes;C:\Users\Saksham Kapoor\Desktop\FAANG SWE\AuraFlow\worker-service\target\classes;C:\Users\Saksham Kapoor\.m2\repository\org\springframework\boot\spring-boot-starter-web\2.7.12\spring-boot-starter-web-2.7.12.jar;C:\Users\Saksham Kapoor\.m2\repository\org\springframework\boot\spring-boot-starter\2.7.12\spring-boot-starter-2.7.12.jar;C:\Users\Saksham Kapoor\.m2\repository\org\springframework\boot\spring-boot\2.7.12\spring-boot-2.7.12.jar;C:\Users\Saksham Kapoor\.m2\repository\org\springframework\boot\spring-boot-autoconfigure\2.7.12\spring-boot-autoconfigure-2.7.12.jar;C:\Users\Saksham Kapoor\.m2\repository\org\springframework\boot\spring-boot-starter-logging\2.7.12\spring-boot-starter-logging-2.7.12.jar;C:\Users\Saksham Kapoor\.m2\repository\ch\qos\logback\logback-classic\1.2.12\logback-classic-1.2.12.jar;C:\Users\Saksham Kapoor\.m2\repository\ch\qos\logback\logback-core\1.2.12\logback-core-1.2.12.jar;C:\Users\Saksham Kapoor\.m2\repository\org\apache\logging\log4j\log4j-to-slf4j\2.17.2\log4j-to-slf4j-2.17.2.jar;C:\Users\Saksham Kapoor\.m2\repository\org\apache\logging\log4j\log4j-api\2.17.2\log4j-api-2.17.2.jar;C:\Users\Saksham Kapoor\.m2\repository\org\slf4j\jul-to-slf4j\1.7.36\jul-to-slf4j-1.7.36.jar;C:\Users\Saksham Kapoor\.m2\repository\jakarta\annotation\jakarta.annotation-api\1.3.5\jakarta.annotation-api-1.3.5.jar;C:\Users\Saksham Kapoor\.m2\repository\org\yaml\snakeyaml\1.30\snakeyaml-1.30.jar;C:\Users\Saksham Kapoor\.m2\repository\org\springframework\boot\spring-boot-starter-json\2.7.12\spring-boot-starter-json-2.7.12.jar;C:\Users\Saksham Kapoor\.m2\repository\com\fasterxml\jackson\core\jackson-databind\2.13.5\jackson-databind-2.13.5.jar;C:\Users\Saksham Kapoor\.m2\repository\com\fasterxml\jackson\core\jackson-annotations\2.13.5\jackson-annotations-2.13.5.jar;C:\Users\Saksham Kapoor\.m2\repository\com\fasterxml\jackson\core\jackson-core\2.13.5\jackson-core-2.13.5.jar;C:\Users\Saksham Kapoor\.m2\repository\com\fasterxml\jackson\datatype\jackson-datatype-jdk8\2.13.5\jackson-datatype-jdk8-2.13.5.jar;C:\Users\Saksham Kapoor\.m2\repository\com\fasterxml\jackson\datatype\jackson-datatype-jsr310\2.13.5\jackson-datatype-jsr310-2.13.5.jar;C:\Users\Saksham Kapoor\.m2\repository\com\fasterxml\jackson\module\jackson-module-parameter-names\2.13.5\jackson-module-parameter-names-2.13.5.jar;C:\Users\Saksham Kapoor\.m2\repository\org\springframework\boot\spring-boot-starter-tomcat\2.7.12\spring-boot-starter-tomcat-2.7.12.jar;C:\Users\Saksham Kapoor\.m2\repository\org\apache\tomcat\embed\tomcat-embed-core\9.0.75\tomcat-embed-core-9.0.75.jar;C:\Users\Saksham Kapoor\.m2\repository\org\apache\tomcat\embed\tomcat-embed-el\9.0.75\tomcat-embed-el-9.0.75.jar;C:\Users\Saksham Kapoor\.m2\repository\org\apache\tomcat\embed\tomcat-embed-websocket\9.0.75\tomcat-embed-websocket-9.0.75.jar;C:\Users\Saksham Kapoor\.m2\repository\org\springframework\spring-web\5.3.27\spring-web-5.3.27.jar;C:\Users\Saksham Kapoor\.m2\repository\org\springframework\spring-beans\5.3.27\spring-beans-5.3.27.jar;C:\Users\Saksham Kapoor\.m2\repository\org\springframework\spring-webmvc\5.3.27\spring-webmvc-5.3.27.jar;C:\Users\Saksham Kapoor\.m2\repository\org\springframework\spring-aop\5.3.27\spring-aop-5.3.27.jar;C:\Users\Saksham Kapoor\.m2\repository\org\springframework\spring-context\5.3.27\spring-context-5.3.27.jar;C:\Users\Saksham Kapoor\.m2\repository\org\springframework\spring-expression\5.3.27\spring-expression-5.3.27.jar;C:\Users\Saksham Kapoor\.m2\repository\org\junit\jupiter\junit-jupiter\5.10.2\junit-jupiter-5.10.2.jar;C:\Users\Saksham Kapoor\.m2\repository\org\junit\jupiter\junit-jupiter-api\5.8.2\junit-jupiter-api-5.8.2.jar;C:\Users\Saksham Kapoor\.m2\repository\org\opentest4j\opentest4j\1.2.0\opentest4j-1.2.0.jar;C:\Users\Saksham Kapoor\.m2\repository\org\junit\platform\junit-platform-commons\1.8.2\junit-platform-commons-1.8.2.jar;C:\Users\Saksham Kapoor\.m2\repository\org\apiguardian\apiguardian-api\1.1.2\apiguardian-api-1.1.2.jar;C:\Users\Saksham Kapoor\.m2\repository\org\junit\jupiter\junit-jupiter-params\5.8.2\junit-jupiter-params-5.8.2.jar;C:\Users\Saksham Kapoor\.m2\repository\org\junit\jupiter\junit-jupiter-engine\5.8.2\junit-jupiter-engine-5.8.2.jar;C:\Users\Saksham Kapoor\.m2\repository\org\junit\platform\junit-platform-engine\1.8.2\junit-platform-engine-1.8.2.jar;C:\Users\Saksham Kapoor\.m2\repository\software\amazon\awssdk\dynamodb\2.25.10\dynamodb-2.25.10.jar;C:\Users\Saksham Kapoor\.m2\repository\software\amazon\awssdk\aws-json-protocol\2.25.10\aws-json-protocol-2.25.10.jar;C:\Users\Saksham Kapoor\.m2\repository\software\amazon\awssdk\third-party-jackson-core\2.25.10\third-party-jackson-core-2.25.10.jar;C:\Users\Saksham Kapoor\.m2\repository\software\amazon\awssdk\protocol-core\2.25.10\protocol-core-2.25.10.jar;C:\Users\Saksham Kapoor\.m2\repository\software\amazon\awssdk\profiles\2.25.10\profiles-2.25.10.jar;C:\Users\Saksham Kapoor\.m2\repository\software\amazon\awssdk\http-auth-aws\2.25.10\http-auth-aws-2.25.10.jar;C:\Users\Saksham Kapoor\.m2\repository\software\amazon\awssdk\checksums-spi\2.25.10\checksums-spi-2.25.10.jar;C:\Users\Saksham Kapoor\.m2\repository\software\amazon\awssdk\checksums\2.25.10\checksums-2.25.10.jar;C:\Users\Saksham Kapoor\.m2\repository\software\amazon\awssdk\sdk-core\2.25.10\sdk-core-2.25.10.jar;C:\Users\Saksham Kapoor\.m2\repository\org\slf4j\slf4j-api\1.7.36\slf4j-api-1.7.36.jar;C:\Users\Saksham Kapoor\.m2\repository\org\reactivestreams\reactive-streams\1.0.4\reactive-streams-1.0.4.jar;C:\Users\Saksham Kapoor\.m2\repository\software\amazon\awssdk\auth\2.25.10\auth-2.25.10.jar;C:\Users\Saksham Kapoor\.m2\repository\software\amazon\eventstream\eventstream\1.0.1\eventstream-1.0.1.jar;C:\Users\Saksham Kapoor\.m2\repository\software\amazon\awssdk\http-auth-spi\2.25.10\http-auth-spi-2.25.10.jar;C:\Users\Saksham Kapoor\.m2\repository\software\amazon\awssdk\http-auth\2.25.10\http-auth-2.25.10.jar;C:\Users\Saksham Kapoor\.m2\repository\software\amazon\awssdk\identity-spi\2.25.10\identity-spi-2.25.10.jar;C:\Users\Saksham Kapoor\.m2\repository\software\amazon\awssdk\http-client-spi\2.25.10\http-client-spi-2.25.10.jar;C:\Users\Saksham Kapoor\.m2\repository\software\amazon\awssdk\regions\2.25.10\regions-2.25.10.jar;C:\Users\Saksham Kapoor\.m2\repository\software\amazon\awssdk\annotations\2.25.10\annotations-2.25.10.jar;C:\Users\Saksham Kapoor\.m2\repository\software\amazon\awssdk\utils\2.25.10\utils-2.25.10.jar;C:\Users\Saksham Kapoor\.m2\repository\software\amazon\awssdk\aws-core\2.25.10\aws-core-2.25.10.jar;C:\Users\Saksham Kapoor\.m2\repository\software\amazon\awssdk\metrics-spi\2.25.10\metrics-spi-2.25.10.jar;C:\Users\Saksham Kapoor\.m2\repository\software\amazon\awssdk\json-utils\2.25.10\json-utils-2.25.10.jar;C:\Users\Saksham Kapoor\.m2\repository\software\amazon\awssdk\endpoints-spi\2.25.10\endpoints-spi-2.25.10.jar;C:\Users\Saksham Kapoor\.m2\repository\software\amazon\awssdk\apache-client\2.25.10\apache-client-2.25.10.jar;C:\Users\Saksham Kapoor\.m2\repository\org\apache\httpcomponents\httpclient\4.5.14\httpclient-4.5.14.jar;C:\Users\Saksham Kapoor\.m2\repository\org\apache\httpcomponents\httpcore\4.4.16\httpcore-4.4.16.jar;C:\Users\Saksham Kapoor\.m2\repository\commons-codec\commons-codec\1.15\commons-codec-1.15.jar;C:\Users\Saksham Kapoor\.m2\repository\software\amazon\awssdk\netty-nio-client\2.25.10\netty-nio-client-2.25.10.jar;C:\Users\Saksham Kapoor\.m2\repository\io\netty\netty-codec-http\4.1.92.Final\netty-codec-http-4.1.92.Final.jar;C:\Users\Saksham Kapoor\.m2\repository\io\netty\netty-codec-http2\4.1.92.Final\netty-codec-http2-4.1.92.Final.jar;C:\Users\Saksham Kapoor\.m2\repository\io\netty\netty-codec\4.1.92.Final\netty-codec-4.1.92.Final.jar;C:\Users\Saksham Kapoor\.m2\repository\io\netty\netty-transport\4.1.92.Final\netty-transport-4.1.92.Final.jar;C:\Users\Saksham Kapoor\.m2\repository\io\netty\netty-common\4.1.92.Final\netty-common-4.1.92.Final.jar;C:\Users\Saksham Kapoor\.m2\repository\io\netty\netty-buffer\4.1.92.Final\netty-buffer-4.1.92.Final.jar;C:\Users\Saksham Kapoor\.m2\repository\io\netty\netty-handler\4.1.92.Final\netty-handler-4.1.92.Final.jar;C:\Users\Saksham Kapoor\.m2\repository\io\netty\netty-transport-native-unix-common\4.1.92.Final\netty-transport-native-unix-common-4.1.92.Final.jar;C:\Users\Saksham Kapoor\.m2\repository\io\netty\netty-transport-classes-epoll\4.1.92.Final\netty-transport-classes-epoll-4.1.92.Final.jar;C:\Users\Saksham Kapoor\.m2\repository\io\netty\netty-resolver\4.1.92.Final\netty-resolver-4.1.92.Final.jar;C:\Users\Saksham Kapoor\.m2\repository\org\springframework\boot\spring-boot-starter-test\3.2.5\spring-boot-starter-test-3.2.5.jar;C:\Users\Saksham Kapoor\.m2\repository\org\springframework\boot\spring-boot-test\2.7.12\spring-boot-test-2.7.12.jar;C:\Users\Saksham Kapoor\.m2\repository\org\springframework\boot\spring-boot-test-autoconfigure\2.7.12\spring-boot-test-autoconfigure-2.7.12.jar;C:\Users\Saksham Kapoor\.m2\repository\com\jayway\jsonpath\json-path\2.7.0\json-path-2.7.0.jar;C:\Users\Saksham Kapoor\.m2\repository\jakarta\xml\bind\jakarta.xml.bind-api\2.3.3\jakarta.xml.bind-api-2.3.3.jar;C:\Users\Saksham Kapoor\.m2\repository\jakarta\activation\jakarta.activation-api\1.2.2\jakarta.activation-api-1.2.2.jar;C:\Users\Saksham Kapoor\.m2\repository\net\minidev\json-smart\2.4.11\json-smart-2.4.11.jar;C:\Users\Saksham Kapoor\.m2\repository\net\minidev\accessors-smart\2.4.11\accessors-smart-2.4.11.jar;C:\Users\Saksham Kapoor\.m2\repository\org\ow2\asm\asm\9.3\asm-9.3.jar;C:\Users\Saksham Kapoor\.m2\repository\org\assertj\assertj-core\3.22.0\assertj-core-3.22.0.jar;C:\Users\Saksham Kapoor\.m2\repository\org\awaitility\awaitility\4.2.0\awaitility-4.2.0.jar;C:\Users\Saksham Kapoor\.m2\repository\org\hamcrest\hamcrest\2.2\hamcrest-2.2.jar;C:\Users\Saksham Kapoor\.m2\repository\org\mockito\mockito-core\4.5.1\mockito-core-4.5.1.jar;C:\Users\Saksham Kapoor\.m2\repository\net\bytebuddy\byte-buddy\1.12.23\byte-buddy-1.12.23.jar;C:\Users\Saksham Kapoor\.m2\repository\net\bytebuddy\byte-buddy-agent\1.12.23\byte-buddy-agent-1.12.23.jar;C:\Users\Saksham Kapoor\.m2\repository\org\objenesis\objenesis\3.2\objenesis-3.2.jar;C:\Users\Saksham Kapoor\.m2\repository\org\mockito\mockito-junit-jupiter\4.5.1\mockito-junit-jupiter-4.5.1.jar;C:\Users\Saksham Kapoor\.m2\repository\org\skyscreamer\jsonassert\1.5.1\jsonassert-1.5.1.jar;C:\Users\Saksham Kapoor\.m2\repository\com\vaadin\external\google\android-json\0.0.20131108.vaadin1\android-json-0.0.20131108.vaadin1.jar;C:\Users\Saksham Kapoor\.m2\repository\org\springframework\spring-core\5.3.27\spring-core-5.3.27.jar;C:\Users\Saksham Kapoor\.m2\repository\org\springframework\spring-jcl\5.3.27\spring-jcl-5.3.27.jar;C:\Users\Saksham Kapoor\.m2\repository\org\springframework\spring-test\5.3.27\spring-test-5.3.27.jar;C:\Users\Saksham Kapoor\.m2\repository\org\xmlunit\xmlunit-core\2.9.1\xmlunit-core-2.9.1.jar;"/>
    <property name="java.vm.vendor" value="Eclipse Adoptium"/>
    <property name="sun.arch.data.model" value="64"/>
    <property name="user.variant" value=""/>
    <property name="java.vendor.url" value="https://adoptium.net/"/>
    <property name="user.timezone" value="America/New_York"/>
    <property name="os.name" value="Windows 11"/>
    <property name="java.vm.specification.version" value="17"/>
    <property name="sun.java.launcher" value="SUN_STANDARD"/>
    <property name="user.country" value="US"/>
    <property name="sun.boot.library.path" value="C:\Users\Saksham Kapoor\AppData\Local\Programs\Eclipse Adoptium\jdk-17.0.16.8-hotspot\bin"/>
    <property name="sun.java.command" value="C:\Users\Saksham Kapoor\AppData\Local\Temp\surefire2293541727980000039\surefirebooter-20250820193421088_3.jar C:\Users\Saksham Kapoor\AppData\Local\Temp\surefire2293541727980000039 2025-08-20T19-34-20_844-jvmRun1 surefire-20250820193421088_1tmp surefire_0-20250820193421088_2tmp"/>
    <property name="jdk.debug" value="release"/>
    <property name="surefire.test.class.path" value="C:\Users\Saksham Kapoor\Desktop\FAANG SWE\AuraFlow\worker-service\target\test-classes;C:\Users\Saksham Kapoor\Desktop\FAANG SWE\AuraFlow\worker-service\target\classes;C:\Users\Saksham Kapoor\.m2\repository\org\springframework\boot\spring-boot-starter-web\2.7.12\spring-boot-starter-web-2.7.12.jar;C:\Users\Saksham Kapoor\.m2\repository\org\springframework\boot\spring-boot-starter\2.7.12\spring-boot-starter-2.7.12.jar;C:\Users\Saksham Kapoor\.m2\repository\org\springframework\boot\spring-boot\2.7.12\spring-boot-2.7.12.jar;C:\Users\Saksham Kapoor\.m2\repository\org\springframework\boot\spring-boot-autoconfigure\2.7.12\spring-boot-autoconfigure-2.7.12.jar;C:\Users\Saksham Kapoor\.m2\repository\org\springframework\boot\spring-boot-starter-logging\2.7.12\spring-boot-starter-logging-2.7.12.jar;C:\Users\Saksham Kapoor\.m2\repository\ch\qos\logback\logback-classic\1.2.12\logback-classic-1.2.12.jar;C:\Users\Saksham Kapoor\.m2\repository\ch\qos\logback\logback-core\1.2.12\logback-core-1.2.12.jar;C:\Users\Saksham Kapoor\.m2\repository\org\apache\logging\log4j\log4j-to-slf4j\2.17.2\log4j-to-slf4j-2.17.2.jar;C:\Users\Saksham Kapoor\.m2\repository\org\apache\logging\log4j\log4j-api\2.17.2\log4j-api-2.17.2.jar;C:\Users\Saksham Kapoor\.m2\repository\org\slf4j\jul-to-slf4j\1.7.36\jul-to-slf4j-1.7.36.jar;C:\Users\Saksham Kapoor\.m2\repository\jakarta\annotation\jakarta.annotation-api\1.3.5\jakarta.annotation-api-1.3.5.jar;C:\Users\Saksham Kapoor\.m2\repository\org\yaml\snakeyaml\1.30\snakeyaml-1.30.jar;C:\Users\Saksham Kapoor\.m2\repository\org\springframework\boot\spring-boot-starter-json\2.7.12\spring-boot-starter-json-2.7.12.jar;C:\Users\Saksham Kapoor\.m2\repository\com\fasterxml\jackson\core\jackson-databind\2.13.5\jackson-databind-2.13.5.jar;C:\Users\Saksham Kapoor\.m2\repository\com\fasterxml\jackson\core\jackson-annotations\2.13.5\jackson-annotations-2.13.5.jar;C:\Users\Saksham Kapoor\.m2\repository\com\fasterxml\jackson\core\jackson-core\2.13.5\jackson-core-2.13.5.jar;C:\Users\Saksham Kapoor\.m2\repository\com\fasterxml\jackson\datatype\jackson-datatype-jdk8\2.13.5\jackson-datatype-jdk8-2.13.5.jar;C:\Users\Saksham Kapoor\.m2\repository\com\fasterxml\jackson\datatype\jackson-datatype-jsr310\2.13.5\jackson-datatype-jsr310-2.13.5.jar;C:\Users\Saksham Kapoor\.m2\repository\com\fasterxml\jackson\module\jackson-module-parameter-names\2.13.5\jackson-module-parameter-names-2.13.5.jar;C:\Users\Saksham Kapoor\.m2\repository\org\springframework\boot\spring-boot-starter-tomcat\2.7.12\spring-boot-starter-tomcat-2.7.12.jar;C:\Users\Saksham Kapoor\.m2\repository\org\apache\tomcat\embed\tomcat-embed-core\9.0.75\tomcat-embed-core-9.0.75.jar;C:\Users\Saksham Kapoor\.m2\repository\org\apache\tomcat\embed\tomcat-embed-el\9.0.75\tomcat-embed-el-9.0.75.jar;C:\Users\Saksham Kapoor\.m2\repository\org\apache\tomcat\embed\tomcat-embed-websocket\9.0.75\tomcat-embed-websocket-9.0.75.jar;C:\Users\Saksham Kapoor\.m2\repository\org\springframework\spring-web\5.3.27\spring-web-5.3.27.jar;C:\Users\Saksham Kapoor\.m2\repository\org\springframework\spring-beans\5.3.27\spring-beans-5.3.27.jar;C:\Users\Saksham Kapoor\.m2\repository\org\springframework\spring-webmvc\5.3.27\spring-webmvc-5.3.27.jar;C:\Users\Saksham Kapoor\.m2\repository\org\springframework\spring-aop\5.3.27\spring-aop-5.3.27.jar;C:\Users\Saksham Kapoor\.m2\repository\org\springframework\spring-context\5.3.27\spring-context-5.3.27.jar;C:\Users\Saksham Kapoor\.m2\repository\org\springframework\spring-expression\5.3.27\spring-expression-5.3.27.jar;C:\Users\Saksham Kapoor\.m2\repository\org\junit\jupiter\junit-jupiter\5.10.2\junit-jupiter-5.10.2.jar;C:\Users\Saksham Kapoor\.m2\repository\org\junit\jupiter\junit-jupiter-api\5.8.2\junit-jupiter-api-5.8.2.jar;C:\Users\Saksham Kapoor\.m2\repository\org\opentest4j\opentest4j\1.2.0\opentest4j-1.2.0.jar;C:\Users\Saksham Kapoor\.m2\repository\org\junit\platform\junit-platform-commons\1.8.2\junit-platform-commons-1.8.2.jar;C:\Users\Saksham Kapoor\.m2\repository\org\apiguardian\apiguardian-api\1.1.2\apiguardian-api-1.1.2.jar;C:\Users\Saksham Kapoor\.m2\repository\org\junit\jupiter\junit-jupiter-params\5.8.2\junit-jupiter-params-5.8.2.jar;C:\Users\Saksham Kapoor\.m2\repository\org\junit\jupiter\junit-jupiter-engine\5.8.2\junit-jupiter-engine-5.8.2.jar;C:\Users\Saksham Kapoor\.m2\repository\org\junit\platform\junit-platform-engine\1.8.2\junit-platform-engine-1.8.2.jar;C:\Users\Saksham Kapoor\.m2\repository\software\amazon\awssdk\dynamodb\2.25.10\dynamodb-2.25.10.jar;C:\Users\Saksham Kapoor\.m2\repository\software\amazon\awssdk\aws-json-protocol\2.25.10\aws-json-protocol-2.25.10.jar;C:\Users\Saksham Kapoor\.m2\repository\software\amazon\awssdk\third-party-jackson-core\2.25.10\third-party-jackson-core-2.25.10.jar;C:\Users\Saksham Kapoor\.m2\repository\software\amazon\awssdk\protocol-core\2.25.10\protocol-core-2.25.10.jar;C:\Users\Saksham Kapoor\.m2\repository\software\amazon\awssdk\profiles\2.25.10\profiles-2.25.10.jar;C:\Users\Saksham Kapoor\.m2\repository\software\amazon\awssdk\http-auth-aws\2.25.10\http-auth-aws-2.25.10.jar;C:\Users\Saksham Kapoor\.m2\repository\software\amazon\awssdk\checksums-spi\2.25.10\checksums-spi-2.25.10.jar;C:\Users\Saksham Kapoor\.m2\repository\software\amazon\awssdk\checksums\2.25.10\checksums-2.25.10.jar;C:\Users\Saksham Kapoor\.m2\repository\software\amazon\awssdk\sdk-core\2.25.10\sdk-core-2.25.10.jar;C:\Users\Saksham Kapoor\.m2\repository\org\slf4j\slf4j-api\1.7.36\slf4j-api-1.7.36.jar;C:\Users\Saksham Kapoor\.m2\repository\org\reactivestreams\reactive-streams\1.0.4\reactive-streams-1.0.4.jar;C:\Users\Saksham Kapoor\.m2\repository\software\amazon\awssdk\auth\2.25.10\auth-2.25.10.jar;C:\Users\Saksham Kapoor\.m2\repository\software\amazon\eventstream\eventstream\1.0.1\eventstream-1.0.1.jar;C:\Users\Saksham Kapoor\.m2\repository\software\amazon\awssdk\http-auth-spi\2.25.10\http-auth-spi-2.25.10.jar;C:\Users\Saksham Kapoor\.m2\repository\software\amazon\awssdk\http-auth\2.25.10\http-auth-2.25.10.jar;C:\Users\Saksham Kapoor\.m2\repository\software\amazon\awssdk\identity-spi\2.25.10\identity-spi-2.25.10.jar;C:\Users\Saksham Kapoor\.m2\repository\software\amazon\awssdk\http-client-spi\2.25.10\http-client-spi-2.25.10.jar;C:\Users\Saksham Kapoor\.m2\repository\software\amazon\awssdk\regions\2.25.10\regions-2.25.10.jar;C:\Users\Saksham Kapoor\.m2\repository\software\amazon\awssdk\annotations\2.25.10\annotations-2.25.10.jar;C:\Users\Saksham Kapoor\.m2\repository\software\amazon\awssdk\utils\2.25.10\utils-2.25.10.jar;C:\Users\Saksham Kapoor\.m2\repository\software\amazon\awssdk\aws-core\2.25.10\aws-core-2.25.10.jar;C:\Users\Saksham Kapoor\.m2\repository\software\amazon\awssdk\metrics-spi\2.25.10\metrics-spi-2.25.10.jar;C:\Users\Saksham Kapoor\.m2\repository\software\amazon\awssdk\json-utils\2.25.10\json-utils-2.25.10.jar;C:\Users\Saksham Kapoor\.m2\repository\software\amazon\awssdk\endpoints-spi\2.25.10\endpoints-spi-2.25.10.jar;C:\Users\Saksham Kapoor\.m2\repository\software\amazon\awssdk\apache-client\2.25.10\apache-client-2.25.10.jar;C:\Users\Saksham Kapoor\.m2\repository\org\apache\httpcomponents\httpclient\4.5.14\httpclient-4.5.14.jar;C:\Users\Saksham Kapoor\.m2\repository\org\apache\httpcomponents\httpcore\4.4.16\httpcore-4.4.16.jar;C:\Users\Saksham Kapoor\.m2\repository\commons-codec\commons-codec\1.15\commons-codec-1.15.jar;C:\Users\Saksham Kapoor\.m2\repository\software\amazon\awssdk\netty-nio-client\2.25.10\netty-nio-client-2.25.10.jar;C:\Users\Saksham Kapoor\.m2\repository\io\netty\netty-codec-http\4.1.92.Final\netty-codec-http-4.1.92.Final.jar;C:\Users\Saksham Kapoor\.m2\repository\io\netty\netty-codec-http2\4.1.92.Final\netty-codec-http2-4.1.92.Final.jar;C:\Users\Saksham Kapoor\.m2\repository\io\netty\netty-codec\4.1.92.Final\netty-codec-4.1.92.Final.jar;C:\Users\Saksham Kapoor\.m2\repository\io\netty\netty-transport\4.1.92.Final\netty-transport-4.1.92.Final.jar;C:\Users\Saksham Kapoor\.m2\repository\io\netty\netty-common\4.1.92.Final\netty-common-4.1.92.Final.jar;C:\Users\Saksham Kapoor\.m2\repository\io\netty\netty-buffer\4.1.92.Final\netty-buffer-4.1.92.Final.jar;C:\Users\Saksham Kapoor\.m2\repository\io\netty\netty-handler\4.1.92.Final\netty-handler-4.1.92.Final.jar;C:\Users\Saksham Kapoor\.m2\repository\io\netty\netty-transport-native-unix-common\4.1.92.Final\netty-transport-native-unix-common-4.1.92.Final.jar;C:\Users\Saksham Kapoor\.m2\repository\io\netty\netty-transport-classes-epoll\4.1.92.Final\netty-transport-classes-epoll-4.1.92.Final.jar;C:\Users\Saksham Kapoor\.m2\repository\io\netty\netty-resolver\4.1.92.Final\netty-resolver-4.1.92.Final.jar;C:\Users\Saksham Kapoor\.m2\repository\org\springframework\boot\spring-boot-starter-test\3.2.5\spring-boot-starter-test-3.2.5.jar;C:\Users\Saksham Kapoor\.m2\repository\org\springframework\boot\spring-boot-test\2.7.12\spring-boot-test-2.7.12.jar;C:\Users\Saksham Kapoor\.m2\repository\org\springframework\boot\spring-boot-test-autoconfigure\2.7.12\spring-boot-test-autoconfigure-2.7.12.jar;C:\Users\Saksham Kapoor\.m2\repository\com\jayway\jsonpath\json-path\2.7.0\json-path-2.7.0.jar;C:\Users\Saksham Kapoor\.m2\repository\jakarta\xml\bind\jakarta.xml.bind-api\2.3.3\jakarta.xml.bind-api-2.3.3.jar;C:\Users\Saksham Kapoor\.m2\repository\jakarta\activation\jakarta.activation-api\1.2.2\jakarta.activation-api-1.2.2.jar;C:\Users\Saksham Kapoor\.m2\repository\net\minidev\json-smart\2.4.11\json-smart-2.4.11.jar;C:\Users\Saksham Kapoor\.m2\repository\net\minidev\accessors-smart\2.4.11\accessors-smart-2.4.11.jar;C:\Users\Saksham Kapoor\.m2\repository\org\ow2\asm\asm\9.3\asm-9.3.jar;C:\Users\Saksham Kapoor\.m2\repository\org\assertj\assertj-core\3.22.0\assertj-core-3.22.0.jar;C:\Users\Saksham Kapoor\.m2\repository\org\awaitility\awaitility\4.2.0\awaitility-4.2.0.jar;C:\Users\Saksham Kapoor\.m2\repository\org\hamcrest\hamcrest\2.2\hamcrest-2.2.jar;C:\Users\Saksham Kapoor\.m2\repository\org\mockito\mockito-core\4.5.1\mockito-core-4.5.1.jar;C:\Users\Saksham Kapoor\.m2\repository\net\bytebuddy\byte-buddy\1.12.23\byte-buddy-1.12.23.jar;C:\Users\Saksham Kapoor\.m2\repository\net\bytebuddy\byte-buddy-agent\1.12.23\byte-buddy-agent-1.12.23.jar;C:\Users\Saksham Kapoor\.m2\repository\org\objenesis\objenesis\3.2\objenesis-3.2.jar;C:\Users\Saksham Kapoor\.m2\repository\org\mockito\mockito-junit-jupiter\4.5.1\mockito-junit-jupiter-4.5.1.jar;C:\Users\Saksham Kapoor\.m2\repository\org\skyscreamer\jsonassert\1.5.1\jsonassert-1.5.1.jar;C:\Users\Saksham Kapoor\.m2\repository\com\vaadin\external\google\android-json\0.0.20131108.vaadin1\android-json-0.0.20131108.vaadin1.jar;C:\Users\Saksham Kapoor\.m2\repository\org\springframework\spring-core\5.3.27\spring-core-5.3.27.jar;C:\Users\Saksham Kapoor\.m2\repository\org\springframework\spring-jcl\5.3.27\spring-jcl-5.3.27.jar;C:\Users\Saksham Kapoor\.m2\repository\org\springframework\spring-test\5.3.27\spring-test-5.3.27.jar;C:\Users\Saksham Kapoor\.m2\repository\org\xmlunit\xmlunit-core\2.9.1\xmlunit-core-2.9.1.jar;"/>
    <property name="sun.cpu.endian" value="little"/>
    <property name="user.home" value="C:\Users\Saksham Kapoor"/>
    <property name="user.language" value="en"/>
    <property name="java.specification.vendor" value="Oracle Corporation"/>
    <property name="java.version.date" value="2025-07-15"/>
    <property name="java.home" value="C:\Users\Saksham Kapoor\AppData\Local\Programs\Eclipse Adoptium\jdk-17.0.16.8-hotspot"/>
    <property name="file.separator" value="\"/>
    <property name="basedir" value="C:\Users\Saksham Kapoor\Desktop\FAANG SWE\AuraFlow\worker-service"/>
    <property name="java.vm.compressedOopsMode" value="Zero based"/>
    <property name="line.separator" value="&#10;"/>
    <property name="java.vm.specification.vendor" value="Oracle Corporation"/>
    <property name="java.specification.name" value="Java Platform API Specification"/>
    <property name="FILE_LOG_CHARSET" value="windows-1252"/>
    <property name="java.awt.headless" value="true"/>
    <property name="surefire.real.class.path" value="C:\Users\Saksham Kapoor\AppData\Local\Temp\surefire2293541727980000039\surefirebooter-20250820193421088_3.jar"/>
    <property name="user.script" value=""/>
    <property name="sun.management.compiler" value="HotSpot 64-Bit Tiered Compilers"/>
    <property name="java.runtime.version" value="17.0.16+8"/>
    <property name="user.name" value="SakshamKapoor"/>
    <property name="path.separator" value=";"/>
    <property name="os.version" value="10.0"/>
    <property name="java.runtime.name" value="OpenJDK Runtime Environment"/>
    <property name="file.encoding" value="Cp1252"/>
    <property name="spring.beaninfo.ignore" value="true"/>
    <property name="java.vm.name" value="OpenJDK 64-Bit Server VM"/>
    <property name="java.vendor.version" value="Temurin-17.0.16+8"/>
    <property name="localRepository" value="C:\Users\Saksham Kapoor\.m2\repository"/>
    <property name="java.vendor.url.bug" value="https://github.com/adoptium/adoptium-support/issues"/>
    <property name="java.io.tmpdir" value="C:\Users\SAKSHA~1\AppData\Local\Temp\"/>
    <property name="java.version" value="17.0.16"/>
    <property name="user.dir" value="C:\Users\Saksham Kapoor\Desktop\FAANG SWE\AuraFlow\worker-service"/>
    <property name="os.arch" value="amd64"/>
    <property name="java.vm.specification.name" value="Java Virtual Machine Specification"/>
    <property name="PID" value="34812"/>
    <property name="sun.os.patch.level" value=""/>
    <property name="CONSOLE_LOG_CHARSET" value="windows-1252"/>
    <property name="native.encoding" value="Cp1252"/>
    <property name="java.library.path" value="C:\Users\Saksham Kapoor\AppData\Local\Programs\Eclipse Adoptium\jdk-17.0.16.8-hotspot\bin;C:\WINDOWS\Sun\Java\bin;C:\WINDOWS\system32;C:\WINDOWS;C:\anaconda3;C:\anaconda3\Library\mingw-w64\bin;C:\anaconda3\Library\usr\bin;C:\anaconda3\Library\bin;C:\anaconda3\Scripts;C:\anaconda3\bin;C:\anaconda3\condabin;C:\Program Files\NVIDIA\CUDNN\v9.3\bin;C:\Program Files\NVIDIA GPU Computing Toolkit\CUDA\v12.5\bin;C:\Program Files\NVIDIA GPU Computing Toolkit\CUDA\v12.5\libnvvp;C:\Program Files\NVIDIA\CUDNN\v9.6\bin;C:\Program Files\NVIDIA GPU Computing Toolkit\CUDA\v11.2\bin;C:\Program Files\NVIDIA GPU Computing Toolkit\CUDA\v11.2\libnvvp;C:\Program Files\NVIDIA GPU Computing Toolkit\CUDA\v12.6\bin;C:\Program Files\NVIDIA GPU Computing Toolkit\CUDA\v12.6\libnvvp;C:\Windows\system32;C:\Windows;C:\Windows\System32\Wbem;C:\Windows\System32\WindowsPowerShell\v1.0;C:\Windows\System32\OpenSSH;C:\Program Files (x86)\NVIDIA Corporation\PhysX\Common;C:\WINDOWS\system32;C:\WINDOWS;C:\WINDOWS\System32\Wbem;C:\WINDOWS\System32\WindowsPowerShell\v1.0;C:\WINDOWS\System32\OpenSSH;C:\Program Files\Java\jdk-20\bin;C:\Users\Saksham Kapoor\AppData\Roaming\nvm;C:\Program Files\nodejs;c:\Users\Saksham Kapoor\AppData\Local\Programs\cursor\resources\app\bin;C:\Program Files\NVIDIA Corporation\NVIDIA app\NvDLISR;C:\WINDOWS\system32;C:\WINDOWS;C:\WINDOWS\System32\Wbem;C:\WINDOWS\System32\WindowsPowerShell\v1.0;C:\WINDOWS\System32\OpenSSH;C:\ProgramData\chocolatey\bin;C:\Program Files\dotnet;C:\Program Files\NVIDIA GPU Computing Toolkit\CUDA\v12.5\bin;C:\Program Files\NVIDIA GPU Computing Toolkit\CUDA\v12.5\libnvvp;C:\Program Files\NVIDIA GPU Computing Toolkit\CUDA\v12.5\extras\CUPTI\lib64;C:\Program Files\Git\cmd;C:\Program Files\Git LFS;C:\Strawberry\c\bin;C:\Strawberry\perl\site\bin;C:\Strawberry\perl\bin;C:\Program Files\MiKTeX\miktex\bin\x64;C:\texlive\2025\bin\windows;C:\Program Files\Docker\Docker\resources\bin;C:\Program Files\Amazon\AWSCLIV2;C:\Users\Saksham Kapoor\AppData\Local\Programs\Eclipse Adoptium\jdk-17.0.16.8-hotspot\bin;C:\Users\Saksham Kapoor\AppData\Local\Programs\Python\Python312\Scripts;C:\Users\Saksham Kapoor\AppData\Local\Programs\Python\Python312;C:\Users\Saksham Kapoor\.cargo\bin;C:\Users\Saksham Kapoor\AppData\Local\Programs\Python\Python310\Scripts;C:\Users\Saksham Kapoor\AppData\Local\Programs\Python\Python310;C:\Users\Saksham Kapoor\AppData\Local\Microsoft\WindowsApps;C:\Program Files\Java\jdk-17;C:\Users\Saksham Kapoor\AppData\Roaming\npm;C:\Users\Saksham Kapoor\AppData\Local\Programs\Microsoft VS Code\bin;C:\Users\Saksham Kapoor\AppData\Roaming\nvm;C:\Program Files\nodejs;C:\Users\Saksham Kapoor\.local\bin;C:\Users\Saksham Kapoor\AppData\Local\Programs\Ollama;C:\Users\Saksham Kapoor\AppData\Local\Microsoft\WindowsApps;C:\Users\Saksham Kapoor\AppData\Local\Microsoft\WinGet\Packages\Gyan.FFmpeg_Microsoft.Winget.Source_8wekyb3d8bbwe\ffmpeg-7.1-full_build\bin;C:\Program Files (x86)\Microsoft Visual Studio\2022\BuildTools\VC\Tools\MSVC\14.42.34433\bin\Hostx64\x64;C:\Users\Saksham Kapoor\.dotnet\tools;C:\Users\Saksham Kapoor\AppData\Local\Programs\Azure Dev CLI;C:\Users\Saksham Kapoor\AppData\Local\Programs\cursor\resources\app\bin;C:\Users\Saksham Kapoor\AppData\Local\Programs\MiKTeX\miktex\bin\x64;C:\Program Files\Graphviz\bin;C:\anaconda3;C:\anaconda3\Scripts;C:\anaconda3\Library\bin;C:\Program Files\apache-maven-3.9.11\bin;.;c:\Users\Saksham Kapoor\AppData\Roaming\Code\User\globalStorage\github.copilot-chat\debugCommand;."/>
    <property name="java.vm.info" value="mixed mode, sharing"/>
    <property name="java.vendor" value="Eclipse Adoptium"/>
    <property name="java.vm.version" value="17.0.16+8"/>
    <property name="java.specification.maintenance.version" value="1"/>
    <property name="sun.io.unicode.encoding" value="UnicodeLittle"/>
    <property name="java.class.version" value="61.0"/>
  </properties>
  <testcase name="benchmarkEventProcessing" classname="com.auraflow.workerservice.service.WorkerServiceTests" time="15.054">
    <system-out><![CDATA[2025-08-20 19:34:24.369  INFO 34812 --- [           main] .b.t.c.SpringBootTestContextBootstrapper : Neither @ContextConfiguration nor @ContextHierarchy found for test class [com.auraflow.workerservice.service.WorkerServiceTests], using SpringBootContextLoader
2025-08-20 19:34:24.370  INFO 34812 --- [           main] o.s.t.c.support.AbstractContextLoader    : Could not detect default resource locations for test class [com.auraflow.workerservice.service.WorkerServiceTests]: no resource found for suffixes {-context.xml, Context.groovy}.
2025-08-20 19:34:24.370  INFO 34812 --- [           main] t.c.s.AnnotationConfigContextLoaderUtils : Could not detect default configuration classes for test class [com.auraflow.workerservice.service.WorkerServiceTests]: WorkerServiceTests does not declare any static, non-private, non-final, nested classes annotated with @Configuration.
2025-08-20 19:34:24.373  INFO 34812 --- [           main] .b.t.c.SpringBootTestContextBootstrapper : Found @SpringBootConfiguration com.auraflow.workerservice.WorkerServiceApplication for test class com.auraflow.workerservice.service.WorkerServiceTests
2025-08-20 19:34:24.374  INFO 34812 --- [           main] .b.t.c.SpringBootTestContextBootstrapper : Loaded default TestExecutionListener class names from location [META-INF/spring.factories]: [org.springframework.boot.test.mock.mockito.MockitoTestExecutionListener, org.springframework.boot.test.mock.mockito.ResetMocksTestExecutionListener, org.springframework.boot.test.autoconfigure.restdocs.RestDocsTestExecutionListener, org.springframework.boot.test.autoconfigure.web.client.MockRestServiceServerResetTestExecutionListener, org.springframework.boot.test.autoconfigure.web.servlet.MockMvcPrintOnlyOnFailureTestExecutionListener, org.springframework.boot.test.autoconfigure.web.servlet.WebDriverTestExecutionListener, org.springframework.boot.test.autoconfigure.webservices.client.MockWebServiceServerTestExecutionListener, org.springframework.test.context.web.ServletTestExecutionListener, org.springframework.test.context.support.DirtiesContextBeforeModesTestExecutionListener, org.springframework.test.context.event.ApplicationEventsTestExecutionListener, org.springframework.test.context.support.DependencyInjectionTestExecutionListener, org.springframework.test.context.support.DirtiesContextTestExecutionListener, org.springframework.test.context.transaction.TransactionalTestExecutionListener, org.springframework.test.context.jdbc.SqlScriptsTestExecutionListener, org.springframework.test.context.event.EventPublishingTestExecutionListener]
2025-08-20 19:34:24.374  INFO 34812 --- [           main] .b.t.c.SpringBootTestContextBootstrapper : Using TestExecutionListeners: [org.springframework.test.context.web.ServletTestExecutionListener@4e756867, org.springframework.test.context.support.DirtiesContextBeforeModesTestExecutionListener@38ebc866, org.springframework.test.context.event.ApplicationEventsTestExecutionListener@6adcf059, org.springframework.boot.test.mock.mockito.MockitoTestExecutionListener@7962a746, org.springframework.boot.test.autoconfigure.SpringBootDependencyInjectionTestExecutionListener@1c31de5d, org.springframework.test.context.support.DirtiesContextTestExecutionListener@7a7f9d45, org.springframework.test.context.event.EventPublishingTestExecutionListener@772cf46b, org.springframework.boot.test.mock.mockito.ResetMocksTestExecutionListener@1b98355f, org.springframework.boot.test.autoconfigure.restdocs.RestDocsTestExecutionListener@949d347, org.springframework.boot.test.autoconfigure.web.client.MockRestServiceServerResetTestExecutionListener@f5ae29e, org.springframework.boot.test.autoconfigure.web.servlet.MockMvcPrintOnlyOnFailureTestExecutionListener@1fc5c0b2, org.springframework.boot.test.autoconfigure.web.servlet.WebDriverTestExecutionListener@45ad3cd8, org.springframework.boot.test.autoconfigure.webservices.client.MockWebServiceServerTestExecutionListener@2b90cc1]
Recorded event in DynamoDB Local: Event #0
Recorded event in DynamoDB Local: Event #1
Recorded event in DynamoDB Local: Event #2
Recorded event in DynamoDB Local: Event #3
Recorded event in DynamoDB Local: Event #4
Recorded event in DynamoDB Local: Event #5
Recorded event in DynamoDB Local: Event #6
Recorded event in DynamoDB Local: Event #7
Recorded event in DynamoDB Local: Event #8
Recorded event in DynamoDB Local: Event #9
Recorded event in DynamoDB Local: Event #10
Recorded event in DynamoDB Local: Event #11
Recorded event in DynamoDB Local: Event #12
Recorded event in DynamoDB Local: Event #13
Recorded event in DynamoDB Local: Event #14
Recorded event in DynamoDB Local: Event #15
Recorded event in DynamoDB Local: Event #16
Recorded event in DynamoDB Local: Event #17
Recorded event in DynamoDB Local: Event #18
Recorded event in DynamoDB Local: Event #19
Recorded event in DynamoDB Local: Event #20
Recorded event in DynamoDB Local: Event #21
Recorded event in DynamoDB Local: Event #22
Recorded event in DynamoDB Local: Event #23
Recorded event in DynamoDB Local: Event #24
Recorded event in DynamoDB Local: Event #25
Recorded event in DynamoDB Local: Event #26
Recorded event in DynamoDB Local: Event #27
Recorded event in DynamoDB Local: Event #28
Recorded event in DynamoDB Local: Event #29
Recorded event in DynamoDB Local: Event #30
Recorded event in DynamoDB Local: Event #31
Recorded event in DynamoDB Local: Event #32
Recorded event in DynamoDB Local: Event #33
Recorded event in DynamoDB Local: Event #34
Recorded event in DynamoDB Local: Event #35
Recorded event in DynamoDB Local: Event #36
Recorded event in DynamoDB Local: Event #37
Recorded event in DynamoDB Local: Event #38
Recorded event in DynamoDB Local: Event #39
Recorded event in DynamoDB Local: Event #40
Recorded event in DynamoDB Local: Event #41
Recorded event in DynamoDB Local: Event #42
Recorded event in DynamoDB Local: Event #43
Recorded event in DynamoDB Local: Event #44
Recorded event in DynamoDB Local: Event #45
Recorded event in DynamoDB Local: Event #46
Recorded event in DynamoDB Local: Event #47
Recorded event in DynamoDB Local: Event #48
Recorded event in DynamoDB Local: Event #49
Recorded event in DynamoDB Local: Event #50
Recorded event in DynamoDB Local: Event #51
Recorded event in DynamoDB Local: Event #52
Recorded event in DynamoDB Local: Event #53
Recorded event in DynamoDB Local: Event #54
Recorded event in DynamoDB Local: Event #55
Recorded event in DynamoDB Local: Event #56
Recorded event in DynamoDB Local: Event #57
Recorded event in DynamoDB Local: Event #58
Recorded event in DynamoDB Local: Event #59
Recorded event in DynamoDB Local: Event #60
Recorded event in DynamoDB Local: Event #61
Recorded event in DynamoDB Local: Event #62
Recorded event in DynamoDB Local: Event #63
Recorded event in DynamoDB Local: Event #64
Recorded event in DynamoDB Local: Event #65
Recorded event in DynamoDB Local: Event #66
Recorded event in DynamoDB Local: Event #67
Recorded event in DynamoDB Local: Event #68
Recorded event in DynamoDB Local: Event #69
Recorded event in DynamoDB Local: Event #70
Recorded event in DynamoDB Local: Event #71
Recorded event in DynamoDB Local: Event #72
Recorded event in DynamoDB Local: Event #73
Recorded event in DynamoDB Local: Event #74
Recorded event in DynamoDB Local: Event #75
Recorded event in DynamoDB Local: Event #76
Recorded event in DynamoDB Local: Event #77
Recorded event in DynamoDB Local: Event #78
Recorded event in DynamoDB Local: Event #79
Recorded event in DynamoDB Local: Event #80
Recorded event in DynamoDB Local: Event #81
Recorded event in DynamoDB Local: Event #82
Recorded event in DynamoDB Local: Event #83
Recorded event in DynamoDB Local: Event #84
Recorded event in DynamoDB Local: Event #85
Recorded event in DynamoDB Local: Event #86
Recorded event in DynamoDB Local: Event #87
Recorded event in DynamoDB Local: Event #88
Recorded event in DynamoDB Local: Event #89
Recorded event in DynamoDB Local: Event #90
Recorded event in DynamoDB Local: Event #91
Recorded event in DynamoDB Local: Event #92
Recorded event in DynamoDB Local: Event #93
Recorded event in DynamoDB Local: Event #94
Recorded event in DynamoDB Local: Event #95
Recorded event in DynamoDB Local: Event #96
Recorded event in DynamoDB Local: Event #97
Recorded event in DynamoDB Local: Event #98
Recorded event in DynamoDB Local: Event #99
Recorded event in DynamoDB Local: Event #100
Recorded event in DynamoDB Local: Event #101
Recorded event in DynamoDB Local: Event #102
Recorded event in DynamoDB Local: Event #103
Recorded event in DynamoDB Local: Event #104
Recorded event in DynamoDB Local: Event #105
Recorded event in DynamoDB Local: Event #106
Recorded event in DynamoDB Local: Event #107
Recorded event in DynamoDB Local: Event #108
Recorded event in DynamoDB Local: Event #109
Recorded event in DynamoDB Local: Event #110
Recorded event in DynamoDB Local: Event #111
Recorded event in DynamoDB Local: Event #112
Recorded event in DynamoDB Local: Event #113
Recorded event in DynamoDB Local: Event #114
Recorded event in DynamoDB Local: Event #115
Recorded event in DynamoDB Local: Event #116
Recorded event in DynamoDB Local: Event #117
Recorded event in DynamoDB Local: Event #118
Recorded event in DynamoDB Local: Event #119
Recorded event in DynamoDB Local: Event #120
Recorded event in DynamoDB Local: Event #121
Recorded event in DynamoDB Local: Event #122
Recorded event in DynamoDB Local: Event #123
Recorded event in DynamoDB Local: Event #124
Recorded event in DynamoDB Local: Event #125
Recorded event in DynamoDB Local: Event #126
Recorded event in DynamoDB Local: Event #127
Recorded event in DynamoDB Local: Event #128
Recorded event in DynamoDB Local: Event #129
Recorded event in DynamoDB Local: Event #130
Recorded event in DynamoDB Local: Event #131
Recorded event in DynamoDB Local: Event #132
Recorded event in DynamoDB Local: Event #133
Recorded event in DynamoDB Local: Event #134
Recorded event in DynamoDB Local: Event #135
Recorded event in DynamoDB Local: Event #136
Recorded event in DynamoDB Local: Event #137
Recorded event in DynamoDB Local: Event #138
Recorded event in DynamoDB Local: Event #139
Recorded event in DynamoDB Local: Event #140
Recorded event in DynamoDB Local: Event #141
Recorded event in DynamoDB Local: Event #142
Recorded event in DynamoDB Local: Event #143
Recorded event in DynamoDB Local: Event #144
Recorded event in DynamoDB Local: Event #145
Recorded event in DynamoDB Local: Event #146
Recorded event in DynamoDB Local: Event #147
Recorded event in DynamoDB Local: Event #148
Recorded event in DynamoDB Local: Event #149
Recorded event in DynamoDB Local: Event #150
Recorded event in DynamoDB Local: Event #151
Recorded event in DynamoDB Local: Event #152
Recorded event in DynamoDB Local: Event #153
Recorded event in DynamoDB Local: Event #154
Recorded event in DynamoDB Local: Event #155
Recorded event in DynamoDB Local: Event #156
Recorded event in DynamoDB Local: Event #157
Recorded event in DynamoDB Local: Event #158
Recorded event in DynamoDB Local: Event #159
Recorded event in DynamoDB Local: Event #160
Recorded event in DynamoDB Local: Event #161
Recorded event in DynamoDB Local: Event #162
Recorded event in DynamoDB Local: Event #163
Recorded event in DynamoDB Local: Event #164
Recorded event in DynamoDB Local: Event #165
Recorded event in DynamoDB Local: Event #166
Recorded event in DynamoDB Local: Event #167
Recorded event in DynamoDB Local: Event #168
Recorded event in DynamoDB Local: Event #169
Recorded event in DynamoDB Local: Event #170
Recorded event in DynamoDB Local: Event #171
Recorded event in DynamoDB Local: Event #172
Recorded event in DynamoDB Local: Event #173
Recorded event in DynamoDB Local: Event #174
Recorded event in DynamoDB Local: Event #175
Recorded event in DynamoDB Local: Event #176
Recorded event in DynamoDB Local: Event #177
Recorded event in DynamoDB Local: Event #178
Recorded event in DynamoDB Local: Event #179
Recorded event in DynamoDB Local: Event #180
Recorded event in DynamoDB Local: Event #181
Recorded event in DynamoDB Local: Event #182
Recorded event in DynamoDB Local: Event #183
Recorded event in DynamoDB Local: Event #184
Recorded event in DynamoDB Local: Event #185
Recorded event in DynamoDB Local: Event #186
Recorded event in DynamoDB Local: Event #187
Recorded event in DynamoDB Local: Event #188
Recorded event in DynamoDB Local: Event #189
Recorded event in DynamoDB Local: Event #190
Recorded event in DynamoDB Local: Event #191
Recorded event in DynamoDB Local: Event #192
Recorded event in DynamoDB Local: Event #193
Recorded event in DynamoDB Local: Event #194
Recorded event in DynamoDB Local: Event #195
Recorded event in DynamoDB Local: Event #196
Recorded event in DynamoDB Local: Event #197
Recorded event in DynamoDB Local: Event #198
Recorded event in DynamoDB Local: Event #199
Recorded event in DynamoDB Local: Event #200
Recorded event in DynamoDB Local: Event #201
Recorded event in DynamoDB Local: Event #202
Recorded event in DynamoDB Local: Event #203
Recorded event in DynamoDB Local: Event #204
Recorded event in DynamoDB Local: Event #205
Recorded event in DynamoDB Local: Event #206
Recorded event in DynamoDB Local: Event #207
Recorded event in DynamoDB Local: Event #208
Recorded event in DynamoDB Local: Event #209
Recorded event in DynamoDB Local: Event #210
Recorded event in DynamoDB Local: Event #211
Recorded event in DynamoDB Local: Event #212
Recorded event in DynamoDB Local: Event #213
Recorded event in DynamoDB Local: Event #214
Recorded event in DynamoDB Local: Event #215
Recorded event in DynamoDB Local: Event #216
Recorded event in DynamoDB Local: Event #217
Recorded event in DynamoDB Local: Event #218
Recorded event in DynamoDB Local: Event #219
Recorded event in DynamoDB Local: Event #220
Recorded event in DynamoDB Local: Event #221
Recorded event in DynamoDB Local: Event #222
Recorded event in DynamoDB Local: Event #223
Recorded event in DynamoDB Local: Event #224
Recorded event in DynamoDB Local: Event #225
Recorded event in DynamoDB Local: Event #226
Recorded event in DynamoDB Local: Event #227
Recorded event in DynamoDB Local: Event #228
Recorded event in DynamoDB Local: Event #229
Recorded event in DynamoDB Local: Event #230
Recorded event in DynamoDB Local: Event #231
Recorded event in DynamoDB Local: Event #232
Recorded event in DynamoDB Local: Event #233
Recorded event in DynamoDB Local: Event #234
Recorded event in DynamoDB Local: Event #235
Recorded event in DynamoDB Local: Event #236
Recorded event in DynamoDB Local: Event #237
Recorded event in DynamoDB Local: Event #238
Recorded event in DynamoDB Local: Event #239
Recorded event in DynamoDB Local: Event #240
Recorded event in DynamoDB Local: Event #241
Recorded event in DynamoDB Local: Event #242
Recorded event in DynamoDB Local: Event #243
Recorded event in DynamoDB Local: Event #244
Recorded event in DynamoDB Local: Event #245
Recorded event in DynamoDB Local: Event #246
Recorded event in DynamoDB Local: Event #247
Recorded event in DynamoDB Local: Event #248
Recorded event in DynamoDB Local: Event #249
Recorded event in DynamoDB Local: Event #250
Recorded event in DynamoDB Local: Event #251
Recorded event in DynamoDB Local: Event #252
Recorded event in DynamoDB Local: Event #253
Recorded event in DynamoDB Local: Event #254
Recorded event in DynamoDB Local: Event #255
Recorded event in DynamoDB Local: Event #256
Recorded event in DynamoDB Local: Event #257
Recorded event in DynamoDB Local: Event #258
Recorded event in DynamoDB Local: Event #259
Recorded event in DynamoDB Local: Event #260
Recorded event in DynamoDB Local: Event #261
Recorded event in DynamoDB Local: Event #262
Recorded event in DynamoDB Local: Event #263
Recorded event in DynamoDB Local: Event #264
Recorded event in DynamoDB Local: Event #265
Recorded event in DynamoDB Local: Event #266
Recorded event in DynamoDB Local: Event #267
Recorded event in DynamoDB Local: Event #268
Recorded event in DynamoDB Local: Event #269
Recorded event in DynamoDB Local: Event #270
Recorded event in DynamoDB Local: Event #271
Recorded event in DynamoDB Local: Event #272
Recorded event in DynamoDB Local: Event #273
Recorded event in DynamoDB Local: Event #274
Recorded event in DynamoDB Local: Event #275
Recorded event in DynamoDB Local: Event #276
Recorded event in DynamoDB Local: Event #277
Recorded event in DynamoDB Local: Event #278
Recorded event in DynamoDB Local: Event #279
Recorded event in DynamoDB Local: Event #280
Recorded event in DynamoDB Local: Event #281
Recorded event in DynamoDB Local: Event #282
Recorded event in DynamoDB Local: Event #283
Recorded event in DynamoDB Local: Event #284
Recorded event in DynamoDB Local: Event #285
Recorded event in DynamoDB Local: Event #286
Recorded event in DynamoDB Local: Event #287
Recorded event in DynamoDB Local: Event #288
Recorded event in DynamoDB Local: Event #289
Recorded event in DynamoDB Local: Event #290
Recorded event in DynamoDB Local: Event #291
Recorded event in DynamoDB Local: Event #292
Recorded event in DynamoDB Local: Event #293
Recorded event in DynamoDB Local: Event #294
Recorded event in DynamoDB Local: Event #295
Recorded event in DynamoDB Local: Event #296
Recorded event in DynamoDB Local: Event #297
Recorded event in DynamoDB Local: Event #298
Recorded event in DynamoDB Local: Event #299
Recorded event in DynamoDB Local: Event #300
Recorded event in DynamoDB Local: Event #301
Recorded event in DynamoDB Local: Event #302
Recorded event in DynamoDB Local: Event #303
Recorded event in DynamoDB Local: Event #304
Recorded event in DynamoDB Local: Event #305
Recorded event in DynamoDB Local: Event #306
Recorded event in DynamoDB Local: Event #307
Recorded event in DynamoDB Local: Event #308
Recorded event in DynamoDB Local: Event #309
Recorded event in DynamoDB Local: Event #310
Recorded event in DynamoDB Local: Event #311
Recorded event in DynamoDB Local: Event #312
Recorded event in DynamoDB Local: Event #313
Recorded event in DynamoDB Local: Event #314
Recorded event in DynamoDB Local: Event #315
Recorded event in DynamoDB Local: Event #316
Recorded event in DynamoDB Local: Event #317
Recorded event in DynamoDB Local: Event #318
Recorded event in DynamoDB Local: Event #319
Recorded event in DynamoDB Local: Event #320
Recorded event in DynamoDB Local: Event #321
Recorded event in DynamoDB Local: Event #322
Recorded event in DynamoDB Local: Event #323
Recorded event in DynamoDB Local: Event #324
Recorded event in DynamoDB Local: Event #325
Recorded event in DynamoDB Local: Event #326
Recorded event in DynamoDB Local: Event #327
Recorded event in DynamoDB Local: Event #328
Recorded event in DynamoDB Local: Event #329
Recorded event in DynamoDB Local: Event #330
Recorded event in DynamoDB Local: Event #331
Recorded event in DynamoDB Local: Event #332
Recorded event in DynamoDB Local: Event #333
Recorded event in DynamoDB Local: Event #334
Recorded event in DynamoDB Local: Event #335
Recorded event in DynamoDB Local: Event #336
Recorded event in DynamoDB Local: Event #337
Recorded event in DynamoDB Local: Event #338
Recorded event in DynamoDB Local: Event #339
Recorded event in DynamoDB Local: Event #340
Recorded event in DynamoDB Local: Event #341
Recorded event in DynamoDB Local: Event #342
Recorded event in DynamoDB Local: Event #343
Recorded event in DynamoDB Local: Event #344
Recorded event in DynamoDB Local: Event #345
Recorded event in DynamoDB Local: Event #346
Recorded event in DynamoDB Local: Event #347
Recorded event in DynamoDB Local: Event #348
Recorded event in DynamoDB Local: Event #349
Recorded event in DynamoDB Local: Event #350
Recorded event in DynamoDB Local: Event #351
Recorded event in DynamoDB Local: Event #352
Recorded event in DynamoDB Local: Event #353
Recorded event in DynamoDB Local: Event #354
Recorded event in DynamoDB Local: Event #355
Recorded event in DynamoDB Local: Event #356
Recorded event in DynamoDB Local: Event #357
Recorded event in DynamoDB Local: Event #358
Recorded event in DynamoDB Local: Event #359
Recorded event in DynamoDB Local: Event #360
Recorded event in DynamoDB Local: Event #361
Recorded event in DynamoDB Local: Event #362
Recorded event in DynamoDB Local: Event #363
Recorded event in DynamoDB Local: Event #364
Recorded event in DynamoDB Local: Event #365
Recorded event in DynamoDB Local: Event #366
Recorded event in DynamoDB Local: Event #367
Recorded event in DynamoDB Local: Event #368
Recorded event in DynamoDB Local: Event #369
Recorded event in DynamoDB Local: Event #370
Recorded event in DynamoDB Local: Event #371
Recorded event in DynamoDB Local: Event #372
Recorded event in DynamoDB Local: Event #373
Recorded event in DynamoDB Local: Event #374
Recorded event in DynamoDB Local: Event #375
Recorded event in DynamoDB Local: Event #376
Recorded event in DynamoDB Local: Event #377
Recorded event in DynamoDB Local: Event #378
Recorded event in DynamoDB Local: Event #379
Recorded event in DynamoDB Local: Event #380
Recorded event in DynamoDB Local: Event #381
Recorded event in DynamoDB Local: Event #382
Recorded event in DynamoDB Local: Event #383
Recorded event in DynamoDB Local: Event #384
Recorded event in DynamoDB Local: Event #385
Recorded event in DynamoDB Local: Event #386
Recorded event in DynamoDB Local: Event #387
Recorded event in DynamoDB Local: Event #388
Recorded event in DynamoDB Local: Event #389
Recorded event in DynamoDB Local: Event #390
Recorded event in DynamoDB Local: Event #391
Recorded event in DynamoDB Local: Event #392
Recorded event in DynamoDB Local: Event #393
Recorded event in DynamoDB Local: Event #394
Recorded event in DynamoDB Local: Event #395
Recorded event in DynamoDB Local: Event #396
Recorded event in DynamoDB Local: Event #397
Recorded event in DynamoDB Local: Event #398
Recorded event in DynamoDB Local: Event #399
Recorded event in DynamoDB Local: Event #400
Recorded event in DynamoDB Local: Event #401
Recorded event in DynamoDB Local: Event #402
Recorded event in DynamoDB Local: Event #403
Recorded event in DynamoDB Local: Event #404
Recorded event in DynamoDB Local: Event #405
Recorded event in DynamoDB Local: Event #406
Recorded event in DynamoDB Local: Event #407
Recorded event in DynamoDB Local: Event #408
Recorded event in DynamoDB Local: Event #409
Recorded event in DynamoDB Local: Event #410
Recorded event in DynamoDB Local: Event #411
Recorded event in DynamoDB Local: Event #412
Recorded event in DynamoDB Local: Event #413
Recorded event in DynamoDB Local: Event #414
Recorded event in DynamoDB Local: Event #415
Recorded event in DynamoDB Local: Event #416
Recorded event in DynamoDB Local: Event #417
Recorded event in DynamoDB Local: Event #418
Recorded event in DynamoDB Local: Event #419
Recorded event in DynamoDB Local: Event #420
Recorded event in DynamoDB Local: Event #421
Recorded event in DynamoDB Local: Event #422
Recorded event in DynamoDB Local: Event #423
Recorded event in DynamoDB Local: Event #424
Recorded event in DynamoDB Local: Event #425
Recorded event in DynamoDB Local: Event #426
Recorded event in DynamoDB Local: Event #427
Recorded event in DynamoDB Local: Event #428
Recorded event in DynamoDB Local: Event #429
Recorded event in DynamoDB Local: Event #430
Recorded event in DynamoDB Local: Event #431
Recorded event in DynamoDB Local: Event #432
Recorded event in DynamoDB Local: Event #433
Recorded event in DynamoDB Local: Event #434
Recorded event in DynamoDB Local: Event #435
Recorded event in DynamoDB Local: Event #436
Recorded event in DynamoDB Local: Event #437
Recorded event in DynamoDB Local: Event #438
Recorded event in DynamoDB Local: Event #439
Recorded event in DynamoDB Local: Event #440
Recorded event in DynamoDB Local: Event #441
Recorded event in DynamoDB Local: Event #442
Recorded event in DynamoDB Local: Event #443
Recorded event in DynamoDB Local: Event #444
Recorded event in DynamoDB Local: Event #445
Recorded event in DynamoDB Local: Event #446
Recorded event in DynamoDB Local: Event #447
Recorded event in DynamoDB Local: Event #448
Recorded event in DynamoDB Local: Event #449
Recorded event in DynamoDB Local: Event #450
Recorded event in DynamoDB Local: Event #451
Recorded event in DynamoDB Local: Event #452
Recorded event in DynamoDB Local: Event #453
Recorded event in DynamoDB Local: Event #454
Recorded event in DynamoDB Local: Event #455
Recorded event in DynamoDB Local: Event #456
Recorded event in DynamoDB Local: Event #457
Recorded event in DynamoDB Local: Event #458
Recorded event in DynamoDB Local: Event #459
Recorded event in DynamoDB Local: Event #460
Recorded event in DynamoDB Local: Event #461
Recorded event in DynamoDB Local: Event #462
Recorded event in DynamoDB Local: Event #463
Recorded event in DynamoDB Local: Event #464
Recorded event in DynamoDB Local: Event #465
Recorded event in DynamoDB Local: Event #466
Recorded event in DynamoDB Local: Event #467
Recorded event in DynamoDB Local: Event #468
Recorded event in DynamoDB Local: Event #469
Recorded event in DynamoDB Local: Event #470
Recorded event in DynamoDB Local: Event #471
Recorded event in DynamoDB Local: Event #472
Recorded event in DynamoDB Local: Event #473
Recorded event in DynamoDB Local: Event #474
Recorded event in DynamoDB Local: Event #475
Recorded event in DynamoDB Local: Event #476
Recorded event in DynamoDB Local: Event #477
Recorded event in DynamoDB Local: Event #478
Recorded event in DynamoDB Local: Event #479
Recorded event in DynamoDB Local: Event #480
Recorded event in DynamoDB Local: Event #481
Recorded event in DynamoDB Local: Event #482
Recorded event in DynamoDB Local: Event #483
Recorded event in DynamoDB Local: Event #484
Recorded event in DynamoDB Local: Event #485
Recorded event in DynamoDB Local: Event #486
Recorded event in DynamoDB Local: Event #487
Recorded event in DynamoDB Local: Event #488
Recorded event in DynamoDB Local: Event #489
Recorded event in DynamoDB Local: Event #490
Recorded event in DynamoDB Local: Event #491
Recorded event in DynamoDB Local: Event #492
Recorded event in DynamoDB Local: Event #493
Recorded event in DynamoDB Local: Event #494
Recorded event in DynamoDB Local: Event #495
Recorded event in DynamoDB Local: Event #496
Recorded event in DynamoDB Local: Event #497
Recorded event in DynamoDB Local: Event #498
Recorded event in DynamoDB Local: Event #499
Recorded event in DynamoDB Local: Event #500
Recorded event in DynamoDB Local: Event #501
Recorded event in DynamoDB Local: Event #502
Recorded event in DynamoDB Local: Event #503
Recorded event in DynamoDB Local: Event #504
Recorded event in DynamoDB Local: Event #505
Recorded event in DynamoDB Local: Event #506
Recorded event in DynamoDB Local: Event #507
Recorded event in DynamoDB Local: Event #508
Recorded event in DynamoDB Local: Event #509
Recorded event in DynamoDB Local: Event #510
Recorded event in DynamoDB Local: Event #511
Recorded event in DynamoDB Local: Event #512
Recorded event in DynamoDB Local: Event #513
Recorded event in DynamoDB Local: Event #514
Recorded event in DynamoDB Local: Event #515
Recorded event in DynamoDB Local: Event #516
Recorded event in DynamoDB Local: Event #517
Recorded event in DynamoDB Local: Event #518
Recorded event in DynamoDB Local: Event #519
Recorded event in DynamoDB Local: Event #520
Recorded event in DynamoDB Local: Event #521
Recorded event in DynamoDB Local: Event #522
Recorded event in DynamoDB Local: Event #523
Recorded event in DynamoDB Local: Event #524
Recorded event in DynamoDB Local: Event #525
Recorded event in DynamoDB Local: Event #526
Recorded event in DynamoDB Local: Event #527
Recorded event in DynamoDB Local: Event #528
Recorded event in DynamoDB Local: Event #529
Recorded event in DynamoDB Local: Event #530
Recorded event in DynamoDB Local: Event #531
Recorded event in DynamoDB Local: Event #532
Recorded event in DynamoDB Local: Event #533
Recorded event in DynamoDB Local: Event #534
Recorded event in DynamoDB Local: Event #535
Recorded event in DynamoDB Local: Event #536
Recorded event in DynamoDB Local: Event #537
Recorded event in DynamoDB Local: Event #538
Recorded event in DynamoDB Local: Event #539
Recorded event in DynamoDB Local: Event #540
Recorded event in DynamoDB Local: Event #541
Recorded event in DynamoDB Local: Event #542
Recorded event in DynamoDB Local: Event #543
Recorded event in DynamoDB Local: Event #544
Recorded event in DynamoDB Local: Event #545
Recorded event in DynamoDB Local: Event #546
Recorded event in DynamoDB Local: Event #547
Recorded event in DynamoDB Local: Event #548
Recorded event in DynamoDB Local: Event #549
Recorded event in DynamoDB Local: Event #550
Recorded event in DynamoDB Local: Event #551
Recorded event in DynamoDB Local: Event #552
Recorded event in DynamoDB Local: Event #553
Recorded event in DynamoDB Local: Event #554
Recorded event in DynamoDB Local: Event #555
Recorded event in DynamoDB Local: Event #556
Recorded event in DynamoDB Local: Event #557
Recorded event in DynamoDB Local: Event #558
Recorded event in DynamoDB Local: Event #559
Recorded event in DynamoDB Local: Event #560
Recorded event in DynamoDB Local: Event #561
Recorded event in DynamoDB Local: Event #562
Recorded event in DynamoDB Local: Event #563
Recorded event in DynamoDB Local: Event #564
Recorded event in DynamoDB Local: Event #565
Recorded event in DynamoDB Local: Event #566
Recorded event in DynamoDB Local: Event #567
Recorded event in DynamoDB Local: Event #568
Recorded event in DynamoDB Local: Event #569
Recorded event in DynamoDB Local: Event #570
Recorded event in DynamoDB Local: Event #571
Recorded event in DynamoDB Local: Event #572
Recorded event in DynamoDB Local: Event #573
Recorded event in DynamoDB Local: Event #574
Recorded event in DynamoDB Local: Event #575
Recorded event in DynamoDB Local: Event #576
Recorded event in DynamoDB Local: Event #577
Recorded event in DynamoDB Local: Event #578
Recorded event in DynamoDB Local: Event #579
Recorded event in DynamoDB Local: Event #580
Recorded event in DynamoDB Local: Event #581
Recorded event in DynamoDB Local: Event #582
Recorded event in DynamoDB Local: Event #583
Recorded event in DynamoDB Local: Event #584
Recorded event in DynamoDB Local: Event #585
Recorded event in DynamoDB Local: Event #586
Recorded event in DynamoDB Local: Event #587
Recorded event in DynamoDB Local: Event #588
Recorded event in DynamoDB Local: Event #589
Recorded event in DynamoDB Local: Event #590
Recorded event in DynamoDB Local: Event #591
Recorded event in DynamoDB Local: Event #592
Recorded event in DynamoDB Local: Event #593
Recorded event in DynamoDB Local: Event #594
Recorded event in DynamoDB Local: Event #595
Recorded event in DynamoDB Local: Event #596
Recorded event in DynamoDB Local: Event #597
Recorded event in DynamoDB Local: Event #598
Recorded event in DynamoDB Local: Event #599
Recorded event in DynamoDB Local: Event #600
Recorded event in DynamoDB Local: Event #601
Recorded event in DynamoDB Local: Event #602
Recorded event in DynamoDB Local: Event #603
Recorded event in DynamoDB Local: Event #604
Recorded event in DynamoDB Local: Event #605
Recorded event in DynamoDB Local: Event #606
Recorded event in DynamoDB Local: Event #607
Recorded event in DynamoDB Local: Event #608
Recorded event in DynamoDB Local: Event #609
Recorded event in DynamoDB Local: Event #610
Recorded event in DynamoDB Local: Event #611
Recorded event in DynamoDB Local: Event #612
Recorded event in DynamoDB Local: Event #613
Recorded event in DynamoDB Local: Event #614
Recorded event in DynamoDB Local: Event #615
Recorded event in DynamoDB Local: Event #616
Recorded event in DynamoDB Local: Event #617
Recorded event in DynamoDB Local: Event #618
Recorded event in DynamoDB Local: Event #619
Recorded event in DynamoDB Local: Event #620
Recorded event in DynamoDB Local: Event #621
Recorded event in DynamoDB Local: Event #622
Recorded event in DynamoDB Local: Event #623
Recorded event in DynamoDB Local: Event #624
Recorded event in DynamoDB Local: Event #625
Recorded event in DynamoDB Local: Event #626
Recorded event in DynamoDB Local: Event #627
Recorded event in DynamoDB Local: Event #628
Recorded event in DynamoDB Local: Event #629
Recorded event in DynamoDB Local: Event #630
Recorded event in DynamoDB Local: Event #631
Recorded event in DynamoDB Local: Event #632
Recorded event in DynamoDB Local: Event #633
Recorded event in DynamoDB Local: Event #634
Recorded event in DynamoDB Local: Event #635
Recorded event in DynamoDB Local: Event #636
Recorded event in DynamoDB Local: Event #637
Recorded event in DynamoDB Local: Event #638
Recorded event in DynamoDB Local: Event #639
Recorded event in DynamoDB Local: Event #640
Recorded event in DynamoDB Local: Event #641
Recorded event in DynamoDB Local: Event #642
Recorded event in DynamoDB Local: Event #643
Recorded event in DynamoDB Local: Event #644
Recorded event in DynamoDB Local: Event #645
Recorded event in DynamoDB Local: Event #646
Recorded event in DynamoDB Local: Event #647
Recorded event in DynamoDB Local: Event #648
Recorded event in DynamoDB Local: Event #649
Recorded event in DynamoDB Local: Event #650
Recorded event in DynamoDB Local: Event #651
Recorded event in DynamoDB Local: Event #652
Recorded event in DynamoDB Local: Event #653
Recorded event in DynamoDB Local: Event #654
Recorded event in DynamoDB Local: Event #655
Recorded event in DynamoDB Local: Event #656
Recorded event in DynamoDB Local: Event #657
Recorded event in DynamoDB Local: Event #658
Recorded event in DynamoDB Local: Event #659
Recorded event in DynamoDB Local: Event #660
Recorded event in DynamoDB Local: Event #661
Recorded event in DynamoDB Local: Event #662
Recorded event in DynamoDB Local: Event #663
Recorded event in DynamoDB Local: Event #664
Recorded event in DynamoDB Local: Event #665
Recorded event in DynamoDB Local: Event #666
Recorded event in DynamoDB Local: Event #667
Recorded event in DynamoDB Local: Event #668
Recorded event in DynamoDB Local: Event #669
Recorded event in DynamoDB Local: Event #670
Recorded event in DynamoDB Local: Event #671
Recorded event in DynamoDB Local: Event #672
Recorded event in DynamoDB Local: Event #673
Recorded event in DynamoDB Local: Event #674
Recorded event in DynamoDB Local: Event #675
Recorded event in DynamoDB Local: Event #676
Recorded event in DynamoDB Local: Event #677
Recorded event in DynamoDB Local: Event #678
Recorded event in DynamoDB Local: Event #679
Recorded event in DynamoDB Local: Event #680
Recorded event in DynamoDB Local: Event #681
Recorded event in DynamoDB Local: Event #682
Recorded event in DynamoDB Local: Event #683
Recorded event in DynamoDB Local: Event #684
Recorded event in DynamoDB Local: Event #685
Recorded event in DynamoDB Local: Event #686
Recorded event in DynamoDB Local: Event #687
Recorded event in DynamoDB Local: Event #688
Recorded event in DynamoDB Local: Event #689
Recorded event in DynamoDB Local: Event #690
Recorded event in DynamoDB Local: Event #691
Recorded event in DynamoDB Local: Event #692
Recorded event in DynamoDB Local: Event #693
Recorded event in DynamoDB Local: Event #694
Recorded event in DynamoDB Local: Event #695
Recorded event in DynamoDB Local: Event #696
Recorded event in DynamoDB Local: Event #697
Recorded event in DynamoDB Local: Event #698
Recorded event in DynamoDB Local: Event #699
Recorded event in DynamoDB Local: Event #700
Recorded event in DynamoDB Local: Event #701
Recorded event in DynamoDB Local: Event #702
Recorded event in DynamoDB Local: Event #703
Recorded event in DynamoDB Local: Event #704
Recorded event in DynamoDB Local: Event #705
Recorded event in DynamoDB Local: Event #706
Recorded event in DynamoDB Local: Event #707
Recorded event in DynamoDB Local: Event #708
Recorded event in DynamoDB Local: Event #709
Recorded event in DynamoDB Local: Event #710
Recorded event in DynamoDB Local: Event #711
Recorded event in DynamoDB Local: Event #712
Recorded event in DynamoDB Local: Event #713
Recorded event in DynamoDB Local: Event #714
Recorded event in DynamoDB Local: Event #715
Recorded event in DynamoDB Local: Event #716
Recorded event in DynamoDB Local: Event #717
Recorded event in DynamoDB Local: Event #718
Recorded event in DynamoDB Local: Event #719
Recorded event in DynamoDB Local: Event #720
Recorded event in DynamoDB Local: Event #721
Recorded event in DynamoDB Local: Event #722
Recorded event in DynamoDB Local: Event #723
Recorded event in DynamoDB Local: Event #724
Recorded event in DynamoDB Local: Event #725
Recorded event in DynamoDB Local: Event #726
Recorded event in DynamoDB Local: Event #727
Recorded event in DynamoDB Local: Event #728
Recorded event in DynamoDB Local: Event #729
Recorded event in DynamoDB Local: Event #730
Recorded event in DynamoDB Local: Event #731
Recorded event in DynamoDB Local: Event #732
Recorded event in DynamoDB Local: Event #733
Recorded event in DynamoDB Local: Event #734
Recorded event in DynamoDB Local: Event #735
Recorded event in DynamoDB Local: Event #736
Recorded event in DynamoDB Local: Event #737
Recorded event in DynamoDB Local: Event #738
Recorded event in DynamoDB Local: Event #739
Recorded event in DynamoDB Local: Event #740
Recorded event in DynamoDB Local: Event #741
Recorded event in DynamoDB Local: Event #742
Recorded event in DynamoDB Local: Event #743
Recorded event in DynamoDB Local: Event #744
Recorded event in DynamoDB Local: Event #745
Recorded event in DynamoDB Local: Event #746
Recorded event in DynamoDB Local: Event #747
Recorded event in DynamoDB Local: Event #748
Recorded event in DynamoDB Local: Event #749
Recorded event in DynamoDB Local: Event #750
Recorded event in DynamoDB Local: Event #751
Recorded event in DynamoDB Local: Event #752
Recorded event in DynamoDB Local: Event #753
Recorded event in DynamoDB Local: Event #754
Recorded event in DynamoDB Local: Event #755
Recorded event in DynamoDB Local: Event #756
Recorded event in DynamoDB Local: Event #757
Recorded event in DynamoDB Local: Event #758
Recorded event in DynamoDB Local: Event #759
Recorded event in DynamoDB Local: Event #760
Recorded event in DynamoDB Local: Event #761
Recorded event in DynamoDB Local: Event #762
Recorded event in DynamoDB Local: Event #763
Recorded event in DynamoDB Local: Event #764
Recorded event in DynamoDB Local: Event #765
Recorded event in DynamoDB Local: Event #766
Recorded event in DynamoDB Local: Event #767
Recorded event in DynamoDB Local: Event #768
Recorded event in DynamoDB Local: Event #769
Recorded event in DynamoDB Local: Event #770
Recorded event in DynamoDB Local: Event #771
Recorded event in DynamoDB Local: Event #772
Recorded event in DynamoDB Local: Event #773
Recorded event in DynamoDB Local: Event #774
Recorded event in DynamoDB Local: Event #775
Recorded event in DynamoDB Local: Event #776
Recorded event in DynamoDB Local: Event #777
Recorded event in DynamoDB Local: Event #778
Recorded event in DynamoDB Local: Event #779
Recorded event in DynamoDB Local: Event #780
Recorded event in DynamoDB Local: Event #781
Recorded event in DynamoDB Local: Event #782
Recorded event in DynamoDB Local: Event #783
Recorded event in DynamoDB Local: Event #784
Recorded event in DynamoDB Local: Event #785
Recorded event in DynamoDB Local: Event #786
Recorded event in DynamoDB Local: Event #787
Recorded event in DynamoDB Local: Event #788
Recorded event in DynamoDB Local: Event #789
Recorded event in DynamoDB Local: Event #790
Recorded event in DynamoDB Local: Event #791
Recorded event in DynamoDB Local: Event #792
Recorded event in DynamoDB Local: Event #793
Recorded event in DynamoDB Local: Event #794
Recorded event in DynamoDB Local: Event #795
Recorded event in DynamoDB Local: Event #796
Recorded event in DynamoDB Local: Event #797
Recorded event in DynamoDB Local: Event #798
Recorded event in DynamoDB Local: Event #799
Recorded event in DynamoDB Local: Event #800
Recorded event in DynamoDB Local: Event #801
Recorded event in DynamoDB Local: Event #802
Recorded event in DynamoDB Local: Event #803
Recorded event in DynamoDB Local: Event #804
Recorded event in DynamoDB Local: Event #805
Recorded event in DynamoDB Local: Event #806
Recorded event in DynamoDB Local: Event #807
Recorded event in DynamoDB Local: Event #808
Recorded event in DynamoDB Local: Event #809
Recorded event in DynamoDB Local: Event #810
Recorded event in DynamoDB Local: Event #811
Recorded event in DynamoDB Local: Event #812
Recorded event in DynamoDB Local: Event #813
Recorded event in DynamoDB Local: Event #814
Recorded event in DynamoDB Local: Event #815
Recorded event in DynamoDB Local: Event #816
Recorded event in DynamoDB Local: Event #817
Recorded event in DynamoDB Local: Event #818
Recorded event in DynamoDB Local: Event #819
Recorded event in DynamoDB Local: Event #820
Recorded event in DynamoDB Local: Event #821
Recorded event in DynamoDB Local: Event #822
Recorded event in DynamoDB Local: Event #823
Recorded event in DynamoDB Local: Event #824
Recorded event in DynamoDB Local: Event #825
Recorded event in DynamoDB Local: Event #826
Recorded event in DynamoDB Local: Event #827
Recorded event in DynamoDB Local: Event #828
Recorded event in DynamoDB Local: Event #829
Recorded event in DynamoDB Local: Event #830
Recorded event in DynamoDB Local: Event #831
Recorded event in DynamoDB Local: Event #832
Recorded event in DynamoDB Local: Event #833
Recorded event in DynamoDB Local: Event #834
Recorded event in DynamoDB Local: Event #835
Recorded event in DynamoDB Local: Event #836
Recorded event in DynamoDB Local: Event #837
Recorded event in DynamoDB Local: Event #838
Recorded event in DynamoDB Local: Event #839
Recorded event in DynamoDB Local: Event #840
Recorded event in DynamoDB Local: Event #841
Recorded event in DynamoDB Local: Event #842
Recorded event in DynamoDB Local: Event #843
Recorded event in DynamoDB Local: Event #844
Recorded event in DynamoDB Local: Event #845
Recorded event in DynamoDB Local: Event #846
Recorded event in DynamoDB Local: Event #847
Recorded event in DynamoDB Local: Event #848
Recorded event in DynamoDB Local: Event #849
Recorded event in DynamoDB Local: Event #850
Recorded event in DynamoDB Local: Event #851
Recorded event in DynamoDB Local: Event #852
Recorded event in DynamoDB Local: Event #853
Recorded event in DynamoDB Local: Event #854
Recorded event in DynamoDB Local: Event #855
Recorded event in DynamoDB Local: Event #856
Recorded event in DynamoDB Local: Event #857
Recorded event in DynamoDB Local: Event #858
Recorded event in DynamoDB Local: Event #859
Recorded event in DynamoDB Local: Event #860
Recorded event in DynamoDB Local: Event #861
Recorded event in DynamoDB Local: Event #862
Recorded event in DynamoDB Local: Event #863
Recorded event in DynamoDB Local: Event #864
Recorded event in DynamoDB Local: Event #865
Recorded event in DynamoDB Local: Event #866
Recorded event in DynamoDB Local: Event #867
Recorded event in DynamoDB Local: Event #868
Recorded event in DynamoDB Local: Event #869
Recorded event in DynamoDB Local: Event #870
Recorded event in DynamoDB Local: Event #871
Recorded event in DynamoDB Local: Event #872
Recorded event in DynamoDB Local: Event #873
Recorded event in DynamoDB Local: Event #874
Recorded event in DynamoDB Local: Event #875
Recorded event in DynamoDB Local: Event #876
Recorded event in DynamoDB Local: Event #877
Recorded event in DynamoDB Local: Event #878
Recorded event in DynamoDB Local: Event #879
Recorded event in DynamoDB Local: Event #880
Recorded event in DynamoDB Local: Event #881
Recorded event in DynamoDB Local: Event #882
Recorded event in DynamoDB Local: Event #883
Recorded event in DynamoDB Local: Event #884
Recorded event in DynamoDB Local: Event #885
Recorded event in DynamoDB Local: Event #886
Recorded event in DynamoDB Local: Event #887
Recorded event in DynamoDB Local: Event #888
Recorded event in DynamoDB Local: Event #889
Recorded event in DynamoDB Local: Event #890
Recorded event in DynamoDB Local: Event #891
Recorded event in DynamoDB Local: Event #892
Recorded event in DynamoDB Local: Event #893
Recorded event in DynamoDB Local: Event #894
Recorded event in DynamoDB Local: Event #895
Recorded event in DynamoDB Local: Event #896
Recorded event in DynamoDB Local: Event #897
Recorded event in DynamoDB Local: Event #898
Recorded event in DynamoDB Local: Event #899
Recorded event in DynamoDB Local: Event #900
Recorded event in DynamoDB Local: Event #901
Recorded event in DynamoDB Local: Event #902
Recorded event in DynamoDB Local: Event #903
Recorded event in DynamoDB Local: Event #904
Recorded event in DynamoDB Local: Event #905
Recorded event in DynamoDB Local: Event #906
Recorded event in DynamoDB Local: Event #907
Recorded event in DynamoDB Local: Event #908
Recorded event in DynamoDB Local: Event #909
Recorded event in DynamoDB Local: Event #910
Recorded event in DynamoDB Local: Event #911
Recorded event in DynamoDB Local: Event #912
Recorded event in DynamoDB Local: Event #913
Recorded event in DynamoDB Local: Event #914
Recorded event in DynamoDB Local: Event #915
Recorded event in DynamoDB Local: Event #916
Recorded event in DynamoDB Local: Event #917
Recorded event in DynamoDB Local: Event #918
Recorded event in DynamoDB Local: Event #919
Recorded event in DynamoDB Local: Event #920
Recorded event in DynamoDB Local: Event #921
Recorded event in DynamoDB Local: Event #922
Recorded event in DynamoDB Local: Event #923
Recorded event in DynamoDB Local: Event #924
Recorded event in DynamoDB Local: Event #925
Recorded event in DynamoDB Local: Event #926
Recorded event in DynamoDB Local: Event #927
Recorded event in DynamoDB Local: Event #928
Recorded event in DynamoDB Local: Event #929
Recorded event in DynamoDB Local: Event #930
Recorded event in DynamoDB Local: Event #931
Recorded event in DynamoDB Local: Event #932
Recorded event in DynamoDB Local: Event #933
Recorded event in DynamoDB Local: Event #934
Recorded event in DynamoDB Local: Event #935
Recorded event in DynamoDB Local: Event #936
Recorded event in DynamoDB Local: Event #937
Recorded event in DynamoDB Local: Event #938
Recorded event in DynamoDB Local: Event #939
Recorded event in DynamoDB Local: Event #940
Recorded event in DynamoDB Local: Event #941
Recorded event in DynamoDB Local: Event #942
Recorded event in DynamoDB Local: Event #943
Recorded event in DynamoDB Local: Event #944
Recorded event in DynamoDB Local: Event #945
Recorded event in DynamoDB Local: Event #946
Recorded event in DynamoDB Local: Event #947
Recorded event in DynamoDB Local: Event #948
Recorded event in DynamoDB Local: Event #949
Recorded event in DynamoDB Local: Event #950
Recorded event in DynamoDB Local: Event #951
Recorded event in DynamoDB Local: Event #952
Recorded event in DynamoDB Local: Event #953
Recorded event in DynamoDB Local: Event #954
Recorded event in DynamoDB Local: Event #955
Recorded event in DynamoDB Local: Event #956
Recorded event in DynamoDB Local: Event #957
Recorded event in DynamoDB Local: Event #958
Recorded event in DynamoDB Local: Event #959
Recorded event in DynamoDB Local: Event #960
Recorded event in DynamoDB Local: Event #961
Recorded event in DynamoDB Local: Event #962
Recorded event in DynamoDB Local: Event #963
Recorded event in DynamoDB Local: Event #964
Recorded event in DynamoDB Local: Event #965
Recorded event in DynamoDB Local: Event #966
Recorded event in DynamoDB Local: Event #967
Recorded event in DynamoDB Local: Event #968
Recorded event in DynamoDB Local: Event #969
Recorded event in DynamoDB Local: Event #970
Recorded event in DynamoDB Local: Event #971
Recorded event in DynamoDB Local: Event #972
Recorded event in DynamoDB Local: Event #973
Recorded event in DynamoDB Local: Event #974
Recorded event in DynamoDB Local: Event #975
Recorded event in DynamoDB Local: Event #976
Recorded event in DynamoDB Local: Event #977
Recorded event in DynamoDB Local: Event #978
Recorded event in DynamoDB Local: Event #979
Recorded event in DynamoDB Local: Event #980
Recorded event in DynamoDB Local: Event #981
Recorded event in DynamoDB Local: Event #982
Recorded event in DynamoDB Local: Event #983
Recorded event in DynamoDB Local: Event #984
Recorded event in DynamoDB Local: Event #985
Recorded event in DynamoDB Local: Event #986
Recorded event in DynamoDB Local: Event #987
Recorded event in DynamoDB Local: Event #988
Recorded event in DynamoDB Local: Event #989
Recorded event in DynamoDB Local: Event #990
Recorded event in DynamoDB Local: Event #991
Recorded event in DynamoDB Local: Event #992
Recorded event in DynamoDB Local: Event #993
Recorded event in DynamoDB Local: Event #994
Recorded event in DynamoDB Local: Event #995
Recorded event in DynamoDB Local: Event #996
Recorded event in DynamoDB Local: Event #997
Recorded event in DynamoDB Local: Event #998
Recorded event in DynamoDB Local: Event #999
Recorded event in DynamoDB Local: Event #1000
Recorded event in DynamoDB Local: Event #1001
Recorded event in DynamoDB Local: Event #1002
Recorded event in DynamoDB Local: Event #1003
Recorded event in DynamoDB Local: Event #1004
Recorded event in DynamoDB Local: Event #1005
Recorded event in DynamoDB Local: Event #1006
Recorded event in DynamoDB Local: Event #1007
Recorded event in DynamoDB Local: Event #1008
Recorded event in DynamoDB Local: Event #1009
Recorded event in DynamoDB Local: Event #1010
Recorded event in DynamoDB Local: Event #1011
Recorded event in DynamoDB Local: Event #1012
Recorded event in DynamoDB Local: Event #1013
Recorded event in DynamoDB Local: Event #1014
Recorded event in DynamoDB Local: Event #1015
Recorded event in DynamoDB Local: Event #1016
Recorded event in DynamoDB Local: Event #1017
Recorded event in DynamoDB Local: Event #1018
Recorded event in DynamoDB Local: Event #1019
Recorded event in DynamoDB Local: Event #1020
Recorded event in DynamoDB Local: Event #1021
Recorded event in DynamoDB Local: Event #1022
Recorded event in DynamoDB Local: Event #1023
Recorded event in DynamoDB Local: Event #1024
Recorded event in DynamoDB Local: Event #1025
Recorded event in DynamoDB Local: Event #1026
Recorded event in DynamoDB Local: Event #1027
Recorded event in DynamoDB Local: Event #1028
Recorded event in DynamoDB Local: Event #1029
Recorded event in DynamoDB Local: Event #1030
Recorded event in DynamoDB Local: Event #1031
Recorded event in DynamoDB Local: Event #1032
Recorded event in DynamoDB Local: Event #1033
Recorded event in DynamoDB Local: Event #1034
Recorded event in DynamoDB Local: Event #1035
Recorded event in DynamoDB Local: Event #1036
Recorded event in DynamoDB Local: Event #1037
Recorded event in DynamoDB Local: Event #1038
Recorded event in DynamoDB Local: Event #1039
Recorded event in DynamoDB Local: Event #1040
Recorded event in DynamoDB Local: Event #1041
Recorded event in DynamoDB Local: Event #1042
Recorded event in DynamoDB Local: Event #1043
Recorded event in DynamoDB Local: Event #1044
Recorded event in DynamoDB Local: Event #1045
Recorded event in DynamoDB Local: Event #1046
Recorded event in DynamoDB Local: Event #1047
Recorded event in DynamoDB Local: Event #1048
Recorded event in DynamoDB Local: Event #1049
Recorded event in DynamoDB Local: Event #1050
Recorded event in DynamoDB Local: Event #1051
Recorded event in DynamoDB Local: Event #1052
Recorded event in DynamoDB Local: Event #1053
Recorded event in DynamoDB Local: Event #1054
Recorded event in DynamoDB Local: Event #1055
Recorded event in DynamoDB Local: Event #1056
Recorded event in DynamoDB Local: Event #1057
Recorded event in DynamoDB Local: Event #1058
Recorded event in DynamoDB Local: Event #1059
Recorded event in DynamoDB Local: Event #1060
Recorded event in DynamoDB Local: Event #1061
Recorded event in DynamoDB Local: Event #1062
Recorded event in DynamoDB Local: Event #1063
Recorded event in DynamoDB Local: Event #1064
Recorded event in DynamoDB Local: Event #1065
Recorded event in DynamoDB Local: Event #1066
Recorded event in DynamoDB Local: Event #1067
Recorded event in DynamoDB Local: Event #1068
Recorded event in DynamoDB Local: Event #1069
Recorded event in DynamoDB Local: Event #1070
Recorded event in DynamoDB Local: Event #1071
Recorded event in DynamoDB Local: Event #1072
Recorded event in DynamoDB Local: Event #1073
Recorded event in DynamoDB Local: Event #1074
Recorded event in DynamoDB Local: Event #1075
Recorded event in DynamoDB Local: Event #1076
Recorded event in DynamoDB Local: Event #1077
Recorded event in DynamoDB Local: Event #1078
Recorded event in DynamoDB Local: Event #1079
Recorded event in DynamoDB Local: Event #1080
Recorded event in DynamoDB Local: Event #1081
Recorded event in DynamoDB Local: Event #1082
Recorded event in DynamoDB Local: Event #1083
Recorded event in DynamoDB Local: Event #1084
Recorded event in DynamoDB Local: Event #1085
Recorded event in DynamoDB Local: Event #1086
Recorded event in DynamoDB Local: Event #1087
Recorded event in DynamoDB Local: Event #1088
Recorded event in DynamoDB Local: Event #1089
Recorded event in DynamoDB Local: Event #1090
Recorded event in DynamoDB Local: Event #1091
Recorded event in DynamoDB Local: Event #1092
Recorded event in DynamoDB Local: Event #1093
Recorded event in DynamoDB Local: Event #1094
Recorded event in DynamoDB Local: Event #1095
Recorded event in DynamoDB Local: Event #1096
Recorded event in DynamoDB Local: Event #1097
Recorded event in DynamoDB Local: Event #1098
Recorded event in DynamoDB Local: Event #1099
Recorded event in DynamoDB Local: Event #1100
Recorded event in DynamoDB Local: Event #1101
Recorded event in DynamoDB Local: Event #1102
Recorded event in DynamoDB Local: Event #1103
Recorded event in DynamoDB Local: Event #1104
Recorded event in DynamoDB Local: Event #1105
Recorded event in DynamoDB Local: Event #1106
Recorded event in DynamoDB Local: Event #1107
Recorded event in DynamoDB Local: Event #1108
Recorded event in DynamoDB Local: Event #1109
Recorded event in DynamoDB Local: Event #1110
Recorded event in DynamoDB Local: Event #1111
Recorded event in DynamoDB Local: Event #1112
Recorded event in DynamoDB Local: Event #1113
Recorded event in DynamoDB Local: Event #1114
Recorded event in DynamoDB Local: Event #1115
Recorded event in DynamoDB Local: Event #1116
Recorded event in DynamoDB Local: Event #1117
Recorded event in DynamoDB Local: Event #1118
Recorded event in DynamoDB Local: Event #1119
Recorded event in DynamoDB Local: Event #1120
Recorded event in DynamoDB Local: Event #1121
Recorded event in DynamoDB Local: Event #1122
Recorded event in DynamoDB Local: Event #1123
Recorded event in DynamoDB Local: Event #1124
Recorded event in DynamoDB Local: Event #1125
Recorded event in DynamoDB Local: Event #1126
Recorded event in DynamoDB Local: Event #1127
Recorded event in DynamoDB Local: Event #1128
Recorded event in DynamoDB Local: Event #1129
Recorded event in DynamoDB Local: Event #1130
Recorded event in DynamoDB Local: Event #1131
Recorded event in DynamoDB Local: Event #1132
Recorded event in DynamoDB Local: Event #1133
Recorded event in DynamoDB Local: Event #1134
Recorded event in DynamoDB Local: Event #1135
Recorded event in DynamoDB Local: Event #1136
Recorded event in DynamoDB Local: Event #1137
Recorded event in DynamoDB Local: Event #1138
Recorded event in DynamoDB Local: Event #1139
Recorded event in DynamoDB Local: Event #1140
Recorded event in DynamoDB Local: Event #1141
Recorded event in DynamoDB Local: Event #1142
Recorded event in DynamoDB Local: Event #1143
Recorded event in DynamoDB Local: Event #1144
Recorded event in DynamoDB Local: Event #1145
Recorded event in DynamoDB Local: Event #1146
Recorded event in DynamoDB Local: Event #1147
Recorded event in DynamoDB Local: Event #1148
Recorded event in DynamoDB Local: Event #1149
Recorded event in DynamoDB Local: Event #1150
Recorded event in DynamoDB Local: Event #1151
Recorded event in DynamoDB Local: Event #1152
Recorded event in DynamoDB Local: Event #1153
Recorded event in DynamoDB Local: Event #1154
Recorded event in DynamoDB Local: Event #1155
Recorded event in DynamoDB Local: Event #1156
Recorded event in DynamoDB Local: Event #1157
Recorded event in DynamoDB Local: Event #1158
Recorded event in DynamoDB Local: Event #1159
Recorded event in DynamoDB Local: Event #1160
Recorded event in DynamoDB Local: Event #1161
Recorded event in DynamoDB Local: Event #1162
Recorded event in DynamoDB Local: Event #1163
Recorded event in DynamoDB Local: Event #1164
Recorded event in DynamoDB Local: Event #1165
Recorded event in DynamoDB Local: Event #1166
Recorded event in DynamoDB Local: Event #1167
Recorded event in DynamoDB Local: Event #1168
Recorded event in DynamoDB Local: Event #1169
Recorded event in DynamoDB Local: Event #1170
Recorded event in DynamoDB Local: Event #1171
Recorded event in DynamoDB Local: Event #1172
Recorded event in DynamoDB Local: Event #1173
Recorded event in DynamoDB Local: Event #1174
Recorded event in DynamoDB Local: Event #1175
Recorded event in DynamoDB Local: Event #1176
Recorded event in DynamoDB Local: Event #1177
Recorded event in DynamoDB Local: Event #1178
Recorded event in DynamoDB Local: Event #1179
Recorded event in DynamoDB Local: Event #1180
Recorded event in DynamoDB Local: Event #1181
Recorded event in DynamoDB Local: Event #1182
Recorded event in DynamoDB Local: Event #1183
Recorded event in DynamoDB Local: Event #1184
Recorded event in DynamoDB Local: Event #1185
Recorded event in DynamoDB Local: Event #1186
Recorded event in DynamoDB Local: Event #1187
Recorded event in DynamoDB Local: Event #1188
Recorded event in DynamoDB Local: Event #1189
Recorded event in DynamoDB Local: Event #1190
Recorded event in DynamoDB Local: Event #1191
Recorded event in DynamoDB Local: Event #1192
Recorded event in DynamoDB Local: Event #1193
Recorded event in DynamoDB Local: Event #1194
Recorded event in DynamoDB Local: Event #1195
Recorded event in DynamoDB Local: Event #1196
Recorded event in DynamoDB Local: Event #1197
Recorded event in DynamoDB Local: Event #1198
Recorded event in DynamoDB Local: Event #1199
Recorded event in DynamoDB Local: Event #1200
Recorded event in DynamoDB Local: Event #1201
Recorded event in DynamoDB Local: Event #1202
Recorded event in DynamoDB Local: Event #1203
Recorded event in DynamoDB Local: Event #1204
Recorded event in DynamoDB Local: Event #1205
Recorded event in DynamoDB Local: Event #1206
Recorded event in DynamoDB Local: Event #1207
Recorded event in DynamoDB Local: Event #1208
Recorded event in DynamoDB Local: Event #1209
Recorded event in DynamoDB Local: Event #1210
Recorded event in DynamoDB Local: Event #1211
Recorded event in DynamoDB Local: Event #1212
Recorded event in DynamoDB Local: Event #1213
Recorded event in DynamoDB Local: Event #1214
Recorded event in DynamoDB Local: Event #1215
Recorded event in DynamoDB Local: Event #1216
Recorded event in DynamoDB Local: Event #1217
Recorded event in DynamoDB Local: Event #1218
Recorded event in DynamoDB Local: Event #1219
Recorded event in DynamoDB Local: Event #1220
Recorded event in DynamoDB Local: Event #1221
Recorded event in DynamoDB Local: Event #1222
Recorded event in DynamoDB Local: Event #1223
Recorded event in DynamoDB Local: Event #1224
Recorded event in DynamoDB Local: Event #1225
Recorded event in DynamoDB Local: Event #1226
Recorded event in DynamoDB Local: Event #1227
Recorded event in DynamoDB Local: Event #1228
Recorded event in DynamoDB Local: Event #1229
Recorded event in DynamoDB Local: Event #1230
Recorded event in DynamoDB Local: Event #1231
Recorded event in DynamoDB Local: Event #1232
Recorded event in DynamoDB Local: Event #1233
Recorded event in DynamoDB Local: Event #1234
Recorded event in DynamoDB Local: Event #1235
Recorded event in DynamoDB Local: Event #1236
Recorded event in DynamoDB Local: Event #1237
Recorded event in DynamoDB Local: Event #1238
Recorded event in DynamoDB Local: Event #1239
Recorded event in DynamoDB Local: Event #1240
Recorded event in DynamoDB Local: Event #1241
Recorded event in DynamoDB Local: Event #1242
Recorded event in DynamoDB Local: Event #1243
Recorded event in DynamoDB Local: Event #1244
Recorded event in DynamoDB Local: Event #1245
Recorded event in DynamoDB Local: Event #1246
Recorded event in DynamoDB Local: Event #1247
Recorded event in DynamoDB Local: Event #1248
Recorded event in DynamoDB Local: Event #1249
Recorded event in DynamoDB Local: Event #1250
Recorded event in DynamoDB Local: Event #1251
Recorded event in DynamoDB Local: Event #1252
Recorded event in DynamoDB Local: Event #1253
Recorded event in DynamoDB Local: Event #1254
Recorded event in DynamoDB Local: Event #1255
Recorded event in DynamoDB Local: Event #1256
Recorded event in DynamoDB Local: Event #1257
Recorded event in DynamoDB Local: Event #1258
Recorded event in DynamoDB Local: Event #1259
Recorded event in DynamoDB Local: Event #1260
Recorded event in DynamoDB Local: Event #1261
Recorded event in DynamoDB Local: Event #1262
Recorded event in DynamoDB Local: Event #1263
Recorded event in DynamoDB Local: Event #1264
Recorded event in DynamoDB Local: Event #1265
Recorded event in DynamoDB Local: Event #1266
Recorded event in DynamoDB Local: Event #1267
Recorded event in DynamoDB Local: Event #1268
Recorded event in DynamoDB Local: Event #1269
Recorded event in DynamoDB Local: Event #1270
Recorded event in DynamoDB Local: Event #1271
Recorded event in DynamoDB Local: Event #1272
Recorded event in DynamoDB Local: Event #1273
Recorded event in DynamoDB Local: Event #1274
Recorded event in DynamoDB Local: Event #1275
Recorded event in DynamoDB Local: Event #1276
Recorded event in DynamoDB Local: Event #1277
Recorded event in DynamoDB Local: Event #1278
Recorded event in DynamoDB Local: Event #1279
Recorded event in DynamoDB Local: Event #1280
Recorded event in DynamoDB Local: Event #1281
Recorded event in DynamoDB Local: Event #1282
Recorded event in DynamoDB Local: Event #1283
Recorded event in DynamoDB Local: Event #1284
Recorded event in DynamoDB Local: Event #1285
Recorded event in DynamoDB Local: Event #1286
Recorded event in DynamoDB Local: Event #1287
Recorded event in DynamoDB Local: Event #1288
Recorded event in DynamoDB Local: Event #1289
Recorded event in DynamoDB Local: Event #1290
Recorded event in DynamoDB Local: Event #1291
Recorded event in DynamoDB Local: Event #1292
Recorded event in DynamoDB Local: Event #1293
Recorded event in DynamoDB Local: Event #1294
Recorded event in DynamoDB Local: Event #1295
Recorded event in DynamoDB Local: Event #1296
Recorded event in DynamoDB Local: Event #1297
Recorded event in DynamoDB Local: Event #1298
Recorded event in DynamoDB Local: Event #1299
Recorded event in DynamoDB Local: Event #1300
Recorded event in DynamoDB Local: Event #1301
Recorded event in DynamoDB Local: Event #1302
Recorded event in DynamoDB Local: Event #1303
Recorded event in DynamoDB Local: Event #1304
Recorded event in DynamoDB Local: Event #1305
Recorded event in DynamoDB Local: Event #1306
Recorded event in DynamoDB Local: Event #1307
Recorded event in DynamoDB Local: Event #1308
Recorded event in DynamoDB Local: Event #1309
Recorded event in DynamoDB Local: Event #1310
Recorded event in DynamoDB Local: Event #1311
Recorded event in DynamoDB Local: Event #1312
Recorded event in DynamoDB Local: Event #1313
Recorded event in DynamoDB Local: Event #1314
Recorded event in DynamoDB Local: Event #1315
Recorded event in DynamoDB Local: Event #1316
Recorded event in DynamoDB Local: Event #1317
Recorded event in DynamoDB Local: Event #1318
Recorded event in DynamoDB Local: Event #1319
Recorded event in DynamoDB Local: Event #1320
Recorded event in DynamoDB Local: Event #1321
Recorded event in DynamoDB Local: Event #1322
Recorded event in DynamoDB Local: Event #1323
Recorded event in DynamoDB Local: Event #1324
Recorded event in DynamoDB Local: Event #1325
Recorded event in DynamoDB Local: Event #1326
Recorded event in DynamoDB Local: Event #1327
Recorded event in DynamoDB Local: Event #1328
Recorded event in DynamoDB Local: Event #1329
Recorded event in DynamoDB Local: Event #1330
Recorded event in DynamoDB Local: Event #1331
Recorded event in DynamoDB Local: Event #1332
Recorded event in DynamoDB Local: Event #1333
Recorded event in DynamoDB Local: Event #1334
Recorded event in DynamoDB Local: Event #1335
Recorded event in DynamoDB Local: Event #1336
Recorded event in DynamoDB Local: Event #1337
Recorded event in DynamoDB Local: Event #1338
Recorded event in DynamoDB Local: Event #1339
Recorded event in DynamoDB Local: Event #1340
Recorded event in DynamoDB Local: Event #1341
Recorded event in DynamoDB Local: Event #1342
Recorded event in DynamoDB Local: Event #1343
Recorded event in DynamoDB Local: Event #1344
Recorded event in DynamoDB Local: Event #1345
Recorded event in DynamoDB Local: Event #1346
Recorded event in DynamoDB Local: Event #1347
Recorded event in DynamoDB Local: Event #1348
Recorded event in DynamoDB Local: Event #1349
Recorded event in DynamoDB Local: Event #1350
Recorded event in DynamoDB Local: Event #1351
Recorded event in DynamoDB Local: Event #1352
Recorded event in DynamoDB Local: Event #1353
Recorded event in DynamoDB Local: Event #1354
Recorded event in DynamoDB Local: Event #1355
Recorded event in DynamoDB Local: Event #1356
Recorded event in DynamoDB Local: Event #1357
Recorded event in DynamoDB Local: Event #1358
Recorded event in DynamoDB Local: Event #1359
Recorded event in DynamoDB Local: Event #1360
Recorded event in DynamoDB Local: Event #1361
Recorded event in DynamoDB Local: Event #1362
Recorded event in DynamoDB Local: Event #1363
Recorded event in DynamoDB Local: Event #1364
Recorded event in DynamoDB Local: Event #1365
Recorded event in DynamoDB Local: Event #1366
Recorded event in DynamoDB Local: Event #1367
Recorded event in DynamoDB Local: Event #1368
Recorded event in DynamoDB Local: Event #1369
Recorded event in DynamoDB Local: Event #1370
Recorded event in DynamoDB Local: Event #1371
Recorded event in DynamoDB Local: Event #1372
Recorded event in DynamoDB Local: Event #1373
Recorded event in DynamoDB Local: Event #1374
Recorded event in DynamoDB Local: Event #1375
Recorded event in DynamoDB Local: Event #1376
Recorded event in DynamoDB Local: Event #1377
Recorded event in DynamoDB Local: Event #1378
Recorded event in DynamoDB Local: Event #1379
Recorded event in DynamoDB Local: Event #1380
Recorded event in DynamoDB Local: Event #1381
Recorded event in DynamoDB Local: Event #1382
Recorded event in DynamoDB Local: Event #1383
Recorded event in DynamoDB Local: Event #1384
Recorded event in DynamoDB Local: Event #1385
Recorded event in DynamoDB Local: Event #1386
Recorded event in DynamoDB Local: Event #1387
Recorded event in DynamoDB Local: Event #1388
Recorded event in DynamoDB Local: Event #1389
Recorded event in DynamoDB Local: Event #1390
Recorded event in DynamoDB Local: Event #1391
Recorded event in DynamoDB Local: Event #1392
Recorded event in DynamoDB Local: Event #1393
Recorded event in DynamoDB Local: Event #1394
Recorded event in DynamoDB Local: Event #1395
Recorded event in DynamoDB Local: Event #1396
Recorded event in DynamoDB Local: Event #1397
Recorded event in DynamoDB Local: Event #1398
Recorded event in DynamoDB Local: Event #1399
Recorded event in DynamoDB Local: Event #1400
Recorded event in DynamoDB Local: Event #1401
Recorded event in DynamoDB Local: Event #1402
Recorded event in DynamoDB Local: Event #1403
Recorded event in DynamoDB Local: Event #1404
Recorded event in DynamoDB Local: Event #1405
Recorded event in DynamoDB Local: Event #1406
Recorded event in DynamoDB Local: Event #1407
Recorded event in DynamoDB Local: Event #1408
Recorded event in DynamoDB Local: Event #1409
Recorded event in DynamoDB Local: Event #1410
Recorded event in DynamoDB Local: Event #1411
Recorded event in DynamoDB Local: Event #1412
Recorded event in DynamoDB Local: Event #1413
Recorded event in DynamoDB Local: Event #1414
Recorded event in DynamoDB Local: Event #1415
Recorded event in DynamoDB Local: Event #1416
Recorded event in DynamoDB Local: Event #1417
Recorded event in DynamoDB Local: Event #1418
Recorded event in DynamoDB Local: Event #1419
Recorded event in DynamoDB Local: Event #1420
Recorded event in DynamoDB Local: Event #1421
Recorded event in DynamoDB Local: Event #1422
Recorded event in DynamoDB Local: Event #1423
Recorded event in DynamoDB Local: Event #1424
Recorded event in DynamoDB Local: Event #1425
Recorded event in DynamoDB Local: Event #1426
Recorded event in DynamoDB Local: Event #1427
Recorded event in DynamoDB Local: Event #1428
Recorded event in DynamoDB Local: Event #1429
Recorded event in DynamoDB Local: Event #1430
Recorded event in DynamoDB Local: Event #1431
Recorded event in DynamoDB Local: Event #1432
Recorded event in DynamoDB Local: Event #1433
Recorded event in DynamoDB Local: Event #1434
Recorded event in DynamoDB Local: Event #1435
Recorded event in DynamoDB Local: Event #1436
Recorded event in DynamoDB Local: Event #1437
Recorded event in DynamoDB Local: Event #1438
Recorded event in DynamoDB Local: Event #1439
Recorded event in DynamoDB Local: Event #1440
Recorded event in DynamoDB Local: Event #1441
Recorded event in DynamoDB Local: Event #1442
Recorded event in DynamoDB Local: Event #1443
Recorded event in DynamoDB Local: Event #1444
Recorded event in DynamoDB Local: Event #1445
Recorded event in DynamoDB Local: Event #1446
Recorded event in DynamoDB Local: Event #1447
Recorded event in DynamoDB Local: Event #1448
Recorded event in DynamoDB Local: Event #1449
Recorded event in DynamoDB Local: Event #1450
Recorded event in DynamoDB Local: Event #1451
Recorded event in DynamoDB Local: Event #1452
Recorded event in DynamoDB Local: Event #1453
Recorded event in DynamoDB Local: Event #1454
Recorded event in DynamoDB Local: Event #1455
Recorded event in DynamoDB Local: Event #1456
Recorded event in DynamoDB Local: Event #1457
Recorded event in DynamoDB Local: Event #1458
Recorded event in DynamoDB Local: Event #1459
Recorded event in DynamoDB Local: Event #1460
Recorded event in DynamoDB Local: Event #1461
Recorded event in DynamoDB Local: Event #1462
Recorded event in DynamoDB Local: Event #1463
Recorded event in DynamoDB Local: Event #1464
Recorded event in DynamoDB Local: Event #1465
Recorded event in DynamoDB Local: Event #1466
Recorded event in DynamoDB Local: Event #1467
Recorded event in DynamoDB Local: Event #1468
Recorded event in DynamoDB Local: Event #1469
Recorded event in DynamoDB Local: Event #1470
Recorded event in DynamoDB Local: Event #1471
Recorded event in DynamoDB Local: Event #1472
Recorded event in DynamoDB Local: Event #1473
Recorded event in DynamoDB Local: Event #1474
Recorded event in DynamoDB Local: Event #1475
Recorded event in DynamoDB Local: Event #1476
Recorded event in DynamoDB Local: Event #1477
Recorded event in DynamoDB Local: Event #1478
Recorded event in DynamoDB Local: Event #1479
Recorded event in DynamoDB Local: Event #1480
Recorded event in DynamoDB Local: Event #1481
Recorded event in DynamoDB Local: Event #1482
Recorded event in DynamoDB Local: Event #1483
Recorded event in DynamoDB Local: Event #1484
Recorded event in DynamoDB Local: Event #1485
Recorded event in DynamoDB Local: Event #1486
Recorded event in DynamoDB Local: Event #1487
Recorded event in DynamoDB Local: Event #1488
Recorded event in DynamoDB Local: Event #1489
Recorded event in DynamoDB Local: Event #1490
Recorded event in DynamoDB Local: Event #1491
Recorded event in DynamoDB Local: Event #1492
Recorded event in DynamoDB Local: Event #1493
Recorded event in DynamoDB Local: Event #1494
Recorded event in DynamoDB Local: Event #1495
Recorded event in DynamoDB Local: Event #1496
Recorded event in DynamoDB Local: Event #1497
Recorded event in DynamoDB Local: Event #1498
Recorded event in DynamoDB Local: Event #1499
Recorded event in DynamoDB Local: Event #1500
Recorded event in DynamoDB Local: Event #1501
Recorded event in DynamoDB Local: Event #1502
Recorded event in DynamoDB Local: Event #1503
Recorded event in DynamoDB Local: Event #1504
Recorded event in DynamoDB Local: Event #1505
Recorded event in DynamoDB Local: Event #1506
Recorded event in DynamoDB Local: Event #1507
Recorded event in DynamoDB Local: Event #1508
Recorded event in DynamoDB Local: Event #1509
Recorded event in DynamoDB Local: Event #1510
Recorded event in DynamoDB Local: Event #1511
Recorded event in DynamoDB Local: Event #1512
Recorded event in DynamoDB Local: Event #1513
Recorded event in DynamoDB Local: Event #1514
Recorded event in DynamoDB Local: Event #1515
Recorded event in DynamoDB Local: Event #1516
Recorded event in DynamoDB Local: Event #1517
Recorded event in DynamoDB Local: Event #1518
Recorded event in DynamoDB Local: Event #1519
Recorded event in DynamoDB Local: Event #1520
Recorded event in DynamoDB Local: Event #1521
Recorded event in DynamoDB Local: Event #1522
Recorded event in DynamoDB Local: Event #1523
Recorded event in DynamoDB Local: Event #1524
Recorded event in DynamoDB Local: Event #1525
Recorded event in DynamoDB Local: Event #1526
Recorded event in DynamoDB Local: Event #1527
Recorded event in DynamoDB Local: Event #1528
Recorded event in DynamoDB Local: Event #1529
Recorded event in DynamoDB Local: Event #1530
Recorded event in DynamoDB Local: Event #1531
Recorded event in DynamoDB Local: Event #1532
Recorded event in DynamoDB Local: Event #1533
Recorded event in DynamoDB Local: Event #1534
Recorded event in DynamoDB Local: Event #1535
Recorded event in DynamoDB Local: Event #1536
Recorded event in DynamoDB Local: Event #1537
Recorded event in DynamoDB Local: Event #1538
Recorded event in DynamoDB Local: Event #1539
Recorded event in DynamoDB Local: Event #1540
Recorded event in DynamoDB Local: Event #1541
Recorded event in DynamoDB Local: Event #1542
Recorded event in DynamoDB Local: Event #1543
Recorded event in DynamoDB Local: Event #1544
Recorded event in DynamoDB Local: Event #1545
Recorded event in DynamoDB Local: Event #1546
Recorded event in DynamoDB Local: Event #1547
Recorded event in DynamoDB Local: Event #1548
Recorded event in DynamoDB Local: Event #1549
Recorded event in DynamoDB Local: Event #1550
Recorded event in DynamoDB Local: Event #1551
Recorded event in DynamoDB Local: Event #1552
Recorded event in DynamoDB Local: Event #1553
Recorded event in DynamoDB Local: Event #1554
Recorded event in DynamoDB Local: Event #1555
Recorded event in DynamoDB Local: Event #1556
Recorded event in DynamoDB Local: Event #1557
Recorded event in DynamoDB Local: Event #1558
Recorded event in DynamoDB Local: Event #1559
Recorded event in DynamoDB Local: Event #1560
Recorded event in DynamoDB Local: Event #1561
Recorded event in DynamoDB Local: Event #1562
Recorded event in DynamoDB Local: Event #1563
Recorded event in DynamoDB Local: Event #1564
Recorded event in DynamoDB Local: Event #1565
Recorded event in DynamoDB Local: Event #1566
Recorded event in DynamoDB Local: Event #1567
Recorded event in DynamoDB Local: Event #1568
Recorded event in DynamoDB Local: Event #1569
Recorded event in DynamoDB Local: Event #1570
Recorded event in DynamoDB Local: Event #1571
Recorded event in DynamoDB Local: Event #1572
Recorded event in DynamoDB Local: Event #1573
Recorded event in DynamoDB Local: Event #1574
Recorded event in DynamoDB Local: Event #1575
Recorded event in DynamoDB Local: Event #1576
Recorded event in DynamoDB Local: Event #1577
Recorded event in DynamoDB Local: Event #1578
Recorded event in DynamoDB Local: Event #1579
Recorded event in DynamoDB Local: Event #1580
Recorded event in DynamoDB Local: Event #1581
Recorded event in DynamoDB Local: Event #1582
Recorded event in DynamoDB Local: Event #1583
Recorded event in DynamoDB Local: Event #1584
Recorded event in DynamoDB Local: Event #1585
Recorded event in DynamoDB Local: Event #1586
Recorded event in DynamoDB Local: Event #1587
Recorded event in DynamoDB Local: Event #1588
Recorded event in DynamoDB Local: Event #1589
Recorded event in DynamoDB Local: Event #1590
Recorded event in DynamoDB Local: Event #1591
Recorded event in DynamoDB Local: Event #1592
Recorded event in DynamoDB Local: Event #1593
Recorded event in DynamoDB Local: Event #1594
Recorded event in DynamoDB Local: Event #1595
Recorded event in DynamoDB Local: Event #1596
Recorded event in DynamoDB Local: Event #1597
Recorded event in DynamoDB Local: Event #1598
Recorded event in DynamoDB Local: Event #1599
Recorded event in DynamoDB Local: Event #1600
Recorded event in DynamoDB Local: Event #1601
Recorded event in DynamoDB Local: Event #1602
Recorded event in DynamoDB Local: Event #1603
Recorded event in DynamoDB Local: Event #1604
Recorded event in DynamoDB Local: Event #1605
Recorded event in DynamoDB Local: Event #1606
Recorded event in DynamoDB Local: Event #1607
Recorded event in DynamoDB Local: Event #1608
Recorded event in DynamoDB Local: Event #1609
Recorded event in DynamoDB Local: Event #1610
Recorded event in DynamoDB Local: Event #1611
Recorded event in DynamoDB Local: Event #1612
Recorded event in DynamoDB Local: Event #1613
Recorded event in DynamoDB Local: Event #1614
Recorded event in DynamoDB Local: Event #1615
Recorded event in DynamoDB Local: Event #1616
Recorded event in DynamoDB Local: Event #1617
Recorded event in DynamoDB Local: Event #1618
Recorded event in DynamoDB Local: Event #1619
Recorded event in DynamoDB Local: Event #1620
Recorded event in DynamoDB Local: Event #1621
Recorded event in DynamoDB Local: Event #1622
Recorded event in DynamoDB Local: Event #1623
Recorded event in DynamoDB Local: Event #1624
Recorded event in DynamoDB Local: Event #1625
Recorded event in DynamoDB Local: Event #1626
Recorded event in DynamoDB Local: Event #1627
Recorded event in DynamoDB Local: Event #1628
Recorded event in DynamoDB Local: Event #1629
Recorded event in DynamoDB Local: Event #1630
Recorded event in DynamoDB Local: Event #1631
Recorded event in DynamoDB Local: Event #1632
Recorded event in DynamoDB Local: Event #1633
Recorded event in DynamoDB Local: Event #1634
Recorded event in DynamoDB Local: Event #1635
Recorded event in DynamoDB Local: Event #1636
Recorded event in DynamoDB Local: Event #1637
Recorded event in DynamoDB Local: Event #1638
Recorded event in DynamoDB Local: Event #1639
Recorded event in DynamoDB Local: Event #1640
Recorded event in DynamoDB Local: Event #1641
Recorded event in DynamoDB Local: Event #1642
Recorded event in DynamoDB Local: Event #1643
Recorded event in DynamoDB Local: Event #1644
Recorded event in DynamoDB Local: Event #1645
Recorded event in DynamoDB Local: Event #1646
Recorded event in DynamoDB Local: Event #1647
Recorded event in DynamoDB Local: Event #1648
Recorded event in DynamoDB Local: Event #1649
Recorded event in DynamoDB Local: Event #1650
Recorded event in DynamoDB Local: Event #1651
Recorded event in DynamoDB Local: Event #1652
Recorded event in DynamoDB Local: Event #1653
Recorded event in DynamoDB Local: Event #1654
Recorded event in DynamoDB Local: Event #1655
Recorded event in DynamoDB Local: Event #1656
Recorded event in DynamoDB Local: Event #1657
Recorded event in DynamoDB Local: Event #1658
Recorded event in DynamoDB Local: Event #1659
Recorded event in DynamoDB Local: Event #1660
Recorded event in DynamoDB Local: Event #1661
Recorded event in DynamoDB Local: Event #1662
Recorded event in DynamoDB Local: Event #1663
Recorded event in DynamoDB Local: Event #1664
Recorded event in DynamoDB Local: Event #1665
Recorded event in DynamoDB Local: Event #1666
Recorded event in DynamoDB Local: Event #1667
Recorded event in DynamoDB Local: Event #1668
Recorded event in DynamoDB Local: Event #1669
Recorded event in DynamoDB Local: Event #1670
Recorded event in DynamoDB Local: Event #1671
Recorded event in DynamoDB Local: Event #1672
Recorded event in DynamoDB Local: Event #1673
Recorded event in DynamoDB Local: Event #1674
Recorded event in DynamoDB Local: Event #1675
Recorded event in DynamoDB Local: Event #1676
Recorded event in DynamoDB Local: Event #1677
Recorded event in DynamoDB Local: Event #1678
Recorded event in DynamoDB Local: Event #1679
Recorded event in DynamoDB Local: Event #1680
Recorded event in DynamoDB Local: Event #1681
Recorded event in DynamoDB Local: Event #1682
Recorded event in DynamoDB Local: Event #1683
Recorded event in DynamoDB Local: Event #1684
Recorded event in DynamoDB Local: Event #1685
Recorded event in DynamoDB Local: Event #1686
Recorded event in DynamoDB Local: Event #1687
Recorded event in DynamoDB Local: Event #1688
Recorded event in DynamoDB Local: Event #1689
Recorded event in DynamoDB Local: Event #1690
Recorded event in DynamoDB Local: Event #1691
Recorded event in DynamoDB Local: Event #1692
Recorded event in DynamoDB Local: Event #1693
Recorded event in DynamoDB Local: Event #1694
Recorded event in DynamoDB Local: Event #1695
Recorded event in DynamoDB Local: Event #1696
Recorded event in DynamoDB Local: Event #1697
Recorded event in DynamoDB Local: Event #1698
Recorded event in DynamoDB Local: Event #1699
Recorded event in DynamoDB Local: Event #1700
Recorded event in DynamoDB Local: Event #1701
Recorded event in DynamoDB Local: Event #1702
Recorded event in DynamoDB Local: Event #1703
Recorded event in DynamoDB Local: Event #1704
Recorded event in DynamoDB Local: Event #1705
Recorded event in DynamoDB Local: Event #1706
Recorded event in DynamoDB Local: Event #1707
Recorded event in DynamoDB Local: Event #1708
Recorded event in DynamoDB Local: Event #1709
Recorded event in DynamoDB Local: Event #1710
Recorded event in DynamoDB Local: Event #1711
Recorded event in DynamoDB Local: Event #1712
Recorded event in DynamoDB Local: Event #1713
Recorded event in DynamoDB Local: Event #1714
Recorded event in DynamoDB Local: Event #1715
Recorded event in DynamoDB Local: Event #1716
Recorded event in DynamoDB Local: Event #1717
Recorded event in DynamoDB Local: Event #1718
Recorded event in DynamoDB Local: Event #1719
Recorded event in DynamoDB Local: Event #1720
Recorded event in DynamoDB Local: Event #1721
Recorded event in DynamoDB Local: Event #1722
Recorded event in DynamoDB Local: Event #1723
Recorded event in DynamoDB Local: Event #1724
Recorded event in DynamoDB Local: Event #1725
Recorded event in DynamoDB Local: Event #1726
Recorded event in DynamoDB Local: Event #1727
Recorded event in DynamoDB Local: Event #1728
Recorded event in DynamoDB Local: Event #1729
Recorded event in DynamoDB Local: Event #1730
Recorded event in DynamoDB Local: Event #1731
Recorded event in DynamoDB Local: Event #1732
Recorded event in DynamoDB Local: Event #1733
Recorded event in DynamoDB Local: Event #1734
Recorded event in DynamoDB Local: Event #1735
Recorded event in DynamoDB Local: Event #1736
Recorded event in DynamoDB Local: Event #1737
Recorded event in DynamoDB Local: Event #1738
Recorded event in DynamoDB Local: Event #1739
Recorded event in DynamoDB Local: Event #1740
Recorded event in DynamoDB Local: Event #1741
Recorded event in DynamoDB Local: Event #1742
Recorded event in DynamoDB Local: Event #1743
Recorded event in DynamoDB Local: Event #1744
Recorded event in DynamoDB Local: Event #1745
Recorded event in DynamoDB Local: Event #1746
Recorded event in DynamoDB Local: Event #1747
Recorded event in DynamoDB Local: Event #1748
Recorded event in DynamoDB Local: Event #1749
Recorded event in DynamoDB Local: Event #1750
Recorded event in DynamoDB Local: Event #1751
Recorded event in DynamoDB Local: Event #1752
Recorded event in DynamoDB Local: Event #1753
Recorded event in DynamoDB Local: Event #1754
Recorded event in DynamoDB Local: Event #1755
Recorded event in DynamoDB Local: Event #1756
Recorded event in DynamoDB Local: Event #1757
Recorded event in DynamoDB Local: Event #1758
Recorded event in DynamoDB Local: Event #1759
Recorded event in DynamoDB Local: Event #1760
Recorded event in DynamoDB Local: Event #1761
Recorded event in DynamoDB Local: Event #1762
Recorded event in DynamoDB Local: Event #1763
Recorded event in DynamoDB Local: Event #1764
Recorded event in DynamoDB Local: Event #1765
Recorded event in DynamoDB Local: Event #1766
Recorded event in DynamoDB Local: Event #1767
Recorded event in DynamoDB Local: Event #1768
Recorded event in DynamoDB Local: Event #1769
Recorded event in DynamoDB Local: Event #1770
Recorded event in DynamoDB Local: Event #1771
Recorded event in DynamoDB Local: Event #1772
Recorded event in DynamoDB Local: Event #1773
Recorded event in DynamoDB Local: Event #1774
Recorded event in DynamoDB Local: Event #1775
Recorded event in DynamoDB Local: Event #1776
Recorded event in DynamoDB Local: Event #1777
Recorded event in DynamoDB Local: Event #1778
Recorded event in DynamoDB Local: Event #1779
Recorded event in DynamoDB Local: Event #1780
Recorded event in DynamoDB Local: Event #1781
Recorded event in DynamoDB Local: Event #1782
Recorded event in DynamoDB Local: Event #1783
Recorded event in DynamoDB Local: Event #1784
Recorded event in DynamoDB Local: Event #1785
Recorded event in DynamoDB Local: Event #1786
Recorded event in DynamoDB Local: Event #1787
Recorded event in DynamoDB Local: Event #1788
Recorded event in DynamoDB Local: Event #1789
Recorded event in DynamoDB Local: Event #1790
Recorded event in DynamoDB Local: Event #1791
Recorded event in DynamoDB Local: Event #1792
Recorded event in DynamoDB Local: Event #1793
Recorded event in DynamoDB Local: Event #1794
Recorded event in DynamoDB Local: Event #1795
Recorded event in DynamoDB Local: Event #1796
Recorded event in DynamoDB Local: Event #1797
Recorded event in DynamoDB Local: Event #1798
Recorded event in DynamoDB Local: Event #1799
Recorded event in DynamoDB Local: Event #1800
Recorded event in DynamoDB Local: Event #1801
Recorded event in DynamoDB Local: Event #1802
Recorded event in DynamoDB Local: Event #1803
Recorded event in DynamoDB Local: Event #1804
Recorded event in DynamoDB Local: Event #1805
Recorded event in DynamoDB Local: Event #1806
Recorded event in DynamoDB Local: Event #1807
Recorded event in DynamoDB Local: Event #1808
Recorded event in DynamoDB Local: Event #1809
Recorded event in DynamoDB Local: Event #1810
Recorded event in DynamoDB Local: Event #1811
Recorded event in DynamoDB Local: Event #1812
Recorded event in DynamoDB Local: Event #1813
Recorded event in DynamoDB Local: Event #1814
Recorded event in DynamoDB Local: Event #1815
Recorded event in DynamoDB Local: Event #1816
Recorded event in DynamoDB Local: Event #1817
Recorded event in DynamoDB Local: Event #1818
Recorded event in DynamoDB Local: Event #1819
Recorded event in DynamoDB Local: Event #1820
Recorded event in DynamoDB Local: Event #1821
Recorded event in DynamoDB Local: Event #1822
Recorded event in DynamoDB Local: Event #1823
Recorded event in DynamoDB Local: Event #1824
Recorded event in DynamoDB Local: Event #1825
Recorded event in DynamoDB Local: Event #1826
Recorded event in DynamoDB Local: Event #1827
Recorded event in DynamoDB Local: Event #1828
Recorded event in DynamoDB Local: Event #1829
Recorded event in DynamoDB Local: Event #1830
Recorded event in DynamoDB Local: Event #1831
Recorded event in DynamoDB Local: Event #1832
Recorded event in DynamoDB Local: Event #1833
Recorded event in DynamoDB Local: Event #1834
Recorded event in DynamoDB Local: Event #1835
Recorded event in DynamoDB Local: Event #1836
Recorded event in DynamoDB Local: Event #1837
Recorded event in DynamoDB Local: Event #1838
Recorded event in DynamoDB Local: Event #1839
Recorded event in DynamoDB Local: Event #1840
Recorded event in DynamoDB Local: Event #1841
Recorded event in DynamoDB Local: Event #1842
Recorded event in DynamoDB Local: Event #1843
Recorded event in DynamoDB Local: Event #1844
Recorded event in DynamoDB Local: Event #1845
Recorded event in DynamoDB Local: Event #1846
Recorded event in DynamoDB Local: Event #1847
Recorded event in DynamoDB Local: Event #1848
Recorded event in DynamoDB Local: Event #1849
Recorded event in DynamoDB Local: Event #1850
Recorded event in DynamoDB Local: Event #1851
Recorded event in DynamoDB Local: Event #1852
Recorded event in DynamoDB Local: Event #1853
Recorded event in DynamoDB Local: Event #1854
Recorded event in DynamoDB Local: Event #1855
Recorded event in DynamoDB Local: Event #1856
Recorded event in DynamoDB Local: Event #1857
Recorded event in DynamoDB Local: Event #1858
Recorded event in DynamoDB Local: Event #1859
Recorded event in DynamoDB Local: Event #1860
Recorded event in DynamoDB Local: Event #1861
Recorded event in DynamoDB Local: Event #1862
Recorded event in DynamoDB Local: Event #1863
Recorded event in DynamoDB Local: Event #1864
Recorded event in DynamoDB Local: Event #1865
Recorded event in DynamoDB Local: Event #1866
Recorded event in DynamoDB Local: Event #1867
Recorded event in DynamoDB Local: Event #1868
Recorded event in DynamoDB Local: Event #1869
Recorded event in DynamoDB Local: Event #1870
Recorded event in DynamoDB Local: Event #1871
Recorded event in DynamoDB Local: Event #1872
Recorded event in DynamoDB Local: Event #1873
Recorded event in DynamoDB Local: Event #1874
Recorded event in DynamoDB Local: Event #1875
Recorded event in DynamoDB Local: Event #1876
Recorded event in DynamoDB Local: Event #1877
Recorded event in DynamoDB Local: Event #1878
Recorded event in DynamoDB Local: Event #1879
Recorded event in DynamoDB Local: Event #1880
Recorded event in DynamoDB Local: Event #1881
Recorded event in DynamoDB Local: Event #1882
Recorded event in DynamoDB Local: Event #1883
Recorded event in DynamoDB Local: Event #1884
Recorded event in DynamoDB Local: Event #1885
Recorded event in DynamoDB Local: Event #1886
Recorded event in DynamoDB Local: Event #1887
Recorded event in DynamoDB Local: Event #1888
Recorded event in DynamoDB Local: Event #1889
Recorded event in DynamoDB Local: Event #1890
Recorded event in DynamoDB Local: Event #1891
Recorded event in DynamoDB Local: Event #1892
Recorded event in DynamoDB Local: Event #1893
Recorded event in DynamoDB Local: Event #1894
Recorded event in DynamoDB Local: Event #1895
Recorded event in DynamoDB Local: Event #1896
Recorded event in DynamoDB Local: Event #1897
Recorded event in DynamoDB Local: Event #1898
Recorded event in DynamoDB Local: Event #1899
Recorded event in DynamoDB Local: Event #1900
Recorded event in DynamoDB Local: Event #1901
Recorded event in DynamoDB Local: Event #1902
Recorded event in DynamoDB Local: Event #1903
Recorded event in DynamoDB Local: Event #1904
Recorded event in DynamoDB Local: Event #1905
Recorded event in DynamoDB Local: Event #1906
Recorded event in DynamoDB Local: Event #1907
Recorded event in DynamoDB Local: Event #1908
Recorded event in DynamoDB Local: Event #1909
Recorded event in DynamoDB Local: Event #1910
Recorded event in DynamoDB Local: Event #1911
Recorded event in DynamoDB Local: Event #1912
Recorded event in DynamoDB Local: Event #1913
Recorded event in DynamoDB Local: Event #1914
Recorded event in DynamoDB Local: Event #1915
Recorded event in DynamoDB Local: Event #1916
Recorded event in DynamoDB Local: Event #1917
Recorded event in DynamoDB Local: Event #1918
Recorded event in DynamoDB Local: Event #1919
Recorded event in DynamoDB Local: Event #1920
Recorded event in DynamoDB Local: Event #1921
Recorded event in DynamoDB Local: Event #1922
Recorded event in DynamoDB Local: Event #1923
Recorded event in DynamoDB Local: Event #1924
Recorded event in DynamoDB Local: Event #1925
Recorded event in DynamoDB Local: Event #1926
Recorded event in DynamoDB Local: Event #1927
Recorded event in DynamoDB Local: Event #1928
Recorded event in DynamoDB Local: Event #1929
Recorded event in DynamoDB Local: Event #1930
Recorded event in DynamoDB Local: Event #1931
Recorded event in DynamoDB Local: Event #1932
Recorded event in DynamoDB Local: Event #1933
Recorded event in DynamoDB Local: Event #1934
Recorded event in DynamoDB Local: Event #1935
Recorded event in DynamoDB Local: Event #1936
Recorded event in DynamoDB Local: Event #1937
Recorded event in DynamoDB Local: Event #1938
Recorded event in DynamoDB Local: Event #1939
Recorded event in DynamoDB Local: Event #1940
Recorded event in DynamoDB Local: Event #1941
Recorded event in DynamoDB Local: Event #1942
Recorded event in DynamoDB Local: Event #1943
Recorded event in DynamoDB Local: Event #1944
Recorded event in DynamoDB Local: Event #1945
Recorded event in DynamoDB Local: Event #1946
Recorded event in DynamoDB Local: Event #1947
Recorded event in DynamoDB Local: Event #1948
Recorded event in DynamoDB Local: Event #1949
Recorded event in DynamoDB Local: Event #1950
Recorded event in DynamoDB Local: Event #1951
Recorded event in DynamoDB Local: Event #1952
Recorded event in DynamoDB Local: Event #1953
Recorded event in DynamoDB Local: Event #1954
Recorded event in DynamoDB Local: Event #1955
Recorded event in DynamoDB Local: Event #1956
Recorded event in DynamoDB Local: Event #1957
Recorded event in DynamoDB Local: Event #1958
Recorded event in DynamoDB Local: Event #1959
Recorded event in DynamoDB Local: Event #1960
Recorded event in DynamoDB Local: Event #1961
Recorded event in DynamoDB Local: Event #1962
Recorded event in DynamoDB Local: Event #1963
Recorded event in DynamoDB Local: Event #1964
Recorded event in DynamoDB Local: Event #1965
Recorded event in DynamoDB Local: Event #1966
Recorded event in DynamoDB Local: Event #1967
Recorded event in DynamoDB Local: Event #1968
Recorded event in DynamoDB Local: Event #1969
Recorded event in DynamoDB Local: Event #1970
Recorded event in DynamoDB Local: Event #1971
Recorded event in DynamoDB Local: Event #1972
Recorded event in DynamoDB Local: Event #1973
Recorded event in DynamoDB Local: Event #1974
Recorded event in DynamoDB Local: Event #1975
Recorded event in DynamoDB Local: Event #1976
Recorded event in DynamoDB Local: Event #1977
Recorded event in DynamoDB Local: Event #1978
Recorded event in DynamoDB Local: Event #1979
Recorded event in DynamoDB Local: Event #1980
Recorded event in DynamoDB Local: Event #1981
Recorded event in DynamoDB Local: Event #1982
Recorded event in DynamoDB Local: Event #1983
Recorded event in DynamoDB Local: Event #1984
Recorded event in DynamoDB Local: Event #1985
Recorded event in DynamoDB Local: Event #1986
Recorded event in DynamoDB Local: Event #1987
Recorded event in DynamoDB Local: Event #1988
Recorded event in DynamoDB Local: Event #1989
Recorded event in DynamoDB Local: Event #1990
Recorded event in DynamoDB Local: Event #1991
Recorded event in DynamoDB Local: Event #1992
Recorded event in DynamoDB Local: Event #1993
Recorded event in DynamoDB Local: Event #1994
Recorded event in DynamoDB Local: Event #1995
Recorded event in DynamoDB Local: Event #1996
Recorded event in DynamoDB Local: Event #1997
Recorded event in DynamoDB Local: Event #1998
Recorded event in DynamoDB Local: Event #1999
Recorded event in DynamoDB Local: Event #2000
Recorded event in DynamoDB Local: Event #2001
Recorded event in DynamoDB Local: Event #2002
Recorded event in DynamoDB Local: Event #2003
Recorded event in DynamoDB Local: Event #2004
Recorded event in DynamoDB Local: Event #2005
Recorded event in DynamoDB Local: Event #2006
Recorded event in DynamoDB Local: Event #2007
Recorded event in DynamoDB Local: Event #2008
Recorded event in DynamoDB Local: Event #2009
Recorded event in DynamoDB Local: Event #2010
Recorded event in DynamoDB Local: Event #2011
Recorded event in DynamoDB Local: Event #2012
Recorded event in DynamoDB Local: Event #2013
Recorded event in DynamoDB Local: Event #2014
Recorded event in DynamoDB Local: Event #2015
Recorded event in DynamoDB Local: Event #2016
Recorded event in DynamoDB Local: Event #2017
Recorded event in DynamoDB Local: Event #2018
Recorded event in DynamoDB Local: Event #2019
Recorded event in DynamoDB Local: Event #2020
Recorded event in DynamoDB Local: Event #2021
Recorded event in DynamoDB Local: Event #2022
Recorded event in DynamoDB Local: Event #2023
Recorded event in DynamoDB Local: Event #2024
Recorded event in DynamoDB Local: Event #2025
Recorded event in DynamoDB Local: Event #2026
Recorded event in DynamoDB Local: Event #2027
Recorded event in DynamoDB Local: Event #2028
Recorded event in DynamoDB Local: Event #2029
Recorded event in DynamoDB Local: Event #2030
Recorded event in DynamoDB Local: Event #2031
Recorded event in DynamoDB Local: Event #2032
Recorded event in DynamoDB Local: Event #2033
Recorded event in DynamoDB Local: Event #2034
Recorded event in DynamoDB Local: Event #2035
Recorded event in DynamoDB Local: Event #2036
Recorded event in DynamoDB Local: Event #2037
Recorded event in DynamoDB Local: Event #2038
Recorded event in DynamoDB Local: Event #2039
Recorded event in DynamoDB Local: Event #2040
Recorded event in DynamoDB Local: Event #2041
Recorded event in DynamoDB Local: Event #2042
Recorded event in DynamoDB Local: Event #2043
Recorded event in DynamoDB Local: Event #2044
Recorded event in DynamoDB Local: Event #2045
Recorded event in DynamoDB Local: Event #2046
Recorded event in DynamoDB Local: Event #2047
Recorded event in DynamoDB Local: Event #2048
Recorded event in DynamoDB Local: Event #2049
Recorded event in DynamoDB Local: Event #2050
Recorded event in DynamoDB Local: Event #2051
Recorded event in DynamoDB Local: Event #2052
Recorded event in DynamoDB Local: Event #2053
Recorded event in DynamoDB Local: Event #2054
Recorded event in DynamoDB Local: Event #2055
Recorded event in DynamoDB Local: Event #2056
Recorded event in DynamoDB Local: Event #2057
Recorded event in DynamoDB Local: Event #2058
Recorded event in DynamoDB Local: Event #2059
Recorded event in DynamoDB Local: Event #2060
Recorded event in DynamoDB Local: Event #2061
Recorded event in DynamoDB Local: Event #2062
Recorded event in DynamoDB Local: Event #2063
Recorded event in DynamoDB Local: Event #2064
Recorded event in DynamoDB Local: Event #2065
Recorded event in DynamoDB Local: Event #2066
Recorded event in DynamoDB Local: Event #2067
Recorded event in DynamoDB Local: Event #2068
Recorded event in DynamoDB Local: Event #2069
Recorded event in DynamoDB Local: Event #2070
Recorded event in DynamoDB Local: Event #2071
Recorded event in DynamoDB Local: Event #2072
Recorded event in DynamoDB Local: Event #2073
Recorded event in DynamoDB Local: Event #2074
Recorded event in DynamoDB Local: Event #2075
Recorded event in DynamoDB Local: Event #2076
Recorded event in DynamoDB Local: Event #2077
Recorded event in DynamoDB Local: Event #2078
Recorded event in DynamoDB Local: Event #2079
Recorded event in DynamoDB Local: Event #2080
Recorded event in DynamoDB Local: Event #2081
Recorded event in DynamoDB Local: Event #2082
Recorded event in DynamoDB Local: Event #2083
Recorded event in DynamoDB Local: Event #2084
Recorded event in DynamoDB Local: Event #2085
Recorded event in DynamoDB Local: Event #2086
Recorded event in DynamoDB Local: Event #2087
Recorded event in DynamoDB Local: Event #2088
Recorded event in DynamoDB Local: Event #2089
Recorded event in DynamoDB Local: Event #2090
Recorded event in DynamoDB Local: Event #2091
Recorded event in DynamoDB Local: Event #2092
Recorded event in DynamoDB Local: Event #2093
Recorded event in DynamoDB Local: Event #2094
Recorded event in DynamoDB Local: Event #2095
Recorded event in DynamoDB Local: Event #2096
Recorded event in DynamoDB Local: Event #2097
Recorded event in DynamoDB Local: Event #2098
Recorded event in DynamoDB Local: Event #2099
Recorded event in DynamoDB Local: Event #2100
Recorded event in DynamoDB Local: Event #2101
Recorded event in DynamoDB Local: Event #2102
Recorded event in DynamoDB Local: Event #2103
Recorded event in DynamoDB Local: Event #2104
Recorded event in DynamoDB Local: Event #2105
Recorded event in DynamoDB Local: Event #2106
Recorded event in DynamoDB Local: Event #2107
Recorded event in DynamoDB Local: Event #2108
Recorded event in DynamoDB Local: Event #2109
Recorded event in DynamoDB Local: Event #2110
Recorded event in DynamoDB Local: Event #2111
Recorded event in DynamoDB Local: Event #2112
Recorded event in DynamoDB Local: Event #2113
Recorded event in DynamoDB Local: Event #2114
Recorded event in DynamoDB Local: Event #2115
Recorded event in DynamoDB Local: Event #2116
Recorded event in DynamoDB Local: Event #2117
Recorded event in DynamoDB Local: Event #2118
Recorded event in DynamoDB Local: Event #2119
Recorded event in DynamoDB Local: Event #2120
Recorded event in DynamoDB Local: Event #2121
Recorded event in DynamoDB Local: Event #2122
Recorded event in DynamoDB Local: Event #2123
Recorded event in DynamoDB Local: Event #2124
Recorded event in DynamoDB Local: Event #2125
Recorded event in DynamoDB Local: Event #2126
Recorded event in DynamoDB Local: Event #2127
Recorded event in DynamoDB Local: Event #2128
Recorded event in DynamoDB Local: Event #2129
Recorded event in DynamoDB Local: Event #2130
Recorded event in DynamoDB Local: Event #2131
Recorded event in DynamoDB Local: Event #2132
Recorded event in DynamoDB Local: Event #2133
Recorded event in DynamoDB Local: Event #2134
Recorded event in DynamoDB Local: Event #2135
Recorded event in DynamoDB Local: Event #2136
Recorded event in DynamoDB Local: Event #2137
Recorded event in DynamoDB Local: Event #2138
Recorded event in DynamoDB Local: Event #2139
Recorded event in DynamoDB Local: Event #2140
Recorded event in DynamoDB Local: Event #2141
Recorded event in DynamoDB Local: Event #2142
Recorded event in DynamoDB Local: Event #2143
Recorded event in DynamoDB Local: Event #2144
Recorded event in DynamoDB Local: Event #2145
Recorded event in DynamoDB Local: Event #2146
Recorded event in DynamoDB Local: Event #2147
Recorded event in DynamoDB Local: Event #2148
Recorded event in DynamoDB Local: Event #2149
Recorded event in DynamoDB Local: Event #2150
Recorded event in DynamoDB Local: Event #2151
Recorded event in DynamoDB Local: Event #2152
Recorded event in DynamoDB Local: Event #2153
Recorded event in DynamoDB Local: Event #2154
Recorded event in DynamoDB Local: Event #2155
Recorded event in DynamoDB Local: Event #2156
Recorded event in DynamoDB Local: Event #2157
Recorded event in DynamoDB Local: Event #2158
Recorded event in DynamoDB Local: Event #2159
Recorded event in DynamoDB Local: Event #2160
Recorded event in DynamoDB Local: Event #2161
Recorded event in DynamoDB Local: Event #2162
Recorded event in DynamoDB Local: Event #2163
Recorded event in DynamoDB Local: Event #2164
Recorded event in DynamoDB Local: Event #2165
Recorded event in DynamoDB Local: Event #2166
Recorded event in DynamoDB Local: Event #2167
Recorded event in DynamoDB Local: Event #2168
Recorded event in DynamoDB Local: Event #2169
Recorded event in DynamoDB Local: Event #2170
Recorded event in DynamoDB Local: Event #2171
Recorded event in DynamoDB Local: Event #2172
Recorded event in DynamoDB Local: Event #2173
Recorded event in DynamoDB Local: Event #2174
Recorded event in DynamoDB Local: Event #2175
Recorded event in DynamoDB Local: Event #2176
Recorded event in DynamoDB Local: Event #2177
Recorded event in DynamoDB Local: Event #2178
Recorded event in DynamoDB Local: Event #2179
Recorded event in DynamoDB Local: Event #2180
Recorded event in DynamoDB Local: Event #2181
Recorded event in DynamoDB Local: Event #2182
Recorded event in DynamoDB Local: Event #2183
Recorded event in DynamoDB Local: Event #2184
Recorded event in DynamoDB Local: Event #2185
Recorded event in DynamoDB Local: Event #2186
Recorded event in DynamoDB Local: Event #2187
Recorded event in DynamoDB Local: Event #2188
Recorded event in DynamoDB Local: Event #2189
Recorded event in DynamoDB Local: Event #2190
Recorded event in DynamoDB Local: Event #2191
Recorded event in DynamoDB Local: Event #2192
Recorded event in DynamoDB Local: Event #2193
Recorded event in DynamoDB Local: Event #2194
Recorded event in DynamoDB Local: Event #2195
Recorded event in DynamoDB Local: Event #2196
Recorded event in DynamoDB Local: Event #2197
Recorded event in DynamoDB Local: Event #2198
Recorded event in DynamoDB Local: Event #2199
Recorded event in DynamoDB Local: Event #2200
Recorded event in DynamoDB Local: Event #2201
Recorded event in DynamoDB Local: Event #2202
Recorded event in DynamoDB Local: Event #2203
Recorded event in DynamoDB Local: Event #2204
Recorded event in DynamoDB Local: Event #2205
Recorded event in DynamoDB Local: Event #2206
Recorded event in DynamoDB Local: Event #2207
Recorded event in DynamoDB Local: Event #2208
Recorded event in DynamoDB Local: Event #2209
Recorded event in DynamoDB Local: Event #2210
Recorded event in DynamoDB Local: Event #2211
Recorded event in DynamoDB Local: Event #2212
Recorded event in DynamoDB Local: Event #2213
Recorded event in DynamoDB Local: Event #2214
Recorded event in DynamoDB Local: Event #2215
Recorded event in DynamoDB Local: Event #2216
Recorded event in DynamoDB Local: Event #2217
Recorded event in DynamoDB Local: Event #2218
Recorded event in DynamoDB Local: Event #2219
Recorded event in DynamoDB Local: Event #2220
Recorded event in DynamoDB Local: Event #2221
Recorded event in DynamoDB Local: Event #2222
Recorded event in DynamoDB Local: Event #2223
Recorded event in DynamoDB Local: Event #2224
Recorded event in DynamoDB Local: Event #2225
Recorded event in DynamoDB Local: Event #2226
Recorded event in DynamoDB Local: Event #2227
Recorded event in DynamoDB Local: Event #2228
Recorded event in DynamoDB Local: Event #2229
Recorded event in DynamoDB Local: Event #2230
Recorded event in DynamoDB Local: Event #2231
Recorded event in DynamoDB Local: Event #2232
Recorded event in DynamoDB Local: Event #2233
Recorded event in DynamoDB Local: Event #2234
Recorded event in DynamoDB Local: Event #2235
Recorded event in DynamoDB Local: Event #2236
Recorded event in DynamoDB Local: Event #2237
Recorded event in DynamoDB Local: Event #2238
Recorded event in DynamoDB Local: Event #2239
Recorded event in DynamoDB Local: Event #2240
Recorded event in DynamoDB Local: Event #2241
Recorded event in DynamoDB Local: Event #2242
Recorded event in DynamoDB Local: Event #2243
Recorded event in DynamoDB Local: Event #2244
Recorded event in DynamoDB Local: Event #2245
Recorded event in DynamoDB Local: Event #2246
Recorded event in DynamoDB Local: Event #2247
Recorded event in DynamoDB Local: Event #2248
Recorded event in DynamoDB Local: Event #2249
Recorded event in DynamoDB Local: Event #2250
Recorded event in DynamoDB Local: Event #2251
Recorded event in DynamoDB Local: Event #2252
Recorded event in DynamoDB Local: Event #2253
Recorded event in DynamoDB Local: Event #2254
Recorded event in DynamoDB Local: Event #2255
Recorded event in DynamoDB Local: Event #2256
Recorded event in DynamoDB Local: Event #2257
Recorded event in DynamoDB Local: Event #2258
Recorded event in DynamoDB Local: Event #2259
Recorded event in DynamoDB Local: Event #2260
Recorded event in DynamoDB Local: Event #2261
Recorded event in DynamoDB Local: Event #2262
Recorded event in DynamoDB Local: Event #2263
Recorded event in DynamoDB Local: Event #2264
Recorded event in DynamoDB Local: Event #2265
Recorded event in DynamoDB Local: Event #2266
Recorded event in DynamoDB Local: Event #2267
Recorded event in DynamoDB Local: Event #2268
Recorded event in DynamoDB Local: Event #2269
Recorded event in DynamoDB Local: Event #2270
Recorded event in DynamoDB Local: Event #2271
Recorded event in DynamoDB Local: Event #2272
Recorded event in DynamoDB Local: Event #2273
Recorded event in DynamoDB Local: Event #2274
Recorded event in DynamoDB Local: Event #2275
Recorded event in DynamoDB Local: Event #2276
Recorded event in DynamoDB Local: Event #2277
Recorded event in DynamoDB Local: Event #2278
Recorded event in DynamoDB Local: Event #2279
Recorded event in DynamoDB Local: Event #2280
Recorded event in DynamoDB Local: Event #2281
Recorded event in DynamoDB Local: Event #2282
Recorded event in DynamoDB Local: Event #2283
Recorded event in DynamoDB Local: Event #2284
Recorded event in DynamoDB Local: Event #2285
Recorded event in DynamoDB Local: Event #2286
Recorded event in DynamoDB Local: Event #2287
Recorded event in DynamoDB Local: Event #2288
Recorded event in DynamoDB Local: Event #2289
Recorded event in DynamoDB Local: Event #2290
Recorded event in DynamoDB Local: Event #2291
Recorded event in DynamoDB Local: Event #2292
Recorded event in DynamoDB Local: Event #2293
Recorded event in DynamoDB Local: Event #2294
Recorded event in DynamoDB Local: Event #2295
Recorded event in DynamoDB Local: Event #2296
Recorded event in DynamoDB Local: Event #2297
Recorded event in DynamoDB Local: Event #2298
Recorded event in DynamoDB Local: Event #2299
Recorded event in DynamoDB Local: Event #2300
Recorded event in DynamoDB Local: Event #2301
Recorded event in DynamoDB Local: Event #2302
Recorded event in DynamoDB Local: Event #2303
Recorded event in DynamoDB Local: Event #2304
Recorded event in DynamoDB Local: Event #2305
Recorded event in DynamoDB Local: Event #2306
Recorded event in DynamoDB Local: Event #2307
Recorded event in DynamoDB Local: Event #2308
Recorded event in DynamoDB Local: Event #2309
Recorded event in DynamoDB Local: Event #2310
Recorded event in DynamoDB Local: Event #2311
Recorded event in DynamoDB Local: Event #2312
Recorded event in DynamoDB Local: Event #2313
Recorded event in DynamoDB Local: Event #2314
Recorded event in DynamoDB Local: Event #2315
Recorded event in DynamoDB Local: Event #2316
Recorded event in DynamoDB Local: Event #2317
Recorded event in DynamoDB Local: Event #2318
Recorded event in DynamoDB Local: Event #2319
Recorded event in DynamoDB Local: Event #2320
Recorded event in DynamoDB Local: Event #2321
Recorded event in DynamoDB Local: Event #2322
Recorded event in DynamoDB Local: Event #2323
Recorded event in DynamoDB Local: Event #2324
Recorded event in DynamoDB Local: Event #2325
Recorded event in DynamoDB Local: Event #2326
Recorded event in DynamoDB Local: Event #2327
Recorded event in DynamoDB Local: Event #2328
Recorded event in DynamoDB Local: Event #2329
Recorded event in DynamoDB Local: Event #2330
Recorded event in DynamoDB Local: Event #2331
Recorded event in DynamoDB Local: Event #2332
Recorded event in DynamoDB Local: Event #2333
Recorded event in DynamoDB Local: Event #2334
Recorded event in DynamoDB Local: Event #2335
Recorded event in DynamoDB Local: Event #2336
Recorded event in DynamoDB Local: Event #2337
Recorded event in DynamoDB Local: Event #2338
Recorded event in DynamoDB Local: Event #2339
Recorded event in DynamoDB Local: Event #2340
Recorded event in DynamoDB Local: Event #2341
Recorded event in DynamoDB Local: Event #2342
Recorded event in DynamoDB Local: Event #2343
Recorded event in DynamoDB Local: Event #2344
Recorded event in DynamoDB Local: Event #2345
Recorded event in DynamoDB Local: Event #2346
Recorded event in DynamoDB Local: Event #2347
Recorded event in DynamoDB Local: Event #2348
Recorded event in DynamoDB Local: Event #2349
Recorded event in DynamoDB Local: Event #2350
Recorded event in DynamoDB Local: Event #2351
Recorded event in DynamoDB Local: Event #2352
Recorded event in DynamoDB Local: Event #2353
Recorded event in DynamoDB Local: Event #2354
Recorded event in DynamoDB Local: Event #2355
Recorded event in DynamoDB Local: Event #2356
Recorded event in DynamoDB Local: Event #2357
Recorded event in DynamoDB Local: Event #2358
Recorded event in DynamoDB Local: Event #2359
Recorded event in DynamoDB Local: Event #2360
Recorded event in DynamoDB Local: Event #2361
Recorded event in DynamoDB Local: Event #2362
Recorded event in DynamoDB Local: Event #2363
Recorded event in DynamoDB Local: Event #2364
Recorded event in DynamoDB Local: Event #2365
Recorded event in DynamoDB Local: Event #2366
Recorded event in DynamoDB Local: Event #2367
Recorded event in DynamoDB Local: Event #2368
Recorded event in DynamoDB Local: Event #2369
Recorded event in DynamoDB Local: Event #2370
Recorded event in DynamoDB Local: Event #2371
Recorded event in DynamoDB Local: Event #2372
Recorded event in DynamoDB Local: Event #2373
Recorded event in DynamoDB Local: Event #2374
Recorded event in DynamoDB Local: Event #2375
Recorded event in DynamoDB Local: Event #2376
Recorded event in DynamoDB Local: Event #2377
Recorded event in DynamoDB Local: Event #2378
Recorded event in DynamoDB Local: Event #2379
Recorded event in DynamoDB Local: Event #2380
Recorded event in DynamoDB Local: Event #2381
Recorded event in DynamoDB Local: Event #2382
Recorded event in DynamoDB Local: Event #2383
Recorded event in DynamoDB Local: Event #2384
Recorded event in DynamoDB Local: Event #2385
Recorded event in DynamoDB Local: Event #2386
Recorded event in DynamoDB Local: Event #2387
Recorded event in DynamoDB Local: Event #2388
Recorded event in DynamoDB Local: Event #2389
Recorded event in DynamoDB Local: Event #2390
Recorded event in DynamoDB Local: Event #2391
Recorded event in DynamoDB Local: Event #2392
Recorded event in DynamoDB Local: Event #2393
Recorded event in DynamoDB Local: Event #2394
Recorded event in DynamoDB Local: Event #2395
Recorded event in DynamoDB Local: Event #2396
Recorded event in DynamoDB Local: Event #2397
Recorded event in DynamoDB Local: Event #2398
Recorded event in DynamoDB Local: Event #2399
Recorded event in DynamoDB Local: Event #2400
Recorded event in DynamoDB Local: Event #2401
Recorded event in DynamoDB Local: Event #2402
Recorded event in DynamoDB Local: Event #2403
Recorded event in DynamoDB Local: Event #2404
Recorded event in DynamoDB Local: Event #2405
Recorded event in DynamoDB Local: Event #2406
Recorded event in DynamoDB Local: Event #2407
Recorded event in DynamoDB Local: Event #2408
Recorded event in DynamoDB Local: Event #2409
Recorded event in DynamoDB Local: Event #2410
Recorded event in DynamoDB Local: Event #2411
Recorded event in DynamoDB Local: Event #2412
Recorded event in DynamoDB Local: Event #2413
Recorded event in DynamoDB Local: Event #2414
Recorded event in DynamoDB Local: Event #2415
Recorded event in DynamoDB Local: Event #2416
Recorded event in DynamoDB Local: Event #2417
Recorded event in DynamoDB Local: Event #2418
Recorded event in DynamoDB Local: Event #2419
Recorded event in DynamoDB Local: Event #2420
Recorded event in DynamoDB Local: Event #2421
Recorded event in DynamoDB Local: Event #2422
Recorded event in DynamoDB Local: Event #2423
Recorded event in DynamoDB Local: Event #2424
Recorded event in DynamoDB Local: Event #2425
Recorded event in DynamoDB Local: Event #2426
Recorded event in DynamoDB Local: Event #2427
Recorded event in DynamoDB Local: Event #2428
Recorded event in DynamoDB Local: Event #2429
Recorded event in DynamoDB Local: Event #2430
Recorded event in DynamoDB Local: Event #2431
Recorded event in DynamoDB Local: Event #2432
Recorded event in DynamoDB Local: Event #2433
Recorded event in DynamoDB Local: Event #2434
Recorded event in DynamoDB Local: Event #2435
Recorded event in DynamoDB Local: Event #2436
Recorded event in DynamoDB Local: Event #2437
Recorded event in DynamoDB Local: Event #2438
Recorded event in DynamoDB Local: Event #2439
Recorded event in DynamoDB Local: Event #2440
Recorded event in DynamoDB Local: Event #2441
Recorded event in DynamoDB Local: Event #2442
Recorded event in DynamoDB Local: Event #2443
Recorded event in DynamoDB Local: Event #2444
Recorded event in DynamoDB Local: Event #2445
Recorded event in DynamoDB Local: Event #2446
Recorded event in DynamoDB Local: Event #2447
Recorded event in DynamoDB Local: Event #2448
Recorded event in DynamoDB Local: Event #2449
Recorded event in DynamoDB Local: Event #2450
Recorded event in DynamoDB Local: Event #2451
Recorded event in DynamoDB Local: Event #2452
Recorded event in DynamoDB Local: Event #2453
Recorded event in DynamoDB Local: Event #2454
Recorded event in DynamoDB Local: Event #2455
Recorded event in DynamoDB Local: Event #2456
Recorded event in DynamoDB Local: Event #2457
Recorded event in DynamoDB Local: Event #2458
Recorded event in DynamoDB Local: Event #2459
Recorded event in DynamoDB Local: Event #2460
Recorded event in DynamoDB Local: Event #2461
Recorded event in DynamoDB Local: Event #2462
Recorded event in DynamoDB Local: Event #2463
Recorded event in DynamoDB Local: Event #2464
Recorded event in DynamoDB Local: Event #2465
Recorded event in DynamoDB Local: Event #2466
Recorded event in DynamoDB Local: Event #2467
Recorded event in DynamoDB Local: Event #2468
Recorded event in DynamoDB Local: Event #2469
Recorded event in DynamoDB Local: Event #2470
Recorded event in DynamoDB Local: Event #2471
Recorded event in DynamoDB Local: Event #2472
Recorded event in DynamoDB Local: Event #2473
Recorded event in DynamoDB Local: Event #2474
Recorded event in DynamoDB Local: Event #2475
Recorded event in DynamoDB Local: Event #2476
Recorded event in DynamoDB Local: Event #2477
Recorded event in DynamoDB Local: Event #2478
Recorded event in DynamoDB Local: Event #2479
Recorded event in DynamoDB Local: Event #2480
Recorded event in DynamoDB Local: Event #2481
Recorded event in DynamoDB Local: Event #2482
Recorded event in DynamoDB Local: Event #2483
Recorded event in DynamoDB Local: Event #2484
Recorded event in DynamoDB Local: Event #2485
Recorded event in DynamoDB Local: Event #2486
Recorded event in DynamoDB Local: Event #2487
Recorded event in DynamoDB Local: Event #2488
Recorded event in DynamoDB Local: Event #2489
Recorded event in DynamoDB Local: Event #2490
Recorded event in DynamoDB Local: Event #2491
Recorded event in DynamoDB Local: Event #2492
Recorded event in DynamoDB Local: Event #2493
Recorded event in DynamoDB Local: Event #2494
Recorded event in DynamoDB Local: Event #2495
Recorded event in DynamoDB Local: Event #2496
Recorded event in DynamoDB Local: Event #2497
Recorded event in DynamoDB Local: Event #2498
Recorded event in DynamoDB Local: Event #2499
Recorded event in DynamoDB Local: Event #2500
Recorded event in DynamoDB Local: Event #2501
Recorded event in DynamoDB Local: Event #2502
Recorded event in DynamoDB Local: Event #2503
Recorded event in DynamoDB Local: Event #2504
Recorded event in DynamoDB Local: Event #2505
Recorded event in DynamoDB Local: Event #2506
Recorded event in DynamoDB Local: Event #2507
Recorded event in DynamoDB Local: Event #2508
Recorded event in DynamoDB Local: Event #2509
Recorded event in DynamoDB Local: Event #2510
Recorded event in DynamoDB Local: Event #2511
Recorded event in DynamoDB Local: Event #2512
Recorded event in DynamoDB Local: Event #2513
Recorded event in DynamoDB Local: Event #2514
Recorded event in DynamoDB Local: Event #2515
Recorded event in DynamoDB Local: Event #2516
Recorded event in DynamoDB Local: Event #2517
Recorded event in DynamoDB Local: Event #2518
Recorded event in DynamoDB Local: Event #2519
Recorded event in DynamoDB Local: Event #2520
Recorded event in DynamoDB Local: Event #2521
Recorded event in DynamoDB Local: Event #2522
Recorded event in DynamoDB Local: Event #2523
Recorded event in DynamoDB Local: Event #2524
Recorded event in DynamoDB Local: Event #2525
Recorded event in DynamoDB Local: Event #2526
Recorded event in DynamoDB Local: Event #2527
Recorded event in DynamoDB Local: Event #2528
Recorded event in DynamoDB Local: Event #2529
Recorded event in DynamoDB Local: Event #2530
Recorded event in DynamoDB Local: Event #2531
Recorded event in DynamoDB Local: Event #2532
Recorded event in DynamoDB Local: Event #2533
Recorded event in DynamoDB Local: Event #2534
Recorded event in DynamoDB Local: Event #2535
Recorded event in DynamoDB Local: Event #2536
Recorded event in DynamoDB Local: Event #2537
Recorded event in DynamoDB Local: Event #2538
Recorded event in DynamoDB Local: Event #2539
Recorded event in DynamoDB Local: Event #2540
Recorded event in DynamoDB Local: Event #2541
Recorded event in DynamoDB Local: Event #2542
Recorded event in DynamoDB Local: Event #2543
Recorded event in DynamoDB Local: Event #2544
Recorded event in DynamoDB Local: Event #2545
Recorded event in DynamoDB Local: Event #2546
Recorded event in DynamoDB Local: Event #2547
Recorded event in DynamoDB Local: Event #2548
Recorded event in DynamoDB Local: Event #2549
Recorded event in DynamoDB Local: Event #2550
Recorded event in DynamoDB Local: Event #2551
Recorded event in DynamoDB Local: Event #2552
Recorded event in DynamoDB Local: Event #2553
Recorded event in DynamoDB Local: Event #2554
Recorded event in DynamoDB Local: Event #2555
Recorded event in DynamoDB Local: Event #2556
Recorded event in DynamoDB Local: Event #2557
Recorded event in DynamoDB Local: Event #2558
Recorded event in DynamoDB Local: Event #2559
Recorded event in DynamoDB Local: Event #2560
Recorded event in DynamoDB Local: Event #2561
Recorded event in DynamoDB Local: Event #2562
Recorded event in DynamoDB Local: Event #2563
Recorded event in DynamoDB Local: Event #2564
Recorded event in DynamoDB Local: Event #2565
Recorded event in DynamoDB Local: Event #2566
Recorded event in DynamoDB Local: Event #2567
Recorded event in DynamoDB Local: Event #2568
Recorded event in DynamoDB Local: Event #2569
Recorded event in DynamoDB Local: Event #2570
Recorded event in DynamoDB Local: Event #2571
Recorded event in DynamoDB Local: Event #2572
Recorded event in DynamoDB Local: Event #2573
Recorded event in DynamoDB Local: Event #2574
Recorded event in DynamoDB Local: Event #2575
Recorded event in DynamoDB Local: Event #2576
Recorded event in DynamoDB Local: Event #2577
Recorded event in DynamoDB Local: Event #2578
Recorded event in DynamoDB Local: Event #2579
Recorded event in DynamoDB Local: Event #2580
Recorded event in DynamoDB Local: Event #2581
Recorded event in DynamoDB Local: Event #2582
Recorded event in DynamoDB Local: Event #2583
Recorded event in DynamoDB Local: Event #2584
Recorded event in DynamoDB Local: Event #2585
Recorded event in DynamoDB Local: Event #2586
Recorded event in DynamoDB Local: Event #2587
Recorded event in DynamoDB Local: Event #2588
Recorded event in DynamoDB Local: Event #2589
Recorded event in DynamoDB Local: Event #2590
Recorded event in DynamoDB Local: Event #2591
Recorded event in DynamoDB Local: Event #2592
Recorded event in DynamoDB Local: Event #2593
Recorded event in DynamoDB Local: Event #2594
Recorded event in DynamoDB Local: Event #2595
Recorded event in DynamoDB Local: Event #2596
Recorded event in DynamoDB Local: Event #2597
Recorded event in DynamoDB Local: Event #2598
Recorded event in DynamoDB Local: Event #2599
Recorded event in DynamoDB Local: Event #2600
Recorded event in DynamoDB Local: Event #2601
Recorded event in DynamoDB Local: Event #2602
Recorded event in DynamoDB Local: Event #2603
Recorded event in DynamoDB Local: Event #2604
Recorded event in DynamoDB Local: Event #2605
Recorded event in DynamoDB Local: Event #2606
Recorded event in DynamoDB Local: Event #2607
Recorded event in DynamoDB Local: Event #2608
Recorded event in DynamoDB Local: Event #2609
Recorded event in DynamoDB Local: Event #2610
Recorded event in DynamoDB Local: Event #2611
Recorded event in DynamoDB Local: Event #2612
Recorded event in DynamoDB Local: Event #2613
Recorded event in DynamoDB Local: Event #2614
Recorded event in DynamoDB Local: Event #2615
Recorded event in DynamoDB Local: Event #2616
Recorded event in DynamoDB Local: Event #2617
Recorded event in DynamoDB Local: Event #2618
Recorded event in DynamoDB Local: Event #2619
Recorded event in DynamoDB Local: Event #2620
Recorded event in DynamoDB Local: Event #2621
Recorded event in DynamoDB Local: Event #2622
Recorded event in DynamoDB Local: Event #2623
Recorded event in DynamoDB Local: Event #2624
Recorded event in DynamoDB Local: Event #2625
Recorded event in DynamoDB Local: Event #2626
Recorded event in DynamoDB Local: Event #2627
Recorded event in DynamoDB Local: Event #2628
Recorded event in DynamoDB Local: Event #2629
Recorded event in DynamoDB Local: Event #2630
Recorded event in DynamoDB Local: Event #2631
Recorded event in DynamoDB Local: Event #2632
Recorded event in DynamoDB Local: Event #2633
Recorded event in DynamoDB Local: Event #2634
Recorded event in DynamoDB Local: Event #2635
Recorded event in DynamoDB Local: Event #2636
Recorded event in DynamoDB Local: Event #2637
Recorded event in DynamoDB Local: Event #2638
Recorded event in DynamoDB Local: Event #2639
Recorded event in DynamoDB Local: Event #2640
Recorded event in DynamoDB Local: Event #2641
Recorded event in DynamoDB Local: Event #2642
Recorded event in DynamoDB Local: Event #2643
Recorded event in DynamoDB Local: Event #2644
Recorded event in DynamoDB Local: Event #2645
Recorded event in DynamoDB Local: Event #2646
Recorded event in DynamoDB Local: Event #2647
Recorded event in DynamoDB Local: Event #2648
Recorded event in DynamoDB Local: Event #2649
Recorded event in DynamoDB Local: Event #2650
Recorded event in DynamoDB Local: Event #2651
Recorded event in DynamoDB Local: Event #2652
Recorded event in DynamoDB Local: Event #2653
Recorded event in DynamoDB Local: Event #2654
Recorded event in DynamoDB Local: Event #2655
Recorded event in DynamoDB Local: Event #2656
Recorded event in DynamoDB Local: Event #2657
Recorded event in DynamoDB Local: Event #2658
Recorded event in DynamoDB Local: Event #2659
Recorded event in DynamoDB Local: Event #2660
Recorded event in DynamoDB Local: Event #2661
Recorded event in DynamoDB Local: Event #2662
Recorded event in DynamoDB Local: Event #2663
Recorded event in DynamoDB Local: Event #2664
Recorded event in DynamoDB Local: Event #2665
Recorded event in DynamoDB Local: Event #2666
Recorded event in DynamoDB Local: Event #2667
Recorded event in DynamoDB Local: Event #2668
Recorded event in DynamoDB Local: Event #2669
Recorded event in DynamoDB Local: Event #2670
Recorded event in DynamoDB Local: Event #2671
Recorded event in DynamoDB Local: Event #2672
Recorded event in DynamoDB Local: Event #2673
Recorded event in DynamoDB Local: Event #2674
Recorded event in DynamoDB Local: Event #2675
Recorded event in DynamoDB Local: Event #2676
Recorded event in DynamoDB Local: Event #2677
Recorded event in DynamoDB Local: Event #2678
Recorded event in DynamoDB Local: Event #2679
Recorded event in DynamoDB Local: Event #2680
Recorded event in DynamoDB Local: Event #2681
Recorded event in DynamoDB Local: Event #2682
Recorded event in DynamoDB Local: Event #2683
Recorded event in DynamoDB Local: Event #2684
Recorded event in DynamoDB Local: Event #2685
Recorded event in DynamoDB Local: Event #2686
Recorded event in DynamoDB Local: Event #2687
Recorded event in DynamoDB Local: Event #2688
Recorded event in DynamoDB Local: Event #2689
Recorded event in DynamoDB Local: Event #2690
Recorded event in DynamoDB Local: Event #2691
Recorded event in DynamoDB Local: Event #2692
Recorded event in DynamoDB Local: Event #2693
Recorded event in DynamoDB Local: Event #2694
Recorded event in DynamoDB Local: Event #2695
Recorded event in DynamoDB Local: Event #2696
Recorded event in DynamoDB Local: Event #2697
Recorded event in DynamoDB Local: Event #2698
Recorded event in DynamoDB Local: Event #2699
Recorded event in DynamoDB Local: Event #2700
Recorded event in DynamoDB Local: Event #2701
Recorded event in DynamoDB Local: Event #2702
Recorded event in DynamoDB Local: Event #2703
Recorded event in DynamoDB Local: Event #2704
Recorded event in DynamoDB Local: Event #2705
Recorded event in DynamoDB Local: Event #2706
Recorded event in DynamoDB Local: Event #2707
Recorded event in DynamoDB Local: Event #2708
Recorded event in DynamoDB Local: Event #2709
Recorded event in DynamoDB Local: Event #2710
Recorded event in DynamoDB Local: Event #2711
Recorded event in DynamoDB Local: Event #2712
Recorded event in DynamoDB Local: Event #2713
Recorded event in DynamoDB Local: Event #2714
Recorded event in DynamoDB Local: Event #2715
Recorded event in DynamoDB Local: Event #2716
Recorded event in DynamoDB Local: Event #2717
Recorded event in DynamoDB Local: Event #2718
Recorded event in DynamoDB Local: Event #2719
Recorded event in DynamoDB Local: Event #2720
Recorded event in DynamoDB Local: Event #2721
Recorded event in DynamoDB Local: Event #2722
Recorded event in DynamoDB Local: Event #2723
Recorded event in DynamoDB Local: Event #2724
Recorded event in DynamoDB Local: Event #2725
Recorded event in DynamoDB Local: Event #2726
Recorded event in DynamoDB Local: Event #2727
Recorded event in DynamoDB Local: Event #2728
Recorded event in DynamoDB Local: Event #2729
Recorded event in DynamoDB Local: Event #2730
Recorded event in DynamoDB Local: Event #2731
Recorded event in DynamoDB Local: Event #2732
Recorded event in DynamoDB Local: Event #2733
Recorded event in DynamoDB Local: Event #2734
Recorded event in DynamoDB Local: Event #2735
Recorded event in DynamoDB Local: Event #2736
Recorded event in DynamoDB Local: Event #2737
Recorded event in DynamoDB Local: Event #2738
Recorded event in DynamoDB Local: Event #2739
Recorded event in DynamoDB Local: Event #2740
Recorded event in DynamoDB Local: Event #2741
Recorded event in DynamoDB Local: Event #2742
Recorded event in DynamoDB Local: Event #2743
Recorded event in DynamoDB Local: Event #2744
Recorded event in DynamoDB Local: Event #2745
Recorded event in DynamoDB Local: Event #2746
Recorded event in DynamoDB Local: Event #2747
Recorded event in DynamoDB Local: Event #2748
Recorded event in DynamoDB Local: Event #2749
Recorded event in DynamoDB Local: Event #2750
Recorded event in DynamoDB Local: Event #2751
Recorded event in DynamoDB Local: Event #2752
Recorded event in DynamoDB Local: Event #2753
Recorded event in DynamoDB Local: Event #2754
Recorded event in DynamoDB Local: Event #2755
Recorded event in DynamoDB Local: Event #2756
Recorded event in DynamoDB Local: Event #2757
Recorded event in DynamoDB Local: Event #2758
Recorded event in DynamoDB Local: Event #2759
Recorded event in DynamoDB Local: Event #2760
Recorded event in DynamoDB Local: Event #2761
Recorded event in DynamoDB Local: Event #2762
Recorded event in DynamoDB Local: Event #2763
Recorded event in DynamoDB Local: Event #2764
Recorded event in DynamoDB Local: Event #2765
Recorded event in DynamoDB Local: Event #2766
Recorded event in DynamoDB Local: Event #2767
Recorded event in DynamoDB Local: Event #2768
Recorded event in DynamoDB Local: Event #2769
Recorded event in DynamoDB Local: Event #2770
Recorded event in DynamoDB Local: Event #2771
Recorded event in DynamoDB Local: Event #2772
Recorded event in DynamoDB Local: Event #2773
Recorded event in DynamoDB Local: Event #2774
Recorded event in DynamoDB Local: Event #2775
Recorded event in DynamoDB Local: Event #2776
Recorded event in DynamoDB Local: Event #2777
Recorded event in DynamoDB Local: Event #2778
Recorded event in DynamoDB Local: Event #2779
Recorded event in DynamoDB Local: Event #2780
Recorded event in DynamoDB Local: Event #2781
Recorded event in DynamoDB Local: Event #2782
Recorded event in DynamoDB Local: Event #2783
Recorded event in DynamoDB Local: Event #2784
Recorded event in DynamoDB Local: Event #2785
Recorded event in DynamoDB Local: Event #2786
Recorded event in DynamoDB Local: Event #2787
Recorded event in DynamoDB Local: Event #2788
Recorded event in DynamoDB Local: Event #2789
Recorded event in DynamoDB Local: Event #2790
Recorded event in DynamoDB Local: Event #2791
Recorded event in DynamoDB Local: Event #2792
Recorded event in DynamoDB Local: Event #2793
Recorded event in DynamoDB Local: Event #2794
Recorded event in DynamoDB Local: Event #2795
Recorded event in DynamoDB Local: Event #2796
Recorded event in DynamoDB Local: Event #2797
Recorded event in DynamoDB Local: Event #2798
Recorded event in DynamoDB Local: Event #2799
Recorded event in DynamoDB Local: Event #2800
Recorded event in DynamoDB Local: Event #2801
Recorded event in DynamoDB Local: Event #2802
Recorded event in DynamoDB Local: Event #2803
Recorded event in DynamoDB Local: Event #2804
Recorded event in DynamoDB Local: Event #2805
Recorded event in DynamoDB Local: Event #2806
Recorded event in DynamoDB Local: Event #2807
Recorded event in DynamoDB Local: Event #2808
Recorded event in DynamoDB Local: Event #2809
Recorded event in DynamoDB Local: Event #2810
Recorded event in DynamoDB Local: Event #2811
Recorded event in DynamoDB Local: Event #2812
Recorded event in DynamoDB Local: Event #2813
Recorded event in DynamoDB Local: Event #2814
Recorded event in DynamoDB Local: Event #2815
Recorded event in DynamoDB Local: Event #2816
Recorded event in DynamoDB Local: Event #2817
Recorded event in DynamoDB Local: Event #2818
Recorded event in DynamoDB Local: Event #2819
Recorded event in DynamoDB Local: Event #2820
Recorded event in DynamoDB Local: Event #2821
Recorded event in DynamoDB Local: Event #2822
Recorded event in DynamoDB Local: Event #2823
Recorded event in DynamoDB Local: Event #2824
Recorded event in DynamoDB Local: Event #2825
Recorded event in DynamoDB Local: Event #2826
Recorded event in DynamoDB Local: Event #2827
Recorded event in DynamoDB Local: Event #2828
Recorded event in DynamoDB Local: Event #2829
Recorded event in DynamoDB Local: Event #2830
Recorded event in DynamoDB Local: Event #2831
Recorded event in DynamoDB Local: Event #2832
Recorded event in DynamoDB Local: Event #2833
Recorded event in DynamoDB Local: Event #2834
Recorded event in DynamoDB Local: Event #2835
Recorded event in DynamoDB Local: Event #2836
Recorded event in DynamoDB Local: Event #2837
Recorded event in DynamoDB Local: Event #2838
Recorded event in DynamoDB Local: Event #2839
Recorded event in DynamoDB Local: Event #2840
Recorded event in DynamoDB Local: Event #2841
Recorded event in DynamoDB Local: Event #2842
Recorded event in DynamoDB Local: Event #2843
Recorded event in DynamoDB Local: Event #2844
Recorded event in DynamoDB Local: Event #2845
Recorded event in DynamoDB Local: Event #2846
Recorded event in DynamoDB Local: Event #2847
Recorded event in DynamoDB Local: Event #2848
Recorded event in DynamoDB Local: Event #2849
Recorded event in DynamoDB Local: Event #2850
Recorded event in DynamoDB Local: Event #2851
Recorded event in DynamoDB Local: Event #2852
Recorded event in DynamoDB Local: Event #2853
Recorded event in DynamoDB Local: Event #2854
Recorded event in DynamoDB Local: Event #2855
Recorded event in DynamoDB Local: Event #2856
Recorded event in DynamoDB Local: Event #2857
Recorded event in DynamoDB Local: Event #2858
Recorded event in DynamoDB Local: Event #2859
Recorded event in DynamoDB Local: Event #2860
Recorded event in DynamoDB Local: Event #2861
Recorded event in DynamoDB Local: Event #2862
Recorded event in DynamoDB Local: Event #2863
Recorded event in DynamoDB Local: Event #2864
Recorded event in DynamoDB Local: Event #2865
Recorded event in DynamoDB Local: Event #2866
Recorded event in DynamoDB Local: Event #2867
Recorded event in DynamoDB Local: Event #2868
Recorded event in DynamoDB Local: Event #2869
Recorded event in DynamoDB Local: Event #2870
Recorded event in DynamoDB Local: Event #2871
Recorded event in DynamoDB Local: Event #2872
Recorded event in DynamoDB Local: Event #2873
Recorded event in DynamoDB Local: Event #2874
Recorded event in DynamoDB Local: Event #2875
Recorded event in DynamoDB Local: Event #2876
Recorded event in DynamoDB Local: Event #2877
Recorded event in DynamoDB Local: Event #2878
Recorded event in DynamoDB Local: Event #2879
Recorded event in DynamoDB Local: Event #2880
Recorded event in DynamoDB Local: Event #2881
Recorded event in DynamoDB Local: Event #2882
Recorded event in DynamoDB Local: Event #2883
Recorded event in DynamoDB Local: Event #2884
Recorded event in DynamoDB Local: Event #2885
Recorded event in DynamoDB Local: Event #2886
Recorded event in DynamoDB Local: Event #2887
Recorded event in DynamoDB Local: Event #2888
Recorded event in DynamoDB Local: Event #2889
Recorded event in DynamoDB Local: Event #2890
Recorded event in DynamoDB Local: Event #2891
Recorded event in DynamoDB Local: Event #2892
Recorded event in DynamoDB Local: Event #2893
Recorded event in DynamoDB Local: Event #2894
Recorded event in DynamoDB Local: Event #2895
Recorded event in DynamoDB Local: Event #2896
Recorded event in DynamoDB Local: Event #2897
Recorded event in DynamoDB Local: Event #2898
Recorded event in DynamoDB Local: Event #2899
Recorded event in DynamoDB Local: Event #2900
Recorded event in DynamoDB Local: Event #2901
Recorded event in DynamoDB Local: Event #2902
Recorded event in DynamoDB Local: Event #2903
Recorded event in DynamoDB Local: Event #2904
Recorded event in DynamoDB Local: Event #2905
Recorded event in DynamoDB Local: Event #2906
Recorded event in DynamoDB Local: Event #2907
Recorded event in DynamoDB Local: Event #2908
Recorded event in DynamoDB Local: Event #2909
Recorded event in DynamoDB Local: Event #2910
Recorded event in DynamoDB Local: Event #2911
Recorded event in DynamoDB Local: Event #2912
Recorded event in DynamoDB Local: Event #2913
Recorded event in DynamoDB Local: Event #2914
Recorded event in DynamoDB Local: Event #2915
Recorded event in DynamoDB Local: Event #2916
Recorded event in DynamoDB Local: Event #2917
Recorded event in DynamoDB Local: Event #2918
Recorded event in DynamoDB Local: Event #2919
Recorded event in DynamoDB Local: Event #2920
Recorded event in DynamoDB Local: Event #2921
Recorded event in DynamoDB Local: Event #2922
Recorded event in DynamoDB Local: Event #2923
Recorded event in DynamoDB Local: Event #2924
Recorded event in DynamoDB Local: Event #2925
Recorded event in DynamoDB Local: Event #2926
Recorded event in DynamoDB Local: Event #2927
Recorded event in DynamoDB Local: Event #2928
Recorded event in DynamoDB Local: Event #2929
Recorded event in DynamoDB Local: Event #2930
Recorded event in DynamoDB Local: Event #2931
Recorded event in DynamoDB Local: Event #2932
Recorded event in DynamoDB Local: Event #2933
Recorded event in DynamoDB Local: Event #2934
Recorded event in DynamoDB Local: Event #2935
Recorded event in DynamoDB Local: Event #2936
Recorded event in DynamoDB Local: Event #2937
Recorded event in DynamoDB Local: Event #2938
Recorded event in DynamoDB Local: Event #2939
Recorded event in DynamoDB Local: Event #2940
Recorded event in DynamoDB Local: Event #2941
Recorded event in DynamoDB Local: Event #2942
Recorded event in DynamoDB Local: Event #2943
Recorded event in DynamoDB Local: Event #2944
Recorded event in DynamoDB Local: Event #2945
Recorded event in DynamoDB Local: Event #2946
Recorded event in DynamoDB Local: Event #2947
Recorded event in DynamoDB Local: Event #2948
Recorded event in DynamoDB Local: Event #2949
Recorded event in DynamoDB Local: Event #2950
Recorded event in DynamoDB Local: Event #2951
Recorded event in DynamoDB Local: Event #2952
Recorded event in DynamoDB Local: Event #2953
Recorded event in DynamoDB Local: Event #2954
Recorded event in DynamoDB Local: Event #2955
Recorded event in DynamoDB Local: Event #2956
Recorded event in DynamoDB Local: Event #2957
Recorded event in DynamoDB Local: Event #2958
Recorded event in DynamoDB Local: Event #2959
Recorded event in DynamoDB Local: Event #2960
Recorded event in DynamoDB Local: Event #2961
Recorded event in DynamoDB Local: Event #2962
Recorded event in DynamoDB Local: Event #2963
Recorded event in DynamoDB Local: Event #2964
Recorded event in DynamoDB Local: Event #2965
Recorded event in DynamoDB Local: Event #2966
Recorded event in DynamoDB Local: Event #2967
Recorded event in DynamoDB Local: Event #2968
Recorded event in DynamoDB Local: Event #2969
Recorded event in DynamoDB Local: Event #2970
Recorded event in DynamoDB Local: Event #2971
Recorded event in DynamoDB Local: Event #2972
Recorded event in DynamoDB Local: Event #2973
Recorded event in DynamoDB Local: Event #2974
Recorded event in DynamoDB Local: Event #2975
Recorded event in DynamoDB Local: Event #2976
Recorded event in DynamoDB Local: Event #2977
Recorded event in DynamoDB Local: Event #2978
Recorded event in DynamoDB Local: Event #2979
Recorded event in DynamoDB Local: Event #2980
Recorded event in DynamoDB Local: Event #2981
Recorded event in DynamoDB Local: Event #2982
Recorded event in DynamoDB Local: Event #2983
Recorded event in DynamoDB Local: Event #2984
Recorded event in DynamoDB Local: Event #2985
Recorded event in DynamoDB Local: Event #2986
Recorded event in DynamoDB Local: Event #2987
Recorded event in DynamoDB Local: Event #2988
Recorded event in DynamoDB Local: Event #2989
Recorded event in DynamoDB Local: Event #2990
Recorded event in DynamoDB Local: Event #2991
Recorded event in DynamoDB Local: Event #2992
Recorded event in DynamoDB Local: Event #2993
Recorded event in DynamoDB Local: Event #2994
Recorded event in DynamoDB Local: Event #2995
Recorded event in DynamoDB Local: Event #2996
Recorded event in DynamoDB Local: Event #2997
Recorded event in DynamoDB Local: Event #2998
Recorded event in DynamoDB Local: Event #2999
Recorded event in DynamoDB Local: Event #3000
Recorded event in DynamoDB Local: Event #3001
Recorded event in DynamoDB Local: Event #3002
Recorded event in DynamoDB Local: Event #3003
Recorded event in DynamoDB Local: Event #3004
Recorded event in DynamoDB Local: Event #3005
Recorded event in DynamoDB Local: Event #3006
Recorded event in DynamoDB Local: Event #3007
Recorded event in DynamoDB Local: Event #3008
Recorded event in DynamoDB Local: Event #3009
Recorded event in DynamoDB Local: Event #3010
Recorded event in DynamoDB Local: Event #3011
Recorded event in DynamoDB Local: Event #3012
Recorded event in DynamoDB Local: Event #3013
Recorded event in DynamoDB Local: Event #3014
Recorded event in DynamoDB Local: Event #3015
Recorded event in DynamoDB Local: Event #3016
Recorded event in DynamoDB Local: Event #3017
Recorded event in DynamoDB Local: Event #3018
Recorded event in DynamoDB Local: Event #3019
Recorded event in DynamoDB Local: Event #3020
Recorded event in DynamoDB Local: Event #3021
Recorded event in DynamoDB Local: Event #3022
Recorded event in DynamoDB Local: Event #3023
Recorded event in DynamoDB Local: Event #3024
Recorded event in DynamoDB Local: Event #3025
Recorded event in DynamoDB Local: Event #3026
Recorded event in DynamoDB Local: Event #3027
Recorded event in DynamoDB Local: Event #3028
Recorded event in DynamoDB Local: Event #3029
Recorded event in DynamoDB Local: Event #3030
Recorded event in DynamoDB Local: Event #3031
Recorded event in DynamoDB Local: Event #3032
Recorded event in DynamoDB Local: Event #3033
Recorded event in DynamoDB Local: Event #3034
Recorded event in DynamoDB Local: Event #3035
Recorded event in DynamoDB Local: Event #3036
Recorded event in DynamoDB Local: Event #3037
Recorded event in DynamoDB Local: Event #3038
Recorded event in DynamoDB Local: Event #3039
Recorded event in DynamoDB Local: Event #3040
Recorded event in DynamoDB Local: Event #3041
Recorded event in DynamoDB Local: Event #3042
Recorded event in DynamoDB Local: Event #3043
Recorded event in DynamoDB Local: Event #3044
Recorded event in DynamoDB Local: Event #3045
Recorded event in DynamoDB Local: Event #3046
Recorded event in DynamoDB Local: Event #3047
Recorded event in DynamoDB Local: Event #3048
Recorded event in DynamoDB Local: Event #3049
Recorded event in DynamoDB Local: Event #3050
Recorded event in DynamoDB Local: Event #3051
Recorded event in DynamoDB Local: Event #3052
Recorded event in DynamoDB Local: Event #3053
Recorded event in DynamoDB Local: Event #3054
Recorded event in DynamoDB Local: Event #3055
Recorded event in DynamoDB Local: Event #3056
Recorded event in DynamoDB Local: Event #3057
Recorded event in DynamoDB Local: Event #3058
Recorded event in DynamoDB Local: Event #3059
Recorded event in DynamoDB Local: Event #3060
Recorded event in DynamoDB Local: Event #3061
Recorded event in DynamoDB Local: Event #3062
Recorded event in DynamoDB Local: Event #3063
Recorded event in DynamoDB Local: Event #3064
Recorded event in DynamoDB Local: Event #3065
Recorded event in DynamoDB Local: Event #3066
Recorded event in DynamoDB Local: Event #3067
Recorded event in DynamoDB Local: Event #3068
Recorded event in DynamoDB Local: Event #3069
Recorded event in DynamoDB Local: Event #3070
Recorded event in DynamoDB Local: Event #3071
Recorded event in DynamoDB Local: Event #3072
Recorded event in DynamoDB Local: Event #3073
Recorded event in DynamoDB Local: Event #3074
Recorded event in DynamoDB Local: Event #3075
Recorded event in DynamoDB Local: Event #3076
Recorded event in DynamoDB Local: Event #3077
Recorded event in DynamoDB Local: Event #3078
Recorded event in DynamoDB Local: Event #3079
Recorded event in DynamoDB Local: Event #3080
Recorded event in DynamoDB Local: Event #3081
Recorded event in DynamoDB Local: Event #3082
Recorded event in DynamoDB Local: Event #3083
Recorded event in DynamoDB Local: Event #3084
Recorded event in DynamoDB Local: Event #3085
Recorded event in DynamoDB Local: Event #3086
Recorded event in DynamoDB Local: Event #3087
Recorded event in DynamoDB Local: Event #3088
Recorded event in DynamoDB Local: Event #3089
Recorded event in DynamoDB Local: Event #3090
Recorded event in DynamoDB Local: Event #3091
Recorded event in DynamoDB Local: Event #3092
Recorded event in DynamoDB Local: Event #3093
Recorded event in DynamoDB Local: Event #3094
Recorded event in DynamoDB Local: Event #3095
Recorded event in DynamoDB Local: Event #3096
Recorded event in DynamoDB Local: Event #3097
Recorded event in DynamoDB Local: Event #3098
Recorded event in DynamoDB Local: Event #3099
Recorded event in DynamoDB Local: Event #3100
Recorded event in DynamoDB Local: Event #3101
Recorded event in DynamoDB Local: Event #3102
Recorded event in DynamoDB Local: Event #3103
Recorded event in DynamoDB Local: Event #3104
Recorded event in DynamoDB Local: Event #3105
Recorded event in DynamoDB Local: Event #3106
Recorded event in DynamoDB Local: Event #3107
Recorded event in DynamoDB Local: Event #3108
Recorded event in DynamoDB Local: Event #3109
Recorded event in DynamoDB Local: Event #3110
Recorded event in DynamoDB Local: Event #3111
Recorded event in DynamoDB Local: Event #3112
Recorded event in DynamoDB Local: Event #3113
Recorded event in DynamoDB Local: Event #3114
Recorded event in DynamoDB Local: Event #3115
Recorded event in DynamoDB Local: Event #3116
Recorded event in DynamoDB Local: Event #3117
Recorded event in DynamoDB Local: Event #3118
Recorded event in DynamoDB Local: Event #3119
Recorded event in DynamoDB Local: Event #3120
Recorded event in DynamoDB Local: Event #3121
Recorded event in DynamoDB Local: Event #3122
Recorded event in DynamoDB Local: Event #3123
Recorded event in DynamoDB Local: Event #3124
Recorded event in DynamoDB Local: Event #3125
Recorded event in DynamoDB Local: Event #3126
Recorded event in DynamoDB Local: Event #3127
Recorded event in DynamoDB Local: Event #3128
Recorded event in DynamoDB Local: Event #3129
Recorded event in DynamoDB Local: Event #3130
Recorded event in DynamoDB Local: Event #3131
Recorded event in DynamoDB Local: Event #3132
Recorded event in DynamoDB Local: Event #3133
Recorded event in DynamoDB Local: Event #3134
Recorded event in DynamoDB Local: Event #3135
Recorded event in DynamoDB Local: Event #3136
Recorded event in DynamoDB Local: Event #3137
Recorded event in DynamoDB Local: Event #3138
Recorded event in DynamoDB Local: Event #3139
Recorded event in DynamoDB Local: Event #3140
Recorded event in DynamoDB Local: Event #3141
Recorded event in DynamoDB Local: Event #3142
Recorded event in DynamoDB Local: Event #3143
Recorded event in DynamoDB Local: Event #3144
Recorded event in DynamoDB Local: Event #3145
Recorded event in DynamoDB Local: Event #3146
Recorded event in DynamoDB Local: Event #3147
Recorded event in DynamoDB Local: Event #3148
Recorded event in DynamoDB Local: Event #3149
Recorded event in DynamoDB Local: Event #3150
Recorded event in DynamoDB Local: Event #3151
Recorded event in DynamoDB Local: Event #3152
Recorded event in DynamoDB Local: Event #3153
Recorded event in DynamoDB Local: Event #3154
Recorded event in DynamoDB Local: Event #3155
Recorded event in DynamoDB Local: Event #3156
Recorded event in DynamoDB Local: Event #3157
Recorded event in DynamoDB Local: Event #3158
Recorded event in DynamoDB Local: Event #3159
Recorded event in DynamoDB Local: Event #3160
Recorded event in DynamoDB Local: Event #3161
Recorded event in DynamoDB Local: Event #3162
Recorded event in DynamoDB Local: Event #3163
Recorded event in DynamoDB Local: Event #3164
Recorded event in DynamoDB Local: Event #3165
Recorded event in DynamoDB Local: Event #3166
Recorded event in DynamoDB Local: Event #3167
Recorded event in DynamoDB Local: Event #3168
Recorded event in DynamoDB Local: Event #3169
Recorded event in DynamoDB Local: Event #3170
Recorded event in DynamoDB Local: Event #3171
Recorded event in DynamoDB Local: Event #3172
Recorded event in DynamoDB Local: Event #3173
Recorded event in DynamoDB Local: Event #3174
Recorded event in DynamoDB Local: Event #3175
Recorded event in DynamoDB Local: Event #3176
Recorded event in DynamoDB Local: Event #3177
Recorded event in DynamoDB Local: Event #3178
Recorded event in DynamoDB Local: Event #3179
Recorded event in DynamoDB Local: Event #3180
Recorded event in DynamoDB Local: Event #3181
Recorded event in DynamoDB Local: Event #3182
Recorded event in DynamoDB Local: Event #3183
Recorded event in DynamoDB Local: Event #3184
Recorded event in DynamoDB Local: Event #3185
Recorded event in DynamoDB Local: Event #3186
Recorded event in DynamoDB Local: Event #3187
Recorded event in DynamoDB Local: Event #3188
Recorded event in DynamoDB Local: Event #3189
Recorded event in DynamoDB Local: Event #3190
Recorded event in DynamoDB Local: Event #3191
Recorded event in DynamoDB Local: Event #3192
Recorded event in DynamoDB Local: Event #3193
Recorded event in DynamoDB Local: Event #3194
Recorded event in DynamoDB Local: Event #3195
Recorded event in DynamoDB Local: Event #3196
Recorded event in DynamoDB Local: Event #3197
Recorded event in DynamoDB Local: Event #3198
Recorded event in DynamoDB Local: Event #3199
Recorded event in DynamoDB Local: Event #3200
Recorded event in DynamoDB Local: Event #3201
Recorded event in DynamoDB Local: Event #3202
Recorded event in DynamoDB Local: Event #3203
Recorded event in DynamoDB Local: Event #3204
Recorded event in DynamoDB Local: Event #3205
Recorded event in DynamoDB Local: Event #3206
Recorded event in DynamoDB Local: Event #3207
Recorded event in DynamoDB Local: Event #3208
Recorded event in DynamoDB Local: Event #3209
Recorded event in DynamoDB Local: Event #3210
Recorded event in DynamoDB Local: Event #3211
Recorded event in DynamoDB Local: Event #3212
Recorded event in DynamoDB Local: Event #3213
Recorded event in DynamoDB Local: Event #3214
Recorded event in DynamoDB Local: Event #3215
Recorded event in DynamoDB Local: Event #3216
Recorded event in DynamoDB Local: Event #3217
Recorded event in DynamoDB Local: Event #3218
Recorded event in DynamoDB Local: Event #3219
Recorded event in DynamoDB Local: Event #3220
Recorded event in DynamoDB Local: Event #3221
Recorded event in DynamoDB Local: Event #3222
Recorded event in DynamoDB Local: Event #3223
Recorded event in DynamoDB Local: Event #3224
Recorded event in DynamoDB Local: Event #3225
Recorded event in DynamoDB Local: Event #3226
Recorded event in DynamoDB Local: Event #3227
Recorded event in DynamoDB Local: Event #3228
Recorded event in DynamoDB Local: Event #3229
Recorded event in DynamoDB Local: Event #3230
Recorded event in DynamoDB Local: Event #3231
Recorded event in DynamoDB Local: Event #3232
Recorded event in DynamoDB Local: Event #3233
Recorded event in DynamoDB Local: Event #3234
Recorded event in DynamoDB Local: Event #3235
Recorded event in DynamoDB Local: Event #3236
Recorded event in DynamoDB Local: Event #3237
Recorded event in DynamoDB Local: Event #3238
Recorded event in DynamoDB Local: Event #3239
Recorded event in DynamoDB Local: Event #3240
Recorded event in DynamoDB Local: Event #3241
Recorded event in DynamoDB Local: Event #3242
Recorded event in DynamoDB Local: Event #3243
Recorded event in DynamoDB Local: Event #3244
Recorded event in DynamoDB Local: Event #3245
Recorded event in DynamoDB Local: Event #3246
Recorded event in DynamoDB Local: Event #3247
Recorded event in DynamoDB Local: Event #3248
Recorded event in DynamoDB Local: Event #3249
Recorded event in DynamoDB Local: Event #3250
Recorded event in DynamoDB Local: Event #3251
Recorded event in DynamoDB Local: Event #3252
Recorded event in DynamoDB Local: Event #3253
Recorded event in DynamoDB Local: Event #3254
Recorded event in DynamoDB Local: Event #3255
Recorded event in DynamoDB Local: Event #3256
Recorded event in DynamoDB Local: Event #3257
Recorded event in DynamoDB Local: Event #3258
Recorded event in DynamoDB Local: Event #3259
Recorded event in DynamoDB Local: Event #3260
Recorded event in DynamoDB Local: Event #3261
Recorded event in DynamoDB Local: Event #3262
Recorded event in DynamoDB Local: Event #3263
Recorded event in DynamoDB Local: Event #3264
Recorded event in DynamoDB Local: Event #3265
Recorded event in DynamoDB Local: Event #3266
Recorded event in DynamoDB Local: Event #3267
Recorded event in DynamoDB Local: Event #3268
Recorded event in DynamoDB Local: Event #3269
Recorded event in DynamoDB Local: Event #3270
Recorded event in DynamoDB Local: Event #3271
Recorded event in DynamoDB Local: Event #3272
Recorded event in DynamoDB Local: Event #3273
Recorded event in DynamoDB Local: Event #3274
Recorded event in DynamoDB Local: Event #3275
Recorded event in DynamoDB Local: Event #3276
Recorded event in DynamoDB Local: Event #3277
Recorded event in DynamoDB Local: Event #3278
Recorded event in DynamoDB Local: Event #3279
Recorded event in DynamoDB Local: Event #3280
Recorded event in DynamoDB Local: Event #3281
Recorded event in DynamoDB Local: Event #3282
Recorded event in DynamoDB Local: Event #3283
Recorded event in DynamoDB Local: Event #3284
Recorded event in DynamoDB Local: Event #3285
Recorded event in DynamoDB Local: Event #3286
Recorded event in DynamoDB Local: Event #3287
Recorded event in DynamoDB Local: Event #3288
Recorded event in DynamoDB Local: Event #3289
Recorded event in DynamoDB Local: Event #3290
Recorded event in DynamoDB Local: Event #3291
Recorded event in DynamoDB Local: Event #3292
Recorded event in DynamoDB Local: Event #3293
Recorded event in DynamoDB Local: Event #3294
Recorded event in DynamoDB Local: Event #3295
Recorded event in DynamoDB Local: Event #3296
Recorded event in DynamoDB Local: Event #3297
Recorded event in DynamoDB Local: Event #3298
Recorded event in DynamoDB Local: Event #3299
Recorded event in DynamoDB Local: Event #3300
Recorded event in DynamoDB Local: Event #3301
Recorded event in DynamoDB Local: Event #3302
Recorded event in DynamoDB Local: Event #3303
Recorded event in DynamoDB Local: Event #3304
Recorded event in DynamoDB Local: Event #3305
Recorded event in DynamoDB Local: Event #3306
Recorded event in DynamoDB Local: Event #3307
Recorded event in DynamoDB Local: Event #3308
Recorded event in DynamoDB Local: Event #3309
Recorded event in DynamoDB Local: Event #3310
Recorded event in DynamoDB Local: Event #3311
Recorded event in DynamoDB Local: Event #3312
Recorded event in DynamoDB Local: Event #3313
Recorded event in DynamoDB Local: Event #3314
Recorded event in DynamoDB Local: Event #3315
Recorded event in DynamoDB Local: Event #3316
Recorded event in DynamoDB Local: Event #3317
Recorded event in DynamoDB Local: Event #3318
Recorded event in DynamoDB Local: Event #3319
Recorded event in DynamoDB Local: Event #3320
Recorded event in DynamoDB Local: Event #3321
Recorded event in DynamoDB Local: Event #3322
Recorded event in DynamoDB Local: Event #3323
Recorded event in DynamoDB Local: Event #3324
Recorded event in DynamoDB Local: Event #3325
Recorded event in DynamoDB Local: Event #3326
Recorded event in DynamoDB Local: Event #3327
Recorded event in DynamoDB Local: Event #3328
Recorded event in DynamoDB Local: Event #3329
Recorded event in DynamoDB Local: Event #3330
Recorded event in DynamoDB Local: Event #3331
Recorded event in DynamoDB Local: Event #3332
Recorded event in DynamoDB Local: Event #3333
Recorded event in DynamoDB Local: Event #3334
Recorded event in DynamoDB Local: Event #3335
Recorded event in DynamoDB Local: Event #3336
Recorded event in DynamoDB Local: Event #3337
Recorded event in DynamoDB Local: Event #3338
Recorded event in DynamoDB Local: Event #3339
Recorded event in DynamoDB Local: Event #3340
Recorded event in DynamoDB Local: Event #3341
Recorded event in DynamoDB Local: Event #3342
Recorded event in DynamoDB Local: Event #3343
Recorded event in DynamoDB Local: Event #3344
Recorded event in DynamoDB Local: Event #3345
Recorded event in DynamoDB Local: Event #3346
Recorded event in DynamoDB Local: Event #3347
Recorded event in DynamoDB Local: Event #3348
Recorded event in DynamoDB Local: Event #3349
Recorded event in DynamoDB Local: Event #3350
Recorded event in DynamoDB Local: Event #3351
Recorded event in DynamoDB Local: Event #3352
Recorded event in DynamoDB Local: Event #3353
Recorded event in DynamoDB Local: Event #3354
Recorded event in DynamoDB Local: Event #3355
Recorded event in DynamoDB Local: Event #3356
Recorded event in DynamoDB Local: Event #3357
Recorded event in DynamoDB Local: Event #3358
Recorded event in DynamoDB Local: Event #3359
Recorded event in DynamoDB Local: Event #3360
Recorded event in DynamoDB Local: Event #3361
Recorded event in DynamoDB Local: Event #3362
Recorded event in DynamoDB Local: Event #3363
Recorded event in DynamoDB Local: Event #3364
Recorded event in DynamoDB Local: Event #3365
Recorded event in DynamoDB Local: Event #3366
Recorded event in DynamoDB Local: Event #3367
Recorded event in DynamoDB Local: Event #3368
Recorded event in DynamoDB Local: Event #3369
Recorded event in DynamoDB Local: Event #3370
Recorded event in DynamoDB Local: Event #3371
Recorded event in DynamoDB Local: Event #3372
Recorded event in DynamoDB Local: Event #3373
Recorded event in DynamoDB Local: Event #3374
Recorded event in DynamoDB Local: Event #3375
Recorded event in DynamoDB Local: Event #3376
Recorded event in DynamoDB Local: Event #3377
Recorded event in DynamoDB Local: Event #3378
Recorded event in DynamoDB Local: Event #3379
Recorded event in DynamoDB Local: Event #3380
Recorded event in DynamoDB Local: Event #3381
Recorded event in DynamoDB Local: Event #3382
Recorded event in DynamoDB Local: Event #3383
Recorded event in DynamoDB Local: Event #3384
Recorded event in DynamoDB Local: Event #3385
Recorded event in DynamoDB Local: Event #3386
Recorded event in DynamoDB Local: Event #3387
Recorded event in DynamoDB Local: Event #3388
Recorded event in DynamoDB Local: Event #3389
Recorded event in DynamoDB Local: Event #3390
Recorded event in DynamoDB Local: Event #3391
Recorded event in DynamoDB Local: Event #3392
Recorded event in DynamoDB Local: Event #3393
Recorded event in DynamoDB Local: Event #3394
Recorded event in DynamoDB Local: Event #3395
Recorded event in DynamoDB Local: Event #3396
Recorded event in DynamoDB Local: Event #3397
Recorded event in DynamoDB Local: Event #3398
Recorded event in DynamoDB Local: Event #3399
Recorded event in DynamoDB Local: Event #3400
Recorded event in DynamoDB Local: Event #3401
Recorded event in DynamoDB Local: Event #3402
Recorded event in DynamoDB Local: Event #3403
Recorded event in DynamoDB Local: Event #3404
Recorded event in DynamoDB Local: Event #3405
Recorded event in DynamoDB Local: Event #3406
Recorded event in DynamoDB Local: Event #3407
Recorded event in DynamoDB Local: Event #3408
Recorded event in DynamoDB Local: Event #3409
Recorded event in DynamoDB Local: Event #3410
Recorded event in DynamoDB Local: Event #3411
Recorded event in DynamoDB Local: Event #3412
Recorded event in DynamoDB Local: Event #3413
Recorded event in DynamoDB Local: Event #3414
Recorded event in DynamoDB Local: Event #3415
Recorded event in DynamoDB Local: Event #3416
Recorded event in DynamoDB Local: Event #3417
Recorded event in DynamoDB Local: Event #3418
Recorded event in DynamoDB Local: Event #3419
Recorded event in DynamoDB Local: Event #3420
Recorded event in DynamoDB Local: Event #3421
Recorded event in DynamoDB Local: Event #3422
Recorded event in DynamoDB Local: Event #3423
Recorded event in DynamoDB Local: Event #3424
Recorded event in DynamoDB Local: Event #3425
Recorded event in DynamoDB Local: Event #3426
Recorded event in DynamoDB Local: Event #3427
Recorded event in DynamoDB Local: Event #3428
Recorded event in DynamoDB Local: Event #3429
Recorded event in DynamoDB Local: Event #3430
Recorded event in DynamoDB Local: Event #3431
Recorded event in DynamoDB Local: Event #3432
Recorded event in DynamoDB Local: Event #3433
Recorded event in DynamoDB Local: Event #3434
Recorded event in DynamoDB Local: Event #3435
Recorded event in DynamoDB Local: Event #3436
Recorded event in DynamoDB Local: Event #3437
Recorded event in DynamoDB Local: Event #3438
Recorded event in DynamoDB Local: Event #3439
Recorded event in DynamoDB Local: Event #3440
Recorded event in DynamoDB Local: Event #3441
Recorded event in DynamoDB Local: Event #3442
Recorded event in DynamoDB Local: Event #3443
Recorded event in DynamoDB Local: Event #3444
Recorded event in DynamoDB Local: Event #3445
Recorded event in DynamoDB Local: Event #3446
Recorded event in DynamoDB Local: Event #3447
Recorded event in DynamoDB Local: Event #3448
Recorded event in DynamoDB Local: Event #3449
Recorded event in DynamoDB Local: Event #3450
Recorded event in DynamoDB Local: Event #3451
Recorded event in DynamoDB Local: Event #3452
Recorded event in DynamoDB Local: Event #3453
Recorded event in DynamoDB Local: Event #3454
Recorded event in DynamoDB Local: Event #3455
Recorded event in DynamoDB Local: Event #3456
Recorded event in DynamoDB Local: Event #3457
Recorded event in DynamoDB Local: Event #3458
Recorded event in DynamoDB Local: Event #3459
Recorded event in DynamoDB Local: Event #3460
Recorded event in DynamoDB Local: Event #3461
Recorded event in DynamoDB Local: Event #3462
Recorded event in DynamoDB Local: Event #3463
Recorded event in DynamoDB Local: Event #3464
Recorded event in DynamoDB Local: Event #3465
Recorded event in DynamoDB Local: Event #3466
Recorded event in DynamoDB Local: Event #3467
Recorded event in DynamoDB Local: Event #3468
Recorded event in DynamoDB Local: Event #3469
Recorded event in DynamoDB Local: Event #3470
Recorded event in DynamoDB Local: Event #3471
Recorded event in DynamoDB Local: Event #3472
Recorded event in DynamoDB Local: Event #3473
Recorded event in DynamoDB Local: Event #3474
Recorded event in DynamoDB Local: Event #3475
Recorded event in DynamoDB Local: Event #3476
Recorded event in DynamoDB Local: Event #3477
Recorded event in DynamoDB Local: Event #3478
Recorded event in DynamoDB Local: Event #3479
Recorded event in DynamoDB Local: Event #3480
Recorded event in DynamoDB Local: Event #3481
Recorded event in DynamoDB Local: Event #3482
Recorded event in DynamoDB Local: Event #3483
Recorded event in DynamoDB Local: Event #3484
Recorded event in DynamoDB Local: Event #3485
Recorded event in DynamoDB Local: Event #3486
Recorded event in DynamoDB Local: Event #3487
Recorded event in DynamoDB Local: Event #3488
Recorded event in DynamoDB Local: Event #3489
Recorded event in DynamoDB Local: Event #3490
Recorded event in DynamoDB Local: Event #3491
Recorded event in DynamoDB Local: Event #3492
Recorded event in DynamoDB Local: Event #3493
Recorded event in DynamoDB Local: Event #3494
Recorded event in DynamoDB Local: Event #3495
Recorded event in DynamoDB Local: Event #3496
Recorded event in DynamoDB Local: Event #3497
Recorded event in DynamoDB Local: Event #3498
Recorded event in DynamoDB Local: Event #3499
Recorded event in DynamoDB Local: Event #3500
Recorded event in DynamoDB Local: Event #3501
Recorded event in DynamoDB Local: Event #3502
Recorded event in DynamoDB Local: Event #3503
Recorded event in DynamoDB Local: Event #3504
Recorded event in DynamoDB Local: Event #3505
Recorded event in DynamoDB Local: Event #3506
Recorded event in DynamoDB Local: Event #3507
Recorded event in DynamoDB Local: Event #3508
Recorded event in DynamoDB Local: Event #3509
Recorded event in DynamoDB Local: Event #3510
Recorded event in DynamoDB Local: Event #3511
Recorded event in DynamoDB Local: Event #3512
Recorded event in DynamoDB Local: Event #3513
Recorded event in DynamoDB Local: Event #3514
Recorded event in DynamoDB Local: Event #3515
Recorded event in DynamoDB Local: Event #3516
Recorded event in DynamoDB Local: Event #3517
Recorded event in DynamoDB Local: Event #3518
Recorded event in DynamoDB Local: Event #3519
Recorded event in DynamoDB Local: Event #3520
Recorded event in DynamoDB Local: Event #3521
Recorded event in DynamoDB Local: Event #3522
Recorded event in DynamoDB Local: Event #3523
Recorded event in DynamoDB Local: Event #3524
Recorded event in DynamoDB Local: Event #3525
Recorded event in DynamoDB Local: Event #3526
Recorded event in DynamoDB Local: Event #3527
Recorded event in DynamoDB Local: Event #3528
Recorded event in DynamoDB Local: Event #3529
Recorded event in DynamoDB Local: Event #3530
Recorded event in DynamoDB Local: Event #3531
Recorded event in DynamoDB Local: Event #3532
Recorded event in DynamoDB Local: Event #3533
Recorded event in DynamoDB Local: Event #3534
Recorded event in DynamoDB Local: Event #3535
Recorded event in DynamoDB Local: Event #3536
Recorded event in DynamoDB Local: Event #3537
Recorded event in DynamoDB Local: Event #3538
Recorded event in DynamoDB Local: Event #3539
Recorded event in DynamoDB Local: Event #3540
Recorded event in DynamoDB Local: Event #3541
Recorded event in DynamoDB Local: Event #3542
Recorded event in DynamoDB Local: Event #3543
Recorded event in DynamoDB Local: Event #3544
Recorded event in DynamoDB Local: Event #3545
Recorded event in DynamoDB Local: Event #3546
Recorded event in DynamoDB Local: Event #3547
Recorded event in DynamoDB Local: Event #3548
Recorded event in DynamoDB Local: Event #3549
Recorded event in DynamoDB Local: Event #3550
Recorded event in DynamoDB Local: Event #3551
Recorded event in DynamoDB Local: Event #3552
Recorded event in DynamoDB Local: Event #3553
Recorded event in DynamoDB Local: Event #3554
Recorded event in DynamoDB Local: Event #3555
Recorded event in DynamoDB Local: Event #3556
Recorded event in DynamoDB Local: Event #3557
Recorded event in DynamoDB Local: Event #3558
Recorded event in DynamoDB Local: Event #3559
Recorded event in DynamoDB Local: Event #3560
Recorded event in DynamoDB Local: Event #3561
Recorded event in DynamoDB Local: Event #3562
Recorded event in DynamoDB Local: Event #3563
Recorded event in DynamoDB Local: Event #3564
Recorded event in DynamoDB Local: Event #3565
Recorded event in DynamoDB Local: Event #3566
Recorded event in DynamoDB Local: Event #3567
Recorded event in DynamoDB Local: Event #3568
Recorded event in DynamoDB Local: Event #3569
Recorded event in DynamoDB Local: Event #3570
Recorded event in DynamoDB Local: Event #3571
Recorded event in DynamoDB Local: Event #3572
Recorded event in DynamoDB Local: Event #3573
Recorded event in DynamoDB Local: Event #3574
Recorded event in DynamoDB Local: Event #3575
Recorded event in DynamoDB Local: Event #3576
Recorded event in DynamoDB Local: Event #3577
Recorded event in DynamoDB Local: Event #3578
Recorded event in DynamoDB Local: Event #3579
Recorded event in DynamoDB Local: Event #3580
Recorded event in DynamoDB Local: Event #3581
Recorded event in DynamoDB Local: Event #3582
Recorded event in DynamoDB Local: Event #3583
Recorded event in DynamoDB Local: Event #3584
Recorded event in DynamoDB Local: Event #3585
Recorded event in DynamoDB Local: Event #3586
Recorded event in DynamoDB Local: Event #3587
Recorded event in DynamoDB Local: Event #3588
Recorded event in DynamoDB Local: Event #3589
Recorded event in DynamoDB Local: Event #3590
Recorded event in DynamoDB Local: Event #3591
Recorded event in DynamoDB Local: Event #3592
Recorded event in DynamoDB Local: Event #3593
Recorded event in DynamoDB Local: Event #3594
Recorded event in DynamoDB Local: Event #3595
Recorded event in DynamoDB Local: Event #3596
Recorded event in DynamoDB Local: Event #3597
Recorded event in DynamoDB Local: Event #3598
Recorded event in DynamoDB Local: Event #3599
Recorded event in DynamoDB Local: Event #3600
Recorded event in DynamoDB Local: Event #3601
Recorded event in DynamoDB Local: Event #3602
Recorded event in DynamoDB Local: Event #3603
Recorded event in DynamoDB Local: Event #3604
Recorded event in DynamoDB Local: Event #3605
Recorded event in DynamoDB Local: Event #3606
Recorded event in DynamoDB Local: Event #3607
Recorded event in DynamoDB Local: Event #3608
Recorded event in DynamoDB Local: Event #3609
Recorded event in DynamoDB Local: Event #3610
Recorded event in DynamoDB Local: Event #3611
Recorded event in DynamoDB Local: Event #3612
Recorded event in DynamoDB Local: Event #3613
Recorded event in DynamoDB Local: Event #3614
Recorded event in DynamoDB Local: Event #3615
Recorded event in DynamoDB Local: Event #3616
Recorded event in DynamoDB Local: Event #3617
Recorded event in DynamoDB Local: Event #3618
Recorded event in DynamoDB Local: Event #3619
Recorded event in DynamoDB Local: Event #3620
Recorded event in DynamoDB Local: Event #3621
Recorded event in DynamoDB Local: Event #3622
Recorded event in DynamoDB Local: Event #3623
Recorded event in DynamoDB Local: Event #3624
Recorded event in DynamoDB Local: Event #3625
Recorded event in DynamoDB Local: Event #3626
Recorded event in DynamoDB Local: Event #3627
Recorded event in DynamoDB Local: Event #3628
Recorded event in DynamoDB Local: Event #3629
Recorded event in DynamoDB Local: Event #3630
Recorded event in DynamoDB Local: Event #3631
Recorded event in DynamoDB Local: Event #3632
Recorded event in DynamoDB Local: Event #3633
Recorded event in DynamoDB Local: Event #3634
Recorded event in DynamoDB Local: Event #3635
Recorded event in DynamoDB Local: Event #3636
Recorded event in DynamoDB Local: Event #3637
Recorded event in DynamoDB Local: Event #3638
Recorded event in DynamoDB Local: Event #3639
Recorded event in DynamoDB Local: Event #3640
Recorded event in DynamoDB Local: Event #3641
Recorded event in DynamoDB Local: Event #3642
Recorded event in DynamoDB Local: Event #3643
Recorded event in DynamoDB Local: Event #3644
Recorded event in DynamoDB Local: Event #3645
Recorded event in DynamoDB Local: Event #3646
Recorded event in DynamoDB Local: Event #3647
Recorded event in DynamoDB Local: Event #3648
Recorded event in DynamoDB Local: Event #3649
Recorded event in DynamoDB Local: Event #3650
Recorded event in DynamoDB Local: Event #3651
Recorded event in DynamoDB Local: Event #3652
Recorded event in DynamoDB Local: Event #3653
Recorded event in DynamoDB Local: Event #3654
Recorded event in DynamoDB Local: Event #3655
Recorded event in DynamoDB Local: Event #3656
Recorded event in DynamoDB Local: Event #3657
Recorded event in DynamoDB Local: Event #3658
Recorded event in DynamoDB Local: Event #3659
Recorded event in DynamoDB Local: Event #3660
Recorded event in DynamoDB Local: Event #3661
Recorded event in DynamoDB Local: Event #3662
Recorded event in DynamoDB Local: Event #3663
Recorded event in DynamoDB Local: Event #3664
Recorded event in DynamoDB Local: Event #3665
Recorded event in DynamoDB Local: Event #3666
Recorded event in DynamoDB Local: Event #3667
Recorded event in DynamoDB Local: Event #3668
Recorded event in DynamoDB Local: Event #3669
Recorded event in DynamoDB Local: Event #3670
Recorded event in DynamoDB Local: Event #3671
Recorded event in DynamoDB Local: Event #3672
Recorded event in DynamoDB Local: Event #3673
Recorded event in DynamoDB Local: Event #3674
Recorded event in DynamoDB Local: Event #3675
Recorded event in DynamoDB Local: Event #3676
Recorded event in DynamoDB Local: Event #3677
Recorded event in DynamoDB Local: Event #3678
Recorded event in DynamoDB Local: Event #3679
Recorded event in DynamoDB Local: Event #3680
Recorded event in DynamoDB Local: Event #3681
Recorded event in DynamoDB Local: Event #3682
Recorded event in DynamoDB Local: Event #3683
Recorded event in DynamoDB Local: Event #3684
Recorded event in DynamoDB Local: Event #3685
Recorded event in DynamoDB Local: Event #3686
Recorded event in DynamoDB Local: Event #3687
Recorded event in DynamoDB Local: Event #3688
Recorded event in DynamoDB Local: Event #3689
Recorded event in DynamoDB Local: Event #3690
Recorded event in DynamoDB Local: Event #3691
Recorded event in DynamoDB Local: Event #3692
Recorded event in DynamoDB Local: Event #3693
Recorded event in DynamoDB Local: Event #3694
Recorded event in DynamoDB Local: Event #3695
Recorded event in DynamoDB Local: Event #3696
Recorded event in DynamoDB Local: Event #3697
Recorded event in DynamoDB Local: Event #3698
Recorded event in DynamoDB Local: Event #3699
Recorded event in DynamoDB Local: Event #3700
Recorded event in DynamoDB Local: Event #3701
Recorded event in DynamoDB Local: Event #3702
Recorded event in DynamoDB Local: Event #3703
Recorded event in DynamoDB Local: Event #3704
Recorded event in DynamoDB Local: Event #3705
Recorded event in DynamoDB Local: Event #3706
Recorded event in DynamoDB Local: Event #3707
Recorded event in DynamoDB Local: Event #3708
Recorded event in DynamoDB Local: Event #3709
Recorded event in DynamoDB Local: Event #3710
Recorded event in DynamoDB Local: Event #3711
Recorded event in DynamoDB Local: Event #3712
Recorded event in DynamoDB Local: Event #3713
Recorded event in DynamoDB Local: Event #3714
Recorded event in DynamoDB Local: Event #3715
Recorded event in DynamoDB Local: Event #3716
Recorded event in DynamoDB Local: Event #3717
Recorded event in DynamoDB Local: Event #3718
Recorded event in DynamoDB Local: Event #3719
Recorded event in DynamoDB Local: Event #3720
Recorded event in DynamoDB Local: Event #3721
Recorded event in DynamoDB Local: Event #3722
Recorded event in DynamoDB Local: Event #3723
Recorded event in DynamoDB Local: Event #3724
Recorded event in DynamoDB Local: Event #3725
Recorded event in DynamoDB Local: Event #3726
Recorded event in DynamoDB Local: Event #3727
Recorded event in DynamoDB Local: Event #3728
Recorded event in DynamoDB Local: Event #3729
Recorded event in DynamoDB Local: Event #3730
Recorded event in DynamoDB Local: Event #3731
Recorded event in DynamoDB Local: Event #3732
Recorded event in DynamoDB Local: Event #3733
Recorded event in DynamoDB Local: Event #3734
Recorded event in DynamoDB Local: Event #3735
Recorded event in DynamoDB Local: Event #3736
Recorded event in DynamoDB Local: Event #3737
Recorded event in DynamoDB Local: Event #3738
Recorded event in DynamoDB Local: Event #3739
Recorded event in DynamoDB Local: Event #3740
Recorded event in DynamoDB Local: Event #3741
Recorded event in DynamoDB Local: Event #3742
Recorded event in DynamoDB Local: Event #3743
Recorded event in DynamoDB Local: Event #3744
Recorded event in DynamoDB Local: Event #3745
Recorded event in DynamoDB Local: Event #3746
Recorded event in DynamoDB Local: Event #3747
Recorded event in DynamoDB Local: Event #3748
Recorded event in DynamoDB Local: Event #3749
Recorded event in DynamoDB Local: Event #3750
Recorded event in DynamoDB Local: Event #3751
Recorded event in DynamoDB Local: Event #3752
Recorded event in DynamoDB Local: Event #3753
Recorded event in DynamoDB Local: Event #3754
Recorded event in DynamoDB Local: Event #3755
Recorded event in DynamoDB Local: Event #3756
Recorded event in DynamoDB Local: Event #3757
Recorded event in DynamoDB Local: Event #3758
Recorded event in DynamoDB Local: Event #3759
Recorded event in DynamoDB Local: Event #3760
Recorded event in DynamoDB Local: Event #3761
Recorded event in DynamoDB Local: Event #3762
Recorded event in DynamoDB Local: Event #3763
Recorded event in DynamoDB Local: Event #3764
Recorded event in DynamoDB Local: Event #3765
Recorded event in DynamoDB Local: Event #3766
Recorded event in DynamoDB Local: Event #3767
Recorded event in DynamoDB Local: Event #3768
Recorded event in DynamoDB Local: Event #3769
Recorded event in DynamoDB Local: Event #3770
Recorded event in DynamoDB Local: Event #3771
Recorded event in DynamoDB Local: Event #3772
Recorded event in DynamoDB Local: Event #3773
Recorded event in DynamoDB Local: Event #3774
Recorded event in DynamoDB Local: Event #3775
Recorded event in DynamoDB Local: Event #3776
Recorded event in DynamoDB Local: Event #3777
Recorded event in DynamoDB Local: Event #3778
Recorded event in DynamoDB Local: Event #3779
Recorded event in DynamoDB Local: Event #3780
Recorded event in DynamoDB Local: Event #3781
Recorded event in DynamoDB Local: Event #3782
Recorded event in DynamoDB Local: Event #3783
Recorded event in DynamoDB Local: Event #3784
Recorded event in DynamoDB Local: Event #3785
Recorded event in DynamoDB Local: Event #3786
Recorded event in DynamoDB Local: Event #3787
Recorded event in DynamoDB Local: Event #3788
Recorded event in DynamoDB Local: Event #3789
Recorded event in DynamoDB Local: Event #3790
Recorded event in DynamoDB Local: Event #3791
Recorded event in DynamoDB Local: Event #3792
Recorded event in DynamoDB Local: Event #3793
Recorded event in DynamoDB Local: Event #3794
Recorded event in DynamoDB Local: Event #3795
Recorded event in DynamoDB Local: Event #3796
Recorded event in DynamoDB Local: Event #3797
Recorded event in DynamoDB Local: Event #3798
Recorded event in DynamoDB Local: Event #3799
Recorded event in DynamoDB Local: Event #3800
Recorded event in DynamoDB Local: Event #3801
Recorded event in DynamoDB Local: Event #3802
Recorded event in DynamoDB Local: Event #3803
Recorded event in DynamoDB Local: Event #3804
Recorded event in DynamoDB Local: Event #3805
Recorded event in DynamoDB Local: Event #3806
Recorded event in DynamoDB Local: Event #3807
Recorded event in DynamoDB Local: Event #3808
Recorded event in DynamoDB Local: Event #3809
Recorded event in DynamoDB Local: Event #3810
Recorded event in DynamoDB Local: Event #3811
Recorded event in DynamoDB Local: Event #3812
Recorded event in DynamoDB Local: Event #3813
Recorded event in DynamoDB Local: Event #3814
Recorded event in DynamoDB Local: Event #3815
Recorded event in DynamoDB Local: Event #3816
Recorded event in DynamoDB Local: Event #3817
Recorded event in DynamoDB Local: Event #3818
Recorded event in DynamoDB Local: Event #3819
Recorded event in DynamoDB Local: Event #3820
Recorded event in DynamoDB Local: Event #3821
Recorded event in DynamoDB Local: Event #3822
Recorded event in DynamoDB Local: Event #3823
Recorded event in DynamoDB Local: Event #3824
Recorded event in DynamoDB Local: Event #3825
Recorded event in DynamoDB Local: Event #3826
Recorded event in DynamoDB Local: Event #3827
Recorded event in DynamoDB Local: Event #3828
Recorded event in DynamoDB Local: Event #3829
Recorded event in DynamoDB Local: Event #3830
Recorded event in DynamoDB Local: Event #3831
Recorded event in DynamoDB Local: Event #3832
Recorded event in DynamoDB Local: Event #3833
Recorded event in DynamoDB Local: Event #3834
Recorded event in DynamoDB Local: Event #3835
Recorded event in DynamoDB Local: Event #3836
Recorded event in DynamoDB Local: Event #3837
Recorded event in DynamoDB Local: Event #3838
Recorded event in DynamoDB Local: Event #3839
Recorded event in DynamoDB Local: Event #3840
Recorded event in DynamoDB Local: Event #3841
Recorded event in DynamoDB Local: Event #3842
Recorded event in DynamoDB Local: Event #3843
Recorded event in DynamoDB Local: Event #3844
Recorded event in DynamoDB Local: Event #3845
Recorded event in DynamoDB Local: Event #3846
Recorded event in DynamoDB Local: Event #3847
Recorded event in DynamoDB Local: Event #3848
Recorded event in DynamoDB Local: Event #3849
Recorded event in DynamoDB Local: Event #3850
Recorded event in DynamoDB Local: Event #3851
Recorded event in DynamoDB Local: Event #3852
Recorded event in DynamoDB Local: Event #3853
Recorded event in DynamoDB Local: Event #3854
Recorded event in DynamoDB Local: Event #3855
Recorded event in DynamoDB Local: Event #3856
Recorded event in DynamoDB Local: Event #3857
Recorded event in DynamoDB Local: Event #3858
Recorded event in DynamoDB Local: Event #3859
Recorded event in DynamoDB Local: Event #3860
Recorded event in DynamoDB Local: Event #3861
Recorded event in DynamoDB Local: Event #3862
Recorded event in DynamoDB Local: Event #3863
Recorded event in DynamoDB Local: Event #3864
Recorded event in DynamoDB Local: Event #3865
Recorded event in DynamoDB Local: Event #3866
Recorded event in DynamoDB Local: Event #3867
Recorded event in DynamoDB Local: Event #3868
Recorded event in DynamoDB Local: Event #3869
Recorded event in DynamoDB Local: Event #3870
Recorded event in DynamoDB Local: Event #3871
Recorded event in DynamoDB Local: Event #3872
Recorded event in DynamoDB Local: Event #3873
Recorded event in DynamoDB Local: Event #3874
Recorded event in DynamoDB Local: Event #3875
Recorded event in DynamoDB Local: Event #3876
Recorded event in DynamoDB Local: Event #3877
Recorded event in DynamoDB Local: Event #3878
Recorded event in DynamoDB Local: Event #3879
Recorded event in DynamoDB Local: Event #3880
Recorded event in DynamoDB Local: Event #3881
Recorded event in DynamoDB Local: Event #3882
Recorded event in DynamoDB Local: Event #3883
Recorded event in DynamoDB Local: Event #3884
Recorded event in DynamoDB Local: Event #3885
Recorded event in DynamoDB Local: Event #3886
Recorded event in DynamoDB Local: Event #3887
Recorded event in DynamoDB Local: Event #3888
Recorded event in DynamoDB Local: Event #3889
Recorded event in DynamoDB Local: Event #3890
Recorded event in DynamoDB Local: Event #3891
Recorded event in DynamoDB Local: Event #3892
Recorded event in DynamoDB Local: Event #3893
Recorded event in DynamoDB Local: Event #3894
Recorded event in DynamoDB Local: Event #3895
Recorded event in DynamoDB Local: Event #3896
Recorded event in DynamoDB Local: Event #3897
Recorded event in DynamoDB Local: Event #3898
Recorded event in DynamoDB Local: Event #3899
Recorded event in DynamoDB Local: Event #3900
Recorded event in DynamoDB Local: Event #3901
Recorded event in DynamoDB Local: Event #3902
Recorded event in DynamoDB Local: Event #3903
Recorded event in DynamoDB Local: Event #3904
Recorded event in DynamoDB Local: Event #3905
Recorded event in DynamoDB Local: Event #3906
Recorded event in DynamoDB Local: Event #3907
Recorded event in DynamoDB Local: Event #3908
Recorded event in DynamoDB Local: Event #3909
Recorded event in DynamoDB Local: Event #3910
Recorded event in DynamoDB Local: Event #3911
Recorded event in DynamoDB Local: Event #3912
Recorded event in DynamoDB Local: Event #3913
Recorded event in DynamoDB Local: Event #3914
Recorded event in DynamoDB Local: Event #3915
Recorded event in DynamoDB Local: Event #3916
Recorded event in DynamoDB Local: Event #3917
Recorded event in DynamoDB Local: Event #3918
Recorded event in DynamoDB Local: Event #3919
Recorded event in DynamoDB Local: Event #3920
Recorded event in DynamoDB Local: Event #3921
Recorded event in DynamoDB Local: Event #3922
Recorded event in DynamoDB Local: Event #3923
Recorded event in DynamoDB Local: Event #3924
Recorded event in DynamoDB Local: Event #3925
Recorded event in DynamoDB Local: Event #3926
Recorded event in DynamoDB Local: Event #3927
Recorded event in DynamoDB Local: Event #3928
Recorded event in DynamoDB Local: Event #3929
Recorded event in DynamoDB Local: Event #3930
Recorded event in DynamoDB Local: Event #3931
Recorded event in DynamoDB Local: Event #3932
Recorded event in DynamoDB Local: Event #3933
Recorded event in DynamoDB Local: Event #3934
Recorded event in DynamoDB Local: Event #3935
Recorded event in DynamoDB Local: Event #3936
Recorded event in DynamoDB Local: Event #3937
Recorded event in DynamoDB Local: Event #3938
Recorded event in DynamoDB Local: Event #3939
Recorded event in DynamoDB Local: Event #3940
Recorded event in DynamoDB Local: Event #3941
Recorded event in DynamoDB Local: Event #3942
Recorded event in DynamoDB Local: Event #3943
Recorded event in DynamoDB Local: Event #3944
Recorded event in DynamoDB Local: Event #3945
Recorded event in DynamoDB Local: Event #3946
Recorded event in DynamoDB Local: Event #3947
Recorded event in DynamoDB Local: Event #3948
Recorded event in DynamoDB Local: Event #3949
Recorded event in DynamoDB Local: Event #3950
Recorded event in DynamoDB Local: Event #3951
Recorded event in DynamoDB Local: Event #3952
Recorded event in DynamoDB Local: Event #3953
Recorded event in DynamoDB Local: Event #3954
Recorded event in DynamoDB Local: Event #3955
Recorded event in DynamoDB Local: Event #3956
Recorded event in DynamoDB Local: Event #3957
Recorded event in DynamoDB Local: Event #3958
Recorded event in DynamoDB Local: Event #3959
Recorded event in DynamoDB Local: Event #3960
Recorded event in DynamoDB Local: Event #3961
Recorded event in DynamoDB Local: Event #3962
Recorded event in DynamoDB Local: Event #3963
Recorded event in DynamoDB Local: Event #3964
Recorded event in DynamoDB Local: Event #3965
Recorded event in DynamoDB Local: Event #3966
Recorded event in DynamoDB Local: Event #3967
Recorded event in DynamoDB Local: Event #3968
Recorded event in DynamoDB Local: Event #3969
Recorded event in DynamoDB Local: Event #3970
Recorded event in DynamoDB Local: Event #3971
Recorded event in DynamoDB Local: Event #3972
Recorded event in DynamoDB Local: Event #3973
Recorded event in DynamoDB Local: Event #3974
Recorded event in DynamoDB Local: Event #3975
Recorded event in DynamoDB Local: Event #3976
Recorded event in DynamoDB Local: Event #3977
Recorded event in DynamoDB Local: Event #3978
Recorded event in DynamoDB Local: Event #3979
Recorded event in DynamoDB Local: Event #3980
Recorded event in DynamoDB Local: Event #3981
Recorded event in DynamoDB Local: Event #3982
Recorded event in DynamoDB Local: Event #3983
Recorded event in DynamoDB Local: Event #3984
Recorded event in DynamoDB Local: Event #3985
Recorded event in DynamoDB Local: Event #3986
Recorded event in DynamoDB Local: Event #3987
Recorded event in DynamoDB Local: Event #3988
Recorded event in DynamoDB Local: Event #3989
Recorded event in DynamoDB Local: Event #3990
Recorded event in DynamoDB Local: Event #3991
Recorded event in DynamoDB Local: Event #3992
Recorded event in DynamoDB Local: Event #3993
Recorded event in DynamoDB Local: Event #3994
Recorded event in DynamoDB Local: Event #3995
Recorded event in DynamoDB Local: Event #3996
Recorded event in DynamoDB Local: Event #3997
Recorded event in DynamoDB Local: Event #3998
Recorded event in DynamoDB Local: Event #3999
Recorded event in DynamoDB Local: Event #4000
Recorded event in DynamoDB Local: Event #4001
Recorded event in DynamoDB Local: Event #4002
Recorded event in DynamoDB Local: Event #4003
Recorded event in DynamoDB Local: Event #4004
Recorded event in DynamoDB Local: Event #4005
Recorded event in DynamoDB Local: Event #4006
Recorded event in DynamoDB Local: Event #4007
Recorded event in DynamoDB Local: Event #4008
Recorded event in DynamoDB Local: Event #4009
Recorded event in DynamoDB Local: Event #4010
Recorded event in DynamoDB Local: Event #4011
Recorded event in DynamoDB Local: Event #4012
Recorded event in DynamoDB Local: Event #4013
Recorded event in DynamoDB Local: Event #4014
Recorded event in DynamoDB Local: Event #4015
Recorded event in DynamoDB Local: Event #4016
Recorded event in DynamoDB Local: Event #4017
Recorded event in DynamoDB Local: Event #4018
Recorded event in DynamoDB Local: Event #4019
Recorded event in DynamoDB Local: Event #4020
Recorded event in DynamoDB Local: Event #4021
Recorded event in DynamoDB Local: Event #4022
Recorded event in DynamoDB Local: Event #4023
Recorded event in DynamoDB Local: Event #4024
Recorded event in DynamoDB Local: Event #4025
Recorded event in DynamoDB Local: Event #4026
Recorded event in DynamoDB Local: Event #4027
Recorded event in DynamoDB Local: Event #4028
Recorded event in DynamoDB Local: Event #4029
Recorded event in DynamoDB Local: Event #4030
Recorded event in DynamoDB Local: Event #4031
Recorded event in DynamoDB Local: Event #4032
Recorded event in DynamoDB Local: Event #4033
Recorded event in DynamoDB Local: Event #4034
Recorded event in DynamoDB Local: Event #4035
Recorded event in DynamoDB Local: Event #4036
Recorded event in DynamoDB Local: Event #4037
Recorded event in DynamoDB Local: Event #4038
Recorded event in DynamoDB Local: Event #4039
Recorded event in DynamoDB Local: Event #4040
Recorded event in DynamoDB Local: Event #4041
Recorded event in DynamoDB Local: Event #4042
Recorded event in DynamoDB Local: Event #4043
Recorded event in DynamoDB Local: Event #4044
Recorded event in DynamoDB Local: Event #4045
Recorded event in DynamoDB Local: Event #4046
Recorded event in DynamoDB Local: Event #4047
Recorded event in DynamoDB Local: Event #4048
Recorded event in DynamoDB Local: Event #4049
Recorded event in DynamoDB Local: Event #4050
Recorded event in DynamoDB Local: Event #4051
Recorded event in DynamoDB Local: Event #4052
Recorded event in DynamoDB Local: Event #4053
Recorded event in DynamoDB Local: Event #4054
Recorded event in DynamoDB Local: Event #4055
Recorded event in DynamoDB Local: Event #4056
Recorded event in DynamoDB Local: Event #4057
Recorded event in DynamoDB Local: Event #4058
Recorded event in DynamoDB Local: Event #4059
Recorded event in DynamoDB Local: Event #4060
Recorded event in DynamoDB Local: Event #4061
Recorded event in DynamoDB Local: Event #4062
Recorded event in DynamoDB Local: Event #4063
Recorded event in DynamoDB Local: Event #4064
Recorded event in DynamoDB Local: Event #4065
Recorded event in DynamoDB Local: Event #4066
Recorded event in DynamoDB Local: Event #4067
Recorded event in DynamoDB Local: Event #4068
Recorded event in DynamoDB Local: Event #4069
Recorded event in DynamoDB Local: Event #4070
Recorded event in DynamoDB Local: Event #4071
Recorded event in DynamoDB Local: Event #4072
Recorded event in DynamoDB Local: Event #4073
Recorded event in DynamoDB Local: Event #4074
Recorded event in DynamoDB Local: Event #4075
Recorded event in DynamoDB Local: Event #4076
Recorded event in DynamoDB Local: Event #4077
Recorded event in DynamoDB Local: Event #4078
Recorded event in DynamoDB Local: Event #4079
Recorded event in DynamoDB Local: Event #4080
Recorded event in DynamoDB Local: Event #4081
Recorded event in DynamoDB Local: Event #4082
Recorded event in DynamoDB Local: Event #4083
Recorded event in DynamoDB Local: Event #4084
Recorded event in DynamoDB Local: Event #4085
Recorded event in DynamoDB Local: Event #4086
Recorded event in DynamoDB Local: Event #4087
Recorded event in DynamoDB Local: Event #4088
Recorded event in DynamoDB Local: Event #4089
Recorded event in DynamoDB Local: Event #4090
Recorded event in DynamoDB Local: Event #4091
Recorded event in DynamoDB Local: Event #4092
Recorded event in DynamoDB Local: Event #4093
Recorded event in DynamoDB Local: Event #4094
Recorded event in DynamoDB Local: Event #4095
Recorded event in DynamoDB Local: Event #4096
Recorded event in DynamoDB Local: Event #4097
Recorded event in DynamoDB Local: Event #4098
Recorded event in DynamoDB Local: Event #4099
Recorded event in DynamoDB Local: Event #4100
Recorded event in DynamoDB Local: Event #4101
Recorded event in DynamoDB Local: Event #4102
Recorded event in DynamoDB Local: Event #4103
Recorded event in DynamoDB Local: Event #4104
Recorded event in DynamoDB Local: Event #4105
Recorded event in DynamoDB Local: Event #4106
Recorded event in DynamoDB Local: Event #4107
Recorded event in DynamoDB Local: Event #4108
Recorded event in DynamoDB Local: Event #4109
Recorded event in DynamoDB Local: Event #4110
Recorded event in DynamoDB Local: Event #4111
Recorded event in DynamoDB Local: Event #4112
Recorded event in DynamoDB Local: Event #4113
Recorded event in DynamoDB Local: Event #4114
Recorded event in DynamoDB Local: Event #4115
Recorded event in DynamoDB Local: Event #4116
Recorded event in DynamoDB Local: Event #4117
Recorded event in DynamoDB Local: Event #4118
Recorded event in DynamoDB Local: Event #4119
Recorded event in DynamoDB Local: Event #4120
Recorded event in DynamoDB Local: Event #4121
Recorded event in DynamoDB Local: Event #4122
Recorded event in DynamoDB Local: Event #4123
Recorded event in DynamoDB Local: Event #4124
Recorded event in DynamoDB Local: Event #4125
Recorded event in DynamoDB Local: Event #4126
Recorded event in DynamoDB Local: Event #4127
Recorded event in DynamoDB Local: Event #4128
Recorded event in DynamoDB Local: Event #4129
Recorded event in DynamoDB Local: Event #4130
Recorded event in DynamoDB Local: Event #4131
Recorded event in DynamoDB Local: Event #4132
Recorded event in DynamoDB Local: Event #4133
Recorded event in DynamoDB Local: Event #4134
Recorded event in DynamoDB Local: Event #4135
Recorded event in DynamoDB Local: Event #4136
Recorded event in DynamoDB Local: Event #4137
Recorded event in DynamoDB Local: Event #4138
Recorded event in DynamoDB Local: Event #4139
Recorded event in DynamoDB Local: Event #4140
Recorded event in DynamoDB Local: Event #4141
Recorded event in DynamoDB Local: Event #4142
Recorded event in DynamoDB Local: Event #4143
Recorded event in DynamoDB Local: Event #4144
Recorded event in DynamoDB Local: Event #4145
Recorded event in DynamoDB Local: Event #4146
Recorded event in DynamoDB Local: Event #4147
Recorded event in DynamoDB Local: Event #4148
Recorded event in DynamoDB Local: Event #4149
Recorded event in DynamoDB Local: Event #4150
Recorded event in DynamoDB Local: Event #4151
Recorded event in DynamoDB Local: Event #4152
Recorded event in DynamoDB Local: Event #4153
Recorded event in DynamoDB Local: Event #4154
Recorded event in DynamoDB Local: Event #4155
Recorded event in DynamoDB Local: Event #4156
Recorded event in DynamoDB Local: Event #4157
Recorded event in DynamoDB Local: Event #4158
Recorded event in DynamoDB Local: Event #4159
Recorded event in DynamoDB Local: Event #4160
Recorded event in DynamoDB Local: Event #4161
Recorded event in DynamoDB Local: Event #4162
Recorded event in DynamoDB Local: Event #4163
Recorded event in DynamoDB Local: Event #4164
Recorded event in DynamoDB Local: Event #4165
Recorded event in DynamoDB Local: Event #4166
Recorded event in DynamoDB Local: Event #4167
Recorded event in DynamoDB Local: Event #4168
Recorded event in DynamoDB Local: Event #4169
Recorded event in DynamoDB Local: Event #4170
Recorded event in DynamoDB Local: Event #4171
Recorded event in DynamoDB Local: Event #4172
Recorded event in DynamoDB Local: Event #4173
Recorded event in DynamoDB Local: Event #4174
Recorded event in DynamoDB Local: Event #4175
Recorded event in DynamoDB Local: Event #4176
Recorded event in DynamoDB Local: Event #4177
Recorded event in DynamoDB Local: Event #4178
Recorded event in DynamoDB Local: Event #4179
Recorded event in DynamoDB Local: Event #4180
Recorded event in DynamoDB Local: Event #4181
Recorded event in DynamoDB Local: Event #4182
Recorded event in DynamoDB Local: Event #4183
Recorded event in DynamoDB Local: Event #4184
Recorded event in DynamoDB Local: Event #4185
Recorded event in DynamoDB Local: Event #4186
Recorded event in DynamoDB Local: Event #4187
Recorded event in DynamoDB Local: Event #4188
Recorded event in DynamoDB Local: Event #4189
Recorded event in DynamoDB Local: Event #4190
Recorded event in DynamoDB Local: Event #4191
Recorded event in DynamoDB Local: Event #4192
Recorded event in DynamoDB Local: Event #4193
Recorded event in DynamoDB Local: Event #4194
Recorded event in DynamoDB Local: Event #4195
Recorded event in DynamoDB Local: Event #4196
Recorded event in DynamoDB Local: Event #4197
Recorded event in DynamoDB Local: Event #4198
Recorded event in DynamoDB Local: Event #4199
Recorded event in DynamoDB Local: Event #4200
Recorded event in DynamoDB Local: Event #4201
Recorded event in DynamoDB Local: Event #4202
Recorded event in DynamoDB Local: Event #4203
Recorded event in DynamoDB Local: Event #4204
Recorded event in DynamoDB Local: Event #4205
Recorded event in DynamoDB Local: Event #4206
Recorded event in DynamoDB Local: Event #4207
Recorded event in DynamoDB Local: Event #4208
Recorded event in DynamoDB Local: Event #4209
Recorded event in DynamoDB Local: Event #4210
Recorded event in DynamoDB Local: Event #4211
Recorded event in DynamoDB Local: Event #4212
Recorded event in DynamoDB Local: Event #4213
Recorded event in DynamoDB Local: Event #4214
Recorded event in DynamoDB Local: Event #4215
Recorded event in DynamoDB Local: Event #4216
Recorded event in DynamoDB Local: Event #4217
Recorded event in DynamoDB Local: Event #4218
Recorded event in DynamoDB Local: Event #4219
Recorded event in DynamoDB Local: Event #4220
Recorded event in DynamoDB Local: Event #4221
Recorded event in DynamoDB Local: Event #4222
Recorded event in DynamoDB Local: Event #4223
Recorded event in DynamoDB Local: Event #4224
Recorded event in DynamoDB Local: Event #4225
Recorded event in DynamoDB Local: Event #4226
Recorded event in DynamoDB Local: Event #4227
Recorded event in DynamoDB Local: Event #4228
Recorded event in DynamoDB Local: Event #4229
Recorded event in DynamoDB Local: Event #4230
Recorded event in DynamoDB Local: Event #4231
Recorded event in DynamoDB Local: Event #4232
Recorded event in DynamoDB Local: Event #4233
Recorded event in DynamoDB Local: Event #4234
Recorded event in DynamoDB Local: Event #4235
Recorded event in DynamoDB Local: Event #4236
Recorded event in DynamoDB Local: Event #4237
Recorded event in DynamoDB Local: Event #4238
Recorded event in DynamoDB Local: Event #4239
Recorded event in DynamoDB Local: Event #4240
Recorded event in DynamoDB Local: Event #4241
Recorded event in DynamoDB Local: Event #4242
Recorded event in DynamoDB Local: Event #4243
Recorded event in DynamoDB Local: Event #4244
Recorded event in DynamoDB Local: Event #4245
Recorded event in DynamoDB Local: Event #4246
Recorded event in DynamoDB Local: Event #4247
Recorded event in DynamoDB Local: Event #4248
Recorded event in DynamoDB Local: Event #4249
Recorded event in DynamoDB Local: Event #4250
Recorded event in DynamoDB Local: Event #4251
Recorded event in DynamoDB Local: Event #4252
Recorded event in DynamoDB Local: Event #4253
Recorded event in DynamoDB Local: Event #4254
Recorded event in DynamoDB Local: Event #4255
Recorded event in DynamoDB Local: Event #4256
Recorded event in DynamoDB Local: Event #4257
Recorded event in DynamoDB Local: Event #4258
Recorded event in DynamoDB Local: Event #4259
Recorded event in DynamoDB Local: Event #4260
Recorded event in DynamoDB Local: Event #4261
Recorded event in DynamoDB Local: Event #4262
Recorded event in DynamoDB Local: Event #4263
Recorded event in DynamoDB Local: Event #4264
Recorded event in DynamoDB Local: Event #4265
Recorded event in DynamoDB Local: Event #4266
Recorded event in DynamoDB Local: Event #4267
Recorded event in DynamoDB Local: Event #4268
Recorded event in DynamoDB Local: Event #4269
Recorded event in DynamoDB Local: Event #4270
Recorded event in DynamoDB Local: Event #4271
Recorded event in DynamoDB Local: Event #4272
Recorded event in DynamoDB Local: Event #4273
Recorded event in DynamoDB Local: Event #4274
Recorded event in DynamoDB Local: Event #4275
Recorded event in DynamoDB Local: Event #4276
Recorded event in DynamoDB Local: Event #4277
Recorded event in DynamoDB Local: Event #4278
Recorded event in DynamoDB Local: Event #4279
Recorded event in DynamoDB Local: Event #4280
Recorded event in DynamoDB Local: Event #4281
Recorded event in DynamoDB Local: Event #4282
Recorded event in DynamoDB Local: Event #4283
Recorded event in DynamoDB Local: Event #4284
Recorded event in DynamoDB Local: Event #4285
Recorded event in DynamoDB Local: Event #4286
Recorded event in DynamoDB Local: Event #4287
Recorded event in DynamoDB Local: Event #4288
Recorded event in DynamoDB Local: Event #4289
Recorded event in DynamoDB Local: Event #4290
Recorded event in DynamoDB Local: Event #4291
Recorded event in DynamoDB Local: Event #4292
Recorded event in DynamoDB Local: Event #4293
Recorded event in DynamoDB Local: Event #4294
Recorded event in DynamoDB Local: Event #4295
Recorded event in DynamoDB Local: Event #4296
Recorded event in DynamoDB Local: Event #4297
Recorded event in DynamoDB Local: Event #4298
Recorded event in DynamoDB Local: Event #4299
Recorded event in DynamoDB Local: Event #4300
Recorded event in DynamoDB Local: Event #4301
Recorded event in DynamoDB Local: Event #4302
Recorded event in DynamoDB Local: Event #4303
Recorded event in DynamoDB Local: Event #4304
Recorded event in DynamoDB Local: Event #4305
Recorded event in DynamoDB Local: Event #4306
Recorded event in DynamoDB Local: Event #4307
Recorded event in DynamoDB Local: Event #4308
Recorded event in DynamoDB Local: Event #4309
Recorded event in DynamoDB Local: Event #4310
Recorded event in DynamoDB Local: Event #4311
Recorded event in DynamoDB Local: Event #4312
Recorded event in DynamoDB Local: Event #4313
Recorded event in DynamoDB Local: Event #4314
Recorded event in DynamoDB Local: Event #4315
Recorded event in DynamoDB Local: Event #4316
Recorded event in DynamoDB Local: Event #4317
Recorded event in DynamoDB Local: Event #4318
Recorded event in DynamoDB Local: Event #4319
Recorded event in DynamoDB Local: Event #4320
Recorded event in DynamoDB Local: Event #4321
Recorded event in DynamoDB Local: Event #4322
Recorded event in DynamoDB Local: Event #4323
Recorded event in DynamoDB Local: Event #4324
Recorded event in DynamoDB Local: Event #4325
Recorded event in DynamoDB Local: Event #4326
Recorded event in DynamoDB Local: Event #4327
Recorded event in DynamoDB Local: Event #4328
Recorded event in DynamoDB Local: Event #4329
Recorded event in DynamoDB Local: Event #4330
Recorded event in DynamoDB Local: Event #4331
Recorded event in DynamoDB Local: Event #4332
Recorded event in DynamoDB Local: Event #4333
Recorded event in DynamoDB Local: Event #4334
Recorded event in DynamoDB Local: Event #4335
Recorded event in DynamoDB Local: Event #4336
Recorded event in DynamoDB Local: Event #4337
Recorded event in DynamoDB Local: Event #4338
Recorded event in DynamoDB Local: Event #4339
Recorded event in DynamoDB Local: Event #4340
Recorded event in DynamoDB Local: Event #4341
Recorded event in DynamoDB Local: Event #4342
Recorded event in DynamoDB Local: Event #4343
Recorded event in DynamoDB Local: Event #4344
Recorded event in DynamoDB Local: Event #4345
Recorded event in DynamoDB Local: Event #4346
Recorded event in DynamoDB Local: Event #4347
Recorded event in DynamoDB Local: Event #4348
Recorded event in DynamoDB Local: Event #4349
Recorded event in DynamoDB Local: Event #4350
Recorded event in DynamoDB Local: Event #4351
Recorded event in DynamoDB Local: Event #4352
Recorded event in DynamoDB Local: Event #4353
Recorded event in DynamoDB Local: Event #4354
Recorded event in DynamoDB Local: Event #4355
Recorded event in DynamoDB Local: Event #4356
Recorded event in DynamoDB Local: Event #4357
Recorded event in DynamoDB Local: Event #4358
Recorded event in DynamoDB Local: Event #4359
Recorded event in DynamoDB Local: Event #4360
Recorded event in DynamoDB Local: Event #4361
Recorded event in DynamoDB Local: Event #4362
Recorded event in DynamoDB Local: Event #4363
Recorded event in DynamoDB Local: Event #4364
Recorded event in DynamoDB Local: Event #4365
Recorded event in DynamoDB Local: Event #4366
Recorded event in DynamoDB Local: Event #4367
Recorded event in DynamoDB Local: Event #4368
Recorded event in DynamoDB Local: Event #4369
Recorded event in DynamoDB Local: Event #4370
Recorded event in DynamoDB Local: Event #4371
Recorded event in DynamoDB Local: Event #4372
Recorded event in DynamoDB Local: Event #4373
Recorded event in DynamoDB Local: Event #4374
Recorded event in DynamoDB Local: Event #4375
Recorded event in DynamoDB Local: Event #4376
Recorded event in DynamoDB Local: Event #4377
Recorded event in DynamoDB Local: Event #4378
Recorded event in DynamoDB Local: Event #4379
Recorded event in DynamoDB Local: Event #4380
Recorded event in DynamoDB Local: Event #4381
Recorded event in DynamoDB Local: Event #4382
Recorded event in DynamoDB Local: Event #4383
Recorded event in DynamoDB Local: Event #4384
Recorded event in DynamoDB Local: Event #4385
Recorded event in DynamoDB Local: Event #4386
Recorded event in DynamoDB Local: Event #4387
Recorded event in DynamoDB Local: Event #4388
Recorded event in DynamoDB Local: Event #4389
Recorded event in DynamoDB Local: Event #4390
Recorded event in DynamoDB Local: Event #4391
Recorded event in DynamoDB Local: Event #4392
Recorded event in DynamoDB Local: Event #4393
Recorded event in DynamoDB Local: Event #4394
Recorded event in DynamoDB Local: Event #4395
Recorded event in DynamoDB Local: Event #4396
Recorded event in DynamoDB Local: Event #4397
Recorded event in DynamoDB Local: Event #4398
Recorded event in DynamoDB Local: Event #4399
Recorded event in DynamoDB Local: Event #4400
Recorded event in DynamoDB Local: Event #4401
Recorded event in DynamoDB Local: Event #4402
Recorded event in DynamoDB Local: Event #4403
Recorded event in DynamoDB Local: Event #4404
Recorded event in DynamoDB Local: Event #4405
Recorded event in DynamoDB Local: Event #4406
Recorded event in DynamoDB Local: Event #4407
Recorded event in DynamoDB Local: Event #4408
Recorded event in DynamoDB Local: Event #4409
Recorded event in DynamoDB Local: Event #4410
Recorded event in DynamoDB Local: Event #4411
Recorded event in DynamoDB Local: Event #4412
Recorded event in DynamoDB Local: Event #4413
Recorded event in DynamoDB Local: Event #4414
Recorded event in DynamoDB Local: Event #4415
Recorded event in DynamoDB Local: Event #4416
Recorded event in DynamoDB Local: Event #4417
Recorded event in DynamoDB Local: Event #4418
Recorded event in DynamoDB Local: Event #4419
Recorded event in DynamoDB Local: Event #4420
Recorded event in DynamoDB Local: Event #4421
Recorded event in DynamoDB Local: Event #4422
Recorded event in DynamoDB Local: Event #4423
Recorded event in DynamoDB Local: Event #4424
Recorded event in DynamoDB Local: Event #4425
Recorded event in DynamoDB Local: Event #4426
Recorded event in DynamoDB Local: Event #4427
Recorded event in DynamoDB Local: Event #4428
Recorded event in DynamoDB Local: Event #4429
Recorded event in DynamoDB Local: Event #4430
Recorded event in DynamoDB Local: Event #4431
Recorded event in DynamoDB Local: Event #4432
Recorded event in DynamoDB Local: Event #4433
Recorded event in DynamoDB Local: Event #4434
Recorded event in DynamoDB Local: Event #4435
Recorded event in DynamoDB Local: Event #4436
Recorded event in DynamoDB Local: Event #4437
Recorded event in DynamoDB Local: Event #4438
Recorded event in DynamoDB Local: Event #4439
Recorded event in DynamoDB Local: Event #4440
Recorded event in DynamoDB Local: Event #4441
Recorded event in DynamoDB Local: Event #4442
Recorded event in DynamoDB Local: Event #4443
Recorded event in DynamoDB Local: Event #4444
Recorded event in DynamoDB Local: Event #4445
Recorded event in DynamoDB Local: Event #4446
Recorded event in DynamoDB Local: Event #4447
Recorded event in DynamoDB Local: Event #4448
Recorded event in DynamoDB Local: Event #4449
Recorded event in DynamoDB Local: Event #4450
Recorded event in DynamoDB Local: Event #4451
Recorded event in DynamoDB Local: Event #4452
Recorded event in DynamoDB Local: Event #4453
Recorded event in DynamoDB Local: Event #4454
Recorded event in DynamoDB Local: Event #4455
Recorded event in DynamoDB Local: Event #4456
Recorded event in DynamoDB Local: Event #4457
Recorded event in DynamoDB Local: Event #4458
Recorded event in DynamoDB Local: Event #4459
Recorded event in DynamoDB Local: Event #4460
Recorded event in DynamoDB Local: Event #4461
Recorded event in DynamoDB Local: Event #4462
Recorded event in DynamoDB Local: Event #4463
Recorded event in DynamoDB Local: Event #4464
Recorded event in DynamoDB Local: Event #4465
Recorded event in DynamoDB Local: Event #4466
Recorded event in DynamoDB Local: Event #4467
Recorded event in DynamoDB Local: Event #4468
Recorded event in DynamoDB Local: Event #4469
Recorded event in DynamoDB Local: Event #4470
Recorded event in DynamoDB Local: Event #4471
Recorded event in DynamoDB Local: Event #4472
Recorded event in DynamoDB Local: Event #4473
Recorded event in DynamoDB Local: Event #4474
Recorded event in DynamoDB Local: Event #4475
Recorded event in DynamoDB Local: Event #4476
Recorded event in DynamoDB Local: Event #4477
Recorded event in DynamoDB Local: Event #4478
Recorded event in DynamoDB Local: Event #4479
Recorded event in DynamoDB Local: Event #4480
Recorded event in DynamoDB Local: Event #4481
Recorded event in DynamoDB Local: Event #4482
Recorded event in DynamoDB Local: Event #4483
Recorded event in DynamoDB Local: Event #4484
Recorded event in DynamoDB Local: Event #4485
Recorded event in DynamoDB Local: Event #4486
Recorded event in DynamoDB Local: Event #4487
Recorded event in DynamoDB Local: Event #4488
Recorded event in DynamoDB Local: Event #4489
Recorded event in DynamoDB Local: Event #4490
Recorded event in DynamoDB Local: Event #4491
Recorded event in DynamoDB Local: Event #4492
Recorded event in DynamoDB Local: Event #4493
Recorded event in DynamoDB Local: Event #4494
Recorded event in DynamoDB Local: Event #4495
Recorded event in DynamoDB Local: Event #4496
Recorded event in DynamoDB Local: Event #4497
Recorded event in DynamoDB Local: Event #4498
Recorded event in DynamoDB Local: Event #4499
Recorded event in DynamoDB Local: Event #4500
Recorded event in DynamoDB Local: Event #4501
Recorded event in DynamoDB Local: Event #4502
Recorded event in DynamoDB Local: Event #4503
Recorded event in DynamoDB Local: Event #4504
Recorded event in DynamoDB Local: Event #4505
Recorded event in DynamoDB Local: Event #4506
Recorded event in DynamoDB Local: Event #4507
Recorded event in DynamoDB Local: Event #4508
Recorded event in DynamoDB Local: Event #4509
Recorded event in DynamoDB Local: Event #4510
Recorded event in DynamoDB Local: Event #4511
Recorded event in DynamoDB Local: Event #4512
Recorded event in DynamoDB Local: Event #4513
Recorded event in DynamoDB Local: Event #4514
Recorded event in DynamoDB Local: Event #4515
Recorded event in DynamoDB Local: Event #4516
Recorded event in DynamoDB Local: Event #4517
Recorded event in DynamoDB Local: Event #4518
Recorded event in DynamoDB Local: Event #4519
Recorded event in DynamoDB Local: Event #4520
Recorded event in DynamoDB Local: Event #4521
Recorded event in DynamoDB Local: Event #4522
Recorded event in DynamoDB Local: Event #4523
Recorded event in DynamoDB Local: Event #4524
Recorded event in DynamoDB Local: Event #4525
Recorded event in DynamoDB Local: Event #4526
Recorded event in DynamoDB Local: Event #4527
Recorded event in DynamoDB Local: Event #4528
Recorded event in DynamoDB Local: Event #4529
Recorded event in DynamoDB Local: Event #4530
Recorded event in DynamoDB Local: Event #4531
Recorded event in DynamoDB Local: Event #4532
Recorded event in DynamoDB Local: Event #4533
Recorded event in DynamoDB Local: Event #4534
Recorded event in DynamoDB Local: Event #4535
Recorded event in DynamoDB Local: Event #4536
Recorded event in DynamoDB Local: Event #4537
Recorded event in DynamoDB Local: Event #4538
Recorded event in DynamoDB Local: Event #4539
Recorded event in DynamoDB Local: Event #4540
Recorded event in DynamoDB Local: Event #4541
Recorded event in DynamoDB Local: Event #4542
Recorded event in DynamoDB Local: Event #4543
Recorded event in DynamoDB Local: Event #4544
Recorded event in DynamoDB Local: Event #4545
Recorded event in DynamoDB Local: Event #4546
Recorded event in DynamoDB Local: Event #4547
Recorded event in DynamoDB Local: Event #4548
Recorded event in DynamoDB Local: Event #4549
Recorded event in DynamoDB Local: Event #4550
Recorded event in DynamoDB Local: Event #4551
Recorded event in DynamoDB Local: Event #4552
Recorded event in DynamoDB Local: Event #4553
Recorded event in DynamoDB Local: Event #4554
Recorded event in DynamoDB Local: Event #4555
Recorded event in DynamoDB Local: Event #4556
Recorded event in DynamoDB Local: Event #4557
Recorded event in DynamoDB Local: Event #4558
Recorded event in DynamoDB Local: Event #4559
Recorded event in DynamoDB Local: Event #4560
Recorded event in DynamoDB Local: Event #4561
Recorded event in DynamoDB Local: Event #4562
Recorded event in DynamoDB Local: Event #4563
Recorded event in DynamoDB Local: Event #4564
Recorded event in DynamoDB Local: Event #4565
Recorded event in DynamoDB Local: Event #4566
Recorded event in DynamoDB Local: Event #4567
Recorded event in DynamoDB Local: Event #4568
Recorded event in DynamoDB Local: Event #4569
Recorded event in DynamoDB Local: Event #4570
Recorded event in DynamoDB Local: Event #4571
Recorded event in DynamoDB Local: Event #4572
Recorded event in DynamoDB Local: Event #4573
Recorded event in DynamoDB Local: Event #4574
Recorded event in DynamoDB Local: Event #4575
Recorded event in DynamoDB Local: Event #4576
Recorded event in DynamoDB Local: Event #4577
Recorded event in DynamoDB Local: Event #4578
Recorded event in DynamoDB Local: Event #4579
Recorded event in DynamoDB Local: Event #4580
Recorded event in DynamoDB Local: Event #4581
Recorded event in DynamoDB Local: Event #4582
Recorded event in DynamoDB Local: Event #4583
Recorded event in DynamoDB Local: Event #4584
Recorded event in DynamoDB Local: Event #4585
Recorded event in DynamoDB Local: Event #4586
Recorded event in DynamoDB Local: Event #4587
Recorded event in DynamoDB Local: Event #4588
Recorded event in DynamoDB Local: Event #4589
Recorded event in DynamoDB Local: Event #4590
Recorded event in DynamoDB Local: Event #4591
Recorded event in DynamoDB Local: Event #4592
Recorded event in DynamoDB Local: Event #4593
Recorded event in DynamoDB Local: Event #4594
Recorded event in DynamoDB Local: Event #4595
Recorded event in DynamoDB Local: Event #4596
Recorded event in DynamoDB Local: Event #4597
Recorded event in DynamoDB Local: Event #4598
Recorded event in DynamoDB Local: Event #4599
Recorded event in DynamoDB Local: Event #4600
Recorded event in DynamoDB Local: Event #4601
Recorded event in DynamoDB Local: Event #4602
Recorded event in DynamoDB Local: Event #4603
Recorded event in DynamoDB Local: Event #4604
Recorded event in DynamoDB Local: Event #4605
Recorded event in DynamoDB Local: Event #4606
Recorded event in DynamoDB Local: Event #4607
Recorded event in DynamoDB Local: Event #4608
Recorded event in DynamoDB Local: Event #4609
Recorded event in DynamoDB Local: Event #4610
Recorded event in DynamoDB Local: Event #4611
Recorded event in DynamoDB Local: Event #4612
Recorded event in DynamoDB Local: Event #4613
Recorded event in DynamoDB Local: Event #4614
Recorded event in DynamoDB Local: Event #4615
Recorded event in DynamoDB Local: Event #4616
Recorded event in DynamoDB Local: Event #4617
Recorded event in DynamoDB Local: Event #4618
Recorded event in DynamoDB Local: Event #4619
Recorded event in DynamoDB Local: Event #4620
Recorded event in DynamoDB Local: Event #4621
Recorded event in DynamoDB Local: Event #4622
Recorded event in DynamoDB Local: Event #4623
Recorded event in DynamoDB Local: Event #4624
Recorded event in DynamoDB Local: Event #4625
Recorded event in DynamoDB Local: Event #4626
Recorded event in DynamoDB Local: Event #4627
Recorded event in DynamoDB Local: Event #4628
Recorded event in DynamoDB Local: Event #4629
Recorded event in DynamoDB Local: Event #4630
Recorded event in DynamoDB Local: Event #4631
Recorded event in DynamoDB Local: Event #4632
Recorded event in DynamoDB Local: Event #4633
Recorded event in DynamoDB Local: Event #4634
Recorded event in DynamoDB Local: Event #4635
Recorded event in DynamoDB Local: Event #4636
Recorded event in DynamoDB Local: Event #4637
Recorded event in DynamoDB Local: Event #4638
Recorded event in DynamoDB Local: Event #4639
Recorded event in DynamoDB Local: Event #4640
Recorded event in DynamoDB Local: Event #4641
Recorded event in DynamoDB Local: Event #4642
Recorded event in DynamoDB Local: Event #4643
Recorded event in DynamoDB Local: Event #4644
Recorded event in DynamoDB Local: Event #4645
Recorded event in DynamoDB Local: Event #4646
Recorded event in DynamoDB Local: Event #4647
Recorded event in DynamoDB Local: Event #4648
Recorded event in DynamoDB Local: Event #4649
Recorded event in DynamoDB Local: Event #4650
Recorded event in DynamoDB Local: Event #4651
Recorded event in DynamoDB Local: Event #4652
Recorded event in DynamoDB Local: Event #4653
Recorded event in DynamoDB Local: Event #4654
Recorded event in DynamoDB Local: Event #4655
Recorded event in DynamoDB Local: Event #4656
Recorded event in DynamoDB Local: Event #4657
Recorded event in DynamoDB Local: Event #4658
Recorded event in DynamoDB Local: Event #4659
Recorded event in DynamoDB Local: Event #4660
Recorded event in DynamoDB Local: Event #4661
Recorded event in DynamoDB Local: Event #4662
Recorded event in DynamoDB Local: Event #4663
Recorded event in DynamoDB Local: Event #4664
Recorded event in DynamoDB Local: Event #4665
Recorded event in DynamoDB Local: Event #4666
Recorded event in DynamoDB Local: Event #4667
Recorded event in DynamoDB Local: Event #4668
Recorded event in DynamoDB Local: Event #4669
Recorded event in DynamoDB Local: Event #4670
Recorded event in DynamoDB Local: Event #4671
Recorded event in DynamoDB Local: Event #4672
Recorded event in DynamoDB Local: Event #4673
Recorded event in DynamoDB Local: Event #4674
Recorded event in DynamoDB Local: Event #4675
Recorded event in DynamoDB Local: Event #4676
Recorded event in DynamoDB Local: Event #4677
Recorded event in DynamoDB Local: Event #4678
Recorded event in DynamoDB Local: Event #4679
Recorded event in DynamoDB Local: Event #4680
Recorded event in DynamoDB Local: Event #4681
Recorded event in DynamoDB Local: Event #4682
Recorded event in DynamoDB Local: Event #4683
Recorded event in DynamoDB Local: Event #4684
Recorded event in DynamoDB Local: Event #4685
Recorded event in DynamoDB Local: Event #4686
Recorded event in DynamoDB Local: Event #4687
Recorded event in DynamoDB Local: Event #4688
Recorded event in DynamoDB Local: Event #4689
Recorded event in DynamoDB Local: Event #4690
Recorded event in DynamoDB Local: Event #4691
Recorded event in DynamoDB Local: Event #4692
Recorded event in DynamoDB Local: Event #4693
Recorded event in DynamoDB Local: Event #4694
Recorded event in DynamoDB Local: Event #4695
Recorded event in DynamoDB Local: Event #4696
Recorded event in DynamoDB Local: Event #4697
Recorded event in DynamoDB Local: Event #4698
Recorded event in DynamoDB Local: Event #4699
Recorded event in DynamoDB Local: Event #4700
Recorded event in DynamoDB Local: Event #4701
Recorded event in DynamoDB Local: Event #4702
Recorded event in DynamoDB Local: Event #4703
Recorded event in DynamoDB Local: Event #4704
Recorded event in DynamoDB Local: Event #4705
Recorded event in DynamoDB Local: Event #4706
Recorded event in DynamoDB Local: Event #4707
Recorded event in DynamoDB Local: Event #4708
Recorded event in DynamoDB Local: Event #4709
Recorded event in DynamoDB Local: Event #4710
Recorded event in DynamoDB Local: Event #4711
Recorded event in DynamoDB Local: Event #4712
Recorded event in DynamoDB Local: Event #4713
Recorded event in DynamoDB Local: Event #4714
Recorded event in DynamoDB Local: Event #4715
Recorded event in DynamoDB Local: Event #4716
Recorded event in DynamoDB Local: Event #4717
Recorded event in DynamoDB Local: Event #4718
Recorded event in DynamoDB Local: Event #4719
Recorded event in DynamoDB Local: Event #4720
Recorded event in DynamoDB Local: Event #4721
Recorded event in DynamoDB Local: Event #4722
Recorded event in DynamoDB Local: Event #4723
Recorded event in DynamoDB Local: Event #4724
Recorded event in DynamoDB Local: Event #4725
Recorded event in DynamoDB Local: Event #4726
Recorded event in DynamoDB Local: Event #4727
Recorded event in DynamoDB Local: Event #4728
Recorded event in DynamoDB Local: Event #4729
Recorded event in DynamoDB Local: Event #4730
Recorded event in DynamoDB Local: Event #4731
Recorded event in DynamoDB Local: Event #4732
Recorded event in DynamoDB Local: Event #4733
Recorded event in DynamoDB Local: Event #4734
Recorded event in DynamoDB Local: Event #4735
Recorded event in DynamoDB Local: Event #4736
Recorded event in DynamoDB Local: Event #4737
Recorded event in DynamoDB Local: Event #4738
Recorded event in DynamoDB Local: Event #4739
Recorded event in DynamoDB Local: Event #4740
Recorded event in DynamoDB Local: Event #4741
Recorded event in DynamoDB Local: Event #4742
Recorded event in DynamoDB Local: Event #4743
Recorded event in DynamoDB Local: Event #4744
Recorded event in DynamoDB Local: Event #4745
Recorded event in DynamoDB Local: Event #4746
Recorded event in DynamoDB Local: Event #4747
Recorded event in DynamoDB Local: Event #4748
Recorded event in DynamoDB Local: Event #4749
Recorded event in DynamoDB Local: Event #4750
Recorded event in DynamoDB Local: Event #4751
Recorded event in DynamoDB Local: Event #4752
Recorded event in DynamoDB Local: Event #4753
Recorded event in DynamoDB Local: Event #4754
Recorded event in DynamoDB Local: Event #4755
Recorded event in DynamoDB Local: Event #4756
Recorded event in DynamoDB Local: Event #4757
Recorded event in DynamoDB Local: Event #4758
Recorded event in DynamoDB Local: Event #4759
Recorded event in DynamoDB Local: Event #4760
Recorded event in DynamoDB Local: Event #4761
Recorded event in DynamoDB Local: Event #4762
Recorded event in DynamoDB Local: Event #4763
Recorded event in DynamoDB Local: Event #4764
Recorded event in DynamoDB Local: Event #4765
Recorded event in DynamoDB Local: Event #4766
Recorded event in DynamoDB Local: Event #4767
Recorded event in DynamoDB Local: Event #4768
Recorded event in DynamoDB Local: Event #4769
Recorded event in DynamoDB Local: Event #4770
Recorded event in DynamoDB Local: Event #4771
Recorded event in DynamoDB Local: Event #4772
Recorded event in DynamoDB Local: Event #4773
Recorded event in DynamoDB Local: Event #4774
Recorded event in DynamoDB Local: Event #4775
Recorded event in DynamoDB Local: Event #4776
Recorded event in DynamoDB Local: Event #4777
Recorded event in DynamoDB Local: Event #4778
Recorded event in DynamoDB Local: Event #4779
Recorded event in DynamoDB Local: Event #4780
Recorded event in DynamoDB Local: Event #4781
Recorded event in DynamoDB Local: Event #4782
Recorded event in DynamoDB Local: Event #4783
Recorded event in DynamoDB Local: Event #4784
Recorded event in DynamoDB Local: Event #4785
Recorded event in DynamoDB Local: Event #4786
Recorded event in DynamoDB Local: Event #4787
Recorded event in DynamoDB Local: Event #4788
Recorded event in DynamoDB Local: Event #4789
Recorded event in DynamoDB Local: Event #4790
Recorded event in DynamoDB Local: Event #4791
Recorded event in DynamoDB Local: Event #4792
Recorded event in DynamoDB Local: Event #4793
Recorded event in DynamoDB Local: Event #4794
Recorded event in DynamoDB Local: Event #4795
Recorded event in DynamoDB Local: Event #4796
Recorded event in DynamoDB Local: Event #4797
Recorded event in DynamoDB Local: Event #4798
Recorded event in DynamoDB Local: Event #4799
Recorded event in DynamoDB Local: Event #4800
Recorded event in DynamoDB Local: Event #4801
Recorded event in DynamoDB Local: Event #4802
Recorded event in DynamoDB Local: Event #4803
Recorded event in DynamoDB Local: Event #4804
Recorded event in DynamoDB Local: Event #4805
Recorded event in DynamoDB Local: Event #4806
Recorded event in DynamoDB Local: Event #4807
Recorded event in DynamoDB Local: Event #4808
Recorded event in DynamoDB Local: Event #4809
Recorded event in DynamoDB Local: Event #4810
Recorded event in DynamoDB Local: Event #4811
Recorded event in DynamoDB Local: Event #4812
Recorded event in DynamoDB Local: Event #4813
Recorded event in DynamoDB Local: Event #4814
Recorded event in DynamoDB Local: Event #4815
Recorded event in DynamoDB Local: Event #4816
Recorded event in DynamoDB Local: Event #4817
Recorded event in DynamoDB Local: Event #4818
Recorded event in DynamoDB Local: Event #4819
Recorded event in DynamoDB Local: Event #4820
Recorded event in DynamoDB Local: Event #4821
Recorded event in DynamoDB Local: Event #4822
Recorded event in DynamoDB Local: Event #4823
Recorded event in DynamoDB Local: Event #4824
Recorded event in DynamoDB Local: Event #4825
Recorded event in DynamoDB Local: Event #4826
Recorded event in DynamoDB Local: Event #4827
Recorded event in DynamoDB Local: Event #4828
Recorded event in DynamoDB Local: Event #4829
Recorded event in DynamoDB Local: Event #4830
Recorded event in DynamoDB Local: Event #4831
Recorded event in DynamoDB Local: Event #4832
Recorded event in DynamoDB Local: Event #4833
Recorded event in DynamoDB Local: Event #4834
Recorded event in DynamoDB Local: Event #4835
Recorded event in DynamoDB Local: Event #4836
Recorded event in DynamoDB Local: Event #4837
Recorded event in DynamoDB Local: Event #4838
Recorded event in DynamoDB Local: Event #4839
Recorded event in DynamoDB Local: Event #4840
Recorded event in DynamoDB Local: Event #4841
Recorded event in DynamoDB Local: Event #4842
Recorded event in DynamoDB Local: Event #4843
Recorded event in DynamoDB Local: Event #4844
Recorded event in DynamoDB Local: Event #4845
Recorded event in DynamoDB Local: Event #4846
Recorded event in DynamoDB Local: Event #4847
Recorded event in DynamoDB Local: Event #4848
Recorded event in DynamoDB Local: Event #4849
Recorded event in DynamoDB Local: Event #4850
Recorded event in DynamoDB Local: Event #4851
Recorded event in DynamoDB Local: Event #4852
Recorded event in DynamoDB Local: Event #4853
Recorded event in DynamoDB Local: Event #4854
Recorded event in DynamoDB Local: Event #4855
Recorded event in DynamoDB Local: Event #4856
Recorded event in DynamoDB Local: Event #4857
Recorded event in DynamoDB Local: Event #4858
Recorded event in DynamoDB Local: Event #4859
Recorded event in DynamoDB Local: Event #4860
Recorded event in DynamoDB Local: Event #4861
Recorded event in DynamoDB Local: Event #4862
Recorded event in DynamoDB Local: Event #4863
Recorded event in DynamoDB Local: Event #4864
Recorded event in DynamoDB Local: Event #4865
Recorded event in DynamoDB Local: Event #4866
Recorded event in DynamoDB Local: Event #4867
Recorded event in DynamoDB Local: Event #4868
Recorded event in DynamoDB Local: Event #4869
Recorded event in DynamoDB Local: Event #4870
Recorded event in DynamoDB Local: Event #4871
Recorded event in DynamoDB Local: Event #4872
Recorded event in DynamoDB Local: Event #4873
Recorded event in DynamoDB Local: Event #4874
Recorded event in DynamoDB Local: Event #4875
Recorded event in DynamoDB Local: Event #4876
Recorded event in DynamoDB Local: Event #4877
Recorded event in DynamoDB Local: Event #4878
Recorded event in DynamoDB Local: Event #4879
Recorded event in DynamoDB Local: Event #4880
Recorded event in DynamoDB Local: Event #4881
Recorded event in DynamoDB Local: Event #4882
Recorded event in DynamoDB Local: Event #4883
Recorded event in DynamoDB Local: Event #4884
Recorded event in DynamoDB Local: Event #4885
Recorded event in DynamoDB Local: Event #4886
Recorded event in DynamoDB Local: Event #4887
Recorded event in DynamoDB Local: Event #4888
Recorded event in DynamoDB Local: Event #4889
Recorded event in DynamoDB Local: Event #4890
Recorded event in DynamoDB Local: Event #4891
Recorded event in DynamoDB Local: Event #4892
Recorded event in DynamoDB Local: Event #4893
Recorded event in DynamoDB Local: Event #4894
Recorded event in DynamoDB Local: Event #4895
Recorded event in DynamoDB Local: Event #4896
Recorded event in DynamoDB Local: Event #4897
Recorded event in DynamoDB Local: Event #4898
Recorded event in DynamoDB Local: Event #4899
Recorded event in DynamoDB Local: Event #4900
Recorded event in DynamoDB Local: Event #4901
Recorded event in DynamoDB Local: Event #4902
Recorded event in DynamoDB Local: Event #4903
Recorded event in DynamoDB Local: Event #4904
Recorded event in DynamoDB Local: Event #4905
Recorded event in DynamoDB Local: Event #4906
Recorded event in DynamoDB Local: Event #4907
Recorded event in DynamoDB Local: Event #4908
Recorded event in DynamoDB Local: Event #4909
Recorded event in DynamoDB Local: Event #4910
Recorded event in DynamoDB Local: Event #4911
Recorded event in DynamoDB Local: Event #4912
Recorded event in DynamoDB Local: Event #4913
Recorded event in DynamoDB Local: Event #4914
Recorded event in DynamoDB Local: Event #4915
Recorded event in DynamoDB Local: Event #4916
Recorded event in DynamoDB Local: Event #4917
Recorded event in DynamoDB Local: Event #4918
Recorded event in DynamoDB Local: Event #4919
Recorded event in DynamoDB Local: Event #4920
Recorded event in DynamoDB Local: Event #4921
Recorded event in DynamoDB Local: Event #4922
Recorded event in DynamoDB Local: Event #4923
Recorded event in DynamoDB Local: Event #4924
Recorded event in DynamoDB Local: Event #4925
Recorded event in DynamoDB Local: Event #4926
Recorded event in DynamoDB Local: Event #4927
Recorded event in DynamoDB Local: Event #4928
Recorded event in DynamoDB Local: Event #4929
Recorded event in DynamoDB Local: Event #4930
Recorded event in DynamoDB Local: Event #4931
Recorded event in DynamoDB Local: Event #4932
Recorded event in DynamoDB Local: Event #4933
Recorded event in DynamoDB Local: Event #4934
Recorded event in DynamoDB Local: Event #4935
Recorded event in DynamoDB Local: Event #4936
Recorded event in DynamoDB Local: Event #4937
Recorded event in DynamoDB Local: Event #4938
Recorded event in DynamoDB Local: Event #4939
Recorded event in DynamoDB Local: Event #4940
Recorded event in DynamoDB Local: Event #4941
Recorded event in DynamoDB Local: Event #4942
Recorded event in DynamoDB Local: Event #4943
Recorded event in DynamoDB Local: Event #4944
Recorded event in DynamoDB Local: Event #4945
Recorded event in DynamoDB Local: Event #4946
Recorded event in DynamoDB Local: Event #4947
Recorded event in DynamoDB Local: Event #4948
Recorded event in DynamoDB Local: Event #4949
Recorded event in DynamoDB Local: Event #4950
Recorded event in DynamoDB Local: Event #4951
Recorded event in DynamoDB Local: Event #4952
Recorded event in DynamoDB Local: Event #4953
Recorded event in DynamoDB Local: Event #4954
Recorded event in DynamoDB Local: Event #4955
Recorded event in DynamoDB Local: Event #4956
Recorded event in DynamoDB Local: Event #4957
Recorded event in DynamoDB Local: Event #4958
Recorded event in DynamoDB Local: Event #4959
Recorded event in DynamoDB Local: Event #4960
Recorded event in DynamoDB Local: Event #4961
Recorded event in DynamoDB Local: Event #4962
Recorded event in DynamoDB Local: Event #4963
Recorded event in DynamoDB Local: Event #4964
Recorded event in DynamoDB Local: Event #4965
Recorded event in DynamoDB Local: Event #4966
Recorded event in DynamoDB Local: Event #4967
Recorded event in DynamoDB Local: Event #4968
Recorded event in DynamoDB Local: Event #4969
Recorded event in DynamoDB Local: Event #4970
Recorded event in DynamoDB Local: Event #4971
Recorded event in DynamoDB Local: Event #4972
Recorded event in DynamoDB Local: Event #4973
Recorded event in DynamoDB Local: Event #4974
Recorded event in DynamoDB Local: Event #4975
Recorded event in DynamoDB Local: Event #4976
Recorded event in DynamoDB Local: Event #4977
Recorded event in DynamoDB Local: Event #4978
Recorded event in DynamoDB Local: Event #4979
Recorded event in DynamoDB Local: Event #4980
Recorded event in DynamoDB Local: Event #4981
Recorded event in DynamoDB Local: Event #4982
Recorded event in DynamoDB Local: Event #4983
Recorded event in DynamoDB Local: Event #4984
Recorded event in DynamoDB Local: Event #4985
Recorded event in DynamoDB Local: Event #4986
Recorded event in DynamoDB Local: Event #4987
Recorded event in DynamoDB Local: Event #4988
Recorded event in DynamoDB Local: Event #4989
Recorded event in DynamoDB Local: Event #4990
Recorded event in DynamoDB Local: Event #4991
Recorded event in DynamoDB Local: Event #4992
Recorded event in DynamoDB Local: Event #4993
Recorded event in DynamoDB Local: Event #4994
Recorded event in DynamoDB Local: Event #4995
Recorded event in DynamoDB Local: Event #4996
Recorded event in DynamoDB Local: Event #4997
Recorded event in DynamoDB Local: Event #4998
Recorded event in DynamoDB Local: Event #4999
Recorded event in DynamoDB Local: Event #5000
Recorded event in DynamoDB Local: Event #5001
Recorded event in DynamoDB Local: Event #5002
Recorded event in DynamoDB Local: Event #5003
Recorded event in DynamoDB Local: Event #5004
Recorded event in DynamoDB Local: Event #5005
Recorded event in DynamoDB Local: Event #5006
Recorded event in DynamoDB Local: Event #5007
Recorded event in DynamoDB Local: Event #5008
Recorded event in DynamoDB Local: Event #5009
Recorded event in DynamoDB Local: Event #5010
Recorded event in DynamoDB Local: Event #5011
Recorded event in DynamoDB Local: Event #5012
Recorded event in DynamoDB Local: Event #5013
Recorded event in DynamoDB Local: Event #5014
Recorded event in DynamoDB Local: Event #5015
Recorded event in DynamoDB Local: Event #5016
Recorded event in DynamoDB Local: Event #5017
Recorded event in DynamoDB Local: Event #5018
Recorded event in DynamoDB Local: Event #5019
Recorded event in DynamoDB Local: Event #5020
Recorded event in DynamoDB Local: Event #5021
Recorded event in DynamoDB Local: Event #5022
Recorded event in DynamoDB Local: Event #5023
Recorded event in DynamoDB Local: Event #5024
Recorded event in DynamoDB Local: Event #5025
Recorded event in DynamoDB Local: Event #5026
Recorded event in DynamoDB Local: Event #5027
Recorded event in DynamoDB Local: Event #5028
Recorded event in DynamoDB Local: Event #5029
Recorded event in DynamoDB Local: Event #5030
Recorded event in DynamoDB Local: Event #5031
Recorded event in DynamoDB Local: Event #5032
Recorded event in DynamoDB Local: Event #5033
Recorded event in DynamoDB Local: Event #5034
Recorded event in DynamoDB Local: Event #5035
Recorded event in DynamoDB Local: Event #5036
Recorded event in DynamoDB Local: Event #5037
Recorded event in DynamoDB Local: Event #5038
Recorded event in DynamoDB Local: Event #5039
Recorded event in DynamoDB Local: Event #5040
Recorded event in DynamoDB Local: Event #5041
Recorded event in DynamoDB Local: Event #5042
Recorded event in DynamoDB Local: Event #5043
Recorded event in DynamoDB Local: Event #5044
Recorded event in DynamoDB Local: Event #5045
Recorded event in DynamoDB Local: Event #5046
Recorded event in DynamoDB Local: Event #5047
Recorded event in DynamoDB Local: Event #5048
Recorded event in DynamoDB Local: Event #5049
Recorded event in DynamoDB Local: Event #5050
Recorded event in DynamoDB Local: Event #5051
Recorded event in DynamoDB Local: Event #5052
Recorded event in DynamoDB Local: Event #5053
Recorded event in DynamoDB Local: Event #5054
Recorded event in DynamoDB Local: Event #5055
Recorded event in DynamoDB Local: Event #5056
Recorded event in DynamoDB Local: Event #5057
Recorded event in DynamoDB Local: Event #5058
Recorded event in DynamoDB Local: Event #5059
Recorded event in DynamoDB Local: Event #5060
Recorded event in DynamoDB Local: Event #5061
Recorded event in DynamoDB Local: Event #5062
Recorded event in DynamoDB Local: Event #5063
Recorded event in DynamoDB Local: Event #5064
Recorded event in DynamoDB Local: Event #5065
Recorded event in DynamoDB Local: Event #5066
Recorded event in DynamoDB Local: Event #5067
Recorded event in DynamoDB Local: Event #5068
Recorded event in DynamoDB Local: Event #5069
Recorded event in DynamoDB Local: Event #5070
Recorded event in DynamoDB Local: Event #5071
Recorded event in DynamoDB Local: Event #5072
Recorded event in DynamoDB Local: Event #5073
Recorded event in DynamoDB Local: Event #5074
Recorded event in DynamoDB Local: Event #5075
Recorded event in DynamoDB Local: Event #5076
Recorded event in DynamoDB Local: Event #5077
Recorded event in DynamoDB Local: Event #5078
Recorded event in DynamoDB Local: Event #5079
Recorded event in DynamoDB Local: Event #5080
Recorded event in DynamoDB Local: Event #5081
Recorded event in DynamoDB Local: Event #5082
Recorded event in DynamoDB Local: Event #5083
Recorded event in DynamoDB Local: Event #5084
Recorded event in DynamoDB Local: Event #5085
Recorded event in DynamoDB Local: Event #5086
Recorded event in DynamoDB Local: Event #5087
Recorded event in DynamoDB Local: Event #5088
Recorded event in DynamoDB Local: Event #5089
Recorded event in DynamoDB Local: Event #5090
Recorded event in DynamoDB Local: Event #5091
Recorded event in DynamoDB Local: Event #5092
Recorded event in DynamoDB Local: Event #5093
Recorded event in DynamoDB Local: Event #5094
Recorded event in DynamoDB Local: Event #5095
Recorded event in DynamoDB Local: Event #5096
Recorded event in DynamoDB Local: Event #5097
Recorded event in DynamoDB Local: Event #5098
Recorded event in DynamoDB Local: Event #5099
Recorded event in DynamoDB Local: Event #5100
Recorded event in DynamoDB Local: Event #5101
Recorded event in DynamoDB Local: Event #5102
Recorded event in DynamoDB Local: Event #5103
Recorded event in DynamoDB Local: Event #5104
Recorded event in DynamoDB Local: Event #5105
Recorded event in DynamoDB Local: Event #5106
Recorded event in DynamoDB Local: Event #5107
Recorded event in DynamoDB Local: Event #5108
Recorded event in DynamoDB Local: Event #5109
Recorded event in DynamoDB Local: Event #5110
Recorded event in DynamoDB Local: Event #5111
Recorded event in DynamoDB Local: Event #5112
Recorded event in DynamoDB Local: Event #5113
Recorded event in DynamoDB Local: Event #5114
Recorded event in DynamoDB Local: Event #5115
Recorded event in DynamoDB Local: Event #5116
Recorded event in DynamoDB Local: Event #5117
Recorded event in DynamoDB Local: Event #5118
Recorded event in DynamoDB Local: Event #5119
Recorded event in DynamoDB Local: Event #5120
Recorded event in DynamoDB Local: Event #5121
Recorded event in DynamoDB Local: Event #5122
Recorded event in DynamoDB Local: Event #5123
Recorded event in DynamoDB Local: Event #5124
Recorded event in DynamoDB Local: Event #5125
Recorded event in DynamoDB Local: Event #5126
Recorded event in DynamoDB Local: Event #5127
Recorded event in DynamoDB Local: Event #5128
Recorded event in DynamoDB Local: Event #5129
Recorded event in DynamoDB Local: Event #5130
Recorded event in DynamoDB Local: Event #5131
Recorded event in DynamoDB Local: Event #5132
Recorded event in DynamoDB Local: Event #5133
Recorded event in DynamoDB Local: Event #5134
Recorded event in DynamoDB Local: Event #5135
Recorded event in DynamoDB Local: Event #5136
Recorded event in DynamoDB Local: Event #5137
Recorded event in DynamoDB Local: Event #5138
Recorded event in DynamoDB Local: Event #5139
Recorded event in DynamoDB Local: Event #5140
Recorded event in DynamoDB Local: Event #5141
Recorded event in DynamoDB Local: Event #5142
Recorded event in DynamoDB Local: Event #5143
Recorded event in DynamoDB Local: Event #5144
Recorded event in DynamoDB Local: Event #5145
Recorded event in DynamoDB Local: Event #5146
Recorded event in DynamoDB Local: Event #5147
Recorded event in DynamoDB Local: Event #5148
Recorded event in DynamoDB Local: Event #5149
Recorded event in DynamoDB Local: Event #5150
Recorded event in DynamoDB Local: Event #5151
Recorded event in DynamoDB Local: Event #5152
Recorded event in DynamoDB Local: Event #5153
Recorded event in DynamoDB Local: Event #5154
Recorded event in DynamoDB Local: Event #5155
Recorded event in DynamoDB Local: Event #5156
Recorded event in DynamoDB Local: Event #5157
Recorded event in DynamoDB Local: Event #5158
Recorded event in DynamoDB Local: Event #5159
Recorded event in DynamoDB Local: Event #5160
Recorded event in DynamoDB Local: Event #5161
Recorded event in DynamoDB Local: Event #5162
Recorded event in DynamoDB Local: Event #5163
Recorded event in DynamoDB Local: Event #5164
Recorded event in DynamoDB Local: Event #5165
Recorded event in DynamoDB Local: Event #5166
Recorded event in DynamoDB Local: Event #5167
Recorded event in DynamoDB Local: Event #5168
Recorded event in DynamoDB Local: Event #5169
Recorded event in DynamoDB Local: Event #5170
Recorded event in DynamoDB Local: Event #5171
Recorded event in DynamoDB Local: Event #5172
Recorded event in DynamoDB Local: Event #5173
Recorded event in DynamoDB Local: Event #5174
Recorded event in DynamoDB Local: Event #5175
Recorded event in DynamoDB Local: Event #5176
Recorded event in DynamoDB Local: Event #5177
Recorded event in DynamoDB Local: Event #5178
Recorded event in DynamoDB Local: Event #5179
Recorded event in DynamoDB Local: Event #5180
Recorded event in DynamoDB Local: Event #5181
Recorded event in DynamoDB Local: Event #5182
Recorded event in DynamoDB Local: Event #5183
Recorded event in DynamoDB Local: Event #5184
Recorded event in DynamoDB Local: Event #5185
Recorded event in DynamoDB Local: Event #5186
Recorded event in DynamoDB Local: Event #5187
Recorded event in DynamoDB Local: Event #5188
Recorded event in DynamoDB Local: Event #5189
Recorded event in DynamoDB Local: Event #5190
Recorded event in DynamoDB Local: Event #5191
Recorded event in DynamoDB Local: Event #5192
Recorded event in DynamoDB Local: Event #5193
Recorded event in DynamoDB Local: Event #5194
Recorded event in DynamoDB Local: Event #5195
Recorded event in DynamoDB Local: Event #5196
Recorded event in DynamoDB Local: Event #5197
Recorded event in DynamoDB Local: Event #5198
Recorded event in DynamoDB Local: Event #5199
Recorded event in DynamoDB Local: Event #5200
Recorded event in DynamoDB Local: Event #5201
Recorded event in DynamoDB Local: Event #5202
Recorded event in DynamoDB Local: Event #5203
Recorded event in DynamoDB Local: Event #5204
Recorded event in DynamoDB Local: Event #5205
Recorded event in DynamoDB Local: Event #5206
Recorded event in DynamoDB Local: Event #5207
Recorded event in DynamoDB Local: Event #5208
Recorded event in DynamoDB Local: Event #5209
Recorded event in DynamoDB Local: Event #5210
Recorded event in DynamoDB Local: Event #5211
Recorded event in DynamoDB Local: Event #5212
Recorded event in DynamoDB Local: Event #5213
Recorded event in DynamoDB Local: Event #5214
Recorded event in DynamoDB Local: Event #5215
Recorded event in DynamoDB Local: Event #5216
Recorded event in DynamoDB Local: Event #5217
Recorded event in DynamoDB Local: Event #5218
Recorded event in DynamoDB Local: Event #5219
Recorded event in DynamoDB Local: Event #5220
Recorded event in DynamoDB Local: Event #5221
Recorded event in DynamoDB Local: Event #5222
Recorded event in DynamoDB Local: Event #5223
Recorded event in DynamoDB Local: Event #5224
Recorded event in DynamoDB Local: Event #5225
Recorded event in DynamoDB Local: Event #5226
Recorded event in DynamoDB Local: Event #5227
Recorded event in DynamoDB Local: Event #5228
Recorded event in DynamoDB Local: Event #5229
Recorded event in DynamoDB Local: Event #5230
Recorded event in DynamoDB Local: Event #5231
Recorded event in DynamoDB Local: Event #5232
Recorded event in DynamoDB Local: Event #5233
Recorded event in DynamoDB Local: Event #5234
Recorded event in DynamoDB Local: Event #5235
Recorded event in DynamoDB Local: Event #5236
Recorded event in DynamoDB Local: Event #5237
Recorded event in DynamoDB Local: Event #5238
Recorded event in DynamoDB Local: Event #5239
Recorded event in DynamoDB Local: Event #5240
Recorded event in DynamoDB Local: Event #5241
Recorded event in DynamoDB Local: Event #5242
Recorded event in DynamoDB Local: Event #5243
Recorded event in DynamoDB Local: Event #5244
Recorded event in DynamoDB Local: Event #5245
Recorded event in DynamoDB Local: Event #5246
Recorded event in DynamoDB Local: Event #5247
Recorded event in DynamoDB Local: Event #5248
Recorded event in DynamoDB Local: Event #5249
Recorded event in DynamoDB Local: Event #5250
Recorded event in DynamoDB Local: Event #5251
Recorded event in DynamoDB Local: Event #5252
Recorded event in DynamoDB Local: Event #5253
Recorded event in DynamoDB Local: Event #5254
Recorded event in DynamoDB Local: Event #5255
Recorded event in DynamoDB Local: Event #5256
Recorded event in DynamoDB Local: Event #5257
Recorded event in DynamoDB Local: Event #5258
Recorded event in DynamoDB Local: Event #5259
Recorded event in DynamoDB Local: Event #5260
Recorded event in DynamoDB Local: Event #5261
Recorded event in DynamoDB Local: Event #5262
Recorded event in DynamoDB Local: Event #5263
Recorded event in DynamoDB Local: Event #5264
Recorded event in DynamoDB Local: Event #5265
Recorded event in DynamoDB Local: Event #5266
Recorded event in DynamoDB Local: Event #5267
Recorded event in DynamoDB Local: Event #5268
Recorded event in DynamoDB Local: Event #5269
Recorded event in DynamoDB Local: Event #5270
Recorded event in DynamoDB Local: Event #5271
Recorded event in DynamoDB Local: Event #5272
Recorded event in DynamoDB Local: Event #5273
Recorded event in DynamoDB Local: Event #5274
Recorded event in DynamoDB Local: Event #5275
Recorded event in DynamoDB Local: Event #5276
Recorded event in DynamoDB Local: Event #5277
Recorded event in DynamoDB Local: Event #5278
Recorded event in DynamoDB Local: Event #5279
Recorded event in DynamoDB Local: Event #5280
Recorded event in DynamoDB Local: Event #5281
Recorded event in DynamoDB Local: Event #5282
Recorded event in DynamoDB Local: Event #5283
Recorded event in DynamoDB Local: Event #5284
Recorded event in DynamoDB Local: Event #5285
Recorded event in DynamoDB Local: Event #5286
Recorded event in DynamoDB Local: Event #5287
Recorded event in DynamoDB Local: Event #5288
Recorded event in DynamoDB Local: Event #5289
Recorded event in DynamoDB Local: Event #5290
Recorded event in DynamoDB Local: Event #5291
Recorded event in DynamoDB Local: Event #5292
Recorded event in DynamoDB Local: Event #5293
Recorded event in DynamoDB Local: Event #5294
Recorded event in DynamoDB Local: Event #5295
Recorded event in DynamoDB Local: Event #5296
Recorded event in DynamoDB Local: Event #5297
Recorded event in DynamoDB Local: Event #5298
Recorded event in DynamoDB Local: Event #5299
Recorded event in DynamoDB Local: Event #5300
Recorded event in DynamoDB Local: Event #5301
Recorded event in DynamoDB Local: Event #5302
Recorded event in DynamoDB Local: Event #5303
Recorded event in DynamoDB Local: Event #5304
Recorded event in DynamoDB Local: Event #5305
Recorded event in DynamoDB Local: Event #5306
Recorded event in DynamoDB Local: Event #5307
Recorded event in DynamoDB Local: Event #5308
Recorded event in DynamoDB Local: Event #5309
Recorded event in DynamoDB Local: Event #5310
Recorded event in DynamoDB Local: Event #5311
Recorded event in DynamoDB Local: Event #5312
Recorded event in DynamoDB Local: Event #5313
Recorded event in DynamoDB Local: Event #5314
Recorded event in DynamoDB Local: Event #5315
Recorded event in DynamoDB Local: Event #5316
Recorded event in DynamoDB Local: Event #5317
Recorded event in DynamoDB Local: Event #5318
Recorded event in DynamoDB Local: Event #5319
Recorded event in DynamoDB Local: Event #5320
Recorded event in DynamoDB Local: Event #5321
Recorded event in DynamoDB Local: Event #5322
Recorded event in DynamoDB Local: Event #5323
Recorded event in DynamoDB Local: Event #5324
Recorded event in DynamoDB Local: Event #5325
Recorded event in DynamoDB Local: Event #5326
Recorded event in DynamoDB Local: Event #5327
Recorded event in DynamoDB Local: Event #5328
Recorded event in DynamoDB Local: Event #5329
Recorded event in DynamoDB Local: Event #5330
Recorded event in DynamoDB Local: Event #5331
Recorded event in DynamoDB Local: Event #5332
Recorded event in DynamoDB Local: Event #5333
Recorded event in DynamoDB Local: Event #5334
Recorded event in DynamoDB Local: Event #5335
Recorded event in DynamoDB Local: Event #5336
Recorded event in DynamoDB Local: Event #5337
Recorded event in DynamoDB Local: Event #5338
Recorded event in DynamoDB Local: Event #5339
Recorded event in DynamoDB Local: Event #5340
Recorded event in DynamoDB Local: Event #5341
Recorded event in DynamoDB Local: Event #5342
Recorded event in DynamoDB Local: Event #5343
Recorded event in DynamoDB Local: Event #5344
Recorded event in DynamoDB Local: Event #5345
Recorded event in DynamoDB Local: Event #5346
Recorded event in DynamoDB Local: Event #5347
Recorded event in DynamoDB Local: Event #5348
Recorded event in DynamoDB Local: Event #5349
Recorded event in DynamoDB Local: Event #5350
Recorded event in DynamoDB Local: Event #5351
Recorded event in DynamoDB Local: Event #5352
Recorded event in DynamoDB Local: Event #5353
Recorded event in DynamoDB Local: Event #5354
Recorded event in DynamoDB Local: Event #5355
Recorded event in DynamoDB Local: Event #5356
Recorded event in DynamoDB Local: Event #5357
Recorded event in DynamoDB Local: Event #5358
Recorded event in DynamoDB Local: Event #5359
Recorded event in DynamoDB Local: Event #5360
Recorded event in DynamoDB Local: Event #5361
Recorded event in DynamoDB Local: Event #5362
Recorded event in DynamoDB Local: Event #5363
Recorded event in DynamoDB Local: Event #5364
Recorded event in DynamoDB Local: Event #5365
Recorded event in DynamoDB Local: Event #5366
Recorded event in DynamoDB Local: Event #5367
Recorded event in DynamoDB Local: Event #5368
Recorded event in DynamoDB Local: Event #5369
Recorded event in DynamoDB Local: Event #5370
Recorded event in DynamoDB Local: Event #5371
Recorded event in DynamoDB Local: Event #5372
Recorded event in DynamoDB Local: Event #5373
Recorded event in DynamoDB Local: Event #5374
Recorded event in DynamoDB Local: Event #5375
Recorded event in DynamoDB Local: Event #5376
Recorded event in DynamoDB Local: Event #5377
Recorded event in DynamoDB Local: Event #5378
Recorded event in DynamoDB Local: Event #5379
Recorded event in DynamoDB Local: Event #5380
Recorded event in DynamoDB Local: Event #5381
Recorded event in DynamoDB Local: Event #5382
Recorded event in DynamoDB Local: Event #5383
Recorded event in DynamoDB Local: Event #5384
Recorded event in DynamoDB Local: Event #5385
Recorded event in DynamoDB Local: Event #5386
Recorded event in DynamoDB Local: Event #5387
Recorded event in DynamoDB Local: Event #5388
Recorded event in DynamoDB Local: Event #5389
Recorded event in DynamoDB Local: Event #5390
Recorded event in DynamoDB Local: Event #5391
Recorded event in DynamoDB Local: Event #5392
Recorded event in DynamoDB Local: Event #5393
Recorded event in DynamoDB Local: Event #5394
Recorded event in DynamoDB Local: Event #5395
Recorded event in DynamoDB Local: Event #5396
Recorded event in DynamoDB Local: Event #5397
Recorded event in DynamoDB Local: Event #5398
Recorded event in DynamoDB Local: Event #5399
Recorded event in DynamoDB Local: Event #5400
Recorded event in DynamoDB Local: Event #5401
Recorded event in DynamoDB Local: Event #5402
Recorded event in DynamoDB Local: Event #5403
Recorded event in DynamoDB Local: Event #5404
Recorded event in DynamoDB Local: Event #5405
Recorded event in DynamoDB Local: Event #5406
Recorded event in DynamoDB Local: Event #5407
Recorded event in DynamoDB Local: Event #5408
Recorded event in DynamoDB Local: Event #5409
Recorded event in DynamoDB Local: Event #5410
Recorded event in DynamoDB Local: Event #5411
Recorded event in DynamoDB Local: Event #5412
Recorded event in DynamoDB Local: Event #5413
Recorded event in DynamoDB Local: Event #5414
Recorded event in DynamoDB Local: Event #5415
Recorded event in DynamoDB Local: Event #5416
Recorded event in DynamoDB Local: Event #5417
Recorded event in DynamoDB Local: Event #5418
Recorded event in DynamoDB Local: Event #5419
Recorded event in DynamoDB Local: Event #5420
Recorded event in DynamoDB Local: Event #5421
Recorded event in DynamoDB Local: Event #5422
Recorded event in DynamoDB Local: Event #5423
Recorded event in DynamoDB Local: Event #5424
Recorded event in DynamoDB Local: Event #5425
Recorded event in DynamoDB Local: Event #5426
Recorded event in DynamoDB Local: Event #5427
Recorded event in DynamoDB Local: Event #5428
Recorded event in DynamoDB Local: Event #5429
Recorded event in DynamoDB Local: Event #5430
Recorded event in DynamoDB Local: Event #5431
Recorded event in DynamoDB Local: Event #5432
Recorded event in DynamoDB Local: Event #5433
Recorded event in DynamoDB Local: Event #5434
Recorded event in DynamoDB Local: Event #5435
Recorded event in DynamoDB Local: Event #5436
Recorded event in DynamoDB Local: Event #5437
Recorded event in DynamoDB Local: Event #5438
Recorded event in DynamoDB Local: Event #5439
Recorded event in DynamoDB Local: Event #5440
Recorded event in DynamoDB Local: Event #5441
Recorded event in DynamoDB Local: Event #5442
Recorded event in DynamoDB Local: Event #5443
Recorded event in DynamoDB Local: Event #5444
Recorded event in DynamoDB Local: Event #5445
Recorded event in DynamoDB Local: Event #5446
Recorded event in DynamoDB Local: Event #5447
Recorded event in DynamoDB Local: Event #5448
Recorded event in DynamoDB Local: Event #5449
Recorded event in DynamoDB Local: Event #5450
Recorded event in DynamoDB Local: Event #5451
Recorded event in DynamoDB Local: Event #5452
Recorded event in DynamoDB Local: Event #5453
Recorded event in DynamoDB Local: Event #5454
Recorded event in DynamoDB Local: Event #5455
Recorded event in DynamoDB Local: Event #5456
Recorded event in DynamoDB Local: Event #5457
Recorded event in DynamoDB Local: Event #5458
Recorded event in DynamoDB Local: Event #5459
Recorded event in DynamoDB Local: Event #5460
Recorded event in DynamoDB Local: Event #5461
Recorded event in DynamoDB Local: Event #5462
Recorded event in DynamoDB Local: Event #5463
Recorded event in DynamoDB Local: Event #5464
Recorded event in DynamoDB Local: Event #5465
Recorded event in DynamoDB Local: Event #5466
Recorded event in DynamoDB Local: Event #5467
Recorded event in DynamoDB Local: Event #5468
Recorded event in DynamoDB Local: Event #5469
Recorded event in DynamoDB Local: Event #5470
Recorded event in DynamoDB Local: Event #5471
Recorded event in DynamoDB Local: Event #5472
Recorded event in DynamoDB Local: Event #5473
Recorded event in DynamoDB Local: Event #5474
Recorded event in DynamoDB Local: Event #5475
Recorded event in DynamoDB Local: Event #5476
Recorded event in DynamoDB Local: Event #5477
Recorded event in DynamoDB Local: Event #5478
Recorded event in DynamoDB Local: Event #5479
Recorded event in DynamoDB Local: Event #5480
Recorded event in DynamoDB Local: Event #5481
Recorded event in DynamoDB Local: Event #5482
Recorded event in DynamoDB Local: Event #5483
Recorded event in DynamoDB Local: Event #5484
Recorded event in DynamoDB Local: Event #5485
Recorded event in DynamoDB Local: Event #5486
Recorded event in DynamoDB Local: Event #5487
Recorded event in DynamoDB Local: Event #5488
Recorded event in DynamoDB Local: Event #5489
Recorded event in DynamoDB Local: Event #5490
Recorded event in DynamoDB Local: Event #5491
Recorded event in DynamoDB Local: Event #5492
Recorded event in DynamoDB Local: Event #5493
Recorded event in DynamoDB Local: Event #5494
Recorded event in DynamoDB Local: Event #5495
Recorded event in DynamoDB Local: Event #5496
Recorded event in DynamoDB Local: Event #5497
Recorded event in DynamoDB Local: Event #5498
Recorded event in DynamoDB Local: Event #5499
Recorded event in DynamoDB Local: Event #5500
Recorded event in DynamoDB Local: Event #5501
Recorded event in DynamoDB Local: Event #5502
Recorded event in DynamoDB Local: Event #5503
Recorded event in DynamoDB Local: Event #5504
Recorded event in DynamoDB Local: Event #5505
Recorded event in DynamoDB Local: Event #5506
Recorded event in DynamoDB Local: Event #5507
Recorded event in DynamoDB Local: Event #5508
Recorded event in DynamoDB Local: Event #5509
Recorded event in DynamoDB Local: Event #5510
Recorded event in DynamoDB Local: Event #5511
Recorded event in DynamoDB Local: Event #5512
Recorded event in DynamoDB Local: Event #5513
Recorded event in DynamoDB Local: Event #5514
Recorded event in DynamoDB Local: Event #5515
Recorded event in DynamoDB Local: Event #5516
Recorded event in DynamoDB Local: Event #5517
Recorded event in DynamoDB Local: Event #5518
Recorded event in DynamoDB Local: Event #5519
Recorded event in DynamoDB Local: Event #5520
Recorded event in DynamoDB Local: Event #5521
Recorded event in DynamoDB Local: Event #5522
Recorded event in DynamoDB Local: Event #5523
Recorded event in DynamoDB Local: Event #5524
Recorded event in DynamoDB Local: Event #5525
Recorded event in DynamoDB Local: Event #5526
Recorded event in DynamoDB Local: Event #5527
Recorded event in DynamoDB Local: Event #5528
Recorded event in DynamoDB Local: Event #5529
Recorded event in DynamoDB Local: Event #5530
Recorded event in DynamoDB Local: Event #5531
Recorded event in DynamoDB Local: Event #5532
Recorded event in DynamoDB Local: Event #5533
Recorded event in DynamoDB Local: Event #5534
Recorded event in DynamoDB Local: Event #5535
Recorded event in DynamoDB Local: Event #5536
Recorded event in DynamoDB Local: Event #5537
Recorded event in DynamoDB Local: Event #5538
Recorded event in DynamoDB Local: Event #5539
Recorded event in DynamoDB Local: Event #5540
Recorded event in DynamoDB Local: Event #5541
Recorded event in DynamoDB Local: Event #5542
Recorded event in DynamoDB Local: Event #5543
Recorded event in DynamoDB Local: Event #5544
Recorded event in DynamoDB Local: Event #5545
Recorded event in DynamoDB Local: Event #5546
Recorded event in DynamoDB Local: Event #5547
Recorded event in DynamoDB Local: Event #5548
Recorded event in DynamoDB Local: Event #5549
Recorded event in DynamoDB Local: Event #5550
Recorded event in DynamoDB Local: Event #5551
Recorded event in DynamoDB Local: Event #5552
Recorded event in DynamoDB Local: Event #5553
Recorded event in DynamoDB Local: Event #5554
Recorded event in DynamoDB Local: Event #5555
Recorded event in DynamoDB Local: Event #5556
Recorded event in DynamoDB Local: Event #5557
Recorded event in DynamoDB Local: Event #5558
Recorded event in DynamoDB Local: Event #5559
Recorded event in DynamoDB Local: Event #5560
Recorded event in DynamoDB Local: Event #5561
Recorded event in DynamoDB Local: Event #5562
Recorded event in DynamoDB Local: Event #5563
Recorded event in DynamoDB Local: Event #5564
Recorded event in DynamoDB Local: Event #5565
Recorded event in DynamoDB Local: Event #5566
Recorded event in DynamoDB Local: Event #5567
Recorded event in DynamoDB Local: Event #5568
Recorded event in DynamoDB Local: Event #5569
Recorded event in DynamoDB Local: Event #5570
Recorded event in DynamoDB Local: Event #5571
Recorded event in DynamoDB Local: Event #5572
Recorded event in DynamoDB Local: Event #5573
Recorded event in DynamoDB Local: Event #5574
Recorded event in DynamoDB Local: Event #5575
Recorded event in DynamoDB Local: Event #5576
Recorded event in DynamoDB Local: Event #5577
Recorded event in DynamoDB Local: Event #5578
Recorded event in DynamoDB Local: Event #5579
Recorded event in DynamoDB Local: Event #5580
Recorded event in DynamoDB Local: Event #5581
Recorded event in DynamoDB Local: Event #5582
Recorded event in DynamoDB Local: Event #5583
Recorded event in DynamoDB Local: Event #5584
Recorded event in DynamoDB Local: Event #5585
Recorded event in DynamoDB Local: Event #5586
Recorded event in DynamoDB Local: Event #5587
Recorded event in DynamoDB Local: Event #5588
Recorded event in DynamoDB Local: Event #5589
Recorded event in DynamoDB Local: Event #5590
Recorded event in DynamoDB Local: Event #5591
Recorded event in DynamoDB Local: Event #5592
Recorded event in DynamoDB Local: Event #5593
Recorded event in DynamoDB Local: Event #5594
Recorded event in DynamoDB Local: Event #5595
Recorded event in DynamoDB Local: Event #5596
Recorded event in DynamoDB Local: Event #5597
Recorded event in DynamoDB Local: Event #5598
Recorded event in DynamoDB Local: Event #5599
Recorded event in DynamoDB Local: Event #5600
Recorded event in DynamoDB Local: Event #5601
Recorded event in DynamoDB Local: Event #5602
Recorded event in DynamoDB Local: Event #5603
Recorded event in DynamoDB Local: Event #5604
Recorded event in DynamoDB Local: Event #5605
Recorded event in DynamoDB Local: Event #5606
Recorded event in DynamoDB Local: Event #5607
Recorded event in DynamoDB Local: Event #5608
Recorded event in DynamoDB Local: Event #5609
Recorded event in DynamoDB Local: Event #5610
Recorded event in DynamoDB Local: Event #5611
Recorded event in DynamoDB Local: Event #5612
Recorded event in DynamoDB Local: Event #5613
Recorded event in DynamoDB Local: Event #5614
Recorded event in DynamoDB Local: Event #5615
Recorded event in DynamoDB Local: Event #5616
Recorded event in DynamoDB Local: Event #5617
Recorded event in DynamoDB Local: Event #5618
Recorded event in DynamoDB Local: Event #5619
Recorded event in DynamoDB Local: Event #5620
Recorded event in DynamoDB Local: Event #5621
Recorded event in DynamoDB Local: Event #5622
Recorded event in DynamoDB Local: Event #5623
Recorded event in DynamoDB Local: Event #5624
Recorded event in DynamoDB Local: Event #5625
Recorded event in DynamoDB Local: Event #5626
Recorded event in DynamoDB Local: Event #5627
Recorded event in DynamoDB Local: Event #5628
Recorded event in DynamoDB Local: Event #5629
Recorded event in DynamoDB Local: Event #5630
Recorded event in DynamoDB Local: Event #5631
Recorded event in DynamoDB Local: Event #5632
Recorded event in DynamoDB Local: Event #5633
Recorded event in DynamoDB Local: Event #5634
Recorded event in DynamoDB Local: Event #5635
Recorded event in DynamoDB Local: Event #5636
Recorded event in DynamoDB Local: Event #5637
Recorded event in DynamoDB Local: Event #5638
Recorded event in DynamoDB Local: Event #5639
Recorded event in DynamoDB Local: Event #5640
Recorded event in DynamoDB Local: Event #5641
Recorded event in DynamoDB Local: Event #5642
Recorded event in DynamoDB Local: Event #5643
Recorded event in DynamoDB Local: Event #5644
Recorded event in DynamoDB Local: Event #5645
Recorded event in DynamoDB Local: Event #5646
Recorded event in DynamoDB Local: Event #5647
Recorded event in DynamoDB Local: Event #5648
Recorded event in DynamoDB Local: Event #5649
Recorded event in DynamoDB Local: Event #5650
Recorded event in DynamoDB Local: Event #5651
Recorded event in DynamoDB Local: Event #5652
Recorded event in DynamoDB Local: Event #5653
Recorded event in DynamoDB Local: Event #5654
Recorded event in DynamoDB Local: Event #5655
Recorded event in DynamoDB Local: Event #5656
Recorded event in DynamoDB Local: Event #5657
Recorded event in DynamoDB Local: Event #5658
Recorded event in DynamoDB Local: Event #5659
Recorded event in DynamoDB Local: Event #5660
Recorded event in DynamoDB Local: Event #5661
Recorded event in DynamoDB Local: Event #5662
Recorded event in DynamoDB Local: Event #5663
Recorded event in DynamoDB Local: Event #5664
Recorded event in DynamoDB Local: Event #5665
Recorded event in DynamoDB Local: Event #5666
Recorded event in DynamoDB Local: Event #5667
Recorded event in DynamoDB Local: Event #5668
Recorded event in DynamoDB Local: Event #5669
Recorded event in DynamoDB Local: Event #5670
Recorded event in DynamoDB Local: Event #5671
Recorded event in DynamoDB Local: Event #5672
Recorded event in DynamoDB Local: Event #5673
Recorded event in DynamoDB Local: Event #5674
Recorded event in DynamoDB Local: Event #5675
Recorded event in DynamoDB Local: Event #5676
Recorded event in DynamoDB Local: Event #5677
Recorded event in DynamoDB Local: Event #5678
Recorded event in DynamoDB Local: Event #5679
Recorded event in DynamoDB Local: Event #5680
Recorded event in DynamoDB Local: Event #5681
Recorded event in DynamoDB Local: Event #5682
Recorded event in DynamoDB Local: Event #5683
Recorded event in DynamoDB Local: Event #5684
Recorded event in DynamoDB Local: Event #5685
Recorded event in DynamoDB Local: Event #5686
Recorded event in DynamoDB Local: Event #5687
Recorded event in DynamoDB Local: Event #5688
Recorded event in DynamoDB Local: Event #5689
Recorded event in DynamoDB Local: Event #5690
Recorded event in DynamoDB Local: Event #5691
Recorded event in DynamoDB Local: Event #5692
Recorded event in DynamoDB Local: Event #5693
Recorded event in DynamoDB Local: Event #5694
Recorded event in DynamoDB Local: Event #5695
Recorded event in DynamoDB Local: Event #5696
Recorded event in DynamoDB Local: Event #5697
Recorded event in DynamoDB Local: Event #5698
Recorded event in DynamoDB Local: Event #5699
Recorded event in DynamoDB Local: Event #5700
Recorded event in DynamoDB Local: Event #5701
Recorded event in DynamoDB Local: Event #5702
Recorded event in DynamoDB Local: Event #5703
Recorded event in DynamoDB Local: Event #5704
Recorded event in DynamoDB Local: Event #5705
Recorded event in DynamoDB Local: Event #5706
Recorded event in DynamoDB Local: Event #5707
Recorded event in DynamoDB Local: Event #5708
Recorded event in DynamoDB Local: Event #5709
Recorded event in DynamoDB Local: Event #5710
Recorded event in DynamoDB Local: Event #5711
Recorded event in DynamoDB Local: Event #5712
Recorded event in DynamoDB Local: Event #5713
Recorded event in DynamoDB Local: Event #5714
Recorded event in DynamoDB Local: Event #5715
Recorded event in DynamoDB Local: Event #5716
Recorded event in DynamoDB Local: Event #5717
Recorded event in DynamoDB Local: Event #5718
Recorded event in DynamoDB Local: Event #5719
Recorded event in DynamoDB Local: Event #5720
Recorded event in DynamoDB Local: Event #5721
Recorded event in DynamoDB Local: Event #5722
Recorded event in DynamoDB Local: Event #5723
Recorded event in DynamoDB Local: Event #5724
Recorded event in DynamoDB Local: Event #5725
Recorded event in DynamoDB Local: Event #5726
Recorded event in DynamoDB Local: Event #5727
Recorded event in DynamoDB Local: Event #5728
Recorded event in DynamoDB Local: Event #5729
Recorded event in DynamoDB Local: Event #5730
Recorded event in DynamoDB Local: Event #5731
Recorded event in DynamoDB Local: Event #5732
Recorded event in DynamoDB Local: Event #5733
Recorded event in DynamoDB Local: Event #5734
Recorded event in DynamoDB Local: Event #5735
Recorded event in DynamoDB Local: Event #5736
Recorded event in DynamoDB Local: Event #5737
Recorded event in DynamoDB Local: Event #5738
Recorded event in DynamoDB Local: Event #5739
Recorded event in DynamoDB Local: Event #5740
Recorded event in DynamoDB Local: Event #5741
Recorded event in DynamoDB Local: Event #5742
Recorded event in DynamoDB Local: Event #5743
Recorded event in DynamoDB Local: Event #5744
Recorded event in DynamoDB Local: Event #5745
Recorded event in DynamoDB Local: Event #5746
Recorded event in DynamoDB Local: Event #5747
Recorded event in DynamoDB Local: Event #5748
Recorded event in DynamoDB Local: Event #5749
Recorded event in DynamoDB Local: Event #5750
Recorded event in DynamoDB Local: Event #5751
Recorded event in DynamoDB Local: Event #5752
Recorded event in DynamoDB Local: Event #5753
Recorded event in DynamoDB Local: Event #5754
Recorded event in DynamoDB Local: Event #5755
Recorded event in DynamoDB Local: Event #5756
Recorded event in DynamoDB Local: Event #5757
Recorded event in DynamoDB Local: Event #5758
Recorded event in DynamoDB Local: Event #5759
Recorded event in DynamoDB Local: Event #5760
Recorded event in DynamoDB Local: Event #5761
Recorded event in DynamoDB Local: Event #5762
Recorded event in DynamoDB Local: Event #5763
Recorded event in DynamoDB Local: Event #5764
Recorded event in DynamoDB Local: Event #5765
Recorded event in DynamoDB Local: Event #5766
Recorded event in DynamoDB Local: Event #5767
Recorded event in DynamoDB Local: Event #5768
Recorded event in DynamoDB Local: Event #5769
Recorded event in DynamoDB Local: Event #5770
Recorded event in DynamoDB Local: Event #5771
Recorded event in DynamoDB Local: Event #5772
Recorded event in DynamoDB Local: Event #5773
Recorded event in DynamoDB Local: Event #5774
Recorded event in DynamoDB Local: Event #5775
Recorded event in DynamoDB Local: Event #5776
Recorded event in DynamoDB Local: Event #5777
Recorded event in DynamoDB Local: Event #5778
Recorded event in DynamoDB Local: Event #5779
Recorded event in DynamoDB Local: Event #5780
Recorded event in DynamoDB Local: Event #5781
Recorded event in DynamoDB Local: Event #5782
Recorded event in DynamoDB Local: Event #5783
Recorded event in DynamoDB Local: Event #5784
Recorded event in DynamoDB Local: Event #5785
Recorded event in DynamoDB Local: Event #5786
Recorded event in DynamoDB Local: Event #5787
Recorded event in DynamoDB Local: Event #5788
Recorded event in DynamoDB Local: Event #5789
Recorded event in DynamoDB Local: Event #5790
Recorded event in DynamoDB Local: Event #5791
Recorded event in DynamoDB Local: Event #5792
Recorded event in DynamoDB Local: Event #5793
Recorded event in DynamoDB Local: Event #5794
Recorded event in DynamoDB Local: Event #5795
Recorded event in DynamoDB Local: Event #5796
Recorded event in DynamoDB Local: Event #5797
Recorded event in DynamoDB Local: Event #5798
Recorded event in DynamoDB Local: Event #5799
Recorded event in DynamoDB Local: Event #5800
Recorded event in DynamoDB Local: Event #5801
Recorded event in DynamoDB Local: Event #5802
Recorded event in DynamoDB Local: Event #5803
Recorded event in DynamoDB Local: Event #5804
Recorded event in DynamoDB Local: Event #5805
Recorded event in DynamoDB Local: Event #5806
Recorded event in DynamoDB Local: Event #5807
Recorded event in DynamoDB Local: Event #5808
Recorded event in DynamoDB Local: Event #5809
Recorded event in DynamoDB Local: Event #5810
Recorded event in DynamoDB Local: Event #5811
Recorded event in DynamoDB Local: Event #5812
Recorded event in DynamoDB Local: Event #5813
Recorded event in DynamoDB Local: Event #5814
Recorded event in DynamoDB Local: Event #5815
Recorded event in DynamoDB Local: Event #5816
Recorded event in DynamoDB Local: Event #5817
Recorded event in DynamoDB Local: Event #5818
Recorded event in DynamoDB Local: Event #5819
Recorded event in DynamoDB Local: Event #5820
Recorded event in DynamoDB Local: Event #5821
Recorded event in DynamoDB Local: Event #5822
Recorded event in DynamoDB Local: Event #5823
Recorded event in DynamoDB Local: Event #5824
Recorded event in DynamoDB Local: Event #5825
Recorded event in DynamoDB Local: Event #5826
Recorded event in DynamoDB Local: Event #5827
Recorded event in DynamoDB Local: Event #5828
Recorded event in DynamoDB Local: Event #5829
Recorded event in DynamoDB Local: Event #5830
Recorded event in DynamoDB Local: Event #5831
Recorded event in DynamoDB Local: Event #5832
Recorded event in DynamoDB Local: Event #5833
Recorded event in DynamoDB Local: Event #5834
Recorded event in DynamoDB Local: Event #5835
Recorded event in DynamoDB Local: Event #5836
Recorded event in DynamoDB Local: Event #5837
Recorded event in DynamoDB Local: Event #5838
Recorded event in DynamoDB Local: Event #5839
Recorded event in DynamoDB Local: Event #5840
Recorded event in DynamoDB Local: Event #5841
Recorded event in DynamoDB Local: Event #5842
Recorded event in DynamoDB Local: Event #5843
Recorded event in DynamoDB Local: Event #5844
Recorded event in DynamoDB Local: Event #5845
Recorded event in DynamoDB Local: Event #5846
Recorded event in DynamoDB Local: Event #5847
Recorded event in DynamoDB Local: Event #5848
Recorded event in DynamoDB Local: Event #5849
Recorded event in DynamoDB Local: Event #5850
Recorded event in DynamoDB Local: Event #5851
Recorded event in DynamoDB Local: Event #5852
Recorded event in DynamoDB Local: Event #5853
Recorded event in DynamoDB Local: Event #5854
Recorded event in DynamoDB Local: Event #5855
Recorded event in DynamoDB Local: Event #5856
Recorded event in DynamoDB Local: Event #5857
Recorded event in DynamoDB Local: Event #5858
Recorded event in DynamoDB Local: Event #5859
Recorded event in DynamoDB Local: Event #5860
Recorded event in DynamoDB Local: Event #5861
Recorded event in DynamoDB Local: Event #5862
Recorded event in DynamoDB Local: Event #5863
Recorded event in DynamoDB Local: Event #5864
Recorded event in DynamoDB Local: Event #5865
Recorded event in DynamoDB Local: Event #5866
Recorded event in DynamoDB Local: Event #5867
Recorded event in DynamoDB Local: Event #5868
Recorded event in DynamoDB Local: Event #5869
Recorded event in DynamoDB Local: Event #5870
Recorded event in DynamoDB Local: Event #5871
Recorded event in DynamoDB Local: Event #5872
Recorded event in DynamoDB Local: Event #5873
Recorded event in DynamoDB Local: Event #5874
Recorded event in DynamoDB Local: Event #5875
Recorded event in DynamoDB Local: Event #5876
Recorded event in DynamoDB Local: Event #5877
Recorded event in DynamoDB Local: Event #5878
Recorded event in DynamoDB Local: Event #5879
Recorded event in DynamoDB Local: Event #5880
Recorded event in DynamoDB Local: Event #5881
Recorded event in DynamoDB Local: Event #5882
Recorded event in DynamoDB Local: Event #5883
Recorded event in DynamoDB Local: Event #5884
Recorded event in DynamoDB Local: Event #5885
Recorded event in DynamoDB Local: Event #5886
Recorded event in DynamoDB Local: Event #5887
Recorded event in DynamoDB Local: Event #5888
Recorded event in DynamoDB Local: Event #5889
Recorded event in DynamoDB Local: Event #5890
Recorded event in DynamoDB Local: Event #5891
Recorded event in DynamoDB Local: Event #5892
Recorded event in DynamoDB Local: Event #5893
Recorded event in DynamoDB Local: Event #5894
Recorded event in DynamoDB Local: Event #5895
Recorded event in DynamoDB Local: Event #5896
Recorded event in DynamoDB Local: Event #5897
Recorded event in DynamoDB Local: Event #5898
Recorded event in DynamoDB Local: Event #5899
Recorded event in DynamoDB Local: Event #5900
Recorded event in DynamoDB Local: Event #5901
Recorded event in DynamoDB Local: Event #5902
Recorded event in DynamoDB Local: Event #5903
Recorded event in DynamoDB Local: Event #5904
Recorded event in DynamoDB Local: Event #5905
Recorded event in DynamoDB Local: Event #5906
Recorded event in DynamoDB Local: Event #5907
Recorded event in DynamoDB Local: Event #5908
Recorded event in DynamoDB Local: Event #5909
Recorded event in DynamoDB Local: Event #5910
Recorded event in DynamoDB Local: Event #5911
Recorded event in DynamoDB Local: Event #5912
Recorded event in DynamoDB Local: Event #5913
Recorded event in DynamoDB Local: Event #5914
Recorded event in DynamoDB Local: Event #5915
Recorded event in DynamoDB Local: Event #5916
Recorded event in DynamoDB Local: Event #5917
Recorded event in DynamoDB Local: Event #5918
Recorded event in DynamoDB Local: Event #5919
Recorded event in DynamoDB Local: Event #5920
Recorded event in DynamoDB Local: Event #5921
Recorded event in DynamoDB Local: Event #5922
Recorded event in DynamoDB Local: Event #5923
Recorded event in DynamoDB Local: Event #5924
Recorded event in DynamoDB Local: Event #5925
Recorded event in DynamoDB Local: Event #5926
Recorded event in DynamoDB Local: Event #5927
Recorded event in DynamoDB Local: Event #5928
Recorded event in DynamoDB Local: Event #5929
Recorded event in DynamoDB Local: Event #5930
Recorded event in DynamoDB Local: Event #5931
Recorded event in DynamoDB Local: Event #5932
Recorded event in DynamoDB Local: Event #5933
Recorded event in DynamoDB Local: Event #5934
Recorded event in DynamoDB Local: Event #5935
Recorded event in DynamoDB Local: Event #5936
Recorded event in DynamoDB Local: Event #5937
Recorded event in DynamoDB Local: Event #5938
Recorded event in DynamoDB Local: Event #5939
Recorded event in DynamoDB Local: Event #5940
Recorded event in DynamoDB Local: Event #5941
Recorded event in DynamoDB Local: Event #5942
Recorded event in DynamoDB Local: Event #5943
Recorded event in DynamoDB Local: Event #5944
Recorded event in DynamoDB Local: Event #5945
Recorded event in DynamoDB Local: Event #5946
Recorded event in DynamoDB Local: Event #5947
Recorded event in DynamoDB Local: Event #5948
Recorded event in DynamoDB Local: Event #5949
Recorded event in DynamoDB Local: Event #5950
Recorded event in DynamoDB Local: Event #5951
Recorded event in DynamoDB Local: Event #5952
Recorded event in DynamoDB Local: Event #5953
Recorded event in DynamoDB Local: Event #5954
Recorded event in DynamoDB Local: Event #5955
Recorded event in DynamoDB Local: Event #5956
Recorded event in DynamoDB Local: Event #5957
Recorded event in DynamoDB Local: Event #5958
Recorded event in DynamoDB Local: Event #5959
Recorded event in DynamoDB Local: Event #5960
Recorded event in DynamoDB Local: Event #5961
Recorded event in DynamoDB Local: Event #5962
Recorded event in DynamoDB Local: Event #5963
Recorded event in DynamoDB Local: Event #5964
Recorded event in DynamoDB Local: Event #5965
Recorded event in DynamoDB Local: Event #5966
Recorded event in DynamoDB Local: Event #5967
Recorded event in DynamoDB Local: Event #5968
Recorded event in DynamoDB Local: Event #5969
Recorded event in DynamoDB Local: Event #5970
Recorded event in DynamoDB Local: Event #5971
Recorded event in DynamoDB Local: Event #5972
Recorded event in DynamoDB Local: Event #5973
Recorded event in DynamoDB Local: Event #5974
Recorded event in DynamoDB Local: Event #5975
Recorded event in DynamoDB Local: Event #5976
Recorded event in DynamoDB Local: Event #5977
Recorded event in DynamoDB Local: Event #5978
Recorded event in DynamoDB Local: Event #5979
Recorded event in DynamoDB Local: Event #5980
Recorded event in DynamoDB Local: Event #5981
Recorded event in DynamoDB Local: Event #5982
Recorded event in DynamoDB Local: Event #5983
Recorded event in DynamoDB Local: Event #5984
Recorded event in DynamoDB Local: Event #5985
Recorded event in DynamoDB Local: Event #5986
Recorded event in DynamoDB Local: Event #5987
Recorded event in DynamoDB Local: Event #5988
Recorded event in DynamoDB Local: Event #5989
Recorded event in DynamoDB Local: Event #5990
Recorded event in DynamoDB Local: Event #5991
Recorded event in DynamoDB Local: Event #5992
Recorded event in DynamoDB Local: Event #5993
Recorded event in DynamoDB Local: Event #5994
Recorded event in DynamoDB Local: Event #5995
Recorded event in DynamoDB Local: Event #5996
Recorded event in DynamoDB Local: Event #5997
Recorded event in DynamoDB Local: Event #5998
Recorded event in DynamoDB Local: Event #5999
Recorded event in DynamoDB Local: Event #6000
Recorded event in DynamoDB Local: Event #6001
Recorded event in DynamoDB Local: Event #6002
Recorded event in DynamoDB Local: Event #6003
Recorded event in DynamoDB Local: Event #6004
Recorded event in DynamoDB Local: Event #6005
Recorded event in DynamoDB Local: Event #6006
Recorded event in DynamoDB Local: Event #6007
Recorded event in DynamoDB Local: Event #6008
Recorded event in DynamoDB Local: Event #6009
Recorded event in DynamoDB Local: Event #6010
Recorded event in DynamoDB Local: Event #6011
Recorded event in DynamoDB Local: Event #6012
Recorded event in DynamoDB Local: Event #6013
Recorded event in DynamoDB Local: Event #6014
Recorded event in DynamoDB Local: Event #6015
Recorded event in DynamoDB Local: Event #6016
Recorded event in DynamoDB Local: Event #6017
Recorded event in DynamoDB Local: Event #6018
Recorded event in DynamoDB Local: Event #6019
Recorded event in DynamoDB Local: Event #6020
Recorded event in DynamoDB Local: Event #6021
Recorded event in DynamoDB Local: Event #6022
Recorded event in DynamoDB Local: Event #6023
Recorded event in DynamoDB Local: Event #6024
Recorded event in DynamoDB Local: Event #6025
Recorded event in DynamoDB Local: Event #6026
Recorded event in DynamoDB Local: Event #6027
Recorded event in DynamoDB Local: Event #6028
Recorded event in DynamoDB Local: Event #6029
Recorded event in DynamoDB Local: Event #6030
Recorded event in DynamoDB Local: Event #6031
Recorded event in DynamoDB Local: Event #6032
Recorded event in DynamoDB Local: Event #6033
Recorded event in DynamoDB Local: Event #6034
Recorded event in DynamoDB Local: Event #6035
Recorded event in DynamoDB Local: Event #6036
Recorded event in DynamoDB Local: Event #6037
Recorded event in DynamoDB Local: Event #6038
Recorded event in DynamoDB Local: Event #6039
Recorded event in DynamoDB Local: Event #6040
Recorded event in DynamoDB Local: Event #6041
Recorded event in DynamoDB Local: Event #6042
Recorded event in DynamoDB Local: Event #6043
Recorded event in DynamoDB Local: Event #6044
Recorded event in DynamoDB Local: Event #6045
Recorded event in DynamoDB Local: Event #6046
Recorded event in DynamoDB Local: Event #6047
Recorded event in DynamoDB Local: Event #6048
Recorded event in DynamoDB Local: Event #6049
Recorded event in DynamoDB Local: Event #6050
Recorded event in DynamoDB Local: Event #6051
Recorded event in DynamoDB Local: Event #6052
Recorded event in DynamoDB Local: Event #6053
Recorded event in DynamoDB Local: Event #6054
Recorded event in DynamoDB Local: Event #6055
Recorded event in DynamoDB Local: Event #6056
Recorded event in DynamoDB Local: Event #6057
Recorded event in DynamoDB Local: Event #6058
Recorded event in DynamoDB Local: Event #6059
Recorded event in DynamoDB Local: Event #6060
Recorded event in DynamoDB Local: Event #6061
Recorded event in DynamoDB Local: Event #6062
Recorded event in DynamoDB Local: Event #6063
Recorded event in DynamoDB Local: Event #6064
Recorded event in DynamoDB Local: Event #6065
Recorded event in DynamoDB Local: Event #6066
Recorded event in DynamoDB Local: Event #6067
Recorded event in DynamoDB Local: Event #6068
Recorded event in DynamoDB Local: Event #6069
Recorded event in DynamoDB Local: Event #6070
Recorded event in DynamoDB Local: Event #6071
Recorded event in DynamoDB Local: Event #6072
Recorded event in DynamoDB Local: Event #6073
Recorded event in DynamoDB Local: Event #6074
Recorded event in DynamoDB Local: Event #6075
Recorded event in DynamoDB Local: Event #6076
Recorded event in DynamoDB Local: Event #6077
Recorded event in DynamoDB Local: Event #6078
Recorded event in DynamoDB Local: Event #6079
Recorded event in DynamoDB Local: Event #6080
Recorded event in DynamoDB Local: Event #6081
Recorded event in DynamoDB Local: Event #6082
Recorded event in DynamoDB Local: Event #6083
Recorded event in DynamoDB Local: Event #6084
Recorded event in DynamoDB Local: Event #6085
Recorded event in DynamoDB Local: Event #6086
Recorded event in DynamoDB Local: Event #6087
Recorded event in DynamoDB Local: Event #6088
Recorded event in DynamoDB Local: Event #6089
Recorded event in DynamoDB Local: Event #6090
Recorded event in DynamoDB Local: Event #6091
Recorded event in DynamoDB Local: Event #6092
Recorded event in DynamoDB Local: Event #6093
Recorded event in DynamoDB Local: Event #6094
Recorded event in DynamoDB Local: Event #6095
Recorded event in DynamoDB Local: Event #6096
Recorded event in DynamoDB Local: Event #6097
Recorded event in DynamoDB Local: Event #6098
Recorded event in DynamoDB Local: Event #6099
Recorded event in DynamoDB Local: Event #6100
Recorded event in DynamoDB Local: Event #6101
Recorded event in DynamoDB Local: Event #6102
Recorded event in DynamoDB Local: Event #6103
Recorded event in DynamoDB Local: Event #6104
Recorded event in DynamoDB Local: Event #6105
Recorded event in DynamoDB Local: Event #6106
Recorded event in DynamoDB Local: Event #6107
Recorded event in DynamoDB Local: Event #6108
Recorded event in DynamoDB Local: Event #6109
Recorded event in DynamoDB Local: Event #6110
Recorded event in DynamoDB Local: Event #6111
Recorded event in DynamoDB Local: Event #6112
Recorded event in DynamoDB Local: Event #6113
Recorded event in DynamoDB Local: Event #6114
Recorded event in DynamoDB Local: Event #6115
Recorded event in DynamoDB Local: Event #6116
Recorded event in DynamoDB Local: Event #6117
Recorded event in DynamoDB Local: Event #6118
Recorded event in DynamoDB Local: Event #6119
Recorded event in DynamoDB Local: Event #6120
Recorded event in DynamoDB Local: Event #6121
Recorded event in DynamoDB Local: Event #6122
Recorded event in DynamoDB Local: Event #6123
Recorded event in DynamoDB Local: Event #6124
Recorded event in DynamoDB Local: Event #6125
Recorded event in DynamoDB Local: Event #6126
Recorded event in DynamoDB Local: Event #6127
Recorded event in DynamoDB Local: Event #6128
Recorded event in DynamoDB Local: Event #6129
Recorded event in DynamoDB Local: Event #6130
Recorded event in DynamoDB Local: Event #6131
Recorded event in DynamoDB Local: Event #6132
Recorded event in DynamoDB Local: Event #6133
Recorded event in DynamoDB Local: Event #6134
Recorded event in DynamoDB Local: Event #6135
Recorded event in DynamoDB Local: Event #6136
Recorded event in DynamoDB Local: Event #6137
Recorded event in DynamoDB Local: Event #6138
Recorded event in DynamoDB Local: Event #6139
Recorded event in DynamoDB Local: Event #6140
Recorded event in DynamoDB Local: Event #6141
Recorded event in DynamoDB Local: Event #6142
Recorded event in DynamoDB Local: Event #6143
Recorded event in DynamoDB Local: Event #6144
Recorded event in DynamoDB Local: Event #6145
Recorded event in DynamoDB Local: Event #6146
Recorded event in DynamoDB Local: Event #6147
Recorded event in DynamoDB Local: Event #6148
Recorded event in DynamoDB Local: Event #6149
Recorded event in DynamoDB Local: Event #6150
Recorded event in DynamoDB Local: Event #6151
Recorded event in DynamoDB Local: Event #6152
Recorded event in DynamoDB Local: Event #6153
Recorded event in DynamoDB Local: Event #6154
Recorded event in DynamoDB Local: Event #6155
Recorded event in DynamoDB Local: Event #6156
Recorded event in DynamoDB Local: Event #6157
Recorded event in DynamoDB Local: Event #6158
Recorded event in DynamoDB Local: Event #6159
Recorded event in DynamoDB Local: Event #6160
Recorded event in DynamoDB Local: Event #6161
Recorded event in DynamoDB Local: Event #6162
Recorded event in DynamoDB Local: Event #6163
Recorded event in DynamoDB Local: Event #6164
Recorded event in DynamoDB Local: Event #6165
Recorded event in DynamoDB Local: Event #6166
Recorded event in DynamoDB Local: Event #6167
Recorded event in DynamoDB Local: Event #6168
Recorded event in DynamoDB Local: Event #6169
Recorded event in DynamoDB Local: Event #6170
Recorded event in DynamoDB Local: Event #6171
Recorded event in DynamoDB Local: Event #6172
Recorded event in DynamoDB Local: Event #6173
Recorded event in DynamoDB Local: Event #6174
Recorded event in DynamoDB Local: Event #6175
Recorded event in DynamoDB Local: Event #6176
Recorded event in DynamoDB Local: Event #6177
Recorded event in DynamoDB Local: Event #6178
Recorded event in DynamoDB Local: Event #6179
Recorded event in DynamoDB Local: Event #6180
Recorded event in DynamoDB Local: Event #6181
Recorded event in DynamoDB Local: Event #6182
Recorded event in DynamoDB Local: Event #6183
Recorded event in DynamoDB Local: Event #6184
Recorded event in DynamoDB Local: Event #6185
Recorded event in DynamoDB Local: Event #6186
Recorded event in DynamoDB Local: Event #6187
Recorded event in DynamoDB Local: Event #6188
Recorded event in DynamoDB Local: Event #6189
Recorded event in DynamoDB Local: Event #6190
Recorded event in DynamoDB Local: Event #6191
Recorded event in DynamoDB Local: Event #6192
Recorded event in DynamoDB Local: Event #6193
Recorded event in DynamoDB Local: Event #6194
Recorded event in DynamoDB Local: Event #6195
Recorded event in DynamoDB Local: Event #6196
Recorded event in DynamoDB Local: Event #6197
Recorded event in DynamoDB Local: Event #6198
Recorded event in DynamoDB Local: Event #6199
Recorded event in DynamoDB Local: Event #6200
Recorded event in DynamoDB Local: Event #6201
Recorded event in DynamoDB Local: Event #6202
Recorded event in DynamoDB Local: Event #6203
Recorded event in DynamoDB Local: Event #6204
Recorded event in DynamoDB Local: Event #6205
Recorded event in DynamoDB Local: Event #6206
Recorded event in DynamoDB Local: Event #6207
Recorded event in DynamoDB Local: Event #6208
Recorded event in DynamoDB Local: Event #6209
Recorded event in DynamoDB Local: Event #6210
Recorded event in DynamoDB Local: Event #6211
Recorded event in DynamoDB Local: Event #6212
Recorded event in DynamoDB Local: Event #6213
Recorded event in DynamoDB Local: Event #6214
Recorded event in DynamoDB Local: Event #6215
Recorded event in DynamoDB Local: Event #6216
Recorded event in DynamoDB Local: Event #6217
Recorded event in DynamoDB Local: Event #6218
Recorded event in DynamoDB Local: Event #6219
Recorded event in DynamoDB Local: Event #6220
Recorded event in DynamoDB Local: Event #6221
Recorded event in DynamoDB Local: Event #6222
Recorded event in DynamoDB Local: Event #6223
Recorded event in DynamoDB Local: Event #6224
Recorded event in DynamoDB Local: Event #6225
Recorded event in DynamoDB Local: Event #6226
Recorded event in DynamoDB Local: Event #6227
Recorded event in DynamoDB Local: Event #6228
Recorded event in DynamoDB Local: Event #6229
Recorded event in DynamoDB Local: Event #6230
Recorded event in DynamoDB Local: Event #6231
Recorded event in DynamoDB Local: Event #6232
Recorded event in DynamoDB Local: Event #6233
Recorded event in DynamoDB Local: Event #6234
Recorded event in DynamoDB Local: Event #6235
Recorded event in DynamoDB Local: Event #6236
Recorded event in DynamoDB Local: Event #6237
Recorded event in DynamoDB Local: Event #6238
Recorded event in DynamoDB Local: Event #6239
Recorded event in DynamoDB Local: Event #6240
Recorded event in DynamoDB Local: Event #6241
Recorded event in DynamoDB Local: Event #6242
Recorded event in DynamoDB Local: Event #6243
Recorded event in DynamoDB Local: Event #6244
Recorded event in DynamoDB Local: Event #6245
Recorded event in DynamoDB Local: Event #6246
Recorded event in DynamoDB Local: Event #6247
Recorded event in DynamoDB Local: Event #6248
Recorded event in DynamoDB Local: Event #6249
Recorded event in DynamoDB Local: Event #6250
Recorded event in DynamoDB Local: Event #6251
Recorded event in DynamoDB Local: Event #6252
Recorded event in DynamoDB Local: Event #6253
Recorded event in DynamoDB Local: Event #6254
Recorded event in DynamoDB Local: Event #6255
Recorded event in DynamoDB Local: Event #6256
Recorded event in DynamoDB Local: Event #6257
Recorded event in DynamoDB Local: Event #6258
Recorded event in DynamoDB Local: Event #6259
Recorded event in DynamoDB Local: Event #6260
Recorded event in DynamoDB Local: Event #6261
Recorded event in DynamoDB Local: Event #6262
Recorded event in DynamoDB Local: Event #6263
Recorded event in DynamoDB Local: Event #6264
Recorded event in DynamoDB Local: Event #6265
Recorded event in DynamoDB Local: Event #6266
Recorded event in DynamoDB Local: Event #6267
Recorded event in DynamoDB Local: Event #6268
Recorded event in DynamoDB Local: Event #6269
Recorded event in DynamoDB Local: Event #6270
Recorded event in DynamoDB Local: Event #6271
Recorded event in DynamoDB Local: Event #6272
Recorded event in DynamoDB Local: Event #6273
Recorded event in DynamoDB Local: Event #6274
Recorded event in DynamoDB Local: Event #6275
Recorded event in DynamoDB Local: Event #6276
Recorded event in DynamoDB Local: Event #6277
Recorded event in DynamoDB Local: Event #6278
Recorded event in DynamoDB Local: Event #6279
Recorded event in DynamoDB Local: Event #6280
Recorded event in DynamoDB Local: Event #6281
Recorded event in DynamoDB Local: Event #6282
Recorded event in DynamoDB Local: Event #6283
Recorded event in DynamoDB Local: Event #6284
Recorded event in DynamoDB Local: Event #6285
Recorded event in DynamoDB Local: Event #6286
Recorded event in DynamoDB Local: Event #6287
Recorded event in DynamoDB Local: Event #6288
Recorded event in DynamoDB Local: Event #6289
Recorded event in DynamoDB Local: Event #6290
Recorded event in DynamoDB Local: Event #6291
Recorded event in DynamoDB Local: Event #6292
Recorded event in DynamoDB Local: Event #6293
Recorded event in DynamoDB Local: Event #6294
Recorded event in DynamoDB Local: Event #6295
Recorded event in DynamoDB Local: Event #6296
Recorded event in DynamoDB Local: Event #6297
Recorded event in DynamoDB Local: Event #6298
Recorded event in DynamoDB Local: Event #6299
Recorded event in DynamoDB Local: Event #6300
Recorded event in DynamoDB Local: Event #6301
Recorded event in DynamoDB Local: Event #6302
Recorded event in DynamoDB Local: Event #6303
Recorded event in DynamoDB Local: Event #6304
Recorded event in DynamoDB Local: Event #6305
Recorded event in DynamoDB Local: Event #6306
Recorded event in DynamoDB Local: Event #6307
Recorded event in DynamoDB Local: Event #6308
Recorded event in DynamoDB Local: Event #6309
Recorded event in DynamoDB Local: Event #6310
Recorded event in DynamoDB Local: Event #6311
Recorded event in DynamoDB Local: Event #6312
Recorded event in DynamoDB Local: Event #6313
Recorded event in DynamoDB Local: Event #6314
Recorded event in DynamoDB Local: Event #6315
Recorded event in DynamoDB Local: Event #6316
Recorded event in DynamoDB Local: Event #6317
Recorded event in DynamoDB Local: Event #6318
Recorded event in DynamoDB Local: Event #6319
Recorded event in DynamoDB Local: Event #6320
Recorded event in DynamoDB Local: Event #6321
Recorded event in DynamoDB Local: Event #6322
Recorded event in DynamoDB Local: Event #6323
Recorded event in DynamoDB Local: Event #6324
Recorded event in DynamoDB Local: Event #6325
Recorded event in DynamoDB Local: Event #6326
Recorded event in DynamoDB Local: Event #6327
Recorded event in DynamoDB Local: Event #6328
Recorded event in DynamoDB Local: Event #6329
Recorded event in DynamoDB Local: Event #6330
Recorded event in DynamoDB Local: Event #6331
Recorded event in DynamoDB Local: Event #6332
Recorded event in DynamoDB Local: Event #6333
Recorded event in DynamoDB Local: Event #6334
Recorded event in DynamoDB Local: Event #6335
Recorded event in DynamoDB Local: Event #6336
Recorded event in DynamoDB Local: Event #6337
Recorded event in DynamoDB Local: Event #6338
Recorded event in DynamoDB Local: Event #6339
Recorded event in DynamoDB Local: Event #6340
Recorded event in DynamoDB Local: Event #6341
Recorded event in DynamoDB Local: Event #6342
Recorded event in DynamoDB Local: Event #6343
Recorded event in DynamoDB Local: Event #6344
Recorded event in DynamoDB Local: Event #6345
Recorded event in DynamoDB Local: Event #6346
Recorded event in DynamoDB Local: Event #6347
Recorded event in DynamoDB Local: Event #6348
Recorded event in DynamoDB Local: Event #6349
Recorded event in DynamoDB Local: Event #6350
Recorded event in DynamoDB Local: Event #6351
Recorded event in DynamoDB Local: Event #6352
Recorded event in DynamoDB Local: Event #6353
Recorded event in DynamoDB Local: Event #6354
Recorded event in DynamoDB Local: Event #6355
Recorded event in DynamoDB Local: Event #6356
Recorded event in DynamoDB Local: Event #6357
Recorded event in DynamoDB Local: Event #6358
Recorded event in DynamoDB Local: Event #6359
Recorded event in DynamoDB Local: Event #6360
Recorded event in DynamoDB Local: Event #6361
Recorded event in DynamoDB Local: Event #6362
Recorded event in DynamoDB Local: Event #6363
Recorded event in DynamoDB Local: Event #6364
Recorded event in DynamoDB Local: Event #6365
Recorded event in DynamoDB Local: Event #6366
Recorded event in DynamoDB Local: Event #6367
Recorded event in DynamoDB Local: Event #6368
Recorded event in DynamoDB Local: Event #6369
Recorded event in DynamoDB Local: Event #6370
Recorded event in DynamoDB Local: Event #6371
Recorded event in DynamoDB Local: Event #6372
Recorded event in DynamoDB Local: Event #6373
Recorded event in DynamoDB Local: Event #6374
Recorded event in DynamoDB Local: Event #6375
Recorded event in DynamoDB Local: Event #6376
Recorded event in DynamoDB Local: Event #6377
Recorded event in DynamoDB Local: Event #6378
Recorded event in DynamoDB Local: Event #6379
Recorded event in DynamoDB Local: Event #6380
Recorded event in DynamoDB Local: Event #6381
Recorded event in DynamoDB Local: Event #6382
Recorded event in DynamoDB Local: Event #6383
Recorded event in DynamoDB Local: Event #6384
Recorded event in DynamoDB Local: Event #6385
Recorded event in DynamoDB Local: Event #6386
Recorded event in DynamoDB Local: Event #6387
Recorded event in DynamoDB Local: Event #6388
Recorded event in DynamoDB Local: Event #6389
Recorded event in DynamoDB Local: Event #6390
Recorded event in DynamoDB Local: Event #6391
Recorded event in DynamoDB Local: Event #6392
Recorded event in DynamoDB Local: Event #6393
Recorded event in DynamoDB Local: Event #6394
Recorded event in DynamoDB Local: Event #6395
Recorded event in DynamoDB Local: Event #6396
Recorded event in DynamoDB Local: Event #6397
Recorded event in DynamoDB Local: Event #6398
Recorded event in DynamoDB Local: Event #6399
Recorded event in DynamoDB Local: Event #6400
Recorded event in DynamoDB Local: Event #6401
Recorded event in DynamoDB Local: Event #6402
Recorded event in DynamoDB Local: Event #6403
Recorded event in DynamoDB Local: Event #6404
Recorded event in DynamoDB Local: Event #6405
Recorded event in DynamoDB Local: Event #6406
Recorded event in DynamoDB Local: Event #6407
Recorded event in DynamoDB Local: Event #6408
Recorded event in DynamoDB Local: Event #6409
Recorded event in DynamoDB Local: Event #6410
Recorded event in DynamoDB Local: Event #6411
Recorded event in DynamoDB Local: Event #6412
Recorded event in DynamoDB Local: Event #6413
Recorded event in DynamoDB Local: Event #6414
Recorded event in DynamoDB Local: Event #6415
Recorded event in DynamoDB Local: Event #6416
Recorded event in DynamoDB Local: Event #6417
Recorded event in DynamoDB Local: Event #6418
Recorded event in DynamoDB Local: Event #6419
Recorded event in DynamoDB Local: Event #6420
Recorded event in DynamoDB Local: Event #6421
Recorded event in DynamoDB Local: Event #6422
Recorded event in DynamoDB Local: Event #6423
Recorded event in DynamoDB Local: Event #6424
Recorded event in DynamoDB Local: Event #6425
Recorded event in DynamoDB Local: Event #6426
Recorded event in DynamoDB Local: Event #6427
Recorded event in DynamoDB Local: Event #6428
Recorded event in DynamoDB Local: Event #6429
Recorded event in DynamoDB Local: Event #6430
Recorded event in DynamoDB Local: Event #6431
Recorded event in DynamoDB Local: Event #6432
Recorded event in DynamoDB Local: Event #6433
Recorded event in DynamoDB Local: Event #6434
Recorded event in DynamoDB Local: Event #6435
Recorded event in DynamoDB Local: Event #6436
Recorded event in DynamoDB Local: Event #6437
Recorded event in DynamoDB Local: Event #6438
Recorded event in DynamoDB Local: Event #6439
Recorded event in DynamoDB Local: Event #6440
Recorded event in DynamoDB Local: Event #6441
Recorded event in DynamoDB Local: Event #6442
Recorded event in DynamoDB Local: Event #6443
Recorded event in DynamoDB Local: Event #6444
Recorded event in DynamoDB Local: Event #6445
Recorded event in DynamoDB Local: Event #6446
Recorded event in DynamoDB Local: Event #6447
Recorded event in DynamoDB Local: Event #6448
Recorded event in DynamoDB Local: Event #6449
Recorded event in DynamoDB Local: Event #6450
Recorded event in DynamoDB Local: Event #6451
Recorded event in DynamoDB Local: Event #6452
Recorded event in DynamoDB Local: Event #6453
Recorded event in DynamoDB Local: Event #6454
Recorded event in DynamoDB Local: Event #6455
Recorded event in DynamoDB Local: Event #6456
Recorded event in DynamoDB Local: Event #6457
Recorded event in DynamoDB Local: Event #6458
Recorded event in DynamoDB Local: Event #6459
Recorded event in DynamoDB Local: Event #6460
Recorded event in DynamoDB Local: Event #6461
Recorded event in DynamoDB Local: Event #6462
Recorded event in DynamoDB Local: Event #6463
Recorded event in DynamoDB Local: Event #6464
Recorded event in DynamoDB Local: Event #6465
Recorded event in DynamoDB Local: Event #6466
Recorded event in DynamoDB Local: Event #6467
Recorded event in DynamoDB Local: Event #6468
Recorded event in DynamoDB Local: Event #6469
Recorded event in DynamoDB Local: Event #6470
Recorded event in DynamoDB Local: Event #6471
Recorded event in DynamoDB Local: Event #6472
Recorded event in DynamoDB Local: Event #6473
Recorded event in DynamoDB Local: Event #6474
Recorded event in DynamoDB Local: Event #6475
Recorded event in DynamoDB Local: Event #6476
Recorded event in DynamoDB Local: Event #6477
Recorded event in DynamoDB Local: Event #6478
Recorded event in DynamoDB Local: Event #6479
Recorded event in DynamoDB Local: Event #6480
Recorded event in DynamoDB Local: Event #6481
Recorded event in DynamoDB Local: Event #6482
Recorded event in DynamoDB Local: Event #6483
Recorded event in DynamoDB Local: Event #6484
Recorded event in DynamoDB Local: Event #6485
Recorded event in DynamoDB Local: Event #6486
Recorded event in DynamoDB Local: Event #6487
Recorded event in DynamoDB Local: Event #6488
Recorded event in DynamoDB Local: Event #6489
Recorded event in DynamoDB Local: Event #6490
Recorded event in DynamoDB Local: Event #6491
Recorded event in DynamoDB Local: Event #6492
Recorded event in DynamoDB Local: Event #6493
Recorded event in DynamoDB Local: Event #6494
Recorded event in DynamoDB Local: Event #6495
Recorded event in DynamoDB Local: Event #6496
Recorded event in DynamoDB Local: Event #6497
Recorded event in DynamoDB Local: Event #6498
Recorded event in DynamoDB Local: Event #6499
Recorded event in DynamoDB Local: Event #6500
Recorded event in DynamoDB Local: Event #6501
Recorded event in DynamoDB Local: Event #6502
Recorded event in DynamoDB Local: Event #6503
Recorded event in DynamoDB Local: Event #6504
Recorded event in DynamoDB Local: Event #6505
Recorded event in DynamoDB Local: Event #6506
Recorded event in DynamoDB Local: Event #6507
Recorded event in DynamoDB Local: Event #6508
Recorded event in DynamoDB Local: Event #6509
Recorded event in DynamoDB Local: Event #6510
Recorded event in DynamoDB Local: Event #6511
Recorded event in DynamoDB Local: Event #6512
Recorded event in DynamoDB Local: Event #6513
Recorded event in DynamoDB Local: Event #6514
Recorded event in DynamoDB Local: Event #6515
Recorded event in DynamoDB Local: Event #6516
Recorded event in DynamoDB Local: Event #6517
Recorded event in DynamoDB Local: Event #6518
Recorded event in DynamoDB Local: Event #6519
Recorded event in DynamoDB Local: Event #6520
Recorded event in DynamoDB Local: Event #6521
Recorded event in DynamoDB Local: Event #6522
Recorded event in DynamoDB Local: Event #6523
Recorded event in DynamoDB Local: Event #6524
Recorded event in DynamoDB Local: Event #6525
Recorded event in DynamoDB Local: Event #6526
Recorded event in DynamoDB Local: Event #6527
Recorded event in DynamoDB Local: Event #6528
Recorded event in DynamoDB Local: Event #6529
Recorded event in DynamoDB Local: Event #6530
Recorded event in DynamoDB Local: Event #6531
Recorded event in DynamoDB Local: Event #6532
Recorded event in DynamoDB Local: Event #6533
Recorded event in DynamoDB Local: Event #6534
Recorded event in DynamoDB Local: Event #6535
Recorded event in DynamoDB Local: Event #6536
Recorded event in DynamoDB Local: Event #6537
Recorded event in DynamoDB Local: Event #6538
Recorded event in DynamoDB Local: Event #6539
Recorded event in DynamoDB Local: Event #6540
Recorded event in DynamoDB Local: Event #6541
Recorded event in DynamoDB Local: Event #6542
Recorded event in DynamoDB Local: Event #6543
Recorded event in DynamoDB Local: Event #6544
Recorded event in DynamoDB Local: Event #6545
Recorded event in DynamoDB Local: Event #6546
Recorded event in DynamoDB Local: Event #6547
Recorded event in DynamoDB Local: Event #6548
Recorded event in DynamoDB Local: Event #6549
Recorded event in DynamoDB Local: Event #6550
Recorded event in DynamoDB Local: Event #6551
Recorded event in DynamoDB Local: Event #6552
Recorded event in DynamoDB Local: Event #6553
Recorded event in DynamoDB Local: Event #6554
Recorded event in DynamoDB Local: Event #6555
Recorded event in DynamoDB Local: Event #6556
Recorded event in DynamoDB Local: Event #6557
Recorded event in DynamoDB Local: Event #6558
Recorded event in DynamoDB Local: Event #6559
Recorded event in DynamoDB Local: Event #6560
Recorded event in DynamoDB Local: Event #6561
Recorded event in DynamoDB Local: Event #6562
Recorded event in DynamoDB Local: Event #6563
Recorded event in DynamoDB Local: Event #6564
Recorded event in DynamoDB Local: Event #6565
Recorded event in DynamoDB Local: Event #6566
Recorded event in DynamoDB Local: Event #6567
Recorded event in DynamoDB Local: Event #6568
Recorded event in DynamoDB Local: Event #6569
Recorded event in DynamoDB Local: Event #6570
Recorded event in DynamoDB Local: Event #6571
Recorded event in DynamoDB Local: Event #6572
Recorded event in DynamoDB Local: Event #6573
Recorded event in DynamoDB Local: Event #6574
Recorded event in DynamoDB Local: Event #6575
Recorded event in DynamoDB Local: Event #6576
Recorded event in DynamoDB Local: Event #6577
Recorded event in DynamoDB Local: Event #6578
Recorded event in DynamoDB Local: Event #6579
Recorded event in DynamoDB Local: Event #6580
Recorded event in DynamoDB Local: Event #6581
Recorded event in DynamoDB Local: Event #6582
Recorded event in DynamoDB Local: Event #6583
Recorded event in DynamoDB Local: Event #6584
Recorded event in DynamoDB Local: Event #6585
Recorded event in DynamoDB Local: Event #6586
Recorded event in DynamoDB Local: Event #6587
Recorded event in DynamoDB Local: Event #6588
Recorded event in DynamoDB Local: Event #6589
Recorded event in DynamoDB Local: Event #6590
Recorded event in DynamoDB Local: Event #6591
Recorded event in DynamoDB Local: Event #6592
Recorded event in DynamoDB Local: Event #6593
Recorded event in DynamoDB Local: Event #6594
Recorded event in DynamoDB Local: Event #6595
Recorded event in DynamoDB Local: Event #6596
Recorded event in DynamoDB Local: Event #6597
Recorded event in DynamoDB Local: Event #6598
Recorded event in DynamoDB Local: Event #6599
Recorded event in DynamoDB Local: Event #6600
Recorded event in DynamoDB Local: Event #6601
Recorded event in DynamoDB Local: Event #6602
Recorded event in DynamoDB Local: Event #6603
Recorded event in DynamoDB Local: Event #6604
Recorded event in DynamoDB Local: Event #6605
Recorded event in DynamoDB Local: Event #6606
Recorded event in DynamoDB Local: Event #6607
Recorded event in DynamoDB Local: Event #6608
Recorded event in DynamoDB Local: Event #6609
Recorded event in DynamoDB Local: Event #6610
Recorded event in DynamoDB Local: Event #6611
Recorded event in DynamoDB Local: Event #6612
Recorded event in DynamoDB Local: Event #6613
Recorded event in DynamoDB Local: Event #6614
Recorded event in DynamoDB Local: Event #6615
Recorded event in DynamoDB Local: Event #6616
Recorded event in DynamoDB Local: Event #6617
Recorded event in DynamoDB Local: Event #6618
Recorded event in DynamoDB Local: Event #6619
Recorded event in DynamoDB Local: Event #6620
Recorded event in DynamoDB Local: Event #6621
Recorded event in DynamoDB Local: Event #6622
Recorded event in DynamoDB Local: Event #6623
Recorded event in DynamoDB Local: Event #6624
Recorded event in DynamoDB Local: Event #6625
Recorded event in DynamoDB Local: Event #6626
Recorded event in DynamoDB Local: Event #6627
Recorded event in DynamoDB Local: Event #6628
Recorded event in DynamoDB Local: Event #6629
Recorded event in DynamoDB Local: Event #6630
Recorded event in DynamoDB Local: Event #6631
Recorded event in DynamoDB Local: Event #6632
Recorded event in DynamoDB Local: Event #6633
Recorded event in DynamoDB Local: Event #6634
Recorded event in DynamoDB Local: Event #6635
Recorded event in DynamoDB Local: Event #6636
Recorded event in DynamoDB Local: Event #6637
Recorded event in DynamoDB Local: Event #6638
Recorded event in DynamoDB Local: Event #6639
Recorded event in DynamoDB Local: Event #6640
Recorded event in DynamoDB Local: Event #6641
Recorded event in DynamoDB Local: Event #6642
Recorded event in DynamoDB Local: Event #6643
Recorded event in DynamoDB Local: Event #6644
Recorded event in DynamoDB Local: Event #6645
Recorded event in DynamoDB Local: Event #6646
Recorded event in DynamoDB Local: Event #6647
Recorded event in DynamoDB Local: Event #6648
Recorded event in DynamoDB Local: Event #6649
Recorded event in DynamoDB Local: Event #6650
Recorded event in DynamoDB Local: Event #6651
Recorded event in DynamoDB Local: Event #6652
Recorded event in DynamoDB Local: Event #6653
Recorded event in DynamoDB Local: Event #6654
Recorded event in DynamoDB Local: Event #6655
Recorded event in DynamoDB Local: Event #6656
Recorded event in DynamoDB Local: Event #6657
Recorded event in DynamoDB Local: Event #6658
Recorded event in DynamoDB Local: Event #6659
Recorded event in DynamoDB Local: Event #6660
Recorded event in DynamoDB Local: Event #6661
Recorded event in DynamoDB Local: Event #6662
Recorded event in DynamoDB Local: Event #6663
Recorded event in DynamoDB Local: Event #6664
Recorded event in DynamoDB Local: Event #6665
Recorded event in DynamoDB Local: Event #6666
Recorded event in DynamoDB Local: Event #6667
Recorded event in DynamoDB Local: Event #6668
Recorded event in DynamoDB Local: Event #6669
Recorded event in DynamoDB Local: Event #6670
Recorded event in DynamoDB Local: Event #6671
Recorded event in DynamoDB Local: Event #6672
Recorded event in DynamoDB Local: Event #6673
Recorded event in DynamoDB Local: Event #6674
Recorded event in DynamoDB Local: Event #6675
Recorded event in DynamoDB Local: Event #6676
Recorded event in DynamoDB Local: Event #6677
Recorded event in DynamoDB Local: Event #6678
Recorded event in DynamoDB Local: Event #6679
Recorded event in DynamoDB Local: Event #6680
Recorded event in DynamoDB Local: Event #6681
Recorded event in DynamoDB Local: Event #6682
Recorded event in DynamoDB Local: Event #6683
Recorded event in DynamoDB Local: Event #6684
Recorded event in DynamoDB Local: Event #6685
Recorded event in DynamoDB Local: Event #6686
Recorded event in DynamoDB Local: Event #6687
Recorded event in DynamoDB Local: Event #6688
Recorded event in DynamoDB Local: Event #6689
Recorded event in DynamoDB Local: Event #6690
Recorded event in DynamoDB Local: Event #6691
Recorded event in DynamoDB Local: Event #6692
Recorded event in DynamoDB Local: Event #6693
Recorded event in DynamoDB Local: Event #6694
Recorded event in DynamoDB Local: Event #6695
Recorded event in DynamoDB Local: Event #6696
Recorded event in DynamoDB Local: Event #6697
Recorded event in DynamoDB Local: Event #6698
Recorded event in DynamoDB Local: Event #6699
Recorded event in DynamoDB Local: Event #6700
Recorded event in DynamoDB Local: Event #6701
Recorded event in DynamoDB Local: Event #6702
Recorded event in DynamoDB Local: Event #6703
Recorded event in DynamoDB Local: Event #6704
Recorded event in DynamoDB Local: Event #6705
Recorded event in DynamoDB Local: Event #6706
Recorded event in DynamoDB Local: Event #6707
Recorded event in DynamoDB Local: Event #6708
Recorded event in DynamoDB Local: Event #6709
Recorded event in DynamoDB Local: Event #6710
Recorded event in DynamoDB Local: Event #6711
Recorded event in DynamoDB Local: Event #6712
Recorded event in DynamoDB Local: Event #6713
Recorded event in DynamoDB Local: Event #6714
Recorded event in DynamoDB Local: Event #6715
Recorded event in DynamoDB Local: Event #6716
Recorded event in DynamoDB Local: Event #6717
Recorded event in DynamoDB Local: Event #6718
Recorded event in DynamoDB Local: Event #6719
Recorded event in DynamoDB Local: Event #6720
Recorded event in DynamoDB Local: Event #6721
Recorded event in DynamoDB Local: Event #6722
Recorded event in DynamoDB Local: Event #6723
Recorded event in DynamoDB Local: Event #6724
Recorded event in DynamoDB Local: Event #6725
Recorded event in DynamoDB Local: Event #6726
Recorded event in DynamoDB Local: Event #6727
Recorded event in DynamoDB Local: Event #6728
Recorded event in DynamoDB Local: Event #6729
Recorded event in DynamoDB Local: Event #6730
Recorded event in DynamoDB Local: Event #6731
Recorded event in DynamoDB Local: Event #6732
Recorded event in DynamoDB Local: Event #6733
Recorded event in DynamoDB Local: Event #6734
Recorded event in DynamoDB Local: Event #6735
Recorded event in DynamoDB Local: Event #6736
Recorded event in DynamoDB Local: Event #6737
Recorded event in DynamoDB Local: Event #6738
Recorded event in DynamoDB Local: Event #6739
Recorded event in DynamoDB Local: Event #6740
Recorded event in DynamoDB Local: Event #6741
Recorded event in DynamoDB Local: Event #6742
Recorded event in DynamoDB Local: Event #6743
Recorded event in DynamoDB Local: Event #6744
Recorded event in DynamoDB Local: Event #6745
Recorded event in DynamoDB Local: Event #6746
Recorded event in DynamoDB Local: Event #6747
Recorded event in DynamoDB Local: Event #6748
Recorded event in DynamoDB Local: Event #6749
Recorded event in DynamoDB Local: Event #6750
Recorded event in DynamoDB Local: Event #6751
Recorded event in DynamoDB Local: Event #6752
Recorded event in DynamoDB Local: Event #6753
Recorded event in DynamoDB Local: Event #6754
Recorded event in DynamoDB Local: Event #6755
Recorded event in DynamoDB Local: Event #6756
Recorded event in DynamoDB Local: Event #6757
Recorded event in DynamoDB Local: Event #6758
Recorded event in DynamoDB Local: Event #6759
Recorded event in DynamoDB Local: Event #6760
Recorded event in DynamoDB Local: Event #6761
Recorded event in DynamoDB Local: Event #6762
Recorded event in DynamoDB Local: Event #6763
Recorded event in DynamoDB Local: Event #6764
Recorded event in DynamoDB Local: Event #6765
Recorded event in DynamoDB Local: Event #6766
Recorded event in DynamoDB Local: Event #6767
Recorded event in DynamoDB Local: Event #6768
Recorded event in DynamoDB Local: Event #6769
Recorded event in DynamoDB Local: Event #6770
Recorded event in DynamoDB Local: Event #6771
Recorded event in DynamoDB Local: Event #6772
Recorded event in DynamoDB Local: Event #6773
Recorded event in DynamoDB Local: Event #6774
Recorded event in DynamoDB Local: Event #6775
Recorded event in DynamoDB Local: Event #6776
Recorded event in DynamoDB Local: Event #6777
Recorded event in DynamoDB Local: Event #6778
Recorded event in DynamoDB Local: Event #6779
Recorded event in DynamoDB Local: Event #6780
Recorded event in DynamoDB Local: Event #6781
Recorded event in DynamoDB Local: Event #6782
Recorded event in DynamoDB Local: Event #6783
Recorded event in DynamoDB Local: Event #6784
Recorded event in DynamoDB Local: Event #6785
Recorded event in DynamoDB Local: Event #6786
Recorded event in DynamoDB Local: Event #6787
Recorded event in DynamoDB Local: Event #6788
Recorded event in DynamoDB Local: Event #6789
Recorded event in DynamoDB Local: Event #6790
Recorded event in DynamoDB Local: Event #6791
Recorded event in DynamoDB Local: Event #6792
Recorded event in DynamoDB Local: Event #6793
Recorded event in DynamoDB Local: Event #6794
Recorded event in DynamoDB Local: Event #6795
Recorded event in DynamoDB Local: Event #6796
Recorded event in DynamoDB Local: Event #6797
Recorded event in DynamoDB Local: Event #6798
Recorded event in DynamoDB Local: Event #6799
Recorded event in DynamoDB Local: Event #6800
Recorded event in DynamoDB Local: Event #6801
Recorded event in DynamoDB Local: Event #6802
Recorded event in DynamoDB Local: Event #6803
Recorded event in DynamoDB Local: Event #6804
Recorded event in DynamoDB Local: Event #6805
Recorded event in DynamoDB Local: Event #6806
Recorded event in DynamoDB Local: Event #6807
Recorded event in DynamoDB Local: Event #6808
Recorded event in DynamoDB Local: Event #6809
Recorded event in DynamoDB Local: Event #6810
Recorded event in DynamoDB Local: Event #6811
Recorded event in DynamoDB Local: Event #6812
Recorded event in DynamoDB Local: Event #6813
Recorded event in DynamoDB Local: Event #6814
Recorded event in DynamoDB Local: Event #6815
Recorded event in DynamoDB Local: Event #6816
Recorded event in DynamoDB Local: Event #6817
Recorded event in DynamoDB Local: Event #6818
Recorded event in DynamoDB Local: Event #6819
Recorded event in DynamoDB Local: Event #6820
Recorded event in DynamoDB Local: Event #6821
Recorded event in DynamoDB Local: Event #6822
Recorded event in DynamoDB Local: Event #6823
Recorded event in DynamoDB Local: Event #6824
Recorded event in DynamoDB Local: Event #6825
Recorded event in DynamoDB Local: Event #6826
Recorded event in DynamoDB Local: Event #6827
Recorded event in DynamoDB Local: Event #6828
Recorded event in DynamoDB Local: Event #6829
Recorded event in DynamoDB Local: Event #6830
Recorded event in DynamoDB Local: Event #6831
Recorded event in DynamoDB Local: Event #6832
Recorded event in DynamoDB Local: Event #6833
Recorded event in DynamoDB Local: Event #6834
Recorded event in DynamoDB Local: Event #6835
Recorded event in DynamoDB Local: Event #6836
Recorded event in DynamoDB Local: Event #6837
Recorded event in DynamoDB Local: Event #6838
Recorded event in DynamoDB Local: Event #6839
Recorded event in DynamoDB Local: Event #6840
Recorded event in DynamoDB Local: Event #6841
Recorded event in DynamoDB Local: Event #6842
Recorded event in DynamoDB Local: Event #6843
Recorded event in DynamoDB Local: Event #6844
Recorded event in DynamoDB Local: Event #6845
Recorded event in DynamoDB Local: Event #6846
Recorded event in DynamoDB Local: Event #6847
Recorded event in DynamoDB Local: Event #6848
Recorded event in DynamoDB Local: Event #6849
Recorded event in DynamoDB Local: Event #6850
Recorded event in DynamoDB Local: Event #6851
Recorded event in DynamoDB Local: Event #6852
Recorded event in DynamoDB Local: Event #6853
Recorded event in DynamoDB Local: Event #6854
Recorded event in DynamoDB Local: Event #6855
Recorded event in DynamoDB Local: Event #6856
Recorded event in DynamoDB Local: Event #6857
Recorded event in DynamoDB Local: Event #6858
Recorded event in DynamoDB Local: Event #6859
Recorded event in DynamoDB Local: Event #6860
Recorded event in DynamoDB Local: Event #6861
Recorded event in DynamoDB Local: Event #6862
Recorded event in DynamoDB Local: Event #6863
Recorded event in DynamoDB Local: Event #6864
Recorded event in DynamoDB Local: Event #6865
Recorded event in DynamoDB Local: Event #6866
Recorded event in DynamoDB Local: Event #6867
Recorded event in DynamoDB Local: Event #6868
Recorded event in DynamoDB Local: Event #6869
Recorded event in DynamoDB Local: Event #6870
Recorded event in DynamoDB Local: Event #6871
Recorded event in DynamoDB Local: Event #6872
Recorded event in DynamoDB Local: Event #6873
Recorded event in DynamoDB Local: Event #6874
Recorded event in DynamoDB Local: Event #6875
Recorded event in DynamoDB Local: Event #6876
Recorded event in DynamoDB Local: Event #6877
Recorded event in DynamoDB Local: Event #6878
Recorded event in DynamoDB Local: Event #6879
Recorded event in DynamoDB Local: Event #6880
Recorded event in DynamoDB Local: Event #6881
Recorded event in DynamoDB Local: Event #6882
Recorded event in DynamoDB Local: Event #6883
Recorded event in DynamoDB Local: Event #6884
Recorded event in DynamoDB Local: Event #6885
Recorded event in DynamoDB Local: Event #6886
Recorded event in DynamoDB Local: Event #6887
Recorded event in DynamoDB Local: Event #6888
Recorded event in DynamoDB Local: Event #6889
Recorded event in DynamoDB Local: Event #6890
Recorded event in DynamoDB Local: Event #6891
Recorded event in DynamoDB Local: Event #6892
Recorded event in DynamoDB Local: Event #6893
Recorded event in DynamoDB Local: Event #6894
Recorded event in DynamoDB Local: Event #6895
Recorded event in DynamoDB Local: Event #6896
Recorded event in DynamoDB Local: Event #6897
Recorded event in DynamoDB Local: Event #6898
Recorded event in DynamoDB Local: Event #6899
Recorded event in DynamoDB Local: Event #6900
Recorded event in DynamoDB Local: Event #6901
Recorded event in DynamoDB Local: Event #6902
Recorded event in DynamoDB Local: Event #6903
Recorded event in DynamoDB Local: Event #6904
Recorded event in DynamoDB Local: Event #6905
Recorded event in DynamoDB Local: Event #6906
Recorded event in DynamoDB Local: Event #6907
Recorded event in DynamoDB Local: Event #6908
Recorded event in DynamoDB Local: Event #6909
Recorded event in DynamoDB Local: Event #6910
Recorded event in DynamoDB Local: Event #6911
Recorded event in DynamoDB Local: Event #6912
Recorded event in DynamoDB Local: Event #6913
Recorded event in DynamoDB Local: Event #6914
Recorded event in DynamoDB Local: Event #6915
Recorded event in DynamoDB Local: Event #6916
Recorded event in DynamoDB Local: Event #6917
Recorded event in DynamoDB Local: Event #6918
Recorded event in DynamoDB Local: Event #6919
Recorded event in DynamoDB Local: Event #6920
Recorded event in DynamoDB Local: Event #6921
Recorded event in DynamoDB Local: Event #6922
Recorded event in DynamoDB Local: Event #6923
Recorded event in DynamoDB Local: Event #6924
Recorded event in DynamoDB Local: Event #6925
Recorded event in DynamoDB Local: Event #6926
Recorded event in DynamoDB Local: Event #6927
Recorded event in DynamoDB Local: Event #6928
Recorded event in DynamoDB Local: Event #6929
Recorded event in DynamoDB Local: Event #6930
Recorded event in DynamoDB Local: Event #6931
Recorded event in DynamoDB Local: Event #6932
Recorded event in DynamoDB Local: Event #6933
Recorded event in DynamoDB Local: Event #6934
Recorded event in DynamoDB Local: Event #6935
Recorded event in DynamoDB Local: Event #6936
Recorded event in DynamoDB Local: Event #6937
Recorded event in DynamoDB Local: Event #6938
Recorded event in DynamoDB Local: Event #6939
Recorded event in DynamoDB Local: Event #6940
Recorded event in DynamoDB Local: Event #6941
Recorded event in DynamoDB Local: Event #6942
Recorded event in DynamoDB Local: Event #6943
Recorded event in DynamoDB Local: Event #6944
Recorded event in DynamoDB Local: Event #6945
Recorded event in DynamoDB Local: Event #6946
Recorded event in DynamoDB Local: Event #6947
Recorded event in DynamoDB Local: Event #6948
Recorded event in DynamoDB Local: Event #6949
Recorded event in DynamoDB Local: Event #6950
Recorded event in DynamoDB Local: Event #6951
Recorded event in DynamoDB Local: Event #6952
Recorded event in DynamoDB Local: Event #6953
Recorded event in DynamoDB Local: Event #6954
Recorded event in DynamoDB Local: Event #6955
Recorded event in DynamoDB Local: Event #6956
Recorded event in DynamoDB Local: Event #6957
Recorded event in DynamoDB Local: Event #6958
Recorded event in DynamoDB Local: Event #6959
Recorded event in DynamoDB Local: Event #6960
Recorded event in DynamoDB Local: Event #6961
Recorded event in DynamoDB Local: Event #6962
Recorded event in DynamoDB Local: Event #6963
Recorded event in DynamoDB Local: Event #6964
Recorded event in DynamoDB Local: Event #6965
Recorded event in DynamoDB Local: Event #6966
Recorded event in DynamoDB Local: Event #6967
Recorded event in DynamoDB Local: Event #6968
Recorded event in DynamoDB Local: Event #6969
Recorded event in DynamoDB Local: Event #6970
Recorded event in DynamoDB Local: Event #6971
Recorded event in DynamoDB Local: Event #6972
Recorded event in DynamoDB Local: Event #6973
Recorded event in DynamoDB Local: Event #6974
Recorded event in DynamoDB Local: Event #6975
Recorded event in DynamoDB Local: Event #6976
Recorded event in DynamoDB Local: Event #6977
Recorded event in DynamoDB Local: Event #6978
Recorded event in DynamoDB Local: Event #6979
Recorded event in DynamoDB Local: Event #6980
Recorded event in DynamoDB Local: Event #6981
Recorded event in DynamoDB Local: Event #6982
Recorded event in DynamoDB Local: Event #6983
Recorded event in DynamoDB Local: Event #6984
Recorded event in DynamoDB Local: Event #6985
Recorded event in DynamoDB Local: Event #6986
Recorded event in DynamoDB Local: Event #6987
Recorded event in DynamoDB Local: Event #6988
Recorded event in DynamoDB Local: Event #6989
Recorded event in DynamoDB Local: Event #6990
Recorded event in DynamoDB Local: Event #6991
Recorded event in DynamoDB Local: Event #6992
Recorded event in DynamoDB Local: Event #6993
Recorded event in DynamoDB Local: Event #6994
Recorded event in DynamoDB Local: Event #6995
Recorded event in DynamoDB Local: Event #6996
Recorded event in DynamoDB Local: Event #6997
Recorded event in DynamoDB Local: Event #6998
Recorded event in DynamoDB Local: Event #6999
Recorded event in DynamoDB Local: Event #7000
Recorded event in DynamoDB Local: Event #7001
Recorded event in DynamoDB Local: Event #7002
Recorded event in DynamoDB Local: Event #7003
Recorded event in DynamoDB Local: Event #7004
Recorded event in DynamoDB Local: Event #7005
Recorded event in DynamoDB Local: Event #7006
Recorded event in DynamoDB Local: Event #7007
Recorded event in DynamoDB Local: Event #7008
Recorded event in DynamoDB Local: Event #7009
Recorded event in DynamoDB Local: Event #7010
Recorded event in DynamoDB Local: Event #7011
Recorded event in DynamoDB Local: Event #7012
Recorded event in DynamoDB Local: Event #7013
Recorded event in DynamoDB Local: Event #7014
Recorded event in DynamoDB Local: Event #7015
Recorded event in DynamoDB Local: Event #7016
Recorded event in DynamoDB Local: Event #7017
Recorded event in DynamoDB Local: Event #7018
Recorded event in DynamoDB Local: Event #7019
Recorded event in DynamoDB Local: Event #7020
Recorded event in DynamoDB Local: Event #7021
Recorded event in DynamoDB Local: Event #7022
Recorded event in DynamoDB Local: Event #7023
Recorded event in DynamoDB Local: Event #7024
Recorded event in DynamoDB Local: Event #7025
Recorded event in DynamoDB Local: Event #7026
Recorded event in DynamoDB Local: Event #7027
Recorded event in DynamoDB Local: Event #7028
Recorded event in DynamoDB Local: Event #7029
Recorded event in DynamoDB Local: Event #7030
Recorded event in DynamoDB Local: Event #7031
Recorded event in DynamoDB Local: Event #7032
Recorded event in DynamoDB Local: Event #7033
Recorded event in DynamoDB Local: Event #7034
Recorded event in DynamoDB Local: Event #7035
Recorded event in DynamoDB Local: Event #7036
Recorded event in DynamoDB Local: Event #7037
Recorded event in DynamoDB Local: Event #7038
Recorded event in DynamoDB Local: Event #7039
Recorded event in DynamoDB Local: Event #7040
Recorded event in DynamoDB Local: Event #7041
Recorded event in DynamoDB Local: Event #7042
Recorded event in DynamoDB Local: Event #7043
Recorded event in DynamoDB Local: Event #7044
Recorded event in DynamoDB Local: Event #7045
Recorded event in DynamoDB Local: Event #7046
Recorded event in DynamoDB Local: Event #7047
Recorded event in DynamoDB Local: Event #7048
Recorded event in DynamoDB Local: Event #7049
Recorded event in DynamoDB Local: Event #7050
Recorded event in DynamoDB Local: Event #7051
Recorded event in DynamoDB Local: Event #7052
Recorded event in DynamoDB Local: Event #7053
Recorded event in DynamoDB Local: Event #7054
Recorded event in DynamoDB Local: Event #7055
Recorded event in DynamoDB Local: Event #7056
Recorded event in DynamoDB Local: Event #7057
Recorded event in DynamoDB Local: Event #7058
Recorded event in DynamoDB Local: Event #7059
Recorded event in DynamoDB Local: Event #7060
Recorded event in DynamoDB Local: Event #7061
Recorded event in DynamoDB Local: Event #7062
Recorded event in DynamoDB Local: Event #7063
Recorded event in DynamoDB Local: Event #7064
Recorded event in DynamoDB Local: Event #7065
Recorded event in DynamoDB Local: Event #7066
Recorded event in DynamoDB Local: Event #7067
Recorded event in DynamoDB Local: Event #7068
Recorded event in DynamoDB Local: Event #7069
Recorded event in DynamoDB Local: Event #7070
Recorded event in DynamoDB Local: Event #7071
Recorded event in DynamoDB Local: Event #7072
Recorded event in DynamoDB Local: Event #7073
Recorded event in DynamoDB Local: Event #7074
Recorded event in DynamoDB Local: Event #7075
Recorded event in DynamoDB Local: Event #7076
Recorded event in DynamoDB Local: Event #7077
Recorded event in DynamoDB Local: Event #7078
Recorded event in DynamoDB Local: Event #7079
Recorded event in DynamoDB Local: Event #7080
Recorded event in DynamoDB Local: Event #7081
Recorded event in DynamoDB Local: Event #7082
Recorded event in DynamoDB Local: Event #7083
Recorded event in DynamoDB Local: Event #7084
Recorded event in DynamoDB Local: Event #7085
Recorded event in DynamoDB Local: Event #7086
Recorded event in DynamoDB Local: Event #7087
Recorded event in DynamoDB Local: Event #7088
Recorded event in DynamoDB Local: Event #7089
Recorded event in DynamoDB Local: Event #7090
Recorded event in DynamoDB Local: Event #7091
Recorded event in DynamoDB Local: Event #7092
Recorded event in DynamoDB Local: Event #7093
Recorded event in DynamoDB Local: Event #7094
Recorded event in DynamoDB Local: Event #7095
Recorded event in DynamoDB Local: Event #7096
Recorded event in DynamoDB Local: Event #7097
Recorded event in DynamoDB Local: Event #7098
Recorded event in DynamoDB Local: Event #7099
Recorded event in DynamoDB Local: Event #7100
Recorded event in DynamoDB Local: Event #7101
Recorded event in DynamoDB Local: Event #7102
Recorded event in DynamoDB Local: Event #7103
Recorded event in DynamoDB Local: Event #7104
Recorded event in DynamoDB Local: Event #7105
Recorded event in DynamoDB Local: Event #7106
Recorded event in DynamoDB Local: Event #7107
Recorded event in DynamoDB Local: Event #7108
Recorded event in DynamoDB Local: Event #7109
Recorded event in DynamoDB Local: Event #7110
Recorded event in DynamoDB Local: Event #7111
Recorded event in DynamoDB Local: Event #7112
Recorded event in DynamoDB Local: Event #7113
Recorded event in DynamoDB Local: Event #7114
Recorded event in DynamoDB Local: Event #7115
Recorded event in DynamoDB Local: Event #7116
Recorded event in DynamoDB Local: Event #7117
Recorded event in DynamoDB Local: Event #7118
Recorded event in DynamoDB Local: Event #7119
Recorded event in DynamoDB Local: Event #7120
Recorded event in DynamoDB Local: Event #7121
Recorded event in DynamoDB Local: Event #7122
Recorded event in DynamoDB Local: Event #7123
Recorded event in DynamoDB Local: Event #7124
Recorded event in DynamoDB Local: Event #7125
Recorded event in DynamoDB Local: Event #7126
Recorded event in DynamoDB Local: Event #7127
Recorded event in DynamoDB Local: Event #7128
Recorded event in DynamoDB Local: Event #7129
Recorded event in DynamoDB Local: Event #7130
Recorded event in DynamoDB Local: Event #7131
Recorded event in DynamoDB Local: Event #7132
Recorded event in DynamoDB Local: Event #7133
Recorded event in DynamoDB Local: Event #7134
Recorded event in DynamoDB Local: Event #7135
Recorded event in DynamoDB Local: Event #7136
Recorded event in DynamoDB Local: Event #7137
Recorded event in DynamoDB Local: Event #7138
Recorded event in DynamoDB Local: Event #7139
Recorded event in DynamoDB Local: Event #7140
Recorded event in DynamoDB Local: Event #7141
Recorded event in DynamoDB Local: Event #7142
Recorded event in DynamoDB Local: Event #7143
Recorded event in DynamoDB Local: Event #7144
Recorded event in DynamoDB Local: Event #7145
Recorded event in DynamoDB Local: Event #7146
Recorded event in DynamoDB Local: Event #7147
Recorded event in DynamoDB Local: Event #7148
Recorded event in DynamoDB Local: Event #7149
Recorded event in DynamoDB Local: Event #7150
Recorded event in DynamoDB Local: Event #7151
Recorded event in DynamoDB Local: Event #7152
Recorded event in DynamoDB Local: Event #7153
Recorded event in DynamoDB Local: Event #7154
Recorded event in DynamoDB Local: Event #7155
Recorded event in DynamoDB Local: Event #7156
Recorded event in DynamoDB Local: Event #7157
Recorded event in DynamoDB Local: Event #7158
Recorded event in DynamoDB Local: Event #7159
Recorded event in DynamoDB Local: Event #7160
Recorded event in DynamoDB Local: Event #7161
Recorded event in DynamoDB Local: Event #7162
Recorded event in DynamoDB Local: Event #7163
Recorded event in DynamoDB Local: Event #7164
Recorded event in DynamoDB Local: Event #7165
Recorded event in DynamoDB Local: Event #7166
Recorded event in DynamoDB Local: Event #7167
Recorded event in DynamoDB Local: Event #7168
Recorded event in DynamoDB Local: Event #7169
Recorded event in DynamoDB Local: Event #7170
Recorded event in DynamoDB Local: Event #7171
Recorded event in DynamoDB Local: Event #7172
Recorded event in DynamoDB Local: Event #7173
Recorded event in DynamoDB Local: Event #7174
Recorded event in DynamoDB Local: Event #7175
Recorded event in DynamoDB Local: Event #7176
Recorded event in DynamoDB Local: Event #7177
Recorded event in DynamoDB Local: Event #7178
Recorded event in DynamoDB Local: Event #7179
Recorded event in DynamoDB Local: Event #7180
Recorded event in DynamoDB Local: Event #7181
Recorded event in DynamoDB Local: Event #7182
Recorded event in DynamoDB Local: Event #7183
Recorded event in DynamoDB Local: Event #7184
Recorded event in DynamoDB Local: Event #7185
Recorded event in DynamoDB Local: Event #7186
Recorded event in DynamoDB Local: Event #7187
Recorded event in DynamoDB Local: Event #7188
Recorded event in DynamoDB Local: Event #7189
Recorded event in DynamoDB Local: Event #7190
Recorded event in DynamoDB Local: Event #7191
Recorded event in DynamoDB Local: Event #7192
Recorded event in DynamoDB Local: Event #7193
Recorded event in DynamoDB Local: Event #7194
Recorded event in DynamoDB Local: Event #7195
Recorded event in DynamoDB Local: Event #7196
Recorded event in DynamoDB Local: Event #7197
Recorded event in DynamoDB Local: Event #7198
Recorded event in DynamoDB Local: Event #7199
Recorded event in DynamoDB Local: Event #7200
Recorded event in DynamoDB Local: Event #7201
Recorded event in DynamoDB Local: Event #7202
Recorded event in DynamoDB Local: Event #7203
Recorded event in DynamoDB Local: Event #7204
Recorded event in DynamoDB Local: Event #7205
Recorded event in DynamoDB Local: Event #7206
Recorded event in DynamoDB Local: Event #7207
Recorded event in DynamoDB Local: Event #7208
Recorded event in DynamoDB Local: Event #7209
Recorded event in DynamoDB Local: Event #7210
Recorded event in DynamoDB Local: Event #7211
Recorded event in DynamoDB Local: Event #7212
Recorded event in DynamoDB Local: Event #7213
Recorded event in DynamoDB Local: Event #7214
Recorded event in DynamoDB Local: Event #7215
Recorded event in DynamoDB Local: Event #7216
Recorded event in DynamoDB Local: Event #7217
Recorded event in DynamoDB Local: Event #7218
Recorded event in DynamoDB Local: Event #7219
Recorded event in DynamoDB Local: Event #7220
Recorded event in DynamoDB Local: Event #7221
Recorded event in DynamoDB Local: Event #7222
Recorded event in DynamoDB Local: Event #7223
Recorded event in DynamoDB Local: Event #7224
Recorded event in DynamoDB Local: Event #7225
Recorded event in DynamoDB Local: Event #7226
Recorded event in DynamoDB Local: Event #7227
Recorded event in DynamoDB Local: Event #7228
Recorded event in DynamoDB Local: Event #7229
Recorded event in DynamoDB Local: Event #7230
Recorded event in DynamoDB Local: Event #7231
Recorded event in DynamoDB Local: Event #7232
Recorded event in DynamoDB Local: Event #7233
Recorded event in DynamoDB Local: Event #7234
Recorded event in DynamoDB Local: Event #7235
Recorded event in DynamoDB Local: Event #7236
Recorded event in DynamoDB Local: Event #7237
Recorded event in DynamoDB Local: Event #7238
Recorded event in DynamoDB Local: Event #7239
Recorded event in DynamoDB Local: Event #7240
Recorded event in DynamoDB Local: Event #7241
Recorded event in DynamoDB Local: Event #7242
Recorded event in DynamoDB Local: Event #7243
Recorded event in DynamoDB Local: Event #7244
Recorded event in DynamoDB Local: Event #7245
Recorded event in DynamoDB Local: Event #7246
Recorded event in DynamoDB Local: Event #7247
Recorded event in DynamoDB Local: Event #7248
Recorded event in DynamoDB Local: Event #7249
Recorded event in DynamoDB Local: Event #7250
Recorded event in DynamoDB Local: Event #7251
Recorded event in DynamoDB Local: Event #7252
Recorded event in DynamoDB Local: Event #7253
Recorded event in DynamoDB Local: Event #7254
Recorded event in DynamoDB Local: Event #7255
Recorded event in DynamoDB Local: Event #7256
Recorded event in DynamoDB Local: Event #7257
Recorded event in DynamoDB Local: Event #7258
Recorded event in DynamoDB Local: Event #7259
Recorded event in DynamoDB Local: Event #7260
Recorded event in DynamoDB Local: Event #7261
Recorded event in DynamoDB Local: Event #7262
Recorded event in DynamoDB Local: Event #7263
Recorded event in DynamoDB Local: Event #7264
Recorded event in DynamoDB Local: Event #7265
Recorded event in DynamoDB Local: Event #7266
Recorded event in DynamoDB Local: Event #7267
Recorded event in DynamoDB Local: Event #7268
Recorded event in DynamoDB Local: Event #7269
Recorded event in DynamoDB Local: Event #7270
Recorded event in DynamoDB Local: Event #7271
Recorded event in DynamoDB Local: Event #7272
Recorded event in DynamoDB Local: Event #7273
Recorded event in DynamoDB Local: Event #7274
Recorded event in DynamoDB Local: Event #7275
Recorded event in DynamoDB Local: Event #7276
Recorded event in DynamoDB Local: Event #7277
Recorded event in DynamoDB Local: Event #7278
Recorded event in DynamoDB Local: Event #7279
Recorded event in DynamoDB Local: Event #7280
Recorded event in DynamoDB Local: Event #7281
Recorded event in DynamoDB Local: Event #7282
Recorded event in DynamoDB Local: Event #7283
Recorded event in DynamoDB Local: Event #7284
Recorded event in DynamoDB Local: Event #7285
Recorded event in DynamoDB Local: Event #7286
Recorded event in DynamoDB Local: Event #7287
Recorded event in DynamoDB Local: Event #7288
Recorded event in DynamoDB Local: Event #7289
Recorded event in DynamoDB Local: Event #7290
Recorded event in DynamoDB Local: Event #7291
Recorded event in DynamoDB Local: Event #7292
Recorded event in DynamoDB Local: Event #7293
Recorded event in DynamoDB Local: Event #7294
Recorded event in DynamoDB Local: Event #7295
Recorded event in DynamoDB Local: Event #7296
Recorded event in DynamoDB Local: Event #7297
Recorded event in DynamoDB Local: Event #7298
Recorded event in DynamoDB Local: Event #7299
Recorded event in DynamoDB Local: Event #7300
Recorded event in DynamoDB Local: Event #7301
Recorded event in DynamoDB Local: Event #7302
Recorded event in DynamoDB Local: Event #7303
Recorded event in DynamoDB Local: Event #7304
Recorded event in DynamoDB Local: Event #7305
Recorded event in DynamoDB Local: Event #7306
Recorded event in DynamoDB Local: Event #7307
Recorded event in DynamoDB Local: Event #7308
Recorded event in DynamoDB Local: Event #7309
Recorded event in DynamoDB Local: Event #7310
Recorded event in DynamoDB Local: Event #7311
Recorded event in DynamoDB Local: Event #7312
Recorded event in DynamoDB Local: Event #7313
Recorded event in DynamoDB Local: Event #7314
Recorded event in DynamoDB Local: Event #7315
Recorded event in DynamoDB Local: Event #7316
Recorded event in DynamoDB Local: Event #7317
Recorded event in DynamoDB Local: Event #7318
Recorded event in DynamoDB Local: Event #7319
Recorded event in DynamoDB Local: Event #7320
Recorded event in DynamoDB Local: Event #7321
Recorded event in DynamoDB Local: Event #7322
Recorded event in DynamoDB Local: Event #7323
Recorded event in DynamoDB Local: Event #7324
Recorded event in DynamoDB Local: Event #7325
Recorded event in DynamoDB Local: Event #7326
Recorded event in DynamoDB Local: Event #7327
Recorded event in DynamoDB Local: Event #7328
Recorded event in DynamoDB Local: Event #7329
Recorded event in DynamoDB Local: Event #7330
Recorded event in DynamoDB Local: Event #7331
Recorded event in DynamoDB Local: Event #7332
Recorded event in DynamoDB Local: Event #7333
Recorded event in DynamoDB Local: Event #7334
Recorded event in DynamoDB Local: Event #7335
Recorded event in DynamoDB Local: Event #7336
Recorded event in DynamoDB Local: Event #7337
Recorded event in DynamoDB Local: Event #7338
Recorded event in DynamoDB Local: Event #7339
Recorded event in DynamoDB Local: Event #7340
Recorded event in DynamoDB Local: Event #7341
Recorded event in DynamoDB Local: Event #7342
Recorded event in DynamoDB Local: Event #7343
Recorded event in DynamoDB Local: Event #7344
Recorded event in DynamoDB Local: Event #7345
Recorded event in DynamoDB Local: Event #7346
Recorded event in DynamoDB Local: Event #7347
Recorded event in DynamoDB Local: Event #7348
Recorded event in DynamoDB Local: Event #7349
Recorded event in DynamoDB Local: Event #7350
Recorded event in DynamoDB Local: Event #7351
Recorded event in DynamoDB Local: Event #7352
Recorded event in DynamoDB Local: Event #7353
Recorded event in DynamoDB Local: Event #7354
Recorded event in DynamoDB Local: Event #7355
Recorded event in DynamoDB Local: Event #7356
Recorded event in DynamoDB Local: Event #7357
Recorded event in DynamoDB Local: Event #7358
Recorded event in DynamoDB Local: Event #7359
Recorded event in DynamoDB Local: Event #7360
Recorded event in DynamoDB Local: Event #7361
Recorded event in DynamoDB Local: Event #7362
Recorded event in DynamoDB Local: Event #7363
Recorded event in DynamoDB Local: Event #7364
Recorded event in DynamoDB Local: Event #7365
Recorded event in DynamoDB Local: Event #7366
Recorded event in DynamoDB Local: Event #7367
Recorded event in DynamoDB Local: Event #7368
Recorded event in DynamoDB Local: Event #7369
Recorded event in DynamoDB Local: Event #7370
Recorded event in DynamoDB Local: Event #7371
Recorded event in DynamoDB Local: Event #7372
Recorded event in DynamoDB Local: Event #7373
Recorded event in DynamoDB Local: Event #7374
Recorded event in DynamoDB Local: Event #7375
Recorded event in DynamoDB Local: Event #7376
Recorded event in DynamoDB Local: Event #7377
Recorded event in DynamoDB Local: Event #7378
Recorded event in DynamoDB Local: Event #7379
Recorded event in DynamoDB Local: Event #7380
Recorded event in DynamoDB Local: Event #7381
Recorded event in DynamoDB Local: Event #7382
Recorded event in DynamoDB Local: Event #7383
Recorded event in DynamoDB Local: Event #7384
Recorded event in DynamoDB Local: Event #7385
Recorded event in DynamoDB Local: Event #7386
Recorded event in DynamoDB Local: Event #7387
Recorded event in DynamoDB Local: Event #7388
Recorded event in DynamoDB Local: Event #7389
Recorded event in DynamoDB Local: Event #7390
Recorded event in DynamoDB Local: Event #7391
Recorded event in DynamoDB Local: Event #7392
Recorded event in DynamoDB Local: Event #7393
Recorded event in DynamoDB Local: Event #7394
Recorded event in DynamoDB Local: Event #7395
Recorded event in DynamoDB Local: Event #7396
Recorded event in DynamoDB Local: Event #7397
Recorded event in DynamoDB Local: Event #7398
Recorded event in DynamoDB Local: Event #7399
Recorded event in DynamoDB Local: Event #7400
Recorded event in DynamoDB Local: Event #7401
Recorded event in DynamoDB Local: Event #7402
Recorded event in DynamoDB Local: Event #7403
Recorded event in DynamoDB Local: Event #7404
Recorded event in DynamoDB Local: Event #7405
Recorded event in DynamoDB Local: Event #7406
Recorded event in DynamoDB Local: Event #7407
Recorded event in DynamoDB Local: Event #7408
Recorded event in DynamoDB Local: Event #7409
Recorded event in DynamoDB Local: Event #7410
Recorded event in DynamoDB Local: Event #7411
Recorded event in DynamoDB Local: Event #7412
Recorded event in DynamoDB Local: Event #7413
Recorded event in DynamoDB Local: Event #7414
Recorded event in DynamoDB Local: Event #7415
Recorded event in DynamoDB Local: Event #7416
Recorded event in DynamoDB Local: Event #7417
Recorded event in DynamoDB Local: Event #7418
Recorded event in DynamoDB Local: Event #7419
Recorded event in DynamoDB Local: Event #7420
Recorded event in DynamoDB Local: Event #7421
Recorded event in DynamoDB Local: Event #7422
Recorded event in DynamoDB Local: Event #7423
Recorded event in DynamoDB Local: Event #7424
Recorded event in DynamoDB Local: Event #7425
Recorded event in DynamoDB Local: Event #7426
Recorded event in DynamoDB Local: Event #7427
Recorded event in DynamoDB Local: Event #7428
Recorded event in DynamoDB Local: Event #7429
Recorded event in DynamoDB Local: Event #7430
Recorded event in DynamoDB Local: Event #7431
Recorded event in DynamoDB Local: Event #7432
Recorded event in DynamoDB Local: Event #7433
Recorded event in DynamoDB Local: Event #7434
Recorded event in DynamoDB Local: Event #7435
Recorded event in DynamoDB Local: Event #7436
Recorded event in DynamoDB Local: Event #7437
Recorded event in DynamoDB Local: Event #7438
Recorded event in DynamoDB Local: Event #7439
Recorded event in DynamoDB Local: Event #7440
Recorded event in DynamoDB Local: Event #7441
Recorded event in DynamoDB Local: Event #7442
Recorded event in DynamoDB Local: Event #7443
Recorded event in DynamoDB Local: Event #7444
Recorded event in DynamoDB Local: Event #7445
Recorded event in DynamoDB Local: Event #7446
Recorded event in DynamoDB Local: Event #7447
Recorded event in DynamoDB Local: Event #7448
Recorded event in DynamoDB Local: Event #7449
Recorded event in DynamoDB Local: Event #7450
Recorded event in DynamoDB Local: Event #7451
Recorded event in DynamoDB Local: Event #7452
Recorded event in DynamoDB Local: Event #7453
Recorded event in DynamoDB Local: Event #7454
Recorded event in DynamoDB Local: Event #7455
Recorded event in DynamoDB Local: Event #7456
Recorded event in DynamoDB Local: Event #7457
Recorded event in DynamoDB Local: Event #7458
Recorded event in DynamoDB Local: Event #7459
Recorded event in DynamoDB Local: Event #7460
Recorded event in DynamoDB Local: Event #7461
Recorded event in DynamoDB Local: Event #7462
Recorded event in DynamoDB Local: Event #7463
Recorded event in DynamoDB Local: Event #7464
Recorded event in DynamoDB Local: Event #7465
Recorded event in DynamoDB Local: Event #7466
Recorded event in DynamoDB Local: Event #7467
Recorded event in DynamoDB Local: Event #7468
Recorded event in DynamoDB Local: Event #7469
Recorded event in DynamoDB Local: Event #7470
Recorded event in DynamoDB Local: Event #7471
Recorded event in DynamoDB Local: Event #7472
Recorded event in DynamoDB Local: Event #7473
Recorded event in DynamoDB Local: Event #7474
Recorded event in DynamoDB Local: Event #7475
Recorded event in DynamoDB Local: Event #7476
Recorded event in DynamoDB Local: Event #7477
Recorded event in DynamoDB Local: Event #7478
Recorded event in DynamoDB Local: Event #7479
Recorded event in DynamoDB Local: Event #7480
Recorded event in DynamoDB Local: Event #7481
Recorded event in DynamoDB Local: Event #7482
Recorded event in DynamoDB Local: Event #7483
Recorded event in DynamoDB Local: Event #7484
Recorded event in DynamoDB Local: Event #7485
Recorded event in DynamoDB Local: Event #7486
Recorded event in DynamoDB Local: Event #7487
Recorded event in DynamoDB Local: Event #7488
Recorded event in DynamoDB Local: Event #7489
Recorded event in DynamoDB Local: Event #7490
Recorded event in DynamoDB Local: Event #7491
Recorded event in DynamoDB Local: Event #7492
Recorded event in DynamoDB Local: Event #7493
Recorded event in DynamoDB Local: Event #7494
Recorded event in DynamoDB Local: Event #7495
Recorded event in DynamoDB Local: Event #7496
Recorded event in DynamoDB Local: Event #7497
Recorded event in DynamoDB Local: Event #7498
Recorded event in DynamoDB Local: Event #7499
Recorded event in DynamoDB Local: Event #7500
Recorded event in DynamoDB Local: Event #7501
Recorded event in DynamoDB Local: Event #7502
Recorded event in DynamoDB Local: Event #7503
Recorded event in DynamoDB Local: Event #7504
Recorded event in DynamoDB Local: Event #7505
Recorded event in DynamoDB Local: Event #7506
Recorded event in DynamoDB Local: Event #7507
Recorded event in DynamoDB Local: Event #7508
Recorded event in DynamoDB Local: Event #7509
Recorded event in DynamoDB Local: Event #7510
Recorded event in DynamoDB Local: Event #7511
Recorded event in DynamoDB Local: Event #7512
Recorded event in DynamoDB Local: Event #7513
Recorded event in DynamoDB Local: Event #7514
Recorded event in DynamoDB Local: Event #7515
Recorded event in DynamoDB Local: Event #7516
Recorded event in DynamoDB Local: Event #7517
Recorded event in DynamoDB Local: Event #7518
Recorded event in DynamoDB Local: Event #7519
Recorded event in DynamoDB Local: Event #7520
Recorded event in DynamoDB Local: Event #7521
Recorded event in DynamoDB Local: Event #7522
Recorded event in DynamoDB Local: Event #7523
Recorded event in DynamoDB Local: Event #7524
Recorded event in DynamoDB Local: Event #7525
Recorded event in DynamoDB Local: Event #7526
Recorded event in DynamoDB Local: Event #7527
Recorded event in DynamoDB Local: Event #7528
Recorded event in DynamoDB Local: Event #7529
Recorded event in DynamoDB Local: Event #7530
Recorded event in DynamoDB Local: Event #7531
Recorded event in DynamoDB Local: Event #7532
Recorded event in DynamoDB Local: Event #7533
Recorded event in DynamoDB Local: Event #7534
Recorded event in DynamoDB Local: Event #7535
Recorded event in DynamoDB Local: Event #7536
Recorded event in DynamoDB Local: Event #7537
Recorded event in DynamoDB Local: Event #7538
Recorded event in DynamoDB Local: Event #7539
Recorded event in DynamoDB Local: Event #7540
Recorded event in DynamoDB Local: Event #7541
Recorded event in DynamoDB Local: Event #7542
Recorded event in DynamoDB Local: Event #7543
Recorded event in DynamoDB Local: Event #7544
Recorded event in DynamoDB Local: Event #7545
Recorded event in DynamoDB Local: Event #7546
Recorded event in DynamoDB Local: Event #7547
Recorded event in DynamoDB Local: Event #7548
Recorded event in DynamoDB Local: Event #7549
Recorded event in DynamoDB Local: Event #7550
Recorded event in DynamoDB Local: Event #7551
Recorded event in DynamoDB Local: Event #7552
Recorded event in DynamoDB Local: Event #7553
Recorded event in DynamoDB Local: Event #7554
Recorded event in DynamoDB Local: Event #7555
Recorded event in DynamoDB Local: Event #7556
Recorded event in DynamoDB Local: Event #7557
Recorded event in DynamoDB Local: Event #7558
Recorded event in DynamoDB Local: Event #7559
Recorded event in DynamoDB Local: Event #7560
Recorded event in DynamoDB Local: Event #7561
Recorded event in DynamoDB Local: Event #7562
Recorded event in DynamoDB Local: Event #7563
Recorded event in DynamoDB Local: Event #7564
Recorded event in DynamoDB Local: Event #7565
Recorded event in DynamoDB Local: Event #7566
Recorded event in DynamoDB Local: Event #7567
Recorded event in DynamoDB Local: Event #7568
Recorded event in DynamoDB Local: Event #7569
Recorded event in DynamoDB Local: Event #7570
Recorded event in DynamoDB Local: Event #7571
Recorded event in DynamoDB Local: Event #7572
Recorded event in DynamoDB Local: Event #7573
Recorded event in DynamoDB Local: Event #7574
Recorded event in DynamoDB Local: Event #7575
Recorded event in DynamoDB Local: Event #7576
Recorded event in DynamoDB Local: Event #7577
Recorded event in DynamoDB Local: Event #7578
Recorded event in DynamoDB Local: Event #7579
Recorded event in DynamoDB Local: Event #7580
Recorded event in DynamoDB Local: Event #7581
Recorded event in DynamoDB Local: Event #7582
Recorded event in DynamoDB Local: Event #7583
Recorded event in DynamoDB Local: Event #7584
Recorded event in DynamoDB Local: Event #7585
Recorded event in DynamoDB Local: Event #7586
Recorded event in DynamoDB Local: Event #7587
Recorded event in DynamoDB Local: Event #7588
Recorded event in DynamoDB Local: Event #7589
Recorded event in DynamoDB Local: Event #7590
Recorded event in DynamoDB Local: Event #7591
Recorded event in DynamoDB Local: Event #7592
Recorded event in DynamoDB Local: Event #7593
Recorded event in DynamoDB Local: Event #7594
Recorded event in DynamoDB Local: Event #7595
Recorded event in DynamoDB Local: Event #7596
Recorded event in DynamoDB Local: Event #7597
Recorded event in DynamoDB Local: Event #7598
Recorded event in DynamoDB Local: Event #7599
Recorded event in DynamoDB Local: Event #7600
Recorded event in DynamoDB Local: Event #7601
Recorded event in DynamoDB Local: Event #7602
Recorded event in DynamoDB Local: Event #7603
Recorded event in DynamoDB Local: Event #7604
Recorded event in DynamoDB Local: Event #7605
Recorded event in DynamoDB Local: Event #7606
Recorded event in DynamoDB Local: Event #7607
Recorded event in DynamoDB Local: Event #7608
Recorded event in DynamoDB Local: Event #7609
Recorded event in DynamoDB Local: Event #7610
Recorded event in DynamoDB Local: Event #7611
Recorded event in DynamoDB Local: Event #7612
Recorded event in DynamoDB Local: Event #7613
Recorded event in DynamoDB Local: Event #7614
Recorded event in DynamoDB Local: Event #7615
Recorded event in DynamoDB Local: Event #7616
Recorded event in DynamoDB Local: Event #7617
Recorded event in DynamoDB Local: Event #7618
Recorded event in DynamoDB Local: Event #7619
Recorded event in DynamoDB Local: Event #7620
Recorded event in DynamoDB Local: Event #7621
Recorded event in DynamoDB Local: Event #7622
Recorded event in DynamoDB Local: Event #7623
Recorded event in DynamoDB Local: Event #7624
Recorded event in DynamoDB Local: Event #7625
Recorded event in DynamoDB Local: Event #7626
Recorded event in DynamoDB Local: Event #7627
Recorded event in DynamoDB Local: Event #7628
Recorded event in DynamoDB Local: Event #7629
Recorded event in DynamoDB Local: Event #7630
Recorded event in DynamoDB Local: Event #7631
Recorded event in DynamoDB Local: Event #7632
Recorded event in DynamoDB Local: Event #7633
Recorded event in DynamoDB Local: Event #7634
Recorded event in DynamoDB Local: Event #7635
Recorded event in DynamoDB Local: Event #7636
Recorded event in DynamoDB Local: Event #7637
Recorded event in DynamoDB Local: Event #7638
Recorded event in DynamoDB Local: Event #7639
Recorded event in DynamoDB Local: Event #7640
Recorded event in DynamoDB Local: Event #7641
Recorded event in DynamoDB Local: Event #7642
Recorded event in DynamoDB Local: Event #7643
Recorded event in DynamoDB Local: Event #7644
Recorded event in DynamoDB Local: Event #7645
Recorded event in DynamoDB Local: Event #7646
Recorded event in DynamoDB Local: Event #7647
Recorded event in DynamoDB Local: Event #7648
Recorded event in DynamoDB Local: Event #7649
Recorded event in DynamoDB Local: Event #7650
Recorded event in DynamoDB Local: Event #7651
Recorded event in DynamoDB Local: Event #7652
Recorded event in DynamoDB Local: Event #7653
Recorded event in DynamoDB Local: Event #7654
Recorded event in DynamoDB Local: Event #7655
Recorded event in DynamoDB Local: Event #7656
Recorded event in DynamoDB Local: Event #7657
Recorded event in DynamoDB Local: Event #7658
Recorded event in DynamoDB Local: Event #7659
Recorded event in DynamoDB Local: Event #7660
Recorded event in DynamoDB Local: Event #7661
Recorded event in DynamoDB Local: Event #7662
Recorded event in DynamoDB Local: Event #7663
Recorded event in DynamoDB Local: Event #7664
Recorded event in DynamoDB Local: Event #7665
Recorded event in DynamoDB Local: Event #7666
Recorded event in DynamoDB Local: Event #7667
Recorded event in DynamoDB Local: Event #7668
Recorded event in DynamoDB Local: Event #7669
Recorded event in DynamoDB Local: Event #7670
Recorded event in DynamoDB Local: Event #7671
Recorded event in DynamoDB Local: Event #7672
Recorded event in DynamoDB Local: Event #7673
Recorded event in DynamoDB Local: Event #7674
Recorded event in DynamoDB Local: Event #7675
Recorded event in DynamoDB Local: Event #7676
Recorded event in DynamoDB Local: Event #7677
Recorded event in DynamoDB Local: Event #7678
Recorded event in DynamoDB Local: Event #7679
Recorded event in DynamoDB Local: Event #7680
Recorded event in DynamoDB Local: Event #7681
Recorded event in DynamoDB Local: Event #7682
Recorded event in DynamoDB Local: Event #7683
Recorded event in DynamoDB Local: Event #7684
Recorded event in DynamoDB Local: Event #7685
Recorded event in DynamoDB Local: Event #7686
Recorded event in DynamoDB Local: Event #7687
Recorded event in DynamoDB Local: Event #7688
Recorded event in DynamoDB Local: Event #7689
Recorded event in DynamoDB Local: Event #7690
Recorded event in DynamoDB Local: Event #7691
Recorded event in DynamoDB Local: Event #7692
Recorded event in DynamoDB Local: Event #7693
Recorded event in DynamoDB Local: Event #7694
Recorded event in DynamoDB Local: Event #7695
Recorded event in DynamoDB Local: Event #7696
Recorded event in DynamoDB Local: Event #7697
Recorded event in DynamoDB Local: Event #7698
Recorded event in DynamoDB Local: Event #7699
Recorded event in DynamoDB Local: Event #7700
Recorded event in DynamoDB Local: Event #7701
Recorded event in DynamoDB Local: Event #7702
Recorded event in DynamoDB Local: Event #7703
Recorded event in DynamoDB Local: Event #7704
Recorded event in DynamoDB Local: Event #7705
Recorded event in DynamoDB Local: Event #7706
Recorded event in DynamoDB Local: Event #7707
Recorded event in DynamoDB Local: Event #7708
Recorded event in DynamoDB Local: Event #7709
Recorded event in DynamoDB Local: Event #7710
Recorded event in DynamoDB Local: Event #7711
Recorded event in DynamoDB Local: Event #7712
Recorded event in DynamoDB Local: Event #7713
Recorded event in DynamoDB Local: Event #7714
Recorded event in DynamoDB Local: Event #7715
Recorded event in DynamoDB Local: Event #7716
Recorded event in DynamoDB Local: Event #7717
Recorded event in DynamoDB Local: Event #7718
Recorded event in DynamoDB Local: Event #7719
Recorded event in DynamoDB Local: Event #7720
Recorded event in DynamoDB Local: Event #7721
Recorded event in DynamoDB Local: Event #7722
Recorded event in DynamoDB Local: Event #7723
Recorded event in DynamoDB Local: Event #7724
Recorded event in DynamoDB Local: Event #7725
Recorded event in DynamoDB Local: Event #7726
Recorded event in DynamoDB Local: Event #7727
Recorded event in DynamoDB Local: Event #7728
Recorded event in DynamoDB Local: Event #7729
Recorded event in DynamoDB Local: Event #7730
Recorded event in DynamoDB Local: Event #7731
Recorded event in DynamoDB Local: Event #7732
Recorded event in DynamoDB Local: Event #7733
Recorded event in DynamoDB Local: Event #7734
Recorded event in DynamoDB Local: Event #7735
Recorded event in DynamoDB Local: Event #7736
Recorded event in DynamoDB Local: Event #7737
Recorded event in DynamoDB Local: Event #7738
Recorded event in DynamoDB Local: Event #7739
Recorded event in DynamoDB Local: Event #7740
Recorded event in DynamoDB Local: Event #7741
Recorded event in DynamoDB Local: Event #7742
Recorded event in DynamoDB Local: Event #7743
Recorded event in DynamoDB Local: Event #7744
Recorded event in DynamoDB Local: Event #7745
Recorded event in DynamoDB Local: Event #7746
Recorded event in DynamoDB Local: Event #7747
Recorded event in DynamoDB Local: Event #7748
Recorded event in DynamoDB Local: Event #7749
Recorded event in DynamoDB Local: Event #7750
Recorded event in DynamoDB Local: Event #7751
Recorded event in DynamoDB Local: Event #7752
Recorded event in DynamoDB Local: Event #7753
Recorded event in DynamoDB Local: Event #7754
Recorded event in DynamoDB Local: Event #7755
Recorded event in DynamoDB Local: Event #7756
Recorded event in DynamoDB Local: Event #7757
Recorded event in DynamoDB Local: Event #7758
Recorded event in DynamoDB Local: Event #7759
Recorded event in DynamoDB Local: Event #7760
Recorded event in DynamoDB Local: Event #7761
Recorded event in DynamoDB Local: Event #7762
Recorded event in DynamoDB Local: Event #7763
Recorded event in DynamoDB Local: Event #7764
Recorded event in DynamoDB Local: Event #7765
Recorded event in DynamoDB Local: Event #7766
Recorded event in DynamoDB Local: Event #7767
Recorded event in DynamoDB Local: Event #7768
Recorded event in DynamoDB Local: Event #7769
Recorded event in DynamoDB Local: Event #7770
Recorded event in DynamoDB Local: Event #7771
Recorded event in DynamoDB Local: Event #7772
Recorded event in DynamoDB Local: Event #7773
Recorded event in DynamoDB Local: Event #7774
Recorded event in DynamoDB Local: Event #7775
Recorded event in DynamoDB Local: Event #7776
Recorded event in DynamoDB Local: Event #7777
Recorded event in DynamoDB Local: Event #7778
Recorded event in DynamoDB Local: Event #7779
Recorded event in DynamoDB Local: Event #7780
Recorded event in DynamoDB Local: Event #7781
Recorded event in DynamoDB Local: Event #7782
Recorded event in DynamoDB Local: Event #7783
Recorded event in DynamoDB Local: Event #7784
Recorded event in DynamoDB Local: Event #7785
Recorded event in DynamoDB Local: Event #7786
Recorded event in DynamoDB Local: Event #7787
Recorded event in DynamoDB Local: Event #7788
Recorded event in DynamoDB Local: Event #7789
Recorded event in DynamoDB Local: Event #7790
Recorded event in DynamoDB Local: Event #7791
Recorded event in DynamoDB Local: Event #7792
Recorded event in DynamoDB Local: Event #7793
Recorded event in DynamoDB Local: Event #7794
Recorded event in DynamoDB Local: Event #7795
Recorded event in DynamoDB Local: Event #7796
Recorded event in DynamoDB Local: Event #7797
Recorded event in DynamoDB Local: Event #7798
Recorded event in DynamoDB Local: Event #7799
Recorded event in DynamoDB Local: Event #7800
Recorded event in DynamoDB Local: Event #7801
Recorded event in DynamoDB Local: Event #7802
Recorded event in DynamoDB Local: Event #7803
Recorded event in DynamoDB Local: Event #7804
Recorded event in DynamoDB Local: Event #7805
Recorded event in DynamoDB Local: Event #7806
Recorded event in DynamoDB Local: Event #7807
Recorded event in DynamoDB Local: Event #7808
Recorded event in DynamoDB Local: Event #7809
Recorded event in DynamoDB Local: Event #7810
Recorded event in DynamoDB Local: Event #7811
Recorded event in DynamoDB Local: Event #7812
Recorded event in DynamoDB Local: Event #7813
Recorded event in DynamoDB Local: Event #7814
Recorded event in DynamoDB Local: Event #7815
Recorded event in DynamoDB Local: Event #7816
Recorded event in DynamoDB Local: Event #7817
Recorded event in DynamoDB Local: Event #7818
Recorded event in DynamoDB Local: Event #7819
Recorded event in DynamoDB Local: Event #7820
Recorded event in DynamoDB Local: Event #7821
Recorded event in DynamoDB Local: Event #7822
Recorded event in DynamoDB Local: Event #7823
Recorded event in DynamoDB Local: Event #7824
Recorded event in DynamoDB Local: Event #7825
Recorded event in DynamoDB Local: Event #7826
Recorded event in DynamoDB Local: Event #7827
Recorded event in DynamoDB Local: Event #7828
Recorded event in DynamoDB Local: Event #7829
Recorded event in DynamoDB Local: Event #7830
Recorded event in DynamoDB Local: Event #7831
Recorded event in DynamoDB Local: Event #7832
Recorded event in DynamoDB Local: Event #7833
Recorded event in DynamoDB Local: Event #7834
Recorded event in DynamoDB Local: Event #7835
Recorded event in DynamoDB Local: Event #7836
Recorded event in DynamoDB Local: Event #7837
Recorded event in DynamoDB Local: Event #7838
Recorded event in DynamoDB Local: Event #7839
Recorded event in DynamoDB Local: Event #7840
Recorded event in DynamoDB Local: Event #7841
Recorded event in DynamoDB Local: Event #7842
Recorded event in DynamoDB Local: Event #7843
Recorded event in DynamoDB Local: Event #7844
Recorded event in DynamoDB Local: Event #7845
Recorded event in DynamoDB Local: Event #7846
Recorded event in DynamoDB Local: Event #7847
Recorded event in DynamoDB Local: Event #7848
Recorded event in DynamoDB Local: Event #7849
Recorded event in DynamoDB Local: Event #7850
Recorded event in DynamoDB Local: Event #7851
Recorded event in DynamoDB Local: Event #7852
Recorded event in DynamoDB Local: Event #7853
Recorded event in DynamoDB Local: Event #7854
Recorded event in DynamoDB Local: Event #7855
Recorded event in DynamoDB Local: Event #7856
Recorded event in DynamoDB Local: Event #7857
Recorded event in DynamoDB Local: Event #7858
Recorded event in DynamoDB Local: Event #7859
Recorded event in DynamoDB Local: Event #7860
Recorded event in DynamoDB Local: Event #7861
Recorded event in DynamoDB Local: Event #7862
Recorded event in DynamoDB Local: Event #7863
Recorded event in DynamoDB Local: Event #7864
Recorded event in DynamoDB Local: Event #7865
Recorded event in DynamoDB Local: Event #7866
Recorded event in DynamoDB Local: Event #7867
Recorded event in DynamoDB Local: Event #7868
Recorded event in DynamoDB Local: Event #7869
Recorded event in DynamoDB Local: Event #7870
Recorded event in DynamoDB Local: Event #7871
Recorded event in DynamoDB Local: Event #7872
Recorded event in DynamoDB Local: Event #7873
Recorded event in DynamoDB Local: Event #7874
Recorded event in DynamoDB Local: Event #7875
Recorded event in DynamoDB Local: Event #7876
Recorded event in DynamoDB Local: Event #7877
Recorded event in DynamoDB Local: Event #7878
Recorded event in DynamoDB Local: Event #7879
Recorded event in DynamoDB Local: Event #7880
Recorded event in DynamoDB Local: Event #7881
Recorded event in DynamoDB Local: Event #7882
Recorded event in DynamoDB Local: Event #7883
Recorded event in DynamoDB Local: Event #7884
Recorded event in DynamoDB Local: Event #7885
Recorded event in DynamoDB Local: Event #7886
Recorded event in DynamoDB Local: Event #7887
Recorded event in DynamoDB Local: Event #7888
Recorded event in DynamoDB Local: Event #7889
Recorded event in DynamoDB Local: Event #7890
Recorded event in DynamoDB Local: Event #7891
Recorded event in DynamoDB Local: Event #7892
Recorded event in DynamoDB Local: Event #7893
Recorded event in DynamoDB Local: Event #7894
Recorded event in DynamoDB Local: Event #7895
Recorded event in DynamoDB Local: Event #7896
Recorded event in DynamoDB Local: Event #7897
Recorded event in DynamoDB Local: Event #7898
Recorded event in DynamoDB Local: Event #7899
Recorded event in DynamoDB Local: Event #7900
Recorded event in DynamoDB Local: Event #7901
Recorded event in DynamoDB Local: Event #7902
Recorded event in DynamoDB Local: Event #7903
Recorded event in DynamoDB Local: Event #7904
Recorded event in DynamoDB Local: Event #7905
Recorded event in DynamoDB Local: Event #7906
Recorded event in DynamoDB Local: Event #7907
Recorded event in DynamoDB Local: Event #7908
Recorded event in DynamoDB Local: Event #7909
Recorded event in DynamoDB Local: Event #7910
Recorded event in DynamoDB Local: Event #7911
Recorded event in DynamoDB Local: Event #7912
Recorded event in DynamoDB Local: Event #7913
Recorded event in DynamoDB Local: Event #7914
Recorded event in DynamoDB Local: Event #7915
Recorded event in DynamoDB Local: Event #7916
Recorded event in DynamoDB Local: Event #7917
Recorded event in DynamoDB Local: Event #7918
Recorded event in DynamoDB Local: Event #7919
Recorded event in DynamoDB Local: Event #7920
Recorded event in DynamoDB Local: Event #7921
Recorded event in DynamoDB Local: Event #7922
Recorded event in DynamoDB Local: Event #7923
Recorded event in DynamoDB Local: Event #7924
Recorded event in DynamoDB Local: Event #7925
Recorded event in DynamoDB Local: Event #7926
Recorded event in DynamoDB Local: Event #7927
Recorded event in DynamoDB Local: Event #7928
Recorded event in DynamoDB Local: Event #7929
Recorded event in DynamoDB Local: Event #7930
Recorded event in DynamoDB Local: Event #7931
Recorded event in DynamoDB Local: Event #7932
Recorded event in DynamoDB Local: Event #7933
Recorded event in DynamoDB Local: Event #7934
Recorded event in DynamoDB Local: Event #7935
Recorded event in DynamoDB Local: Event #7936
Recorded event in DynamoDB Local: Event #7937
Recorded event in DynamoDB Local: Event #7938
Recorded event in DynamoDB Local: Event #7939
Recorded event in DynamoDB Local: Event #7940
Recorded event in DynamoDB Local: Event #7941
Recorded event in DynamoDB Local: Event #7942
Recorded event in DynamoDB Local: Event #7943
Recorded event in DynamoDB Local: Event #7944
Recorded event in DynamoDB Local: Event #7945
Recorded event in DynamoDB Local: Event #7946
Recorded event in DynamoDB Local: Event #7947
Recorded event in DynamoDB Local: Event #7948
Recorded event in DynamoDB Local: Event #7949
Recorded event in DynamoDB Local: Event #7950
Recorded event in DynamoDB Local: Event #7951
Recorded event in DynamoDB Local: Event #7952
Recorded event in DynamoDB Local: Event #7953
Recorded event in DynamoDB Local: Event #7954
Recorded event in DynamoDB Local: Event #7955
Recorded event in DynamoDB Local: Event #7956
Recorded event in DynamoDB Local: Event #7957
Recorded event in DynamoDB Local: Event #7958
Recorded event in DynamoDB Local: Event #7959
Recorded event in DynamoDB Local: Event #7960
Recorded event in DynamoDB Local: Event #7961
Recorded event in DynamoDB Local: Event #7962
Recorded event in DynamoDB Local: Event #7963
Recorded event in DynamoDB Local: Event #7964
Recorded event in DynamoDB Local: Event #7965
Recorded event in DynamoDB Local: Event #7966
Recorded event in DynamoDB Local: Event #7967
Recorded event in DynamoDB Local: Event #7968
Recorded event in DynamoDB Local: Event #7969
Recorded event in DynamoDB Local: Event #7970
Recorded event in DynamoDB Local: Event #7971
Recorded event in DynamoDB Local: Event #7972
Recorded event in DynamoDB Local: Event #7973
Recorded event in DynamoDB Local: Event #7974
Recorded event in DynamoDB Local: Event #7975
Recorded event in DynamoDB Local: Event #7976
Recorded event in DynamoDB Local: Event #7977
Recorded event in DynamoDB Local: Event #7978
Recorded event in DynamoDB Local: Event #7979
Recorded event in DynamoDB Local: Event #7980
Recorded event in DynamoDB Local: Event #7981
Recorded event in DynamoDB Local: Event #7982
Recorded event in DynamoDB Local: Event #7983
Recorded event in DynamoDB Local: Event #7984
Recorded event in DynamoDB Local: Event #7985
Recorded event in DynamoDB Local: Event #7986
Recorded event in DynamoDB Local: Event #7987
Recorded event in DynamoDB Local: Event #7988
Recorded event in DynamoDB Local: Event #7989
Recorded event in DynamoDB Local: Event #7990
Recorded event in DynamoDB Local: Event #7991
Recorded event in DynamoDB Local: Event #7992
Recorded event in DynamoDB Local: Event #7993
Recorded event in DynamoDB Local: Event #7994
Recorded event in DynamoDB Local: Event #7995
Recorded event in DynamoDB Local: Event #7996
Recorded event in DynamoDB Local: Event #7997
Recorded event in DynamoDB Local: Event #7998
Recorded event in DynamoDB Local: Event #7999
Recorded event in DynamoDB Local: Event #8000
Recorded event in DynamoDB Local: Event #8001
Recorded event in DynamoDB Local: Event #8002
Recorded event in DynamoDB Local: Event #8003
Recorded event in DynamoDB Local: Event #8004
Recorded event in DynamoDB Local: Event #8005
Recorded event in DynamoDB Local: Event #8006
Recorded event in DynamoDB Local: Event #8007
Recorded event in DynamoDB Local: Event #8008
Recorded event in DynamoDB Local: Event #8009
Recorded event in DynamoDB Local: Event #8010
Recorded event in DynamoDB Local: Event #8011
Recorded event in DynamoDB Local: Event #8012
Recorded event in DynamoDB Local: Event #8013
Recorded event in DynamoDB Local: Event #8014
Recorded event in DynamoDB Local: Event #8015
Recorded event in DynamoDB Local: Event #8016
Recorded event in DynamoDB Local: Event #8017
Recorded event in DynamoDB Local: Event #8018
Recorded event in DynamoDB Local: Event #8019
Recorded event in DynamoDB Local: Event #8020
Recorded event in DynamoDB Local: Event #8021
Recorded event in DynamoDB Local: Event #8022
Recorded event in DynamoDB Local: Event #8023
Recorded event in DynamoDB Local: Event #8024
Recorded event in DynamoDB Local: Event #8025
Recorded event in DynamoDB Local: Event #8026
Recorded event in DynamoDB Local: Event #8027
Recorded event in DynamoDB Local: Event #8028
Recorded event in DynamoDB Local: Event #8029
Recorded event in DynamoDB Local: Event #8030
Recorded event in DynamoDB Local: Event #8031
Recorded event in DynamoDB Local: Event #8032
Recorded event in DynamoDB Local: Event #8033
Recorded event in DynamoDB Local: Event #8034
Recorded event in DynamoDB Local: Event #8035
Recorded event in DynamoDB Local: Event #8036
Recorded event in DynamoDB Local: Event #8037
Recorded event in DynamoDB Local: Event #8038
Recorded event in DynamoDB Local: Event #8039
Recorded event in DynamoDB Local: Event #8040
Recorded event in DynamoDB Local: Event #8041
Recorded event in DynamoDB Local: Event #8042
Recorded event in DynamoDB Local: Event #8043
Recorded event in DynamoDB Local: Event #8044
Recorded event in DynamoDB Local: Event #8045
Recorded event in DynamoDB Local: Event #8046
Recorded event in DynamoDB Local: Event #8047
Recorded event in DynamoDB Local: Event #8048
Recorded event in DynamoDB Local: Event #8049
Recorded event in DynamoDB Local: Event #8050
Recorded event in DynamoDB Local: Event #8051
Recorded event in DynamoDB Local: Event #8052
Recorded event in DynamoDB Local: Event #8053
Recorded event in DynamoDB Local: Event #8054
Recorded event in DynamoDB Local: Event #8055
Recorded event in DynamoDB Local: Event #8056
Recorded event in DynamoDB Local: Event #8057
Recorded event in DynamoDB Local: Event #8058
Recorded event in DynamoDB Local: Event #8059
Recorded event in DynamoDB Local: Event #8060
Recorded event in DynamoDB Local: Event #8061
Recorded event in DynamoDB Local: Event #8062
Recorded event in DynamoDB Local: Event #8063
Recorded event in DynamoDB Local: Event #8064
Recorded event in DynamoDB Local: Event #8065
Recorded event in DynamoDB Local: Event #8066
Recorded event in DynamoDB Local: Event #8067
Recorded event in DynamoDB Local: Event #8068
Recorded event in DynamoDB Local: Event #8069
Recorded event in DynamoDB Local: Event #8070
Recorded event in DynamoDB Local: Event #8071
Recorded event in DynamoDB Local: Event #8072
Recorded event in DynamoDB Local: Event #8073
Recorded event in DynamoDB Local: Event #8074
Recorded event in DynamoDB Local: Event #8075
Recorded event in DynamoDB Local: Event #8076
Recorded event in DynamoDB Local: Event #8077
Recorded event in DynamoDB Local: Event #8078
Recorded event in DynamoDB Local: Event #8079
Recorded event in DynamoDB Local: Event #8080
Recorded event in DynamoDB Local: Event #8081
Recorded event in DynamoDB Local: Event #8082
Recorded event in DynamoDB Local: Event #8083
Recorded event in DynamoDB Local: Event #8084
Recorded event in DynamoDB Local: Event #8085
Recorded event in DynamoDB Local: Event #8086
Recorded event in DynamoDB Local: Event #8087
Recorded event in DynamoDB Local: Event #8088
Recorded event in DynamoDB Local: Event #8089
Recorded event in DynamoDB Local: Event #8090
Recorded event in DynamoDB Local: Event #8091
Recorded event in DynamoDB Local: Event #8092
Recorded event in DynamoDB Local: Event #8093
Recorded event in DynamoDB Local: Event #8094
Recorded event in DynamoDB Local: Event #8095
Recorded event in DynamoDB Local: Event #8096
Recorded event in DynamoDB Local: Event #8097
Recorded event in DynamoDB Local: Event #8098
Recorded event in DynamoDB Local: Event #8099
Recorded event in DynamoDB Local: Event #8100
Recorded event in DynamoDB Local: Event #8101
Recorded event in DynamoDB Local: Event #8102
Recorded event in DynamoDB Local: Event #8103
Recorded event in DynamoDB Local: Event #8104
Recorded event in DynamoDB Local: Event #8105
Recorded event in DynamoDB Local: Event #8106
Recorded event in DynamoDB Local: Event #8107
Recorded event in DynamoDB Local: Event #8108
Recorded event in DynamoDB Local: Event #8109
Recorded event in DynamoDB Local: Event #8110
Recorded event in DynamoDB Local: Event #8111
Recorded event in DynamoDB Local: Event #8112
Recorded event in DynamoDB Local: Event #8113
Recorded event in DynamoDB Local: Event #8114
Recorded event in DynamoDB Local: Event #8115
Recorded event in DynamoDB Local: Event #8116
Recorded event in DynamoDB Local: Event #8117
Recorded event in DynamoDB Local: Event #8118
Recorded event in DynamoDB Local: Event #8119
Recorded event in DynamoDB Local: Event #8120
Recorded event in DynamoDB Local: Event #8121
Recorded event in DynamoDB Local: Event #8122
Recorded event in DynamoDB Local: Event #8123
Recorded event in DynamoDB Local: Event #8124
Recorded event in DynamoDB Local: Event #8125
Recorded event in DynamoDB Local: Event #8126
Recorded event in DynamoDB Local: Event #8127
Recorded event in DynamoDB Local: Event #8128
Recorded event in DynamoDB Local: Event #8129
Recorded event in DynamoDB Local: Event #8130
Recorded event in DynamoDB Local: Event #8131
Recorded event in DynamoDB Local: Event #8132
Recorded event in DynamoDB Local: Event #8133
Recorded event in DynamoDB Local: Event #8134
Recorded event in DynamoDB Local: Event #8135
Recorded event in DynamoDB Local: Event #8136
Recorded event in DynamoDB Local: Event #8137
Recorded event in DynamoDB Local: Event #8138
Recorded event in DynamoDB Local: Event #8139
Recorded event in DynamoDB Local: Event #8140
Recorded event in DynamoDB Local: Event #8141
Recorded event in DynamoDB Local: Event #8142
Recorded event in DynamoDB Local: Event #8143
Recorded event in DynamoDB Local: Event #8144
Recorded event in DynamoDB Local: Event #8145
Recorded event in DynamoDB Local: Event #8146
Recorded event in DynamoDB Local: Event #8147
Recorded event in DynamoDB Local: Event #8148
Recorded event in DynamoDB Local: Event #8149
Recorded event in DynamoDB Local: Event #8150
Recorded event in DynamoDB Local: Event #8151
Recorded event in DynamoDB Local: Event #8152
Recorded event in DynamoDB Local: Event #8153
Recorded event in DynamoDB Local: Event #8154
Recorded event in DynamoDB Local: Event #8155
Recorded event in DynamoDB Local: Event #8156
Recorded event in DynamoDB Local: Event #8157
Recorded event in DynamoDB Local: Event #8158
Recorded event in DynamoDB Local: Event #8159
Recorded event in DynamoDB Local: Event #8160
Recorded event in DynamoDB Local: Event #8161
Recorded event in DynamoDB Local: Event #8162
Recorded event in DynamoDB Local: Event #8163
Recorded event in DynamoDB Local: Event #8164
Recorded event in DynamoDB Local: Event #8165
Recorded event in DynamoDB Local: Event #8166
Recorded event in DynamoDB Local: Event #8167
Recorded event in DynamoDB Local: Event #8168
Recorded event in DynamoDB Local: Event #8169
Recorded event in DynamoDB Local: Event #8170
Recorded event in DynamoDB Local: Event #8171
Recorded event in DynamoDB Local: Event #8172
Recorded event in DynamoDB Local: Event #8173
Recorded event in DynamoDB Local: Event #8174
Recorded event in DynamoDB Local: Event #8175
Recorded event in DynamoDB Local: Event #8176
Recorded event in DynamoDB Local: Event #8177
Recorded event in DynamoDB Local: Event #8178
Recorded event in DynamoDB Local: Event #8179
Recorded event in DynamoDB Local: Event #8180
Recorded event in DynamoDB Local: Event #8181
Recorded event in DynamoDB Local: Event #8182
Recorded event in DynamoDB Local: Event #8183
Recorded event in DynamoDB Local: Event #8184
Recorded event in DynamoDB Local: Event #8185
Recorded event in DynamoDB Local: Event #8186
Recorded event in DynamoDB Local: Event #8187
Recorded event in DynamoDB Local: Event #8188
Recorded event in DynamoDB Local: Event #8189
Recorded event in DynamoDB Local: Event #8190
Recorded event in DynamoDB Local: Event #8191
Recorded event in DynamoDB Local: Event #8192
Recorded event in DynamoDB Local: Event #8193
Recorded event in DynamoDB Local: Event #8194
Recorded event in DynamoDB Local: Event #8195
Recorded event in DynamoDB Local: Event #8196
Recorded event in DynamoDB Local: Event #8197
Recorded event in DynamoDB Local: Event #8198
Recorded event in DynamoDB Local: Event #8199
Recorded event in DynamoDB Local: Event #8200
Recorded event in DynamoDB Local: Event #8201
Recorded event in DynamoDB Local: Event #8202
Recorded event in DynamoDB Local: Event #8203
Recorded event in DynamoDB Local: Event #8204
Recorded event in DynamoDB Local: Event #8205
Recorded event in DynamoDB Local: Event #8206
Recorded event in DynamoDB Local: Event #8207
Recorded event in DynamoDB Local: Event #8208
Recorded event in DynamoDB Local: Event #8209
Recorded event in DynamoDB Local: Event #8210
Recorded event in DynamoDB Local: Event #8211
Recorded event in DynamoDB Local: Event #8212
Recorded event in DynamoDB Local: Event #8213
Recorded event in DynamoDB Local: Event #8214
Recorded event in DynamoDB Local: Event #8215
Recorded event in DynamoDB Local: Event #8216
Recorded event in DynamoDB Local: Event #8217
Recorded event in DynamoDB Local: Event #8218
Recorded event in DynamoDB Local: Event #8219
Recorded event in DynamoDB Local: Event #8220
Recorded event in DynamoDB Local: Event #8221
Recorded event in DynamoDB Local: Event #8222
Recorded event in DynamoDB Local: Event #8223
Recorded event in DynamoDB Local: Event #8224
Recorded event in DynamoDB Local: Event #8225
Recorded event in DynamoDB Local: Event #8226
Recorded event in DynamoDB Local: Event #8227
Recorded event in DynamoDB Local: Event #8228
Recorded event in DynamoDB Local: Event #8229
Recorded event in DynamoDB Local: Event #8230
Recorded event in DynamoDB Local: Event #8231
Recorded event in DynamoDB Local: Event #8232
Recorded event in DynamoDB Local: Event #8233
Recorded event in DynamoDB Local: Event #8234
Recorded event in DynamoDB Local: Event #8235
Recorded event in DynamoDB Local: Event #8236
Recorded event in DynamoDB Local: Event #8237
Recorded event in DynamoDB Local: Event #8238
Recorded event in DynamoDB Local: Event #8239
Recorded event in DynamoDB Local: Event #8240
Recorded event in DynamoDB Local: Event #8241
Recorded event in DynamoDB Local: Event #8242
Recorded event in DynamoDB Local: Event #8243
Recorded event in DynamoDB Local: Event #8244
Recorded event in DynamoDB Local: Event #8245
Recorded event in DynamoDB Local: Event #8246
Recorded event in DynamoDB Local: Event #8247
Recorded event in DynamoDB Local: Event #8248
Recorded event in DynamoDB Local: Event #8249
Recorded event in DynamoDB Local: Event #8250
Recorded event in DynamoDB Local: Event #8251
Recorded event in DynamoDB Local: Event #8252
Recorded event in DynamoDB Local: Event #8253
Recorded event in DynamoDB Local: Event #8254
Recorded event in DynamoDB Local: Event #8255
Recorded event in DynamoDB Local: Event #8256
Recorded event in DynamoDB Local: Event #8257
Recorded event in DynamoDB Local: Event #8258
Recorded event in DynamoDB Local: Event #8259
Recorded event in DynamoDB Local: Event #8260
Recorded event in DynamoDB Local: Event #8261
Recorded event in DynamoDB Local: Event #8262
Recorded event in DynamoDB Local: Event #8263
Recorded event in DynamoDB Local: Event #8264
Recorded event in DynamoDB Local: Event #8265
Recorded event in DynamoDB Local: Event #8266
Recorded event in DynamoDB Local: Event #8267
Recorded event in DynamoDB Local: Event #8268
Recorded event in DynamoDB Local: Event #8269
Recorded event in DynamoDB Local: Event #8270
Recorded event in DynamoDB Local: Event #8271
Recorded event in DynamoDB Local: Event #8272
Recorded event in DynamoDB Local: Event #8273
Recorded event in DynamoDB Local: Event #8274
Recorded event in DynamoDB Local: Event #8275
Recorded event in DynamoDB Local: Event #8276
Recorded event in DynamoDB Local: Event #8277
Recorded event in DynamoDB Local: Event #8278
Recorded event in DynamoDB Local: Event #8279
Recorded event in DynamoDB Local: Event #8280
Recorded event in DynamoDB Local: Event #8281
Recorded event in DynamoDB Local: Event #8282
Recorded event in DynamoDB Local: Event #8283
Recorded event in DynamoDB Local: Event #8284
Recorded event in DynamoDB Local: Event #8285
Recorded event in DynamoDB Local: Event #8286
Recorded event in DynamoDB Local: Event #8287
Recorded event in DynamoDB Local: Event #8288
Recorded event in DynamoDB Local: Event #8289
Recorded event in DynamoDB Local: Event #8290
Recorded event in DynamoDB Local: Event #8291
Recorded event in DynamoDB Local: Event #8292
Recorded event in DynamoDB Local: Event #8293
Recorded event in DynamoDB Local: Event #8294
Recorded event in DynamoDB Local: Event #8295
Recorded event in DynamoDB Local: Event #8296
Recorded event in DynamoDB Local: Event #8297
Recorded event in DynamoDB Local: Event #8298
Recorded event in DynamoDB Local: Event #8299
Recorded event in DynamoDB Local: Event #8300
Recorded event in DynamoDB Local: Event #8301
Recorded event in DynamoDB Local: Event #8302
Recorded event in DynamoDB Local: Event #8303
Recorded event in DynamoDB Local: Event #8304
Recorded event in DynamoDB Local: Event #8305
Recorded event in DynamoDB Local: Event #8306
Recorded event in DynamoDB Local: Event #8307
Recorded event in DynamoDB Local: Event #8308
Recorded event in DynamoDB Local: Event #8309
Recorded event in DynamoDB Local: Event #8310
Recorded event in DynamoDB Local: Event #8311
Recorded event in DynamoDB Local: Event #8312
Recorded event in DynamoDB Local: Event #8313
Recorded event in DynamoDB Local: Event #8314
Recorded event in DynamoDB Local: Event #8315
Recorded event in DynamoDB Local: Event #8316
Recorded event in DynamoDB Local: Event #8317
Recorded event in DynamoDB Local: Event #8318
Recorded event in DynamoDB Local: Event #8319
Recorded event in DynamoDB Local: Event #8320
Recorded event in DynamoDB Local: Event #8321
Recorded event in DynamoDB Local: Event #8322
Recorded event in DynamoDB Local: Event #8323
Recorded event in DynamoDB Local: Event #8324
Recorded event in DynamoDB Local: Event #8325
Recorded event in DynamoDB Local: Event #8326
Recorded event in DynamoDB Local: Event #8327
Recorded event in DynamoDB Local: Event #8328
Recorded event in DynamoDB Local: Event #8329
Recorded event in DynamoDB Local: Event #8330
Recorded event in DynamoDB Local: Event #8331
Recorded event in DynamoDB Local: Event #8332
Recorded event in DynamoDB Local: Event #8333
Recorded event in DynamoDB Local: Event #8334
Recorded event in DynamoDB Local: Event #8335
Recorded event in DynamoDB Local: Event #8336
Recorded event in DynamoDB Local: Event #8337
Recorded event in DynamoDB Local: Event #8338
Recorded event in DynamoDB Local: Event #8339
Recorded event in DynamoDB Local: Event #8340
Recorded event in DynamoDB Local: Event #8341
Recorded event in DynamoDB Local: Event #8342
Recorded event in DynamoDB Local: Event #8343
Recorded event in DynamoDB Local: Event #8344
Recorded event in DynamoDB Local: Event #8345
Recorded event in DynamoDB Local: Event #8346
Recorded event in DynamoDB Local: Event #8347
Recorded event in DynamoDB Local: Event #8348
Recorded event in DynamoDB Local: Event #8349
Recorded event in DynamoDB Local: Event #8350
Recorded event in DynamoDB Local: Event #8351
Recorded event in DynamoDB Local: Event #8352
Recorded event in DynamoDB Local: Event #8353
Recorded event in DynamoDB Local: Event #8354
Recorded event in DynamoDB Local: Event #8355
Recorded event in DynamoDB Local: Event #8356
Recorded event in DynamoDB Local: Event #8357
Recorded event in DynamoDB Local: Event #8358
Recorded event in DynamoDB Local: Event #8359
Recorded event in DynamoDB Local: Event #8360
Recorded event in DynamoDB Local: Event #8361
Recorded event in DynamoDB Local: Event #8362
Recorded event in DynamoDB Local: Event #8363
Recorded event in DynamoDB Local: Event #8364
Recorded event in DynamoDB Local: Event #8365
Recorded event in DynamoDB Local: Event #8366
Recorded event in DynamoDB Local: Event #8367
Recorded event in DynamoDB Local: Event #8368
Recorded event in DynamoDB Local: Event #8369
Recorded event in DynamoDB Local: Event #8370
Recorded event in DynamoDB Local: Event #8371
Recorded event in DynamoDB Local: Event #8372
Recorded event in DynamoDB Local: Event #8373
Recorded event in DynamoDB Local: Event #8374
Recorded event in DynamoDB Local: Event #8375
Recorded event in DynamoDB Local: Event #8376
Recorded event in DynamoDB Local: Event #8377
Recorded event in DynamoDB Local: Event #8378
Recorded event in DynamoDB Local: Event #8379
Recorded event in DynamoDB Local: Event #8380
Recorded event in DynamoDB Local: Event #8381
Recorded event in DynamoDB Local: Event #8382
Recorded event in DynamoDB Local: Event #8383
Recorded event in DynamoDB Local: Event #8384
Recorded event in DynamoDB Local: Event #8385
Recorded event in DynamoDB Local: Event #8386
Recorded event in DynamoDB Local: Event #8387
Recorded event in DynamoDB Local: Event #8388
Recorded event in DynamoDB Local: Event #8389
Recorded event in DynamoDB Local: Event #8390
Recorded event in DynamoDB Local: Event #8391
Recorded event in DynamoDB Local: Event #8392
Recorded event in DynamoDB Local: Event #8393
Recorded event in DynamoDB Local: Event #8394
Recorded event in DynamoDB Local: Event #8395
Recorded event in DynamoDB Local: Event #8396
Recorded event in DynamoDB Local: Event #8397
Recorded event in DynamoDB Local: Event #8398
Recorded event in DynamoDB Local: Event #8399
Recorded event in DynamoDB Local: Event #8400
Recorded event in DynamoDB Local: Event #8401
Recorded event in DynamoDB Local: Event #8402
Recorded event in DynamoDB Local: Event #8403
Recorded event in DynamoDB Local: Event #8404
Recorded event in DynamoDB Local: Event #8405
Recorded event in DynamoDB Local: Event #8406
Recorded event in DynamoDB Local: Event #8407
Recorded event in DynamoDB Local: Event #8408
Recorded event in DynamoDB Local: Event #8409
Recorded event in DynamoDB Local: Event #8410
Recorded event in DynamoDB Local: Event #8411
Recorded event in DynamoDB Local: Event #8412
Recorded event in DynamoDB Local: Event #8413
Recorded event in DynamoDB Local: Event #8414
Recorded event in DynamoDB Local: Event #8415
Recorded event in DynamoDB Local: Event #8416
Recorded event in DynamoDB Local: Event #8417
Recorded event in DynamoDB Local: Event #8418
Recorded event in DynamoDB Local: Event #8419
Recorded event in DynamoDB Local: Event #8420
Recorded event in DynamoDB Local: Event #8421
Recorded event in DynamoDB Local: Event #8422
Recorded event in DynamoDB Local: Event #8423
Recorded event in DynamoDB Local: Event #8424
Recorded event in DynamoDB Local: Event #8425
Recorded event in DynamoDB Local: Event #8426
Recorded event in DynamoDB Local: Event #8427
Recorded event in DynamoDB Local: Event #8428
Recorded event in DynamoDB Local: Event #8429
Recorded event in DynamoDB Local: Event #8430
Recorded event in DynamoDB Local: Event #8431
Recorded event in DynamoDB Local: Event #8432
Recorded event in DynamoDB Local: Event #8433
Recorded event in DynamoDB Local: Event #8434
Recorded event in DynamoDB Local: Event #8435
Recorded event in DynamoDB Local: Event #8436
Recorded event in DynamoDB Local: Event #8437
Recorded event in DynamoDB Local: Event #8438
Recorded event in DynamoDB Local: Event #8439
Recorded event in DynamoDB Local: Event #8440
Recorded event in DynamoDB Local: Event #8441
Recorded event in DynamoDB Local: Event #8442
Recorded event in DynamoDB Local: Event #8443
Recorded event in DynamoDB Local: Event #8444
Recorded event in DynamoDB Local: Event #8445
Recorded event in DynamoDB Local: Event #8446
Recorded event in DynamoDB Local: Event #8447
Recorded event in DynamoDB Local: Event #8448
Recorded event in DynamoDB Local: Event #8449
Recorded event in DynamoDB Local: Event #8450
Recorded event in DynamoDB Local: Event #8451
Recorded event in DynamoDB Local: Event #8452
Recorded event in DynamoDB Local: Event #8453
Recorded event in DynamoDB Local: Event #8454
Recorded event in DynamoDB Local: Event #8455
Recorded event in DynamoDB Local: Event #8456
Recorded event in DynamoDB Local: Event #8457
Recorded event in DynamoDB Local: Event #8458
Recorded event in DynamoDB Local: Event #8459
Recorded event in DynamoDB Local: Event #8460
Recorded event in DynamoDB Local: Event #8461
Recorded event in DynamoDB Local: Event #8462
Recorded event in DynamoDB Local: Event #8463
Recorded event in DynamoDB Local: Event #8464
Recorded event in DynamoDB Local: Event #8465
Recorded event in DynamoDB Local: Event #8466
Recorded event in DynamoDB Local: Event #8467
Recorded event in DynamoDB Local: Event #8468
Recorded event in DynamoDB Local: Event #8469
Recorded event in DynamoDB Local: Event #8470
Recorded event in DynamoDB Local: Event #8471
Recorded event in DynamoDB Local: Event #8472
Recorded event in DynamoDB Local: Event #8473
Recorded event in DynamoDB Local: Event #8474
Recorded event in DynamoDB Local: Event #8475
Recorded event in DynamoDB Local: Event #8476
Recorded event in DynamoDB Local: Event #8477
Recorded event in DynamoDB Local: Event #8478
Recorded event in DynamoDB Local: Event #8479
Recorded event in DynamoDB Local: Event #8480
Recorded event in DynamoDB Local: Event #8481
Recorded event in DynamoDB Local: Event #8482
Recorded event in DynamoDB Local: Event #8483
Recorded event in DynamoDB Local: Event #8484
Recorded event in DynamoDB Local: Event #8485
Recorded event in DynamoDB Local: Event #8486
Recorded event in DynamoDB Local: Event #8487
Recorded event in DynamoDB Local: Event #8488
Recorded event in DynamoDB Local: Event #8489
Recorded event in DynamoDB Local: Event #8490
Recorded event in DynamoDB Local: Event #8491
Recorded event in DynamoDB Local: Event #8492
Recorded event in DynamoDB Local: Event #8493
Recorded event in DynamoDB Local: Event #8494
Recorded event in DynamoDB Local: Event #8495
Recorded event in DynamoDB Local: Event #8496
Recorded event in DynamoDB Local: Event #8497
Recorded event in DynamoDB Local: Event #8498
Recorded event in DynamoDB Local: Event #8499
Recorded event in DynamoDB Local: Event #8500
Recorded event in DynamoDB Local: Event #8501
Recorded event in DynamoDB Local: Event #8502
Recorded event in DynamoDB Local: Event #8503
Recorded event in DynamoDB Local: Event #8504
Recorded event in DynamoDB Local: Event #8505
Recorded event in DynamoDB Local: Event #8506
Recorded event in DynamoDB Local: Event #8507
Recorded event in DynamoDB Local: Event #8508
Recorded event in DynamoDB Local: Event #8509
Recorded event in DynamoDB Local: Event #8510
Recorded event in DynamoDB Local: Event #8511
Recorded event in DynamoDB Local: Event #8512
Recorded event in DynamoDB Local: Event #8513
Recorded event in DynamoDB Local: Event #8514
Recorded event in DynamoDB Local: Event #8515
Recorded event in DynamoDB Local: Event #8516
Recorded event in DynamoDB Local: Event #8517
Recorded event in DynamoDB Local: Event #8518
Recorded event in DynamoDB Local: Event #8519
Recorded event in DynamoDB Local: Event #8520
Recorded event in DynamoDB Local: Event #8521
Recorded event in DynamoDB Local: Event #8522
Recorded event in DynamoDB Local: Event #8523
Recorded event in DynamoDB Local: Event #8524
Recorded event in DynamoDB Local: Event #8525
Recorded event in DynamoDB Local: Event #8526
Recorded event in DynamoDB Local: Event #8527
Recorded event in DynamoDB Local: Event #8528
Recorded event in DynamoDB Local: Event #8529
Recorded event in DynamoDB Local: Event #8530
Recorded event in DynamoDB Local: Event #8531
Recorded event in DynamoDB Local: Event #8532
Recorded event in DynamoDB Local: Event #8533
Recorded event in DynamoDB Local: Event #8534
Recorded event in DynamoDB Local: Event #8535
Recorded event in DynamoDB Local: Event #8536
Recorded event in DynamoDB Local: Event #8537
Recorded event in DynamoDB Local: Event #8538
Recorded event in DynamoDB Local: Event #8539
Recorded event in DynamoDB Local: Event #8540
Recorded event in DynamoDB Local: Event #8541
Recorded event in DynamoDB Local: Event #8542
Recorded event in DynamoDB Local: Event #8543
Recorded event in DynamoDB Local: Event #8544
Recorded event in DynamoDB Local: Event #8545
Recorded event in DynamoDB Local: Event #8546
Recorded event in DynamoDB Local: Event #8547
Recorded event in DynamoDB Local: Event #8548
Recorded event in DynamoDB Local: Event #8549
Recorded event in DynamoDB Local: Event #8550
Recorded event in DynamoDB Local: Event #8551
Recorded event in DynamoDB Local: Event #8552
Recorded event in DynamoDB Local: Event #8553
Recorded event in DynamoDB Local: Event #8554
Recorded event in DynamoDB Local: Event #8555
Recorded event in DynamoDB Local: Event #8556
Recorded event in DynamoDB Local: Event #8557
Recorded event in DynamoDB Local: Event #8558
Recorded event in DynamoDB Local: Event #8559
Recorded event in DynamoDB Local: Event #8560
Recorded event in DynamoDB Local: Event #8561
Recorded event in DynamoDB Local: Event #8562
Recorded event in DynamoDB Local: Event #8563
Recorded event in DynamoDB Local: Event #8564
Recorded event in DynamoDB Local: Event #8565
Recorded event in DynamoDB Local: Event #8566
Recorded event in DynamoDB Local: Event #8567
Recorded event in DynamoDB Local: Event #8568
Recorded event in DynamoDB Local: Event #8569
Recorded event in DynamoDB Local: Event #8570
Recorded event in DynamoDB Local: Event #8571
Recorded event in DynamoDB Local: Event #8572
Recorded event in DynamoDB Local: Event #8573
Recorded event in DynamoDB Local: Event #8574
Recorded event in DynamoDB Local: Event #8575
Recorded event in DynamoDB Local: Event #8576
Recorded event in DynamoDB Local: Event #8577
Recorded event in DynamoDB Local: Event #8578
Recorded event in DynamoDB Local: Event #8579
Recorded event in DynamoDB Local: Event #8580
Recorded event in DynamoDB Local: Event #8581
Recorded event in DynamoDB Local: Event #8582
Recorded event in DynamoDB Local: Event #8583
Recorded event in DynamoDB Local: Event #8584
Recorded event in DynamoDB Local: Event #8585
Recorded event in DynamoDB Local: Event #8586
Recorded event in DynamoDB Local: Event #8587
Recorded event in DynamoDB Local: Event #8588
Recorded event in DynamoDB Local: Event #8589
Recorded event in DynamoDB Local: Event #8590
Recorded event in DynamoDB Local: Event #8591
Recorded event in DynamoDB Local: Event #8592
Recorded event in DynamoDB Local: Event #8593
Recorded event in DynamoDB Local: Event #8594
Recorded event in DynamoDB Local: Event #8595
Recorded event in DynamoDB Local: Event #8596
Recorded event in DynamoDB Local: Event #8597
Recorded event in DynamoDB Local: Event #8598
Recorded event in DynamoDB Local: Event #8599
Recorded event in DynamoDB Local: Event #8600
Recorded event in DynamoDB Local: Event #8601
Recorded event in DynamoDB Local: Event #8602
Recorded event in DynamoDB Local: Event #8603
Recorded event in DynamoDB Local: Event #8604
Recorded event in DynamoDB Local: Event #8605
Recorded event in DynamoDB Local: Event #8606
Recorded event in DynamoDB Local: Event #8607
Recorded event in DynamoDB Local: Event #8608
Recorded event in DynamoDB Local: Event #8609
Recorded event in DynamoDB Local: Event #8610
Recorded event in DynamoDB Local: Event #8611
Recorded event in DynamoDB Local: Event #8612
Recorded event in DynamoDB Local: Event #8613
Recorded event in DynamoDB Local: Event #8614
Recorded event in DynamoDB Local: Event #8615
Recorded event in DynamoDB Local: Event #8616
Recorded event in DynamoDB Local: Event #8617
Recorded event in DynamoDB Local: Event #8618
Recorded event in DynamoDB Local: Event #8619
Recorded event in DynamoDB Local: Event #8620
Recorded event in DynamoDB Local: Event #8621
Recorded event in DynamoDB Local: Event #8622
Recorded event in DynamoDB Local: Event #8623
Recorded event in DynamoDB Local: Event #8624
Recorded event in DynamoDB Local: Event #8625
Recorded event in DynamoDB Local: Event #8626
Recorded event in DynamoDB Local: Event #8627
Recorded event in DynamoDB Local: Event #8628
Recorded event in DynamoDB Local: Event #8629
Recorded event in DynamoDB Local: Event #8630
Recorded event in DynamoDB Local: Event #8631
Recorded event in DynamoDB Local: Event #8632
Recorded event in DynamoDB Local: Event #8633
Recorded event in DynamoDB Local: Event #8634
Recorded event in DynamoDB Local: Event #8635
Recorded event in DynamoDB Local: Event #8636
Recorded event in DynamoDB Local: Event #8637
Recorded event in DynamoDB Local: Event #8638
Recorded event in DynamoDB Local: Event #8639
Recorded event in DynamoDB Local: Event #8640
Recorded event in DynamoDB Local: Event #8641
Recorded event in DynamoDB Local: Event #8642
Recorded event in DynamoDB Local: Event #8643
Recorded event in DynamoDB Local: Event #8644
Recorded event in DynamoDB Local: Event #8645
Recorded event in DynamoDB Local: Event #8646
Recorded event in DynamoDB Local: Event #8647
Recorded event in DynamoDB Local: Event #8648
Recorded event in DynamoDB Local: Event #8649
Recorded event in DynamoDB Local: Event #8650
Recorded event in DynamoDB Local: Event #8651
Recorded event in DynamoDB Local: Event #8652
Recorded event in DynamoDB Local: Event #8653
Recorded event in DynamoDB Local: Event #8654
Recorded event in DynamoDB Local: Event #8655
Recorded event in DynamoDB Local: Event #8656
Recorded event in DynamoDB Local: Event #8657
Recorded event in DynamoDB Local: Event #8658
Recorded event in DynamoDB Local: Event #8659
Recorded event in DynamoDB Local: Event #8660
Recorded event in DynamoDB Local: Event #8661
Recorded event in DynamoDB Local: Event #8662
Recorded event in DynamoDB Local: Event #8663
Recorded event in DynamoDB Local: Event #8664
Recorded event in DynamoDB Local: Event #8665
Recorded event in DynamoDB Local: Event #8666
Recorded event in DynamoDB Local: Event #8667
Recorded event in DynamoDB Local: Event #8668
Recorded event in DynamoDB Local: Event #8669
Recorded event in DynamoDB Local: Event #8670
Recorded event in DynamoDB Local: Event #8671
Recorded event in DynamoDB Local: Event #8672
Recorded event in DynamoDB Local: Event #8673
Recorded event in DynamoDB Local: Event #8674
Recorded event in DynamoDB Local: Event #8675
Recorded event in DynamoDB Local: Event #8676
Recorded event in DynamoDB Local: Event #8677
Recorded event in DynamoDB Local: Event #8678
Recorded event in DynamoDB Local: Event #8679
Recorded event in DynamoDB Local: Event #8680
Recorded event in DynamoDB Local: Event #8681
Recorded event in DynamoDB Local: Event #8682
Recorded event in DynamoDB Local: Event #8683
Recorded event in DynamoDB Local: Event #8684
Recorded event in DynamoDB Local: Event #8685
Recorded event in DynamoDB Local: Event #8686
Recorded event in DynamoDB Local: Event #8687
Recorded event in DynamoDB Local: Event #8688
Recorded event in DynamoDB Local: Event #8689
Recorded event in DynamoDB Local: Event #8690
Recorded event in DynamoDB Local: Event #8691
Recorded event in DynamoDB Local: Event #8692
Recorded event in DynamoDB Local: Event #8693
Recorded event in DynamoDB Local: Event #8694
Recorded event in DynamoDB Local: Event #8695
Recorded event in DynamoDB Local: Event #8696
Recorded event in DynamoDB Local: Event #8697
Recorded event in DynamoDB Local: Event #8698
Recorded event in DynamoDB Local: Event #8699
Recorded event in DynamoDB Local: Event #8700
Recorded event in DynamoDB Local: Event #8701
Recorded event in DynamoDB Local: Event #8702
Recorded event in DynamoDB Local: Event #8703
Recorded event in DynamoDB Local: Event #8704
Recorded event in DynamoDB Local: Event #8705
Recorded event in DynamoDB Local: Event #8706
Recorded event in DynamoDB Local: Event #8707
Recorded event in DynamoDB Local: Event #8708
Recorded event in DynamoDB Local: Event #8709
Recorded event in DynamoDB Local: Event #8710
Recorded event in DynamoDB Local: Event #8711
Recorded event in DynamoDB Local: Event #8712
Recorded event in DynamoDB Local: Event #8713
Recorded event in DynamoDB Local: Event #8714
Recorded event in DynamoDB Local: Event #8715
Recorded event in DynamoDB Local: Event #8716
Recorded event in DynamoDB Local: Event #8717
Recorded event in DynamoDB Local: Event #8718
Recorded event in DynamoDB Local: Event #8719
Recorded event in DynamoDB Local: Event #8720
Recorded event in DynamoDB Local: Event #8721
Recorded event in DynamoDB Local: Event #8722
Recorded event in DynamoDB Local: Event #8723
Recorded event in DynamoDB Local: Event #8724
Recorded event in DynamoDB Local: Event #8725
Recorded event in DynamoDB Local: Event #8726
Recorded event in DynamoDB Local: Event #8727
Recorded event in DynamoDB Local: Event #8728
Recorded event in DynamoDB Local: Event #8729
Recorded event in DynamoDB Local: Event #8730
Recorded event in DynamoDB Local: Event #8731
Recorded event in DynamoDB Local: Event #8732
Recorded event in DynamoDB Local: Event #8733
Recorded event in DynamoDB Local: Event #8734
Recorded event in DynamoDB Local: Event #8735
Recorded event in DynamoDB Local: Event #8736
Recorded event in DynamoDB Local: Event #8737
Recorded event in DynamoDB Local: Event #8738
Recorded event in DynamoDB Local: Event #8739
Recorded event in DynamoDB Local: Event #8740
Recorded event in DynamoDB Local: Event #8741
Recorded event in DynamoDB Local: Event #8742
Recorded event in DynamoDB Local: Event #8743
Recorded event in DynamoDB Local: Event #8744
Recorded event in DynamoDB Local: Event #8745
Recorded event in DynamoDB Local: Event #8746
Recorded event in DynamoDB Local: Event #8747
Recorded event in DynamoDB Local: Event #8748
Recorded event in DynamoDB Local: Event #8749
Recorded event in DynamoDB Local: Event #8750
Recorded event in DynamoDB Local: Event #8751
Recorded event in DynamoDB Local: Event #8752
Recorded event in DynamoDB Local: Event #8753
Recorded event in DynamoDB Local: Event #8754
Recorded event in DynamoDB Local: Event #8755
Recorded event in DynamoDB Local: Event #8756
Recorded event in DynamoDB Local: Event #8757
Recorded event in DynamoDB Local: Event #8758
Recorded event in DynamoDB Local: Event #8759
Recorded event in DynamoDB Local: Event #8760
Recorded event in DynamoDB Local: Event #8761
Recorded event in DynamoDB Local: Event #8762
Recorded event in DynamoDB Local: Event #8763
Recorded event in DynamoDB Local: Event #8764
Recorded event in DynamoDB Local: Event #8765
Recorded event in DynamoDB Local: Event #8766
Recorded event in DynamoDB Local: Event #8767
Recorded event in DynamoDB Local: Event #8768
Recorded event in DynamoDB Local: Event #8769
Recorded event in DynamoDB Local: Event #8770
Recorded event in DynamoDB Local: Event #8771
Recorded event in DynamoDB Local: Event #8772
Recorded event in DynamoDB Local: Event #8773
Recorded event in DynamoDB Local: Event #8774
Recorded event in DynamoDB Local: Event #8775
Recorded event in DynamoDB Local: Event #8776
Recorded event in DynamoDB Local: Event #8777
Recorded event in DynamoDB Local: Event #8778
Recorded event in DynamoDB Local: Event #8779
Recorded event in DynamoDB Local: Event #8780
Recorded event in DynamoDB Local: Event #8781
Recorded event in DynamoDB Local: Event #8782
Recorded event in DynamoDB Local: Event #8783
Recorded event in DynamoDB Local: Event #8784
Recorded event in DynamoDB Local: Event #8785
Recorded event in DynamoDB Local: Event #8786
Recorded event in DynamoDB Local: Event #8787
Recorded event in DynamoDB Local: Event #8788
Recorded event in DynamoDB Local: Event #8789
Recorded event in DynamoDB Local: Event #8790
Recorded event in DynamoDB Local: Event #8791
Recorded event in DynamoDB Local: Event #8792
Recorded event in DynamoDB Local: Event #8793
Recorded event in DynamoDB Local: Event #8794
Recorded event in DynamoDB Local: Event #8795
Recorded event in DynamoDB Local: Event #8796
Recorded event in DynamoDB Local: Event #8797
Recorded event in DynamoDB Local: Event #8798
Recorded event in DynamoDB Local: Event #8799
Recorded event in DynamoDB Local: Event #8800
Recorded event in DynamoDB Local: Event #8801
Recorded event in DynamoDB Local: Event #8802
Recorded event in DynamoDB Local: Event #8803
Recorded event in DynamoDB Local: Event #8804
Recorded event in DynamoDB Local: Event #8805
Recorded event in DynamoDB Local: Event #8806
Recorded event in DynamoDB Local: Event #8807
Recorded event in DynamoDB Local: Event #8808
Recorded event in DynamoDB Local: Event #8809
Recorded event in DynamoDB Local: Event #8810
Recorded event in DynamoDB Local: Event #8811
Recorded event in DynamoDB Local: Event #8812
Recorded event in DynamoDB Local: Event #8813
Recorded event in DynamoDB Local: Event #8814
Recorded event in DynamoDB Local: Event #8815
Recorded event in DynamoDB Local: Event #8816
Recorded event in DynamoDB Local: Event #8817
Recorded event in DynamoDB Local: Event #8818
Recorded event in DynamoDB Local: Event #8819
Recorded event in DynamoDB Local: Event #8820
Recorded event in DynamoDB Local: Event #8821
Recorded event in DynamoDB Local: Event #8822
Recorded event in DynamoDB Local: Event #8823
Recorded event in DynamoDB Local: Event #8824
Recorded event in DynamoDB Local: Event #8825
Recorded event in DynamoDB Local: Event #8826
Recorded event in DynamoDB Local: Event #8827
Recorded event in DynamoDB Local: Event #8828
Recorded event in DynamoDB Local: Event #8829
Recorded event in DynamoDB Local: Event #8830
Recorded event in DynamoDB Local: Event #8831
Recorded event in DynamoDB Local: Event #8832
Recorded event in DynamoDB Local: Event #8833
Recorded event in DynamoDB Local: Event #8834
Recorded event in DynamoDB Local: Event #8835
Recorded event in DynamoDB Local: Event #8836
Recorded event in DynamoDB Local: Event #8837
Recorded event in DynamoDB Local: Event #8838
Recorded event in DynamoDB Local: Event #8839
Recorded event in DynamoDB Local: Event #8840
Recorded event in DynamoDB Local: Event #8841
Recorded event in DynamoDB Local: Event #8842
Recorded event in DynamoDB Local: Event #8843
Recorded event in DynamoDB Local: Event #8844
Recorded event in DynamoDB Local: Event #8845
Recorded event in DynamoDB Local: Event #8846
Recorded event in DynamoDB Local: Event #8847
Recorded event in DynamoDB Local: Event #8848
Recorded event in DynamoDB Local: Event #8849
Recorded event in DynamoDB Local: Event #8850
Recorded event in DynamoDB Local: Event #8851
Recorded event in DynamoDB Local: Event #8852
Recorded event in DynamoDB Local: Event #8853
Recorded event in DynamoDB Local: Event #8854
Recorded event in DynamoDB Local: Event #8855
Recorded event in DynamoDB Local: Event #8856
Recorded event in DynamoDB Local: Event #8857
Recorded event in DynamoDB Local: Event #8858
Recorded event in DynamoDB Local: Event #8859
Recorded event in DynamoDB Local: Event #8860
Recorded event in DynamoDB Local: Event #8861
Recorded event in DynamoDB Local: Event #8862
Recorded event in DynamoDB Local: Event #8863
Recorded event in DynamoDB Local: Event #8864
Recorded event in DynamoDB Local: Event #8865
Recorded event in DynamoDB Local: Event #8866
Recorded event in DynamoDB Local: Event #8867
Recorded event in DynamoDB Local: Event #8868
Recorded event in DynamoDB Local: Event #8869
Recorded event in DynamoDB Local: Event #8870
Recorded event in DynamoDB Local: Event #8871
Recorded event in DynamoDB Local: Event #8872
Recorded event in DynamoDB Local: Event #8873
Recorded event in DynamoDB Local: Event #8874
Recorded event in DynamoDB Local: Event #8875
Recorded event in DynamoDB Local: Event #8876
Recorded event in DynamoDB Local: Event #8877
Recorded event in DynamoDB Local: Event #8878
Recorded event in DynamoDB Local: Event #8879
Recorded event in DynamoDB Local: Event #8880
Recorded event in DynamoDB Local: Event #8881
Recorded event in DynamoDB Local: Event #8882
Recorded event in DynamoDB Local: Event #8883
Recorded event in DynamoDB Local: Event #8884
Recorded event in DynamoDB Local: Event #8885
Recorded event in DynamoDB Local: Event #8886
Recorded event in DynamoDB Local: Event #8887
Recorded event in DynamoDB Local: Event #8888
Recorded event in DynamoDB Local: Event #8889
Recorded event in DynamoDB Local: Event #8890
Recorded event in DynamoDB Local: Event #8891
Recorded event in DynamoDB Local: Event #8892
Recorded event in DynamoDB Local: Event #8893
Recorded event in DynamoDB Local: Event #8894
Recorded event in DynamoDB Local: Event #8895
Recorded event in DynamoDB Local: Event #8896
Recorded event in DynamoDB Local: Event #8897
Recorded event in DynamoDB Local: Event #8898
Recorded event in DynamoDB Local: Event #8899
Recorded event in DynamoDB Local: Event #8900
Recorded event in DynamoDB Local: Event #8901
Recorded event in DynamoDB Local: Event #8902
Recorded event in DynamoDB Local: Event #8903
Recorded event in DynamoDB Local: Event #8904
Recorded event in DynamoDB Local: Event #8905
Recorded event in DynamoDB Local: Event #8906
Recorded event in DynamoDB Local: Event #8907
Recorded event in DynamoDB Local: Event #8908
Recorded event in DynamoDB Local: Event #8909
Recorded event in DynamoDB Local: Event #8910
Recorded event in DynamoDB Local: Event #8911
Recorded event in DynamoDB Local: Event #8912
Recorded event in DynamoDB Local: Event #8913
Recorded event in DynamoDB Local: Event #8914
Recorded event in DynamoDB Local: Event #8915
Recorded event in DynamoDB Local: Event #8916
Recorded event in DynamoDB Local: Event #8917
Recorded event in DynamoDB Local: Event #8918
Recorded event in DynamoDB Local: Event #8919
Recorded event in DynamoDB Local: Event #8920
Recorded event in DynamoDB Local: Event #8921
Recorded event in DynamoDB Local: Event #8922
Recorded event in DynamoDB Local: Event #8923
Recorded event in DynamoDB Local: Event #8924
Recorded event in DynamoDB Local: Event #8925
Recorded event in DynamoDB Local: Event #8926
Recorded event in DynamoDB Local: Event #8927
Recorded event in DynamoDB Local: Event #8928
Recorded event in DynamoDB Local: Event #8929
Recorded event in DynamoDB Local: Event #8930
Recorded event in DynamoDB Local: Event #8931
Recorded event in DynamoDB Local: Event #8932
Recorded event in DynamoDB Local: Event #8933
Recorded event in DynamoDB Local: Event #8934
Recorded event in DynamoDB Local: Event #8935
Recorded event in DynamoDB Local: Event #8936
Recorded event in DynamoDB Local: Event #8937
Recorded event in DynamoDB Local: Event #8938
Recorded event in DynamoDB Local: Event #8939
Recorded event in DynamoDB Local: Event #8940
Recorded event in DynamoDB Local: Event #8941
Recorded event in DynamoDB Local: Event #8942
Recorded event in DynamoDB Local: Event #8943
Recorded event in DynamoDB Local: Event #8944
Recorded event in DynamoDB Local: Event #8945
Recorded event in DynamoDB Local: Event #8946
Recorded event in DynamoDB Local: Event #8947
Recorded event in DynamoDB Local: Event #8948
Recorded event in DynamoDB Local: Event #8949
Recorded event in DynamoDB Local: Event #8950
Recorded event in DynamoDB Local: Event #8951
Recorded event in DynamoDB Local: Event #8952
Recorded event in DynamoDB Local: Event #8953
Recorded event in DynamoDB Local: Event #8954
Recorded event in DynamoDB Local: Event #8955
Recorded event in DynamoDB Local: Event #8956
Recorded event in DynamoDB Local: Event #8957
Recorded event in DynamoDB Local: Event #8958
Recorded event in DynamoDB Local: Event #8959
Recorded event in DynamoDB Local: Event #8960
Recorded event in DynamoDB Local: Event #8961
Recorded event in DynamoDB Local: Event #8962
Recorded event in DynamoDB Local: Event #8963
Recorded event in DynamoDB Local: Event #8964
Recorded event in DynamoDB Local: Event #8965
Recorded event in DynamoDB Local: Event #8966
Recorded event in DynamoDB Local: Event #8967
Recorded event in DynamoDB Local: Event #8968
Recorded event in DynamoDB Local: Event #8969
Recorded event in DynamoDB Local: Event #8970
Recorded event in DynamoDB Local: Event #8971
Recorded event in DynamoDB Local: Event #8972
Recorded event in DynamoDB Local: Event #8973
Recorded event in DynamoDB Local: Event #8974
Recorded event in DynamoDB Local: Event #8975
Recorded event in DynamoDB Local: Event #8976
Recorded event in DynamoDB Local: Event #8977
Recorded event in DynamoDB Local: Event #8978
Recorded event in DynamoDB Local: Event #8979
Recorded event in DynamoDB Local: Event #8980
Recorded event in DynamoDB Local: Event #8981
Recorded event in DynamoDB Local: Event #8982
Recorded event in DynamoDB Local: Event #8983
Recorded event in DynamoDB Local: Event #8984
Recorded event in DynamoDB Local: Event #8985
Recorded event in DynamoDB Local: Event #8986
Recorded event in DynamoDB Local: Event #8987
Recorded event in DynamoDB Local: Event #8988
Recorded event in DynamoDB Local: Event #8989
Recorded event in DynamoDB Local: Event #8990
Recorded event in DynamoDB Local: Event #8991
Recorded event in DynamoDB Local: Event #8992
Recorded event in DynamoDB Local: Event #8993
Recorded event in DynamoDB Local: Event #8994
Recorded event in DynamoDB Local: Event #8995
Recorded event in DynamoDB Local: Event #8996
Recorded event in DynamoDB Local: Event #8997
Recorded event in DynamoDB Local: Event #8998
Recorded event in DynamoDB Local: Event #8999
Recorded event in DynamoDB Local: Event #9000
Recorded event in DynamoDB Local: Event #9001
Recorded event in DynamoDB Local: Event #9002
Recorded event in DynamoDB Local: Event #9003
Recorded event in DynamoDB Local: Event #9004
Recorded event in DynamoDB Local: Event #9005
Recorded event in DynamoDB Local: Event #9006
Recorded event in DynamoDB Local: Event #9007
Recorded event in DynamoDB Local: Event #9008
Recorded event in DynamoDB Local: Event #9009
Recorded event in DynamoDB Local: Event #9010
Recorded event in DynamoDB Local: Event #9011
Recorded event in DynamoDB Local: Event #9012
Recorded event in DynamoDB Local: Event #9013
Recorded event in DynamoDB Local: Event #9014
Recorded event in DynamoDB Local: Event #9015
Recorded event in DynamoDB Local: Event #9016
Recorded event in DynamoDB Local: Event #9017
Recorded event in DynamoDB Local: Event #9018
Recorded event in DynamoDB Local: Event #9019
Recorded event in DynamoDB Local: Event #9020
Recorded event in DynamoDB Local: Event #9021
Recorded event in DynamoDB Local: Event #9022
Recorded event in DynamoDB Local: Event #9023
Recorded event in DynamoDB Local: Event #9024
Recorded event in DynamoDB Local: Event #9025
Recorded event in DynamoDB Local: Event #9026
Recorded event in DynamoDB Local: Event #9027
Recorded event in DynamoDB Local: Event #9028
Recorded event in DynamoDB Local: Event #9029
Recorded event in DynamoDB Local: Event #9030
Recorded event in DynamoDB Local: Event #9031
Recorded event in DynamoDB Local: Event #9032
Recorded event in DynamoDB Local: Event #9033
Recorded event in DynamoDB Local: Event #9034
Recorded event in DynamoDB Local: Event #9035
Recorded event in DynamoDB Local: Event #9036
Recorded event in DynamoDB Local: Event #9037
Recorded event in DynamoDB Local: Event #9038
Recorded event in DynamoDB Local: Event #9039
Recorded event in DynamoDB Local: Event #9040
Recorded event in DynamoDB Local: Event #9041
Recorded event in DynamoDB Local: Event #9042
Recorded event in DynamoDB Local: Event #9043
Recorded event in DynamoDB Local: Event #9044
Recorded event in DynamoDB Local: Event #9045
Recorded event in DynamoDB Local: Event #9046
Recorded event in DynamoDB Local: Event #9047
Recorded event in DynamoDB Local: Event #9048
Recorded event in DynamoDB Local: Event #9049
Recorded event in DynamoDB Local: Event #9050
Recorded event in DynamoDB Local: Event #9051
Recorded event in DynamoDB Local: Event #9052
Recorded event in DynamoDB Local: Event #9053
Recorded event in DynamoDB Local: Event #9054
Recorded event in DynamoDB Local: Event #9055
Recorded event in DynamoDB Local: Event #9056
Recorded event in DynamoDB Local: Event #9057
Recorded event in DynamoDB Local: Event #9058
Recorded event in DynamoDB Local: Event #9059
Recorded event in DynamoDB Local: Event #9060
Recorded event in DynamoDB Local: Event #9061
Recorded event in DynamoDB Local: Event #9062
Recorded event in DynamoDB Local: Event #9063
Recorded event in DynamoDB Local: Event #9064
Recorded event in DynamoDB Local: Event #9065
Recorded event in DynamoDB Local: Event #9066
Recorded event in DynamoDB Local: Event #9067
Recorded event in DynamoDB Local: Event #9068
Recorded event in DynamoDB Local: Event #9069
Recorded event in DynamoDB Local: Event #9070
Recorded event in DynamoDB Local: Event #9071
Recorded event in DynamoDB Local: Event #9072
Recorded event in DynamoDB Local: Event #9073
Recorded event in DynamoDB Local: Event #9074
Recorded event in DynamoDB Local: Event #9075
Recorded event in DynamoDB Local: Event #9076
Recorded event in DynamoDB Local: Event #9077
Recorded event in DynamoDB Local: Event #9078
Recorded event in DynamoDB Local: Event #9079
Recorded event in DynamoDB Local: Event #9080
Recorded event in DynamoDB Local: Event #9081
Recorded event in DynamoDB Local: Event #9082
Recorded event in DynamoDB Local: Event #9083
Recorded event in DynamoDB Local: Event #9084
Recorded event in DynamoDB Local: Event #9085
Recorded event in DynamoDB Local: Event #9086
Recorded event in DynamoDB Local: Event #9087
Recorded event in DynamoDB Local: Event #9088
Recorded event in DynamoDB Local: Event #9089
Recorded event in DynamoDB Local: Event #9090
Recorded event in DynamoDB Local: Event #9091
Recorded event in DynamoDB Local: Event #9092
Recorded event in DynamoDB Local: Event #9093
Recorded event in DynamoDB Local: Event #9094
Recorded event in DynamoDB Local: Event #9095
Recorded event in DynamoDB Local: Event #9096
Recorded event in DynamoDB Local: Event #9097
Recorded event in DynamoDB Local: Event #9098
Recorded event in DynamoDB Local: Event #9099
Recorded event in DynamoDB Local: Event #9100
Recorded event in DynamoDB Local: Event #9101
Recorded event in DynamoDB Local: Event #9102
Recorded event in DynamoDB Local: Event #9103
Recorded event in DynamoDB Local: Event #9104
Recorded event in DynamoDB Local: Event #9105
Recorded event in DynamoDB Local: Event #9106
Recorded event in DynamoDB Local: Event #9107
Recorded event in DynamoDB Local: Event #9108
Recorded event in DynamoDB Local: Event #9109
Recorded event in DynamoDB Local: Event #9110
Recorded event in DynamoDB Local: Event #9111
Recorded event in DynamoDB Local: Event #9112
Recorded event in DynamoDB Local: Event #9113
Recorded event in DynamoDB Local: Event #9114
Recorded event in DynamoDB Local: Event #9115
Recorded event in DynamoDB Local: Event #9116
Recorded event in DynamoDB Local: Event #9117
Recorded event in DynamoDB Local: Event #9118
Recorded event in DynamoDB Local: Event #9119
Recorded event in DynamoDB Local: Event #9120
Recorded event in DynamoDB Local: Event #9121
Recorded event in DynamoDB Local: Event #9122
Recorded event in DynamoDB Local: Event #9123
Recorded event in DynamoDB Local: Event #9124
Recorded event in DynamoDB Local: Event #9125
Recorded event in DynamoDB Local: Event #9126
Recorded event in DynamoDB Local: Event #9127
Recorded event in DynamoDB Local: Event #9128
Recorded event in DynamoDB Local: Event #9129
Recorded event in DynamoDB Local: Event #9130
Recorded event in DynamoDB Local: Event #9131
Recorded event in DynamoDB Local: Event #9132
Recorded event in DynamoDB Local: Event #9133
Recorded event in DynamoDB Local: Event #9134
Recorded event in DynamoDB Local: Event #9135
Recorded event in DynamoDB Local: Event #9136
Recorded event in DynamoDB Local: Event #9137
Recorded event in DynamoDB Local: Event #9138
Recorded event in DynamoDB Local: Event #9139
Recorded event in DynamoDB Local: Event #9140
Recorded event in DynamoDB Local: Event #9141
Recorded event in DynamoDB Local: Event #9142
Recorded event in DynamoDB Local: Event #9143
Recorded event in DynamoDB Local: Event #9144
Recorded event in DynamoDB Local: Event #9145
Recorded event in DynamoDB Local: Event #9146
Recorded event in DynamoDB Local: Event #9147
Recorded event in DynamoDB Local: Event #9148
Recorded event in DynamoDB Local: Event #9149
Recorded event in DynamoDB Local: Event #9150
Recorded event in DynamoDB Local: Event #9151
Recorded event in DynamoDB Local: Event #9152
Recorded event in DynamoDB Local: Event #9153
Recorded event in DynamoDB Local: Event #9154
Recorded event in DynamoDB Local: Event #9155
Recorded event in DynamoDB Local: Event #9156
Recorded event in DynamoDB Local: Event #9157
Recorded event in DynamoDB Local: Event #9158
Recorded event in DynamoDB Local: Event #9159
Recorded event in DynamoDB Local: Event #9160
Recorded event in DynamoDB Local: Event #9161
Recorded event in DynamoDB Local: Event #9162
Recorded event in DynamoDB Local: Event #9163
Recorded event in DynamoDB Local: Event #9164
Recorded event in DynamoDB Local: Event #9165
Recorded event in DynamoDB Local: Event #9166
Recorded event in DynamoDB Local: Event #9167
Recorded event in DynamoDB Local: Event #9168
Recorded event in DynamoDB Local: Event #9169
Recorded event in DynamoDB Local: Event #9170
Recorded event in DynamoDB Local: Event #9171
Recorded event in DynamoDB Local: Event #9172
Recorded event in DynamoDB Local: Event #9173
Recorded event in DynamoDB Local: Event #9174
Recorded event in DynamoDB Local: Event #9175
Recorded event in DynamoDB Local: Event #9176
Recorded event in DynamoDB Local: Event #9177
Recorded event in DynamoDB Local: Event #9178
Recorded event in DynamoDB Local: Event #9179
Recorded event in DynamoDB Local: Event #9180
Recorded event in DynamoDB Local: Event #9181
Recorded event in DynamoDB Local: Event #9182
Recorded event in DynamoDB Local: Event #9183
Recorded event in DynamoDB Local: Event #9184
Recorded event in DynamoDB Local: Event #9185
Recorded event in DynamoDB Local: Event #9186
Recorded event in DynamoDB Local: Event #9187
Recorded event in DynamoDB Local: Event #9188
Recorded event in DynamoDB Local: Event #9189
Recorded event in DynamoDB Local: Event #9190
Recorded event in DynamoDB Local: Event #9191
Recorded event in DynamoDB Local: Event #9192
Recorded event in DynamoDB Local: Event #9193
Recorded event in DynamoDB Local: Event #9194
Recorded event in DynamoDB Local: Event #9195
Recorded event in DynamoDB Local: Event #9196
Recorded event in DynamoDB Local: Event #9197
Recorded event in DynamoDB Local: Event #9198
Recorded event in DynamoDB Local: Event #9199
Recorded event in DynamoDB Local: Event #9200
Recorded event in DynamoDB Local: Event #9201
Recorded event in DynamoDB Local: Event #9202
Recorded event in DynamoDB Local: Event #9203
Recorded event in DynamoDB Local: Event #9204
Recorded event in DynamoDB Local: Event #9205
Recorded event in DynamoDB Local: Event #9206
Recorded event in DynamoDB Local: Event #9207
Recorded event in DynamoDB Local: Event #9208
Recorded event in DynamoDB Local: Event #9209
Recorded event in DynamoDB Local: Event #9210
Recorded event in DynamoDB Local: Event #9211
Recorded event in DynamoDB Local: Event #9212
Recorded event in DynamoDB Local: Event #9213
Recorded event in DynamoDB Local: Event #9214
Recorded event in DynamoDB Local: Event #9215
Recorded event in DynamoDB Local: Event #9216
Recorded event in DynamoDB Local: Event #9217
Recorded event in DynamoDB Local: Event #9218
Recorded event in DynamoDB Local: Event #9219
Recorded event in DynamoDB Local: Event #9220
Recorded event in DynamoDB Local: Event #9221
Recorded event in DynamoDB Local: Event #9222
Recorded event in DynamoDB Local: Event #9223
Recorded event in DynamoDB Local: Event #9224
Recorded event in DynamoDB Local: Event #9225
Recorded event in DynamoDB Local: Event #9226
Recorded event in DynamoDB Local: Event #9227
Recorded event in DynamoDB Local: Event #9228
Recorded event in DynamoDB Local: Event #9229
Recorded event in DynamoDB Local: Event #9230
Recorded event in DynamoDB Local: Event #9231
Recorded event in DynamoDB Local: Event #9232
Recorded event in DynamoDB Local: Event #9233
Recorded event in DynamoDB Local: Event #9234
Recorded event in DynamoDB Local: Event #9235
Recorded event in DynamoDB Local: Event #9236
Recorded event in DynamoDB Local: Event #9237
Recorded event in DynamoDB Local: Event #9238
Recorded event in DynamoDB Local: Event #9239
Recorded event in DynamoDB Local: Event #9240
Recorded event in DynamoDB Local: Event #9241
Recorded event in DynamoDB Local: Event #9242
Recorded event in DynamoDB Local: Event #9243
Recorded event in DynamoDB Local: Event #9244
Recorded event in DynamoDB Local: Event #9245
Recorded event in DynamoDB Local: Event #9246
Recorded event in DynamoDB Local: Event #9247
Recorded event in DynamoDB Local: Event #9248
Recorded event in DynamoDB Local: Event #9249
Recorded event in DynamoDB Local: Event #9250
Recorded event in DynamoDB Local: Event #9251
Recorded event in DynamoDB Local: Event #9252
Recorded event in DynamoDB Local: Event #9253
Recorded event in DynamoDB Local: Event #9254
Recorded event in DynamoDB Local: Event #9255
Recorded event in DynamoDB Local: Event #9256
Recorded event in DynamoDB Local: Event #9257
Recorded event in DynamoDB Local: Event #9258
Recorded event in DynamoDB Local: Event #9259
Recorded event in DynamoDB Local: Event #9260
Recorded event in DynamoDB Local: Event #9261
Recorded event in DynamoDB Local: Event #9262
Recorded event in DynamoDB Local: Event #9263
Recorded event in DynamoDB Local: Event #9264
Recorded event in DynamoDB Local: Event #9265
Recorded event in DynamoDB Local: Event #9266
Recorded event in DynamoDB Local: Event #9267
Recorded event in DynamoDB Local: Event #9268
Recorded event in DynamoDB Local: Event #9269
Recorded event in DynamoDB Local: Event #9270
Recorded event in DynamoDB Local: Event #9271
Recorded event in DynamoDB Local: Event #9272
Recorded event in DynamoDB Local: Event #9273
Recorded event in DynamoDB Local: Event #9274
Recorded event in DynamoDB Local: Event #9275
Recorded event in DynamoDB Local: Event #9276
Recorded event in DynamoDB Local: Event #9277
Recorded event in DynamoDB Local: Event #9278
Recorded event in DynamoDB Local: Event #9279
Recorded event in DynamoDB Local: Event #9280
Recorded event in DynamoDB Local: Event #9281
Recorded event in DynamoDB Local: Event #9282
Recorded event in DynamoDB Local: Event #9283
Recorded event in DynamoDB Local: Event #9284
Recorded event in DynamoDB Local: Event #9285
Recorded event in DynamoDB Local: Event #9286
Recorded event in DynamoDB Local: Event #9287
Recorded event in DynamoDB Local: Event #9288
Recorded event in DynamoDB Local: Event #9289
Recorded event in DynamoDB Local: Event #9290
Recorded event in DynamoDB Local: Event #9291
Recorded event in DynamoDB Local: Event #9292
Recorded event in DynamoDB Local: Event #9293
Recorded event in DynamoDB Local: Event #9294
Recorded event in DynamoDB Local: Event #9295
Recorded event in DynamoDB Local: Event #9296
Recorded event in DynamoDB Local: Event #9297
Recorded event in DynamoDB Local: Event #9298
Recorded event in DynamoDB Local: Event #9299
Recorded event in DynamoDB Local: Event #9300
Recorded event in DynamoDB Local: Event #9301
Recorded event in DynamoDB Local: Event #9302
Recorded event in DynamoDB Local: Event #9303
Recorded event in DynamoDB Local: Event #9304
Recorded event in DynamoDB Local: Event #9305
Recorded event in DynamoDB Local: Event #9306
Recorded event in DynamoDB Local: Event #9307
Recorded event in DynamoDB Local: Event #9308
Recorded event in DynamoDB Local: Event #9309
Recorded event in DynamoDB Local: Event #9310
Recorded event in DynamoDB Local: Event #9311
Recorded event in DynamoDB Local: Event #9312
Recorded event in DynamoDB Local: Event #9313
Recorded event in DynamoDB Local: Event #9314
Recorded event in DynamoDB Local: Event #9315
Recorded event in DynamoDB Local: Event #9316
Recorded event in DynamoDB Local: Event #9317
Recorded event in DynamoDB Local: Event #9318
Recorded event in DynamoDB Local: Event #9319
Recorded event in DynamoDB Local: Event #9320
Recorded event in DynamoDB Local: Event #9321
Recorded event in DynamoDB Local: Event #9322
Recorded event in DynamoDB Local: Event #9323
Recorded event in DynamoDB Local: Event #9324
Recorded event in DynamoDB Local: Event #9325
Recorded event in DynamoDB Local: Event #9326
Recorded event in DynamoDB Local: Event #9327
Recorded event in DynamoDB Local: Event #9328
Recorded event in DynamoDB Local: Event #9329
Recorded event in DynamoDB Local: Event #9330
Recorded event in DynamoDB Local: Event #9331
Recorded event in DynamoDB Local: Event #9332
Recorded event in DynamoDB Local: Event #9333
Recorded event in DynamoDB Local: Event #9334
Recorded event in DynamoDB Local: Event #9335
Recorded event in DynamoDB Local: Event #9336
Recorded event in DynamoDB Local: Event #9337
Recorded event in DynamoDB Local: Event #9338
Recorded event in DynamoDB Local: Event #9339
Recorded event in DynamoDB Local: Event #9340
Recorded event in DynamoDB Local: Event #9341
Recorded event in DynamoDB Local: Event #9342
Recorded event in DynamoDB Local: Event #9343
Recorded event in DynamoDB Local: Event #9344
Recorded event in DynamoDB Local: Event #9345
Recorded event in DynamoDB Local: Event #9346
Recorded event in DynamoDB Local: Event #9347
Recorded event in DynamoDB Local: Event #9348
Recorded event in DynamoDB Local: Event #9349
Recorded event in DynamoDB Local: Event #9350
Recorded event in DynamoDB Local: Event #9351
Recorded event in DynamoDB Local: Event #9352
Recorded event in DynamoDB Local: Event #9353
Recorded event in DynamoDB Local: Event #9354
Recorded event in DynamoDB Local: Event #9355
Recorded event in DynamoDB Local: Event #9356
Recorded event in DynamoDB Local: Event #9357
Recorded event in DynamoDB Local: Event #9358
Recorded event in DynamoDB Local: Event #9359
Recorded event in DynamoDB Local: Event #9360
Recorded event in DynamoDB Local: Event #9361
Recorded event in DynamoDB Local: Event #9362
Recorded event in DynamoDB Local: Event #9363
Recorded event in DynamoDB Local: Event #9364
Recorded event in DynamoDB Local: Event #9365
Recorded event in DynamoDB Local: Event #9366
Recorded event in DynamoDB Local: Event #9367
Recorded event in DynamoDB Local: Event #9368
Recorded event in DynamoDB Local: Event #9369
Recorded event in DynamoDB Local: Event #9370
Recorded event in DynamoDB Local: Event #9371
Recorded event in DynamoDB Local: Event #9372
Recorded event in DynamoDB Local: Event #9373
Recorded event in DynamoDB Local: Event #9374
Recorded event in DynamoDB Local: Event #9375
Recorded event in DynamoDB Local: Event #9376
Recorded event in DynamoDB Local: Event #9377
Recorded event in DynamoDB Local: Event #9378
Recorded event in DynamoDB Local: Event #9379
Recorded event in DynamoDB Local: Event #9380
Recorded event in DynamoDB Local: Event #9381
Recorded event in DynamoDB Local: Event #9382
Recorded event in DynamoDB Local: Event #9383
Recorded event in DynamoDB Local: Event #9384
Recorded event in DynamoDB Local: Event #9385
Recorded event in DynamoDB Local: Event #9386
Recorded event in DynamoDB Local: Event #9387
Recorded event in DynamoDB Local: Event #9388
Recorded event in DynamoDB Local: Event #9389
Recorded event in DynamoDB Local: Event #9390
Recorded event in DynamoDB Local: Event #9391
Recorded event in DynamoDB Local: Event #9392
Recorded event in DynamoDB Local: Event #9393
Recorded event in DynamoDB Local: Event #9394
Recorded event in DynamoDB Local: Event #9395
Recorded event in DynamoDB Local: Event #9396
Recorded event in DynamoDB Local: Event #9397
Recorded event in DynamoDB Local: Event #9398
Recorded event in DynamoDB Local: Event #9399
Recorded event in DynamoDB Local: Event #9400
Recorded event in DynamoDB Local: Event #9401
Recorded event in DynamoDB Local: Event #9402
Recorded event in DynamoDB Local: Event #9403
Recorded event in DynamoDB Local: Event #9404
Recorded event in DynamoDB Local: Event #9405
Recorded event in DynamoDB Local: Event #9406
Recorded event in DynamoDB Local: Event #9407
Recorded event in DynamoDB Local: Event #9408
Recorded event in DynamoDB Local: Event #9409
Recorded event in DynamoDB Local: Event #9410
Recorded event in DynamoDB Local: Event #9411
Recorded event in DynamoDB Local: Event #9412
Recorded event in DynamoDB Local: Event #9413
Recorded event in DynamoDB Local: Event #9414
Recorded event in DynamoDB Local: Event #9415
Recorded event in DynamoDB Local: Event #9416
Recorded event in DynamoDB Local: Event #9417
Recorded event in DynamoDB Local: Event #9418
Recorded event in DynamoDB Local: Event #9419
Recorded event in DynamoDB Local: Event #9420
Recorded event in DynamoDB Local: Event #9421
Recorded event in DynamoDB Local: Event #9422
Recorded event in DynamoDB Local: Event #9423
Recorded event in DynamoDB Local: Event #9424
Recorded event in DynamoDB Local: Event #9425
Recorded event in DynamoDB Local: Event #9426
Recorded event in DynamoDB Local: Event #9427
Recorded event in DynamoDB Local: Event #9428
Recorded event in DynamoDB Local: Event #9429
Recorded event in DynamoDB Local: Event #9430
Recorded event in DynamoDB Local: Event #9431
Recorded event in DynamoDB Local: Event #9432
Recorded event in DynamoDB Local: Event #9433
Recorded event in DynamoDB Local: Event #9434
Recorded event in DynamoDB Local: Event #9435
Recorded event in DynamoDB Local: Event #9436
Recorded event in DynamoDB Local: Event #9437
Recorded event in DynamoDB Local: Event #9438
Recorded event in DynamoDB Local: Event #9439
Recorded event in DynamoDB Local: Event #9440
Recorded event in DynamoDB Local: Event #9441
Recorded event in DynamoDB Local: Event #9442
Recorded event in DynamoDB Local: Event #9443
Recorded event in DynamoDB Local: Event #9444
Recorded event in DynamoDB Local: Event #9445
Recorded event in DynamoDB Local: Event #9446
Recorded event in DynamoDB Local: Event #9447
Recorded event in DynamoDB Local: Event #9448
Recorded event in DynamoDB Local: Event #9449
Recorded event in DynamoDB Local: Event #9450
Recorded event in DynamoDB Local: Event #9451
Recorded event in DynamoDB Local: Event #9452
Recorded event in DynamoDB Local: Event #9453
Recorded event in DynamoDB Local: Event #9454
Recorded event in DynamoDB Local: Event #9455
Recorded event in DynamoDB Local: Event #9456
Recorded event in DynamoDB Local: Event #9457
Recorded event in DynamoDB Local: Event #9458
Recorded event in DynamoDB Local: Event #9459
Recorded event in DynamoDB Local: Event #9460
Recorded event in DynamoDB Local: Event #9461
Recorded event in DynamoDB Local: Event #9462
Recorded event in DynamoDB Local: Event #9463
Recorded event in DynamoDB Local: Event #9464
Recorded event in DynamoDB Local: Event #9465
Recorded event in DynamoDB Local: Event #9466
Recorded event in DynamoDB Local: Event #9467
Recorded event in DynamoDB Local: Event #9468
Recorded event in DynamoDB Local: Event #9469
Recorded event in DynamoDB Local: Event #9470
Recorded event in DynamoDB Local: Event #9471
Recorded event in DynamoDB Local: Event #9472
Recorded event in DynamoDB Local: Event #9473
Recorded event in DynamoDB Local: Event #9474
Recorded event in DynamoDB Local: Event #9475
Recorded event in DynamoDB Local: Event #9476
Recorded event in DynamoDB Local: Event #9477
Recorded event in DynamoDB Local: Event #9478
Recorded event in DynamoDB Local: Event #9479
Recorded event in DynamoDB Local: Event #9480
Recorded event in DynamoDB Local: Event #9481
Recorded event in DynamoDB Local: Event #9482
Recorded event in DynamoDB Local: Event #9483
Recorded event in DynamoDB Local: Event #9484
Recorded event in DynamoDB Local: Event #9485
Recorded event in DynamoDB Local: Event #9486
Recorded event in DynamoDB Local: Event #9487
Recorded event in DynamoDB Local: Event #9488
Recorded event in DynamoDB Local: Event #9489
Recorded event in DynamoDB Local: Event #9490
Recorded event in DynamoDB Local: Event #9491
Recorded event in DynamoDB Local: Event #9492
Recorded event in DynamoDB Local: Event #9493
Recorded event in DynamoDB Local: Event #9494
Recorded event in DynamoDB Local: Event #9495
Recorded event in DynamoDB Local: Event #9496
Recorded event in DynamoDB Local: Event #9497
Recorded event in DynamoDB Local: Event #9498
Recorded event in DynamoDB Local: Event #9499
Recorded event in DynamoDB Local: Event #9500
Recorded event in DynamoDB Local: Event #9501
Recorded event in DynamoDB Local: Event #9502
Recorded event in DynamoDB Local: Event #9503
Recorded event in DynamoDB Local: Event #9504
Recorded event in DynamoDB Local: Event #9505
Recorded event in DynamoDB Local: Event #9506
Recorded event in DynamoDB Local: Event #9507
Recorded event in DynamoDB Local: Event #9508
Recorded event in DynamoDB Local: Event #9509
Recorded event in DynamoDB Local: Event #9510
Recorded event in DynamoDB Local: Event #9511
Recorded event in DynamoDB Local: Event #9512
Recorded event in DynamoDB Local: Event #9513
Recorded event in DynamoDB Local: Event #9514
Recorded event in DynamoDB Local: Event #9515
Recorded event in DynamoDB Local: Event #9516
Recorded event in DynamoDB Local: Event #9517
Recorded event in DynamoDB Local: Event #9518
Recorded event in DynamoDB Local: Event #9519
Recorded event in DynamoDB Local: Event #9520
Recorded event in DynamoDB Local: Event #9521
Recorded event in DynamoDB Local: Event #9522
Recorded event in DynamoDB Local: Event #9523
Recorded event in DynamoDB Local: Event #9524
Recorded event in DynamoDB Local: Event #9525
Recorded event in DynamoDB Local: Event #9526
Recorded event in DynamoDB Local: Event #9527
Recorded event in DynamoDB Local: Event #9528
Recorded event in DynamoDB Local: Event #9529
Recorded event in DynamoDB Local: Event #9530
Recorded event in DynamoDB Local: Event #9531
Recorded event in DynamoDB Local: Event #9532
Recorded event in DynamoDB Local: Event #9533
Recorded event in DynamoDB Local: Event #9534
Recorded event in DynamoDB Local: Event #9535
Recorded event in DynamoDB Local: Event #9536
Recorded event in DynamoDB Local: Event #9537
Recorded event in DynamoDB Local: Event #9538
Recorded event in DynamoDB Local: Event #9539
Recorded event in DynamoDB Local: Event #9540
Recorded event in DynamoDB Local: Event #9541
Recorded event in DynamoDB Local: Event #9542
Recorded event in DynamoDB Local: Event #9543
Recorded event in DynamoDB Local: Event #9544
Recorded event in DynamoDB Local: Event #9545
Recorded event in DynamoDB Local: Event #9546
Recorded event in DynamoDB Local: Event #9547
Recorded event in DynamoDB Local: Event #9548
Recorded event in DynamoDB Local: Event #9549
Recorded event in DynamoDB Local: Event #9550
Recorded event in DynamoDB Local: Event #9551
Recorded event in DynamoDB Local: Event #9552
Recorded event in DynamoDB Local: Event #9553
Recorded event in DynamoDB Local: Event #9554
Recorded event in DynamoDB Local: Event #9555
Recorded event in DynamoDB Local: Event #9556
Recorded event in DynamoDB Local: Event #9557
Recorded event in DynamoDB Local: Event #9558
Recorded event in DynamoDB Local: Event #9559
Recorded event in DynamoDB Local: Event #9560
Recorded event in DynamoDB Local: Event #9561
Recorded event in DynamoDB Local: Event #9562
Recorded event in DynamoDB Local: Event #9563
Recorded event in DynamoDB Local: Event #9564
Recorded event in DynamoDB Local: Event #9565
Recorded event in DynamoDB Local: Event #9566
Recorded event in DynamoDB Local: Event #9567
Recorded event in DynamoDB Local: Event #9568
Recorded event in DynamoDB Local: Event #9569
Recorded event in DynamoDB Local: Event #9570
Recorded event in DynamoDB Local: Event #9571
Recorded event in DynamoDB Local: Event #9572
Recorded event in DynamoDB Local: Event #9573
Recorded event in DynamoDB Local: Event #9574
Recorded event in DynamoDB Local: Event #9575
Recorded event in DynamoDB Local: Event #9576
Recorded event in DynamoDB Local: Event #9577
Recorded event in DynamoDB Local: Event #9578
Recorded event in DynamoDB Local: Event #9579
Recorded event in DynamoDB Local: Event #9580
Recorded event in DynamoDB Local: Event #9581
Recorded event in DynamoDB Local: Event #9582
Recorded event in DynamoDB Local: Event #9583
Recorded event in DynamoDB Local: Event #9584
Recorded event in DynamoDB Local: Event #9585
Recorded event in DynamoDB Local: Event #9586
Recorded event in DynamoDB Local: Event #9587
Recorded event in DynamoDB Local: Event #9588
Recorded event in DynamoDB Local: Event #9589
Recorded event in DynamoDB Local: Event #9590
Recorded event in DynamoDB Local: Event #9591
Recorded event in DynamoDB Local: Event #9592
Recorded event in DynamoDB Local: Event #9593
Recorded event in DynamoDB Local: Event #9594
Recorded event in DynamoDB Local: Event #9595
Recorded event in DynamoDB Local: Event #9596
Recorded event in DynamoDB Local: Event #9597
Recorded event in DynamoDB Local: Event #9598
Recorded event in DynamoDB Local: Event #9599
Recorded event in DynamoDB Local: Event #9600
Recorded event in DynamoDB Local: Event #9601
Recorded event in DynamoDB Local: Event #9602
Recorded event in DynamoDB Local: Event #9603
Recorded event in DynamoDB Local: Event #9604
Recorded event in DynamoDB Local: Event #9605
Recorded event in DynamoDB Local: Event #9606
Recorded event in DynamoDB Local: Event #9607
Recorded event in DynamoDB Local: Event #9608
Recorded event in DynamoDB Local: Event #9609
Recorded event in DynamoDB Local: Event #9610
Recorded event in DynamoDB Local: Event #9611
Recorded event in DynamoDB Local: Event #9612
Recorded event in DynamoDB Local: Event #9613
Recorded event in DynamoDB Local: Event #9614
Recorded event in DynamoDB Local: Event #9615
Recorded event in DynamoDB Local: Event #9616
Recorded event in DynamoDB Local: Event #9617
Recorded event in DynamoDB Local: Event #9618
Recorded event in DynamoDB Local: Event #9619
Recorded event in DynamoDB Local: Event #9620
Recorded event in DynamoDB Local: Event #9621
Recorded event in DynamoDB Local: Event #9622
Recorded event in DynamoDB Local: Event #9623
Recorded event in DynamoDB Local: Event #9624
Recorded event in DynamoDB Local: Event #9625
Recorded event in DynamoDB Local: Event #9626
Recorded event in DynamoDB Local: Event #9627
Recorded event in DynamoDB Local: Event #9628
Recorded event in DynamoDB Local: Event #9629
Recorded event in DynamoDB Local: Event #9630
Recorded event in DynamoDB Local: Event #9631
Recorded event in DynamoDB Local: Event #9632
Recorded event in DynamoDB Local: Event #9633
Recorded event in DynamoDB Local: Event #9634
Recorded event in DynamoDB Local: Event #9635
Recorded event in DynamoDB Local: Event #9636
Recorded event in DynamoDB Local: Event #9637
Recorded event in DynamoDB Local: Event #9638
Recorded event in DynamoDB Local: Event #9639
Recorded event in DynamoDB Local: Event #9640
Recorded event in DynamoDB Local: Event #9641
Recorded event in DynamoDB Local: Event #9642
Recorded event in DynamoDB Local: Event #9643
Recorded event in DynamoDB Local: Event #9644
Recorded event in DynamoDB Local: Event #9645
Recorded event in DynamoDB Local: Event #9646
Recorded event in DynamoDB Local: Event #9647
Recorded event in DynamoDB Local: Event #9648
Recorded event in DynamoDB Local: Event #9649
Recorded event in DynamoDB Local: Event #9650
Recorded event in DynamoDB Local: Event #9651
Recorded event in DynamoDB Local: Event #9652
Recorded event in DynamoDB Local: Event #9653
Recorded event in DynamoDB Local: Event #9654
Recorded event in DynamoDB Local: Event #9655
Recorded event in DynamoDB Local: Event #9656
Recorded event in DynamoDB Local: Event #9657
Recorded event in DynamoDB Local: Event #9658
Recorded event in DynamoDB Local: Event #9659
Recorded event in DynamoDB Local: Event #9660
Recorded event in DynamoDB Local: Event #9661
Recorded event in DynamoDB Local: Event #9662
Recorded event in DynamoDB Local: Event #9663
Recorded event in DynamoDB Local: Event #9664
Recorded event in DynamoDB Local: Event #9665
Recorded event in DynamoDB Local: Event #9666
Recorded event in DynamoDB Local: Event #9667
Recorded event in DynamoDB Local: Event #9668
Recorded event in DynamoDB Local: Event #9669
Recorded event in DynamoDB Local: Event #9670
Recorded event in DynamoDB Local: Event #9671
Recorded event in DynamoDB Local: Event #9672
Recorded event in DynamoDB Local: Event #9673
Recorded event in DynamoDB Local: Event #9674
Recorded event in DynamoDB Local: Event #9675
Recorded event in DynamoDB Local: Event #9676
Recorded event in DynamoDB Local: Event #9677
Recorded event in DynamoDB Local: Event #9678
Recorded event in DynamoDB Local: Event #9679
Recorded event in DynamoDB Local: Event #9680
Recorded event in DynamoDB Local: Event #9681
Recorded event in DynamoDB Local: Event #9682
Recorded event in DynamoDB Local: Event #9683
Recorded event in DynamoDB Local: Event #9684
Recorded event in DynamoDB Local: Event #9685
Recorded event in DynamoDB Local: Event #9686
Recorded event in DynamoDB Local: Event #9687
Recorded event in DynamoDB Local: Event #9688
Recorded event in DynamoDB Local: Event #9689
Recorded event in DynamoDB Local: Event #9690
Recorded event in DynamoDB Local: Event #9691
Recorded event in DynamoDB Local: Event #9692
Recorded event in DynamoDB Local: Event #9693
Recorded event in DynamoDB Local: Event #9694
Recorded event in DynamoDB Local: Event #9695
Recorded event in DynamoDB Local: Event #9696
Recorded event in DynamoDB Local: Event #9697
Recorded event in DynamoDB Local: Event #9698
Recorded event in DynamoDB Local: Event #9699
Recorded event in DynamoDB Local: Event #9700
Recorded event in DynamoDB Local: Event #9701
Recorded event in DynamoDB Local: Event #9702
Recorded event in DynamoDB Local: Event #9703
Recorded event in DynamoDB Local: Event #9704
Recorded event in DynamoDB Local: Event #9705
Recorded event in DynamoDB Local: Event #9706
Recorded event in DynamoDB Local: Event #9707
Recorded event in DynamoDB Local: Event #9708
Recorded event in DynamoDB Local: Event #9709
Recorded event in DynamoDB Local: Event #9710
Recorded event in DynamoDB Local: Event #9711
Recorded event in DynamoDB Local: Event #9712
Recorded event in DynamoDB Local: Event #9713
Recorded event in DynamoDB Local: Event #9714
Recorded event in DynamoDB Local: Event #9715
Recorded event in DynamoDB Local: Event #9716
Recorded event in DynamoDB Local: Event #9717
Recorded event in DynamoDB Local: Event #9718
Recorded event in DynamoDB Local: Event #9719
Recorded event in DynamoDB Local: Event #9720
Recorded event in DynamoDB Local: Event #9721
Recorded event in DynamoDB Local: Event #9722
Recorded event in DynamoDB Local: Event #9723
Recorded event in DynamoDB Local: Event #9724
Recorded event in DynamoDB Local: Event #9725
Recorded event in DynamoDB Local: Event #9726
Recorded event in DynamoDB Local: Event #9727
Recorded event in DynamoDB Local: Event #9728
Recorded event in DynamoDB Local: Event #9729
Recorded event in DynamoDB Local: Event #9730
Recorded event in DynamoDB Local: Event #9731
Recorded event in DynamoDB Local: Event #9732
Recorded event in DynamoDB Local: Event #9733
Recorded event in DynamoDB Local: Event #9734
Recorded event in DynamoDB Local: Event #9735
Recorded event in DynamoDB Local: Event #9736
Recorded event in DynamoDB Local: Event #9737
Recorded event in DynamoDB Local: Event #9738
Recorded event in DynamoDB Local: Event #9739
Recorded event in DynamoDB Local: Event #9740
Recorded event in DynamoDB Local: Event #9741
Recorded event in DynamoDB Local: Event #9742
Recorded event in DynamoDB Local: Event #9743
Recorded event in DynamoDB Local: Event #9744
Recorded event in DynamoDB Local: Event #9745
Recorded event in DynamoDB Local: Event #9746
Recorded event in DynamoDB Local: Event #9747
Recorded event in DynamoDB Local: Event #9748
Recorded event in DynamoDB Local: Event #9749
Recorded event in DynamoDB Local: Event #9750
Recorded event in DynamoDB Local: Event #9751
Recorded event in DynamoDB Local: Event #9752
Recorded event in DynamoDB Local: Event #9753
Recorded event in DynamoDB Local: Event #9754
Recorded event in DynamoDB Local: Event #9755
Recorded event in DynamoDB Local: Event #9756
Recorded event in DynamoDB Local: Event #9757
Recorded event in DynamoDB Local: Event #9758
Recorded event in DynamoDB Local: Event #9759
Recorded event in DynamoDB Local: Event #9760
Recorded event in DynamoDB Local: Event #9761
Recorded event in DynamoDB Local: Event #9762
Recorded event in DynamoDB Local: Event #9763
Recorded event in DynamoDB Local: Event #9764
Recorded event in DynamoDB Local: Event #9765
Recorded event in DynamoDB Local: Event #9766
Recorded event in DynamoDB Local: Event #9767
Recorded event in DynamoDB Local: Event #9768
Recorded event in DynamoDB Local: Event #9769
Recorded event in DynamoDB Local: Event #9770
Recorded event in DynamoDB Local: Event #9771
Recorded event in DynamoDB Local: Event #9772
Recorded event in DynamoDB Local: Event #9773
Recorded event in DynamoDB Local: Event #9774
Recorded event in DynamoDB Local: Event #9775
Recorded event in DynamoDB Local: Event #9776
Recorded event in DynamoDB Local: Event #9777
Recorded event in DynamoDB Local: Event #9778
Recorded event in DynamoDB Local: Event #9779
Recorded event in DynamoDB Local: Event #9780
Recorded event in DynamoDB Local: Event #9781
Recorded event in DynamoDB Local: Event #9782
Recorded event in DynamoDB Local: Event #9783
Recorded event in DynamoDB Local: Event #9784
Recorded event in DynamoDB Local: Event #9785
Recorded event in DynamoDB Local: Event #9786
Recorded event in DynamoDB Local: Event #9787
Recorded event in DynamoDB Local: Event #9788
Recorded event in DynamoDB Local: Event #9789
Recorded event in DynamoDB Local: Event #9790
Recorded event in DynamoDB Local: Event #9791
Recorded event in DynamoDB Local: Event #9792
Recorded event in DynamoDB Local: Event #9793
Recorded event in DynamoDB Local: Event #9794
Recorded event in DynamoDB Local: Event #9795
Recorded event in DynamoDB Local: Event #9796
Recorded event in DynamoDB Local: Event #9797
Recorded event in DynamoDB Local: Event #9798
Recorded event in DynamoDB Local: Event #9799
Recorded event in DynamoDB Local: Event #9800
Recorded event in DynamoDB Local: Event #9801
Recorded event in DynamoDB Local: Event #9802
Recorded event in DynamoDB Local: Event #9803
Recorded event in DynamoDB Local: Event #9804
Recorded event in DynamoDB Local: Event #9805
Recorded event in DynamoDB Local: Event #9806
Recorded event in DynamoDB Local: Event #9807
Recorded event in DynamoDB Local: Event #9808
Recorded event in DynamoDB Local: Event #9809
Recorded event in DynamoDB Local: Event #9810
Recorded event in DynamoDB Local: Event #9811
Recorded event in DynamoDB Local: Event #9812
Recorded event in DynamoDB Local: Event #9813
Recorded event in DynamoDB Local: Event #9814
Recorded event in DynamoDB Local: Event #9815
Recorded event in DynamoDB Local: Event #9816
Recorded event in DynamoDB Local: Event #9817
Recorded event in DynamoDB Local: Event #9818
Recorded event in DynamoDB Local: Event #9819
Recorded event in DynamoDB Local: Event #9820
Recorded event in DynamoDB Local: Event #9821
Recorded event in DynamoDB Local: Event #9822
Recorded event in DynamoDB Local: Event #9823
Recorded event in DynamoDB Local: Event #9824
Recorded event in DynamoDB Local: Event #9825
Recorded event in DynamoDB Local: Event #9826
Recorded event in DynamoDB Local: Event #9827
Recorded event in DynamoDB Local: Event #9828
Recorded event in DynamoDB Local: Event #9829
Recorded event in DynamoDB Local: Event #9830
Recorded event in DynamoDB Local: Event #9831
Recorded event in DynamoDB Local: Event #9832
Recorded event in DynamoDB Local: Event #9833
Recorded event in DynamoDB Local: Event #9834
Recorded event in DynamoDB Local: Event #9835
Recorded event in DynamoDB Local: Event #9836
Recorded event in DynamoDB Local: Event #9837
Recorded event in DynamoDB Local: Event #9838
Recorded event in DynamoDB Local: Event #9839
Recorded event in DynamoDB Local: Event #9840
Recorded event in DynamoDB Local: Event #9841
Recorded event in DynamoDB Local: Event #9842
Recorded event in DynamoDB Local: Event #9843
Recorded event in DynamoDB Local: Event #9844
Recorded event in DynamoDB Local: Event #9845
Recorded event in DynamoDB Local: Event #9846
Recorded event in DynamoDB Local: Event #9847
Recorded event in DynamoDB Local: Event #9848
Recorded event in DynamoDB Local: Event #9849
Recorded event in DynamoDB Local: Event #9850
Recorded event in DynamoDB Local: Event #9851
Recorded event in DynamoDB Local: Event #9852
Recorded event in DynamoDB Local: Event #9853
Recorded event in DynamoDB Local: Event #9854
Recorded event in DynamoDB Local: Event #9855
Recorded event in DynamoDB Local: Event #9856
Recorded event in DynamoDB Local: Event #9857
Recorded event in DynamoDB Local: Event #9858
Recorded event in DynamoDB Local: Event #9859
Recorded event in DynamoDB Local: Event #9860
Recorded event in DynamoDB Local: Event #9861
Recorded event in DynamoDB Local: Event #9862
Recorded event in DynamoDB Local: Event #9863
Recorded event in DynamoDB Local: Event #9864
Recorded event in DynamoDB Local: Event #9865
Recorded event in DynamoDB Local: Event #9866
Recorded event in DynamoDB Local: Event #9867
Recorded event in DynamoDB Local: Event #9868
Recorded event in DynamoDB Local: Event #9869
Recorded event in DynamoDB Local: Event #9870
Recorded event in DynamoDB Local: Event #9871
Recorded event in DynamoDB Local: Event #9872
Recorded event in DynamoDB Local: Event #9873
Recorded event in DynamoDB Local: Event #9874
Recorded event in DynamoDB Local: Event #9875
Recorded event in DynamoDB Local: Event #9876
Recorded event in DynamoDB Local: Event #9877
Recorded event in DynamoDB Local: Event #9878
Recorded event in DynamoDB Local: Event #9879
Recorded event in DynamoDB Local: Event #9880
Recorded event in DynamoDB Local: Event #9881
Recorded event in DynamoDB Local: Event #9882
Recorded event in DynamoDB Local: Event #9883
Recorded event in DynamoDB Local: Event #9884
Recorded event in DynamoDB Local: Event #9885
Recorded event in DynamoDB Local: Event #9886
Recorded event in DynamoDB Local: Event #9887
Recorded event in DynamoDB Local: Event #9888
Recorded event in DynamoDB Local: Event #9889
Recorded event in DynamoDB Local: Event #9890
Recorded event in DynamoDB Local: Event #9891
Recorded event in DynamoDB Local: Event #9892
Recorded event in DynamoDB Local: Event #9893
Recorded event in DynamoDB Local: Event #9894
Recorded event in DynamoDB Local: Event #9895
Recorded event in DynamoDB Local: Event #9896
Recorded event in DynamoDB Local: Event #9897
Recorded event in DynamoDB Local: Event #9898
Recorded event in DynamoDB Local: Event #9899
Recorded event in DynamoDB Local: Event #9900
Recorded event in DynamoDB Local: Event #9901
Recorded event in DynamoDB Local: Event #9902
Recorded event in DynamoDB Local: Event #9903
Recorded event in DynamoDB Local: Event #9904
Recorded event in DynamoDB Local: Event #9905
Recorded event in DynamoDB Local: Event #9906
Recorded event in DynamoDB Local: Event #9907
Recorded event in DynamoDB Local: Event #9908
Recorded event in DynamoDB Local: Event #9909
Recorded event in DynamoDB Local: Event #9910
Recorded event in DynamoDB Local: Event #9911
Recorded event in DynamoDB Local: Event #9912
Recorded event in DynamoDB Local: Event #9913
Recorded event in DynamoDB Local: Event #9914
Recorded event in DynamoDB Local: Event #9915
Recorded event in DynamoDB Local: Event #9916
Recorded event in DynamoDB Local: Event #9917
Recorded event in DynamoDB Local: Event #9918
Recorded event in DynamoDB Local: Event #9919
Recorded event in DynamoDB Local: Event #9920
Recorded event in DynamoDB Local: Event #9921
Recorded event in DynamoDB Local: Event #9922
Recorded event in DynamoDB Local: Event #9923
Recorded event in DynamoDB Local: Event #9924
Recorded event in DynamoDB Local: Event #9925
Recorded event in DynamoDB Local: Event #9926
Recorded event in DynamoDB Local: Event #9927
Recorded event in DynamoDB Local: Event #9928
Recorded event in DynamoDB Local: Event #9929
Recorded event in DynamoDB Local: Event #9930
Recorded event in DynamoDB Local: Event #9931
Recorded event in DynamoDB Local: Event #9932
Recorded event in DynamoDB Local: Event #9933
Recorded event in DynamoDB Local: Event #9934
Recorded event in DynamoDB Local: Event #9935
Recorded event in DynamoDB Local: Event #9936
Recorded event in DynamoDB Local: Event #9937
Recorded event in DynamoDB Local: Event #9938
Recorded event in DynamoDB Local: Event #9939
Recorded event in DynamoDB Local: Event #9940
Recorded event in DynamoDB Local: Event #9941
Recorded event in DynamoDB Local: Event #9942
Recorded event in DynamoDB Local: Event #9943
Recorded event in DynamoDB Local: Event #9944
Recorded event in DynamoDB Local: Event #9945
Recorded event in DynamoDB Local: Event #9946
Recorded event in DynamoDB Local: Event #9947
Recorded event in DynamoDB Local: Event #9948
Recorded event in DynamoDB Local: Event #9949
Recorded event in DynamoDB Local: Event #9950
Recorded event in DynamoDB Local: Event #9951
Recorded event in DynamoDB Local: Event #9952
Recorded event in DynamoDB Local: Event #9953
Recorded event in DynamoDB Local: Event #9954
Recorded event in DynamoDB Local: Event #9955
Recorded event in DynamoDB Local: Event #9956
Recorded event in DynamoDB Local: Event #9957
Recorded event in DynamoDB Local: Event #9958
Recorded event in DynamoDB Local: Event #9959
Recorded event in DynamoDB Local: Event #9960
Recorded event in DynamoDB Local: Event #9961
Recorded event in DynamoDB Local: Event #9962
Recorded event in DynamoDB Local: Event #9963
Recorded event in DynamoDB Local: Event #9964
Recorded event in DynamoDB Local: Event #9965
Recorded event in DynamoDB Local: Event #9966
Recorded event in DynamoDB Local: Event #9967
Recorded event in DynamoDB Local: Event #9968
Recorded event in DynamoDB Local: Event #9969
Recorded event in DynamoDB Local: Event #9970
Recorded event in DynamoDB Local: Event #9971
Recorded event in DynamoDB Local: Event #9972
Recorded event in DynamoDB Local: Event #9973
Recorded event in DynamoDB Local: Event #9974
Recorded event in DynamoDB Local: Event #9975
Recorded event in DynamoDB Local: Event #9976
Recorded event in DynamoDB Local: Event #9977
Recorded event in DynamoDB Local: Event #9978
Recorded event in DynamoDB Local: Event #9979
Recorded event in DynamoDB Local: Event #9980
Recorded event in DynamoDB Local: Event #9981
Recorded event in DynamoDB Local: Event #9982
Recorded event in DynamoDB Local: Event #9983
Recorded event in DynamoDB Local: Event #9984
Recorded event in DynamoDB Local: Event #9985
Recorded event in DynamoDB Local: Event #9986
Recorded event in DynamoDB Local: Event #9987
Recorded event in DynamoDB Local: Event #9988
Recorded event in DynamoDB Local: Event #9989
Recorded event in DynamoDB Local: Event #9990
Recorded event in DynamoDB Local: Event #9991
Recorded event in DynamoDB Local: Event #9992
Recorded event in DynamoDB Local: Event #9993
Recorded event in DynamoDB Local: Event #9994
Recorded event in DynamoDB Local: Event #9995
Recorded event in DynamoDB Local: Event #9996
Recorded event in DynamoDB Local: Event #9997
Recorded event in DynamoDB Local: Event #9998
Recorded event in DynamoDB Local: Event #9999
Processed 10000 events in 15051 ms (39864.46083316723 events/minute)
]]></system-out>
  </testcase>
  <testcase name="testAutoScaler" classname="com.auraflow.workerservice.service.WorkerServiceTests" time="0.0">
    <system-out><![CDATA[Scaling up worker instances...
Scaling down worker instances...
]]></system-out>
  </testcase>
  <testcase name="testMessageProcessing" classname="com.auraflow.workerservice.service.WorkerServiceTests" time="0.001"/>
  <testcase name="testErrorHandler" classname="com.auraflow.workerservice.service.WorkerServiceTests" time="0.002">
    <system-err><![CDATA[Error processing message: msg
Exception: fail
]]></system-err>
  </testcase>
</testsuite>